Linux 6.5.0-44-generic (npc2408016) 	06/20/2025 	_x86_64_	(22 CPU)

09:21:58 AM   UID       PID    %usr %system  %guest   %wait    %CPU   CPU  Command
09:21:59 AM  1000     56873   18.00   33.00    0.00    0.00   51.00     8  listener
09:21:59 AM  1000     56875    0.00    0.00    0.00    0.00    0.00     0  listener

09:21:59 AM   UID       PID    %usr %system  %guest   %wait    %CPU   CPU  Command
09:22:00 AM  1000     56873   16.00   35.00    0.00    0.00   51.00     1  listener
09:22:00 AM  1000     56875    0.00    0.00    0.00    0.00    0.00     0  listener

09:22:00 AM   UID       PID    %usr %system  %guest   %wait    %CPU   CPU  Command
09:22:01 AM  1000     56873   16.00   34.00    0.00    0.00   50.00     3  listener
09:22:01 AM  1000     56875    0.00    0.00    0.00    0.00    0.00     0  listener

09:22:01 AM   UID       PID    %usr %system  %guest   %wait    %CPU   CPU  Command
09:22:02 AM  1000     56873   16.00   34.00    0.00    0.00   50.00     1  listener
09:22:02 AM  1000     56875    0.00    0.00    0.00    0.00    0.00     0  listener

09:22:02 AM   UID       PID    %usr %system  %guest   %wait    %CPU   CPU  Command
09:22:03 AM  1000     56873   21.00   34.00    0.00    0.00   55.00     1  listener
09:22:03 AM  1000     56875    0.00    0.00    0.00    0.00    0.00     0  listener

09:22:03 AM   UID       PID    %usr %system  %guest   %wait    %CPU   CPU  Command
09:22:04 AM  1000     56873   19.00   36.00    0.00    0.00   55.00     6  listener
09:22:04 AM  1000     56875    0.00    0.00    0.00    0.00    0.00     0  listener

09:22:04 AM   UID       PID    %usr %system  %guest   %wait    %CPU   CPU  Command
09:22:05 AM  1000     56873   18.81   32.67    0.00    0.00   51.49     6  listener
09:22:05 AM  1000     56875    0.00    0.00    0.00    0.00    0.00     0  listener

09:22:05 AM   UID       PID    %usr %system  %guest   %wait    %CPU   CPU  Command
09:22:06 AM  1000     56873   19.00   31.00    0.00    0.00   50.00     1  listener
09:22:06 AM  1000     56875    0.00    0.00    0.00    0.00    0.00     0  listener

09:22:06 AM   UID       PID    %usr %system  %guest   %wait    %CPU   CPU  Command
09:22:07 AM  1000     56873   16.00   35.00    0.00    0.00   51.00     8  listener
09:22:07 AM  1000     56875    0.00    0.00    0.00    0.00    0.00     0  listener

09:22:07 AM   UID       PID    %usr %system  %guest   %wait    %CPU   CPU  Command
09:22:08 AM  1000     56873   23.00   35.00    0.00    0.00   58.00     1  listener
09:22:08 AM  1000     56875    0.00    0.00    0.00    0.00    0.00     0  listener

09:22:08 AM   UID       PID    %usr %system  %guest   %wait    %CPU   CPU  Command
09:22:09 AM  1000     56873   20.00   33.00    0.00    0.00   53.00     1  listener
09:22:09 AM  1000     56875    0.00    0.00    0.00    0.00    0.00     0  listener

09:22:09 AM   UID       PID    %usr %system  %guest   %wait    %CPU   CPU  Command
09:22:10 AM  1000     56873   18.00   36.00    0.00    0.00   54.00    12  listener
09:22:10 AM  1000     56875    0.00    0.00    0.00    0.00    0.00     0  listener

09:22:10 AM   UID       PID    %usr %system  %guest   %wait    %CPU   CPU  Command
09:22:11 AM  1000     56873   17.00   36.00    0.00    0.00   53.00     3  listener
09:22:11 AM  1000     56875    0.00    0.00    0.00    0.00    0.00     0  listener

09:22:11 AM   UID       PID    %usr %system  %guest   %wait    %CPU   CPU  Command
09:22:12 AM  1000     56873   18.00   34.00    0.00    0.00   52.00     3  listener
09:22:12 AM  1000     56875    0.00    0.00    0.00    0.00    0.00     0  listener

09:22:12 AM   UID       PID    %usr %system  %guest   %wait    %CPU   CPU  Command
09:22:13 AM  1000     56873   20.00   31.00    0.00    0.00   51.00     3  listener
09:22:13 AM  1000     56875    0.00    0.00    0.00    0.00    0.00     0  listener

09:22:13 AM   UID       PID    %usr %system  %guest   %wait    %CPU   CPU  Command
09:22:14 AM  1000     56873   22.00   29.00    0.00    0.00   51.00     1  listener
09:22:14 AM  1000     56875    0.00    0.00    0.00    0.00    0.00     0  listener

09:22:14 AM   UID       PID    %usr %system  %guest   %wait    %CPU   CPU  Command
09:22:15 AM  1000     56873   18.00   33.00    0.00    0.00   51.00     3  listener
09:22:15 AM  1000     56875    0.00    0.00    0.00    0.00    0.00     0  listener

09:22:15 AM   UID       PID    %usr %system  %guest   %wait    %CPU   CPU  Command
09:22:16 AM  1000     56873   17.00   34.00    0.00    0.00   51.00     4  listener
09:22:16 AM  1000     56875    0.00    0.00    0.00    0.00    0.00     0  listener

09:22:16 AM   UID       PID    %usr %system  %guest   %wait    %CPU   CPU  Command
09:22:17 AM  1000     56873   20.00   31.00    0.00    0.00   51.00     5  listener
09:22:17 AM  1000     56875    0.00    0.00    0.00    0.00    0.00     0  listener

09:22:17 AM   UID       PID    %usr %system  %guest   %wait    %CPU   CPU  Command
09:22:18 AM  1000     56873   18.00   32.00    0.00    0.00   50.00     3  listener
09:22:18 AM  1000     56875    0.00    0.00    0.00    0.00    0.00     0  listener

09:22:18 AM   UID       PID    %usr %system  %guest   %wait    %CPU   CPU  Command
09:22:19 AM  1000     56873   20.00   32.00    0.00    0.00   52.00     3  listener
09:22:19 AM  1000     56875    0.00    0.00    0.00    0.00    0.00     0  listener

09:22:19 AM   UID       PID    %usr %system  %guest   %wait    %CPU   CPU  Command
09:22:20 AM  1000     56873   20.00   31.00    0.00    0.00   51.00    16  listener
09:22:20 AM  1000     56875    0.00    0.00    0.00    0.00    0.00     0  listener

09:22:20 AM   UID       PID    %usr %system  %guest   %wait    %CPU   CPU  Command
09:22:21 AM  1000     56873   20.00   32.00    0.00    0.00   52.00     1  listener
09:22:21 AM  1000     56875    0.00    0.00    0.00    0.00    0.00     0  listener

09:22:21 AM   UID       PID    %usr %system  %guest   %wait    %CPU   CPU  Command
09:22:22 AM  1000     56873   16.00   34.00    0.00    0.00   50.00     3  listener
09:22:22 AM  1000     56875    0.00    0.00    0.00    0.00    0.00     0  listener

09:22:22 AM   UID       PID    %usr %system  %guest   %wait    %CPU   CPU  Command
09:22:23 AM  1000     56873   21.00   35.00    0.00    0.00   56.00     3  listener
09:22:23 AM  1000     56875    0.00    0.00    0.00    0.00    0.00     0  listener

09:22:23 AM   UID       PID    %usr %system  %guest   %wait    %CPU   CPU  Command
09:22:24 AM  1000     56873   15.00   36.00    0.00    0.00   51.00     8  listener
09:22:24 AM  1000     56875    0.00    0.00    0.00    0.00    0.00     0  listener

09:22:24 AM   UID       PID    %usr %system  %guest   %wait    %CPU   CPU  Command
09:22:25 AM  1000     56873   16.00   34.00    0.00    0.00   50.00     1  listener
09:22:25 AM  1000     56875    0.00    0.00    0.00    0.00    0.00     0  listener

09:22:25 AM   UID       PID    %usr %system  %guest   %wait    %CPU   CPU  Command
09:22:26 AM  1000     56873   17.00   32.00    0.00    0.00   49.00     1  listener
09:22:26 AM  1000     56875    0.00    0.00    0.00    0.00    0.00     0  listener

09:22:26 AM   UID       PID    %usr %system  %guest   %wait    %CPU   CPU  Command
09:22:27 AM  1000     56873   18.00   32.00    0.00    0.00   50.00     1  listener
09:22:27 AM  1000     56875    0.00    0.00    0.00    0.00    0.00     0  listener

09:22:27 AM   UID       PID    %usr %system  %guest   %wait    %CPU   CPU  Command
09:22:28 AM  1000     56873   18.00   34.00    0.00    0.00   52.00     6  listener
09:22:28 AM  1000     56875    0.00    0.00    0.00    0.00    0.00     0  listener

09:22:28 AM   UID       PID    %usr %system  %guest   %wait    %CPU   CPU  Command
09:22:29 AM  1000     56873   17.00   34.00    0.00    0.00   51.00     3  listener
09:22:29 AM  1000     56875    0.00    0.00    0.00    0.00    0.00     0  listener

09:22:29 AM   UID       PID    %usr %system  %guest   %wait    %CPU   CPU  Command
09:22:30 AM  1000     56873   19.00   35.00    0.00    0.00   54.00     1  listener
09:22:30 AM  1000     56875    0.00    0.00    0.00    0.00    0.00     0  listener

09:22:30 AM   UID       PID    %usr %system  %guest   %wait    %CPU   CPU  Command
09:22:31 AM  1000     56873   22.00   39.00    0.00    0.00   61.00     5  listener
09:22:31 AM  1000     56875    0.00    0.00    0.00    0.00    0.00     0  listener

09:22:31 AM   UID       PID    %usr %system  %guest   %wait    %CPU   CPU  Command
09:22:32 AM  1000     56873   20.00   31.00    0.00    0.00   51.00     1  listener
09:22:32 AM  1000     56875    0.00    0.00    0.00    0.00    0.00     0  listener

09:22:32 AM   UID       PID    %usr %system  %guest   %wait    %CPU   CPU  Command
09:22:33 AM  1000     56873   15.00   35.00    0.00    0.00   50.00     1  listener
09:22:33 AM  1000     56875    0.00    0.00    0.00    0.00    0.00     0  listener

09:22:33 AM   UID       PID    %usr %system  %guest   %wait    %CPU   CPU  Command
09:22:34 AM  1000     56873   17.00   33.00    0.00    0.00   50.00     1  listener
09:22:34 AM  1000     56875    0.00    0.00    0.00    0.00    0.00     0  listener

09:22:34 AM   UID       PID    %usr %system  %guest   %wait    %CPU   CPU  Command
09:22:35 AM  1000     56873   21.00   35.00    0.00    0.00   56.00     3  listener
09:22:35 AM  1000     56875    0.00    0.00    0.00    0.00    0.00     0  listener

09:22:35 AM   UID       PID    %usr %system  %guest   %wait    %CPU   CPU  Command
09:22:36 AM  1000     56873   23.00   32.00    0.00    0.00   55.00     3  listener
09:22:36 AM  1000     56875    0.00    0.00    0.00    0.00    0.00     0  listener

09:22:36 AM   UID       PID    %usr %system  %guest   %wait    %CPU   CPU  Command
09:22:37 AM  1000     56873   18.00   32.00    0.00    0.00   50.00    16  listener
09:22:37 AM  1000     56875    0.00    0.00    0.00    0.00    0.00     0  listener

09:22:37 AM   UID       PID    %usr %system  %guest   %wait    %CPU   CPU  Command
09:22:38 AM  1000     56873   18.00   32.00    0.00    0.00   50.00     8  listener
09:22:38 AM  1000     56875    0.00    0.00    0.00    0.00    0.00     0  listener

09:22:38 AM   UID       PID    %usr %system  %guest   %wait    %CPU   CPU  Command
09:22:39 AM  1000     56873   20.00   36.00    0.00    0.00   56.00     3  listener
09:22:39 AM  1000     56875    0.00    0.00    0.00    0.00    0.00     0  listener

09:22:39 AM   UID       PID    %usr %system  %guest   %wait    %CPU   CPU  Command
09:22:40 AM  1000     56873   25.00   39.00    0.00    0.00   64.00     1  listener
09:22:40 AM  1000     56875    0.00    0.00    0.00    0.00    0.00     0  listener

09:22:40 AM   UID       PID    %usr %system  %guest   %wait    %CPU   CPU  Command
09:22:41 AM  1000     56873   21.00   37.00    0.00    0.00   58.00     1  listener
09:22:41 AM  1000     56875    0.00    0.00    0.00    0.00    0.00     0  listener

09:22:41 AM   UID       PID    %usr %system  %guest   %wait    %CPU   CPU  Command
09:22:42 AM  1000     56873   16.00   33.00    0.00    0.00   49.00     1  listener
09:22:42 AM  1000     56875    0.00    0.00    0.00    0.00    0.00     0  listener

09:22:42 AM   UID       PID    %usr %system  %guest   %wait    %CPU   CPU  Command
09:22:43 AM  1000     56873   21.00   30.00    0.00    0.00   51.00     5  listener
09:22:43 AM  1000     56875    0.00    0.00    0.00    0.00    0.00     0  listener

09:22:43 AM   UID       PID    %usr %system  %guest   %wait    %CPU   CPU  Command
09:22:44 AM  1000     56873   21.00   29.00    0.00    0.00   50.00     1  listener
09:22:44 AM  1000     56875    0.00    0.00    0.00    0.00    0.00     0  listener

09:22:44 AM   UID       PID    %usr %system  %guest   %wait    %CPU   CPU  Command
09:22:45 AM  1000     56873   17.00   32.00    0.00    0.00   49.00     3  listener
09:22:45 AM  1000     56875    0.00    0.00    0.00    0.00    0.00     0  listener

09:22:45 AM   UID       PID    %usr %system  %guest   %wait    %CPU   CPU  Command
09:22:46 AM  1000     56873   17.00   33.00    0.00    0.00   50.00     3  listener
09:22:46 AM  1000     56875    0.00    0.00    0.00    0.00    0.00     0  listener

09:22:46 AM   UID       PID    %usr %system  %guest   %wait    %CPU   CPU  Command
09:22:47 AM  1000     56873   21.00   34.00    0.00    0.00   55.00     3  listener
09:22:47 AM  1000     56875    0.00    0.00    0.00    0.00    0.00     0  listener

09:22:47 AM   UID       PID    %usr %system  %guest   %wait    %CPU   CPU  Command
09:22:48 AM  1000     56873   17.00   32.00    0.00    0.00   49.00     3  listener
09:22:48 AM  1000     56875    0.00    0.00    0.00    0.00    0.00     0  listener

09:22:48 AM   UID       PID    %usr %system  %guest   %wait    %CPU   CPU  Command
09:22:49 AM  1000     56873   19.00   32.00    0.00    0.00   51.00     5  listener
09:22:49 AM  1000     56875    0.00    0.00    0.00    0.00    0.00     0  listener

09:22:49 AM   UID       PID    %usr %system  %guest   %wait    %CPU   CPU  Command
09:22:50 AM  1000     56873   20.00   37.00    0.00    0.00   57.00     5  listener
09:22:50 AM  1000     56875    0.00    0.00    0.00    0.00    0.00     0  listener

09:22:50 AM   UID       PID    %usr %system  %guest   %wait    %CPU   CPU  Command
09:22:51 AM  1000     56873   21.00   28.00    0.00    0.00   49.00     3  listener
09:22:51 AM  1000     56875    0.00    0.00    0.00    0.00    0.00     0  listener

09:22:51 AM   UID       PID    %usr %system  %guest   %wait    %CPU   CPU  Command
09:22:52 AM  1000     56873   21.00   31.00    0.00    0.00   52.00     8  listener
09:22:52 AM  1000     56875    0.00    0.00    0.00    0.00    0.00     0  listener

09:22:52 AM   UID       PID    %usr %system  %guest   %wait    %CPU   CPU  Command
09:22:53 AM  1000     56873   17.00   34.00    0.00    0.00   51.00     5  listener
09:22:53 AM  1000     56875    0.00    0.00    0.00    0.00    0.00     0  listener

09:22:53 AM   UID       PID    %usr %system  %guest   %wait    %CPU   CPU  Command
09:22:54 AM  1000     56873   19.00   32.00    0.00    0.00   51.00     1  listener
09:22:54 AM  1000     56875    0.00    0.00    0.00    0.00    0.00     0  listener

09:22:54 AM   UID       PID    %usr %system  %guest   %wait    %CPU   CPU  Command
09:22:55 AM  1000     56873   17.00   33.00    0.00    0.00   50.00     8  listener
09:22:55 AM  1000     56875    0.00    0.00    0.00    0.00    0.00     0  listener

09:22:55 AM   UID       PID    %usr %system  %guest   %wait    %CPU   CPU  Command
09:22:56 AM  1000     56873   15.00   36.00    0.00    0.00   51.00     8  listener
09:22:56 AM  1000     56875    0.00    0.00    0.00    0.00    0.00     0  listener

09:22:56 AM   UID       PID    %usr %system  %guest   %wait    %CPU   CPU  Command
09:22:57 AM  1000     56873   15.00   37.00    0.00    0.00   52.00     8  listener
09:22:57 AM  1000     56875    0.00    0.00    0.00    0.00    0.00     0  listener

09:22:57 AM   UID       PID    %usr %system  %guest   %wait    %CPU   CPU  Command
09:22:58 AM  1000     56873   16.00   34.00    0.00    0.00   50.00     1  listener
09:22:58 AM  1000     56875    0.00    0.00    0.00    0.00    0.00     0  listener

Average:      UID       PID    %usr %system  %guest   %wait    %CPU   CPU  Command
Average:     1000     56873   18.63   33.46    0.00    0.00   52.09     -  listener
Average:     1000     56875    0.00    0.00    0.00    0.00    0.00     -  listener
