Linux 6.5.0-44-generic (npc2408016) 	06/17/2025 	_x86_64_	(22 CPU)

10:03:29 AM   UID       PID    %usr %system  %guest   %wait    %CPU   CPU  Command
10:03:30 AM  1000     14511    4.00    2.00    0.00    0.00    6.00     5  talker
10:03:30 AM  1000     14513    0.00    5.00    0.00    0.00    5.00    10  talker
10:03:30 AM  1000     14515    3.00    3.00    0.00    0.00    6.00     3  talker
10:03:30 AM  1000     14517    3.00    2.00    0.00    0.00    5.00     6  talker

10:03:30 AM   UID       PID    %usr %system  %guest   %wait    %CPU   CPU  Command
10:03:31 AM  1000     14511    3.00    2.00    0.00    0.00    5.00     6  talker
10:03:31 AM  1000     14513    2.00    4.00    0.00    0.00    6.00     3  talker
10:03:31 AM  1000     14515    2.00    3.00    0.00    0.00    5.00     8  talker
10:03:31 AM  1000     14517    4.00    2.00    0.00    0.00    6.00     6  talker

10:03:31 AM   UID       PID    %usr %system  %guest   %wait    %CPU   CPU  Command
10:03:32 AM  1000     14511    3.00    2.00    0.00    0.00    5.00     5  talker
10:03:32 AM  1000     14513    1.00    4.00    0.00    0.00    5.00     6  talker
10:03:32 AM  1000     14515    1.00    5.00    0.00    0.00    6.00     8  talker
10:03:32 AM  1000     14517    3.00    2.00    0.00    0.00    5.00     2  talker

10:03:32 AM   UID       PID    %usr %system  %guest   %wait    %CPU   CPU  Command
10:03:33 AM  1000     14511    4.00    2.00    0.00    0.00    6.00    14  talker
10:03:33 AM  1000     14513    4.00    1.00    0.00    0.00    5.00     3  talker
10:03:33 AM  1000     14515    2.00    4.00    0.00    0.00    6.00     2  talker
10:03:33 AM  1000     14517    3.00    2.00    0.00    0.00    5.00     1  talker

10:03:33 AM   UID       PID    %usr %system  %guest   %wait    %CPU   CPU  Command
10:03:34 AM  1000     14511    3.00    2.00    0.00    0.00    5.00    14  talker
10:03:34 AM  1000     14513    3.00    3.00    0.00    0.00    6.00     5  talker
10:03:34 AM  1000     14515    3.00    2.00    0.00    0.00    5.00    10  talker
10:03:34 AM  1000     14517    4.00    2.00    0.00    0.00    6.00     3  talker

10:03:34 AM   UID       PID    %usr %system  %guest   %wait    %CPU   CPU  Command
10:03:35 AM  1000     14511    3.00    2.00    0.00    0.00    5.00     7  talker
10:03:35 AM  1000     14513    2.00    3.00    0.00    0.00    5.00    10  talker
10:03:35 AM  1000     14515    4.00    2.00    0.00    0.00    6.00     3  talker
10:03:35 AM  1000     14517    3.00    2.00    0.00    0.00    5.00     1  talker

10:03:35 AM   UID       PID    %usr %system  %guest   %wait    %CPU   CPU  Command
10:03:36 AM  1000     14511    3.00    3.00    0.00    0.00    6.00     7  talker
10:03:36 AM  1000     14513    1.00    4.00    0.00    0.00    5.00     4  talker
10:03:36 AM  1000     14515    1.00    4.00    0.00    0.00    5.00     8  talker
10:03:36 AM  1000     14517    4.00    2.00    0.00    0.00    6.00    14  talker

10:03:36 AM   UID       PID    %usr %system  %guest   %wait    %CPU   CPU  Command
10:03:37 AM  1000     14511    4.00    2.00    0.00    0.00    6.00     7  talker
10:03:37 AM  1000     14513    3.00    3.00    0.00    0.00    6.00    12  talker
10:03:37 AM  1000     14515    1.00    4.00    0.00    0.00    5.00    13  talker
10:03:37 AM  1000     14517    3.00    3.00    0.00    0.00    6.00     4  talker

10:03:37 AM   UID       PID    %usr %system  %guest   %wait    %CPU   CPU  Command
10:03:38 AM  1000     14511    3.00    2.00    0.00    0.00    5.00     7  talker
10:03:38 AM  1000     14513    0.00    5.00    0.00    0.00    5.00     5  talker
10:03:38 AM  1000     14515    1.00    5.00    0.00    0.00    6.00    14  talker
10:03:38 AM  1000     14517    3.00    1.00    0.00    0.00    4.00     4  talker

10:03:38 AM   UID       PID    %usr %system  %guest   %wait    %CPU   CPU  Command
10:03:39 AM  1000     14511    3.00    2.00    0.00    0.00    5.00     0  talker
10:03:39 AM  1000     14513    1.00    4.00    0.00    0.00    5.00     9  talker
10:03:39 AM  1000     14515    3.00    2.00    0.00    0.00    5.00     6  talker
10:03:39 AM  1000     14517    4.00    3.00    0.00    0.00    7.00     4  talker

10:03:39 AM   UID       PID    %usr %system  %guest   %wait    %CPU   CPU  Command
10:03:40 AM  1000     14511    3.00    2.00    0.00    0.00    5.00     0  talker
10:03:40 AM  1000     14513    3.00    3.00    0.00    0.00    6.00     4  talker
10:03:40 AM  1000     14515    3.00    3.00    0.00    0.00    6.00     2  talker
10:03:40 AM  1000     14517    3.00    2.00    0.00    0.00    5.00    11  talker

10:03:40 AM   UID       PID    %usr %system  %guest   %wait    %CPU   CPU  Command
10:03:41 AM  1000     14511    3.00    2.00    0.00    0.00    5.00    10  talker
10:03:41 AM  1000     14513    0.00    5.00    0.00    0.00    5.00     7  talker
10:03:41 AM  1000     14515    4.00    2.00    0.00    0.00    6.00     8  talker
10:03:41 AM  1000     14517    4.00    2.00    0.00    0.00    6.00     8  talker

10:03:41 AM   UID       PID    %usr %system  %guest   %wait    %CPU   CPU  Command
10:03:42 AM  1000     14511    4.00    2.00    0.00    0.00    6.00    14  talker
10:03:42 AM  1000     14513    1.00    4.00    0.00    0.00    5.00     1  talker
10:03:42 AM  1000     14515    1.00    4.00    0.00    0.00    5.00    14  talker
10:03:42 AM  1000     14517    3.00    2.00    0.00    0.00    5.00     3  talker

10:03:42 AM   UID       PID    %usr %system  %guest   %wait    %CPU   CPU  Command
10:03:43 AM  1000     14511    3.00    2.00    0.00    0.00    5.00    13  talker
10:03:43 AM  1000     14513    0.00    5.00    0.00    0.00    5.00     8  talker
10:03:43 AM  1000     14515    0.00    6.00    0.00    0.00    6.00    16  talker
10:03:43 AM  1000     14517    3.00    1.00    0.00    0.00    4.00     3  talker

10:03:43 AM   UID       PID    %usr %system  %guest   %wait    %CPU   CPU  Command
10:03:44 AM  1000     14511    3.00    2.00    0.00    0.00    5.00    17  talker
10:03:44 AM  1000     14513    0.00    6.00    0.00    0.00    6.00     8  talker
10:03:44 AM  1000     14515    4.00    2.00    0.00    0.00    6.00    13  talker
10:03:44 AM  1000     14517    4.00    2.00    0.00    0.00    6.00     1  talker

10:03:44 AM   UID       PID    %usr %system  %guest   %wait    %CPU   CPU  Command
10:03:45 AM  1000     14511    3.00    3.00    0.00    0.00    6.00     5  talker
10:03:45 AM  1000     14513    2.00    3.00    0.00    0.00    5.00     8  talker
10:03:45 AM  1000     14515    0.00    5.00    0.00    0.00    5.00    15  talker
10:03:45 AM  1000     14517    3.00    2.00    0.00    0.00    5.00     8  talker

10:03:45 AM   UID       PID    %usr %system  %guest   %wait    %CPU   CPU  Command
10:03:46 AM  1000     14511    4.00    2.00    0.00    0.00    6.00    16  talker
10:03:46 AM  1000     14513    4.00    2.00    0.00    0.00    6.00    12  talker
10:03:46 AM  1000     14515    0.00    6.00    0.00    0.00    6.00    17  talker
10:03:46 AM  1000     14517    4.00    2.00    0.00    0.00    6.00    17  talker

10:03:46 AM   UID       PID    %usr %system  %guest   %wait    %CPU   CPU  Command
10:03:47 AM  1000     14511    3.00    2.00    0.00    0.00    5.00    16  talker
10:03:47 AM  1000     14513    1.00    4.00    0.00    0.00    5.00     8  talker
10:03:47 AM  1000     14515    5.00    0.00    0.00    0.00    5.00     9  talker
10:03:47 AM  1000     14517    3.00    3.00    0.00    0.00    6.00     5  talker

10:03:47 AM   UID       PID    %usr %system  %guest   %wait    %CPU   CPU  Command
10:03:48 AM  1000     14511    3.00    2.00    0.00    0.00    5.00    17  talker
10:03:48 AM  1000     14513    1.00    5.00    0.00    0.00    6.00     2  talker
10:03:48 AM  1000     14515    6.00    0.00    0.00    0.00    6.00     9  talker
10:03:48 AM  1000     14517    3.00    2.00    0.00    0.00    5.00     8  talker

10:03:48 AM   UID       PID    %usr %system  %guest   %wait    %CPU   CPU  Command
10:03:49 AM  1000     14511    3.00    2.00    0.00    0.00    5.00    18  talker
10:03:49 AM  1000     14513    1.00    4.00    0.00    0.00    5.00     8  talker
10:03:49 AM  1000     14515    1.00    5.00    0.00    0.00    6.00    12  talker
10:03:49 AM  1000     14517    4.00    2.00    0.00    0.00    6.00    11  talker

10:03:49 AM   UID       PID    %usr %system  %guest   %wait    %CPU   CPU  Command
10:03:50 AM  1000     14511    4.00    2.00    0.00    0.00    6.00     6  talker
10:03:50 AM  1000     14513    2.00    3.00    0.00    0.00    5.00     2  talker
10:03:50 AM  1000     14515    4.00    1.00    0.00    0.00    5.00     5  talker
10:03:50 AM  1000     14517    3.00    2.00    0.00    0.00    5.00     8  talker

10:03:50 AM   UID       PID    %usr %system  %guest   %wait    %CPU   CPU  Command
10:03:51 AM  1000     14511    3.00    2.00    0.00    0.00    5.00     6  talker
10:03:51 AM  1000     14513    4.00    2.00    0.00    0.00    6.00    12  talker
10:03:51 AM  1000     14515    2.00    3.00    0.00    0.00    5.00     8  talker
10:03:51 AM  1000     14517    4.00    2.00    0.00    0.00    6.00    14  talker

10:03:51 AM   UID       PID    %usr %system  %guest   %wait    %CPU   CPU  Command
10:03:52 AM  1000     14511    3.00    2.00    0.00    0.00    5.00    16  talker
10:03:52 AM  1000     14513    1.00    4.00    0.00    0.00    5.00    10  talker
10:03:52 AM  1000     14515    1.00    4.00    0.00    0.00    5.00     1  talker
10:03:52 AM  1000     14517    3.00    2.00    0.00    0.00    5.00     7  talker

10:03:52 AM   UID       PID    %usr %system  %guest   %wait    %CPU   CPU  Command
10:03:53 AM  1000     14511    3.00    2.00    0.00    0.00    5.00     6  talker
10:03:53 AM  1000     14513    2.00    3.00    0.00    0.00    5.00    10  talker
10:03:53 AM  1000     14515    0.00    6.00    0.00    0.00    6.00     3  talker
10:03:53 AM  1000     14517    4.00    2.00    0.00    0.00    6.00     4  talker

10:03:53 AM   UID       PID    %usr %system  %guest   %wait    %CPU   CPU  Command
10:03:54 AM  1000     14511    4.00    2.00    0.00    0.00    6.00     4  talker
10:03:54 AM  1000     14513    5.00    1.00    0.00    0.00    6.00    10  talker
10:03:54 AM  1000     14515    0.00    6.00    0.00    0.00    6.00     3  talker
10:03:54 AM  1000     14517    3.00    2.00    0.00    0.00    5.00    11  talker

10:03:54 AM   UID       PID    %usr %system  %guest   %wait    %CPU   CPU  Command
10:03:55 AM  1000     14511    3.00    2.00    0.00    0.00    5.00     4  talker
10:03:55 AM  1000     14513    4.00    1.00    0.00    0.00    5.00    17  talker
10:03:55 AM  1000     14515    2.00    4.00    0.00    0.00    6.00     6  talker
10:03:55 AM  1000     14517    3.00    2.00    0.00    0.00    5.00     9  talker

10:03:55 AM   UID       PID    %usr %system  %guest   %wait    %CPU   CPU  Command
10:03:56 AM  1000     14511    3.00    3.00    0.00    0.00    6.00     6  talker
10:03:56 AM  1000     14513    1.00    5.00    0.00    0.00    6.00     8  talker
10:03:56 AM  1000     14515    4.00    1.00    0.00    0.00    5.00     8  talker
10:03:56 AM  1000     14517    4.00    2.00    0.00    0.00    6.00     0  talker

10:03:56 AM   UID       PID    %usr %system  %guest   %wait    %CPU   CPU  Command
10:03:57 AM  1000     14511    4.00    2.00    0.00    0.00    6.00     4  talker
10:03:57 AM  1000     14513    5.00    0.00    0.00    0.00    5.00     3  talker
10:03:57 AM  1000     14515    4.00    1.00    0.00    0.00    5.00     4  talker
10:03:57 AM  1000     14517    3.00    2.00    0.00    0.00    5.00     6  talker

10:03:57 AM   UID       PID    %usr %system  %guest   %wait    %CPU   CPU  Command
10:03:58 AM  1000     14511    3.00    2.00    0.00    0.00    5.00     5  talker
10:03:58 AM  1000     14513    0.00    6.00    0.00    0.00    6.00     8  talker
10:03:58 AM  1000     14515    1.00    5.00    0.00    0.00    6.00    10  talker
10:03:58 AM  1000     14517    3.00    2.00    0.00    0.00    5.00    10  talker

10:03:58 AM   UID       PID    %usr %system  %guest   %wait    %CPU   CPU  Command
10:03:59 AM  1000     14511    3.00    2.00    0.00    0.00    5.00    19  talker
10:03:59 AM  1000     14513    2.00    3.00    0.00    0.00    5.00    18  talker
10:03:59 AM  1000     14515    3.00    2.00    0.00    0.00    5.00     2  talker
10:03:59 AM  1000     14517    4.00    3.00    0.00    0.00    7.00     4  talker

10:03:59 AM   UID       PID    %usr %system  %guest   %wait    %CPU   CPU  Command
10:04:00 AM  1000     14511    3.00    2.00    0.00    0.00    5.00     8  talker
10:04:00 AM  1000     14513    5.00    1.00    0.00    0.00    6.00    16  talker
10:04:00 AM  1000     14515    6.00    0.00    0.00    0.00    6.00    15  talker
10:04:00 AM  1000     14517    3.00    2.00    0.00    0.00    5.00     0  talker

10:04:00 AM   UID       PID    %usr %system  %guest   %wait    %CPU   CPU  Command
10:04:01 AM  1000     14511    3.00    2.00    0.00    0.00    5.00    10  talker
10:04:01 AM  1000     14513    2.00    2.00    0.00    0.00    4.00     2  talker
10:04:01 AM  1000     14515    2.00    3.00    0.00    0.00    5.00    17  talker
10:04:01 AM  1000     14517    4.00    2.00    0.00    0.00    6.00     3  talker

10:04:01 AM   UID       PID    %usr %system  %guest   %wait    %CPU   CPU  Command
10:04:02 AM  1000     14511    3.00    3.00    0.00    0.00    6.00    14  talker
10:04:02 AM  1000     14513    3.00    3.00    0.00    0.00    6.00     0  talker
10:04:02 AM  1000     14515    4.00    2.00    0.00    0.00    6.00    12  talker
10:04:02 AM  1000     14517    3.00    2.00    0.00    0.00    5.00     8  talker

10:04:02 AM   UID       PID    %usr %system  %guest   %wait    %CPU   CPU  Command
10:04:03 AM  1000     14511    4.00    2.00    0.00    0.00    6.00    18  talker
10:04:03 AM  1000     14513    4.00    1.00    0.00    0.00    5.00     0  talker
10:04:03 AM  1000     14515    3.00    3.00    0.00    0.00    6.00     1  talker
10:04:03 AM  1000     14517    4.00    2.00    0.00    0.00    6.00    10  talker

10:04:03 AM   UID       PID    %usr %system  %guest   %wait    %CPU   CPU  Command
10:04:04 AM  1000     14511    3.00    2.00    0.00    0.00    5.00    19  talker
10:04:04 AM  1000     14513    6.00    0.00    0.00    0.00    6.00     1  talker
10:04:04 AM  1000     14515    2.00    3.00    0.00    0.00    5.00    10  talker
10:04:04 AM  1000     14517    3.00    2.00    0.00    0.00    5.00     4  talker

10:04:04 AM   UID       PID    %usr %system  %guest   %wait    %CPU   CPU  Command
10:04:05 AM  1000     14511    3.00    2.00    0.00    0.00    5.00     0  talker
10:04:05 AM  1000     14513    0.00    5.00    0.00    0.00    5.00     3  talker
10:04:05 AM  1000     14515    3.00    3.00    0.00    0.00    6.00     3  talker
10:04:05 AM  1000     14517    3.00    2.00    0.00    0.00    5.00     6  talker

10:04:05 AM   UID       PID    %usr %system  %guest   %wait    %CPU   CPU  Command
10:04:06 AM  1000     14511    3.00    2.00    0.00    0.00    5.00     5  talker
10:04:06 AM  1000     14513    5.00    1.00    0.00    0.00    6.00     6  talker
10:04:06 AM  1000     14515    0.00    5.00    0.00    0.00    5.00    13  talker
10:04:06 AM  1000     14517    3.00    2.00    0.00    0.00    5.00     7  talker

10:04:06 AM   UID       PID    %usr %system  %guest   %wait    %CPU   CPU  Command
10:04:07 AM  1000     14511    3.00    3.00    0.00    0.00    6.00     0  talker
10:04:07 AM  1000     14513    1.00    4.00    0.00    0.00    5.00     3  talker
10:04:07 AM  1000     14515    3.00    3.00    0.00    0.00    6.00     0  talker
10:04:07 AM  1000     14517    4.00    2.00    0.00    0.00    6.00     7  talker

10:04:07 AM   UID       PID    %usr %system  %guest   %wait    %CPU   CPU  Command
10:04:08 AM  1000     14511    4.00    2.00    0.00    0.00    6.00     5  talker
10:04:08 AM  1000     14513    2.00    3.00    0.00    0.00    5.00     0  talker
10:04:08 AM  1000     14515    0.00    6.00    0.00    0.00    6.00    15  talker
10:04:08 AM  1000     14517    3.00    2.00    0.00    0.00    5.00     7  talker

10:04:08 AM   UID       PID    %usr %system  %guest   %wait    %CPU   CPU  Command
10:04:09 AM  1000     14511    3.00    2.00    0.00    0.00    5.00    13  talker
10:04:09 AM  1000     14513    1.00    5.00    0.00    0.00    6.00     7  talker
10:04:09 AM  1000     14515    1.00    4.00    0.00    0.00    5.00    15  talker
10:04:09 AM  1000     14517    4.00    3.00    0.00    0.00    7.00     5  talker

10:04:09 AM   UID       PID    %usr %system  %guest   %wait    %CPU   CPU  Command
10:04:10 AM  1000     14511    3.00    2.00    0.00    0.00    5.00     3  talker
10:04:10 AM  1000     14513    4.00    1.00    0.00    0.00    5.00     1  talker
10:04:10 AM  1000     14515    3.00    3.00    0.00    0.00    6.00     8  talker
10:04:10 AM  1000     14517    3.00    2.00    0.00    0.00    5.00    13  talker

10:04:10 AM   UID       PID    %usr %system  %guest   %wait    %CPU   CPU  Command
10:04:11 AM  1000     14511    4.00    2.00    0.00    0.00    6.00     3  talker
10:04:11 AM  1000     14513    2.00    3.00    0.00    0.00    5.00     4  talker
10:04:11 AM  1000     14515    0.00    6.00    0.00    0.00    6.00     6  talker
10:04:11 AM  1000     14517    3.00    2.00    0.00    0.00    5.00     2  talker

10:04:11 AM   UID       PID    %usr %system  %guest   %wait    %CPU   CPU  Command
10:04:12 AM  1000     14511    3.00    2.00    0.00    0.00    5.00    12  talker
10:04:12 AM  1000     14513    3.00    3.00    0.00    0.00    6.00    15  talker
10:04:12 AM  1000     14515    0.00    4.00    0.00    0.00    4.00     2  talker
10:04:12 AM  1000     14517    4.00    2.00    0.00    0.00    6.00     2  talker

10:04:12 AM   UID       PID    %usr %system  %guest   %wait    %CPU   CPU  Command
10:04:13 AM  1000     14511    3.00    2.00    0.00    0.00    5.00     5  talker
10:04:13 AM  1000     14513    4.00    1.00    0.00    0.00    5.00     1  talker
10:04:13 AM  1000     14515    3.00    3.00    0.00    0.00    6.00     1  talker
10:04:13 AM  1000     14517    3.00    2.00    0.00    0.00    5.00    11  talker

10:04:13 AM   UID       PID    %usr %system  %guest   %wait    %CPU   CPU  Command
10:04:14 AM  1000     14511    4.00    2.00    0.00    0.00    6.00     3  talker
10:04:14 AM  1000     14513    0.00    6.00    0.00    0.00    6.00     8  talker
10:04:14 AM  1000     14515    2.00    3.00    0.00    0.00    5.00     0  talker
10:04:14 AM  1000     14517    3.00    2.00    0.00    0.00    5.00    15  talker

10:04:14 AM   UID       PID    %usr %system  %guest   %wait    %CPU   CPU  Command
10:04:15 AM  1000     14511    3.00    2.00    0.00    0.00    5.00     3  talker
10:04:15 AM  1000     14513    2.00    3.00    0.00    0.00    5.00     4  talker
10:04:15 AM  1000     14515    3.00    3.00    0.00    0.00    6.00     8  talker
10:04:15 AM  1000     14517    4.00    2.00    0.00    0.00    6.00     8  talker

10:04:15 AM   UID       PID    %usr %system  %guest   %wait    %CPU   CPU  Command
10:04:16 AM  1000     14511    3.00    2.00    0.00    0.00    5.00    18  talker
10:04:16 AM  1000     14513    2.00    4.00    0.00    0.00    6.00    13  talker
10:04:16 AM  1000     14515    1.00    5.00    0.00    0.00    6.00     8  talker
10:04:16 AM  1000     14517    3.00    2.00    0.00    0.00    5.00     6  talker

10:04:16 AM   UID       PID    %usr %system  %guest   %wait    %CPU   CPU  Command
10:04:17 AM  1000     14511    3.00    2.00    0.00    0.00    5.00     0  talker
10:04:17 AM  1000     14513    1.00    4.00    0.00    0.00    5.00     3  talker
10:04:17 AM  1000     14515    4.00    1.00    0.00    0.00    5.00     2  talker
10:04:17 AM  1000     14517    4.00    2.00    0.00    0.00    6.00    14  talker

10:04:17 AM   UID       PID    %usr %system  %guest   %wait    %CPU   CPU  Command
10:04:18 AM  1000     14511    4.00    2.00    0.00    0.00    6.00    14  talker
10:04:18 AM  1000     14513    4.00    1.00    0.00    0.00    5.00     5  talker
10:04:18 AM  1000     14515    1.00    5.00    0.00    0.00    6.00     3  talker
10:04:18 AM  1000     14517    3.00    2.00    0.00    0.00    5.00     0  talker

10:04:18 AM   UID       PID    %usr %system  %guest   %wait    %CPU   CPU  Command
10:04:19 AM  1000     14511    3.00    2.00    0.00    0.00    5.00    11  talker
10:04:19 AM  1000     14513    5.00    0.00    0.00    0.00    5.00    13  talker
10:04:19 AM  1000     14515    2.00    3.00    0.00    0.00    5.00     3  talker
10:04:19 AM  1000     14517    4.00    2.00    0.00    0.00    6.00     1  talker

10:04:19 AM   UID       PID    %usr %system  %guest   %wait    %CPU   CPU  Command
10:04:20 AM  1000     14511    3.00    2.00    0.00    0.00    5.00    11  talker
10:04:20 AM  1000     14513    3.00    3.00    0.00    0.00    6.00    15  talker
10:04:20 AM  1000     14515    3.00    3.00    0.00    0.00    6.00     4  talker
10:04:20 AM  1000     14517    3.00    2.00    0.00    0.00    5.00     4  talker

10:04:20 AM   UID       PID    %usr %system  %guest   %wait    %CPU   CPU  Command
10:04:21 AM  1000     14511    3.00    2.00    0.00    0.00    5.00    11  talker
10:04:21 AM  1000     14513    1.00    5.00    0.00    0.00    6.00     3  talker
10:04:21 AM  1000     14515    1.00    5.00    0.00    0.00    6.00     4  talker
10:04:21 AM  1000     14517    4.00    2.00    0.00    0.00    6.00     2  talker

10:04:21 AM   UID       PID    %usr %system  %guest   %wait    %CPU   CPU  Command
10:04:22 AM  1000     14511    4.00    3.00    0.00    0.00    7.00    11  talker
10:04:22 AM  1000     14513    0.00    4.00    0.00    0.00    4.00    14  talker
10:04:22 AM  1000     14515    0.00    5.00    0.00    0.00    5.00     3  talker
10:04:22 AM  1000     14517    3.00    3.00    0.00    0.00    6.00     4  talker

10:04:22 AM   UID       PID    %usr %system  %guest   %wait    %CPU   CPU  Command
10:04:23 AM  1000     14511    3.00    2.00    0.00    0.00    5.00     5  talker
10:04:23 AM  1000     14513    3.00    4.00    0.00    0.00    7.00     4  talker
10:04:23 AM  1000     14515    0.00    6.00    0.00    0.00    6.00    10  talker
10:04:23 AM  1000     14517    3.00    2.00    0.00    0.00    5.00     4  talker

10:04:23 AM   UID       PID    %usr %system  %guest   %wait    %CPU   CPU  Command
10:04:24 AM  1000     14511    3.00    2.00    0.00    0.00    5.00    11  talker
10:04:24 AM  1000     14513    5.00    0.00    0.00    0.00    5.00    13  talker
10:04:24 AM  1000     14515    1.00    4.00    0.00    0.00    5.00     3  talker
10:04:24 AM  1000     14517    4.00    2.00    0.00    0.00    6.00     4  talker

10:04:24 AM   UID       PID    %usr %system  %guest   %wait    %CPU   CPU  Command
10:04:25 AM  1000     14511    3.00    2.00    0.00    0.00    5.00    11  talker
10:04:25 AM  1000     14513    4.00    1.00    0.00    0.00    5.00     6  talker
10:04:25 AM  1000     14515    4.00    1.00    0.00    0.00    5.00     1  talker
10:04:25 AM  1000     14517    3.00    2.00    0.00    0.00    5.00    18  talker

10:04:25 AM   UID       PID    %usr %system  %guest   %wait    %CPU   CPU  Command
10:04:26 AM  1000     14511    3.00    2.00    0.00    0.00    5.00     5  talker
10:04:26 AM  1000     14513    3.00    3.00    0.00    0.00    6.00     8  talker
10:04:26 AM  1000     14515    5.00    2.00    0.00    0.00    7.00     8  talker
10:04:26 AM  1000     14517    3.00    2.00    0.00    0.00    5.00     1  talker

10:04:26 AM   UID       PID    %usr %system  %guest   %wait    %CPU   CPU  Command
10:04:27 AM  1000     14511    4.00    3.00    0.00    0.00    7.00    11  talker
10:04:27 AM  1000     14513    4.00    1.00    0.00    0.00    5.00    12  talker
10:04:27 AM  1000     14515    5.00    0.00    0.00    0.00    5.00     9  talker
10:04:27 AM  1000     14517    4.00    2.00    0.00    0.00    6.00     3  talker

10:04:27 AM   UID       PID    %usr %system  %guest   %wait    %CPU   CPU  Command
10:04:28 AM  1000     14511    3.00    2.00    0.00    0.00    5.00    11  talker
10:04:28 AM  1000     14513    4.00    1.00    0.00    0.00    5.00     1  talker
10:04:28 AM  1000     14515    3.00    2.00    0.00    0.00    5.00     0  talker
10:04:28 AM  1000     14517    3.00    2.00    0.00    0.00    5.00     5  talker

10:04:28 AM   UID       PID    %usr %system  %guest   %wait    %CPU   CPU  Command
10:04:29 AM  1000     14511    3.00    2.00    0.00    0.00    5.00     6  talker
10:04:29 AM  1000     14513    3.00    3.00    0.00    0.00    6.00     4  talker
10:04:29 AM  1000     14515    4.00    3.00    0.00    0.00    7.00     0  talker
10:04:29 AM  1000     14517    4.00    2.00    0.00    0.00    6.00     0  talker

Average:      UID       PID    %usr %system  %guest   %wait    %CPU   CPU  Command
Average:     1000     14511    3.25    2.12    0.00    0.00    5.37     -  talker
Average:     1000     14513    2.37    3.02    0.00    0.00    5.38     -  talker
Average:     1000     14515    2.25    3.32    0.00    0.00    5.57     -  talker
Average:     1000     14517    3.40    2.07    0.00    0.00    5.47     -  talker
