Linux 6.5.0-44-generic (npc2408016) 	06/17/2025 	_x86_64_	(22 CPU)

10:25:21 AM   UID       PID    %usr %system  %guest   %wait    %CPU   CPU  Command
10:25:22 AM  1000     18544    4.00    2.00    0.00    0.00    6.00     9  talker
10:25:22 AM  1000     18546    4.00    2.00    0.00    0.00    6.00     3  talker
10:25:22 AM  1000     18548    4.00    2.00    0.00    0.00    6.00     5  talker
10:25:22 AM  1000     18550    4.00    3.00    0.00    0.00    7.00     6  talker
10:25:22 AM  1000     18552    4.00    2.00    0.00    0.00    6.00     4  talker
10:25:22 AM  1000     18554    3.00    3.00    0.00    0.00    6.00    11  talker
10:25:22 AM  1000     18556    1.00    4.00    0.00    0.00    5.00    13  talker
10:25:22 AM  1000     18558    3.00    2.00    0.00    0.00    5.00     9  talker

10:25:22 AM   UID       PID    %usr %system  %guest   %wait    %CPU   CPU  Command
10:25:23 AM  1000     18544    4.00    2.00    0.00    0.00    6.00    13  talker
10:25:23 AM  1000     18546    4.00    2.00    0.00    0.00    6.00     1  talker
10:25:23 AM  1000     18548    4.00    3.00    0.00    0.00    7.00    10  talker
10:25:23 AM  1000     18550    3.00    2.00    0.00    0.00    5.00    11  talker
10:25:23 AM  1000     18552    4.00    3.00    0.00    0.00    7.00     9  talker
10:25:23 AM  1000     18554    4.00    2.00    0.00    0.00    6.00    11  talker
10:25:23 AM  1000     18556    5.00    0.00    0.00    0.00    5.00    18  talker
10:25:23 AM  1000     18558    4.00    3.00    0.00    0.00    7.00     3  talker

10:25:23 AM   UID       PID    %usr %system  %guest   %wait    %CPU   CPU  Command
10:25:24 AM  1000     18544    3.00    3.00    0.00    0.00    6.00    11  talker
10:25:24 AM  1000     18546    4.00    2.00    0.00    0.00    6.00    14  talker
10:25:24 AM  1000     18548    4.00    2.00    0.00    0.00    6.00    16  talker
10:25:24 AM  1000     18550    4.00    3.00    0.00    0.00    7.00    18  talker
10:25:24 AM  1000     18552    4.00    2.00    0.00    0.00    6.00     9  talker
10:25:24 AM  1000     18554    4.00    2.00    0.00    0.00    6.00    11  talker
10:25:24 AM  1000     18556    3.00    3.00    0.00    0.00    6.00     6  talker
10:25:24 AM  1000     18558    4.00    2.00    0.00    0.00    6.00    10  talker

10:25:24 AM   UID       PID    %usr %system  %guest   %wait    %CPU   CPU  Command
10:25:25 AM  1000     18544    4.00    2.00    0.00    0.00    6.00    14  talker
10:25:25 AM  1000     18546    4.00    2.00    0.00    0.00    6.00    14  talker
10:25:25 AM  1000     18548    3.00    3.00    0.00    0.00    6.00    10  talker
10:25:25 AM  1000     18550    4.00    2.00    0.00    0.00    6.00    18  talker
10:25:25 AM  1000     18552    4.00    3.00    0.00    0.00    7.00     0  talker
10:25:25 AM  1000     18554    4.00    2.00    0.00    0.00    6.00     4  talker
10:25:25 AM  1000     18556    0.00    5.00    0.00    0.00    5.00    12  talker
10:25:25 AM  1000     18558    5.00    2.00    0.00    0.00    7.00    17  talker

10:25:25 AM   UID       PID    %usr %system  %guest   %wait    %CPU   CPU  Command
10:25:26 AM  1000     18544    3.00    2.00    0.00    0.00    5.00    13  talker
10:25:26 AM  1000     18546    4.00    2.00    0.00    0.00    6.00    11  talker
10:25:26 AM  1000     18548    4.00    2.00    0.00    0.00    6.00    16  talker
10:25:26 AM  1000     18550    4.00    2.00    0.00    0.00    6.00     2  talker
10:25:26 AM  1000     18552    3.00    2.00    0.00    0.00    5.00     9  talker
10:25:26 AM  1000     18554    4.00    3.00    0.00    0.00    7.00    18  talker
10:25:26 AM  1000     18556    0.00    6.00    0.00    0.00    6.00    11  talker
10:25:26 AM  1000     18558    4.00    2.00    0.00    0.00    6.00    10  talker

10:25:26 AM   UID       PID    %usr %system  %guest   %wait    %CPU   CPU  Command
10:25:27 AM  1000     18544    3.00    3.00    0.00    0.00    6.00    18  talker
10:25:27 AM  1000     18546    3.00    3.00    0.00    0.00    6.00     6  talker
10:25:27 AM  1000     18548    4.00    3.00    0.00    0.00    7.00     9  talker
10:25:27 AM  1000     18550    4.00    3.00    0.00    0.00    7.00     6  talker
10:25:27 AM  1000     18552    4.00    3.00    0.00    0.00    7.00    13  talker
10:25:27 AM  1000     18554    4.00    2.00    0.00    0.00    6.00     2  talker
10:25:27 AM  1000     18556    2.00    4.00    0.00    0.00    6.00     1  talker
10:25:27 AM  1000     18558    3.00    3.00    0.00    0.00    6.00    11  talker

10:25:27 AM   UID       PID    %usr %system  %guest   %wait    %CPU   CPU  Command
10:25:28 AM  1000     18544    4.00    2.00    0.00    0.00    6.00     9  talker
10:25:28 AM  1000     18546    4.00    2.00    0.00    0.00    6.00     8  talker
10:25:28 AM  1000     18548    4.00    2.00    0.00    0.00    6.00     9  talker
10:25:28 AM  1000     18550    4.00    2.00    0.00    0.00    6.00    12  talker
10:25:28 AM  1000     18552    3.00    2.00    0.00    1.00    5.00    11  talker
10:25:28 AM  1000     18554    4.00    2.00    0.00    0.00    6.00     5  talker
10:25:28 AM  1000     18556    5.00    1.00    0.00    0.00    6.00     6  talker
10:25:28 AM  1000     18558    4.00    3.00    0.00    0.00    7.00    14  talker

10:25:28 AM   UID       PID    %usr %system  %guest   %wait    %CPU   CPU  Command
10:25:29 AM  1000     18544    3.00    3.00    0.00    0.00    6.00    12  talker
10:25:29 AM  1000     18546    4.00    1.00    0.00    0.00    5.00    12  talker
10:25:29 AM  1000     18548    3.00    3.00    0.00    0.00    6.00     9  talker
10:25:29 AM  1000     18550    4.00    3.00    0.00    0.00    7.00    19  talker
10:25:29 AM  1000     18552    4.00    3.00    0.00    0.00    7.00    12  talker
10:25:29 AM  1000     18554    4.00    2.00    0.00    0.00    6.00     1  talker
10:25:29 AM  1000     18556    2.00    3.00    0.00    0.00    5.00    12  talker
10:25:29 AM  1000     18558    4.00    2.00    0.00    0.00    6.00    17  talker

10:25:29 AM   UID       PID    %usr %system  %guest   %wait    %CPU   CPU  Command
10:25:30 AM  1000     18544    4.00    2.00    0.00    0.00    6.00     4  talker
10:25:30 AM  1000     18546    4.00    2.00    0.00    0.00    6.00    15  talker
10:25:30 AM  1000     18548    4.00    2.00    0.00    0.00    6.00    18  talker
10:25:30 AM  1000     18550    4.00    2.00    0.00    0.00    6.00    17  talker
10:25:30 AM  1000     18552    4.00    2.00    0.00    0.00    6.00     4  talker
10:25:30 AM  1000     18554    3.00    3.00    0.00    0.00    6.00    12  talker
10:25:30 AM  1000     18556    3.00    3.00    0.00    0.00    6.00     2  talker
10:25:30 AM  1000     18558    4.00    2.00    0.00    0.00    6.00    13  talker

10:25:30 AM   UID       PID    %usr %system  %guest   %wait    %CPU   CPU  Command
10:25:31 AM  1000     18544    3.00    2.00    0.00    0.00    5.00    13  talker
10:25:31 AM  1000     18546    4.00    3.00    0.00    0.00    7.00     8  talker
10:25:31 AM  1000     18548    3.00    3.00    0.00    0.00    6.00    18  talker
10:25:31 AM  1000     18550    3.00    3.00    0.00    0.00    6.00    13  talker
10:25:31 AM  1000     18552    3.00    3.00    0.00    0.00    6.00    17  talker
10:25:31 AM  1000     18554    4.00    2.00    0.00    0.00    6.00     3  talker
10:25:31 AM  1000     18556    0.00    5.00    0.00    0.00    5.00     5  talker
10:25:31 AM  1000     18558    4.00    2.00    0.00    0.00    6.00     4  talker

10:25:31 AM   UID       PID    %usr %system  %guest   %wait    %CPU   CPU  Command
10:25:32 AM  1000     18544    3.00    3.00    0.00    0.00    6.00    19  talker
10:25:32 AM  1000     18546    4.00    1.00    0.00    0.00    5.00     5  talker
10:25:32 AM  1000     18548    4.00    2.00    0.00    0.00    6.00    17  talker
10:25:32 AM  1000     18550    4.00    2.00    0.00    0.00    6.00    19  talker
10:25:32 AM  1000     18552    4.00    2.00    0.00    0.00    6.00    19  talker
10:25:32 AM  1000     18554    4.00    2.00    0.00    0.00    6.00     0  talker
10:25:32 AM  1000     18556    0.00    6.00    0.00    0.00    6.00    14  talker
10:25:32 AM  1000     18558    4.00    3.00    0.00    0.00    7.00     9  talker

10:25:32 AM   UID       PID    %usr %system  %guest   %wait    %CPU   CPU  Command
10:25:33 AM  1000     18544    4.00    2.00    0.00    0.00    6.00    15  talker
10:25:33 AM  1000     18546    5.00    2.00    0.00    0.00    7.00    17  talker
10:25:33 AM  1000     18548    4.00    3.00    0.00    0.00    7.00    14  talker
10:25:33 AM  1000     18550    4.00    3.00    0.00    0.00    7.00     2  talker
10:25:33 AM  1000     18552    4.00    2.00    0.00    0.00    6.00    15  talker
10:25:33 AM  1000     18554    4.00    2.00    0.00    0.00    6.00     1  talker
10:25:33 AM  1000     18556    4.00    1.00    0.00    0.00    5.00     9  talker
10:25:33 AM  1000     18558    4.00    2.00    0.00    0.00    6.00     2  talker

10:25:33 AM   UID       PID    %usr %system  %guest   %wait    %CPU   CPU  Command
10:25:34 AM  1000     18544    3.00    2.00    0.00    0.00    5.00     5  talker
10:25:34 AM  1000     18546    4.00    2.00    0.00    0.00    6.00    10  talker
10:25:34 AM  1000     18548    4.00    2.00    0.00    0.00    6.00    14  talker
10:25:34 AM  1000     18550    4.00    2.00    0.00    0.00    6.00    18  talker
10:25:34 AM  1000     18552    4.00    2.00    0.00    0.00    6.00    11  talker
10:25:34 AM  1000     18554    3.00    2.00    0.00    0.00    5.00    16  talker
10:25:34 AM  1000     18556    2.00    4.00    0.00    0.00    6.00     8  talker
10:25:34 AM  1000     18558    4.00    2.00    0.00    0.00    6.00    15  talker

10:25:34 AM   UID       PID    %usr %system  %guest   %wait    %CPU   CPU  Command
10:25:35 AM  1000     18544    4.00    2.00    0.00    0.00    6.00    13  talker
10:25:35 AM  1000     18546    3.00    3.00    0.00    0.00    6.00    12  talker
10:25:35 AM  1000     18548    3.00    3.00    0.00    0.00    6.00    13  talker
10:25:35 AM  1000     18550    4.00    3.00    0.00    0.00    7.00    19  talker
10:25:35 AM  1000     18552    4.00    3.00    0.00    0.00    7.00    10  talker
10:25:35 AM  1000     18554    4.00    2.00    0.00    0.00    6.00    12  talker
10:25:35 AM  1000     18556    2.00    3.00    0.00    0.00    5.00     3  talker
10:25:35 AM  1000     18558    4.00    3.00    0.00    0.00    7.00     5  talker

10:25:35 AM   UID       PID    %usr %system  %guest   %wait    %CPU   CPU  Command
10:25:36 AM  1000     18544    3.00    3.00    0.00    0.00    6.00     4  talker
10:25:36 AM  1000     18546    5.00    1.00    0.00    0.00    6.00    12  talker
10:25:36 AM  1000     18548    4.00    3.00    0.00    0.00    7.00     5  talker
10:25:36 AM  1000     18550    3.00    3.00    0.00    0.00    6.00    12  talker
10:25:36 AM  1000     18552    4.00    2.00    0.00    0.00    6.00     2  talker
10:25:36 AM  1000     18554    4.00    3.00    0.00    0.00    7.00     0  talker
10:25:36 AM  1000     18556    0.00    6.00    0.00    0.00    6.00     8  talker
10:25:36 AM  1000     18558    4.00    2.00    0.00    0.00    6.00    17  talker

10:25:36 AM   UID       PID    %usr %system  %guest   %wait    %CPU   CPU  Command
10:25:37 AM  1000     18544    3.00    2.00    0.00    0.00    5.00    14  talker
10:25:37 AM  1000     18546    3.00    3.00    0.00    0.00    6.00     4  talker
10:25:37 AM  1000     18548    4.00    2.00    0.00    0.00    6.00    13  talker
10:25:37 AM  1000     18550    4.00    2.00    0.00    0.00    6.00     7  talker
10:25:37 AM  1000     18552    3.00    3.00    0.00    0.00    6.00    10  talker
10:25:37 AM  1000     18554    4.00    2.00    0.00    0.00    6.00     1  talker
10:25:37 AM  1000     18556    3.00    3.00    0.00    0.00    6.00     6  talker
10:25:37 AM  1000     18558    3.00    3.00    0.00    0.00    6.00     2  talker

10:25:37 AM   UID       PID    %usr %system  %guest   %wait    %CPU   CPU  Command
10:25:38 AM  1000     18544    3.00    3.00    0.00    0.00    6.00    10  talker
10:25:38 AM  1000     18546    4.00    2.00    0.00    0.00    6.00     8  talker
10:25:38 AM  1000     18548    3.00    2.00    0.00    0.00    5.00    14  talker
10:25:38 AM  1000     18550    4.00    3.00    0.00    0.00    7.00     8  talker
10:25:38 AM  1000     18552    4.00    2.00    0.00    0.00    6.00    18  talker
10:25:38 AM  1000     18554    3.00    2.00    0.00    0.00    5.00     5  talker
10:25:38 AM  1000     18556    0.00    6.00    0.00    0.00    6.00     8  talker
10:25:38 AM  1000     18558    4.00    2.00    0.00    0.00    6.00    18  talker

10:25:38 AM   UID       PID    %usr %system  %guest   %wait    %CPU   CPU  Command
10:25:39 AM  1000     18544    4.00    2.00    0.00    0.00    6.00    13  talker
10:25:39 AM  1000     18546    4.00    2.00    0.00    0.00    6.00    11  talker
10:25:39 AM  1000     18548    4.00    3.00    0.00    0.00    7.00    11  talker
10:25:39 AM  1000     18550    4.00    2.00    0.00    0.00    6.00    10  talker
10:25:39 AM  1000     18552    4.00    2.00    0.00    0.00    6.00     9  talker
10:25:39 AM  1000     18554    4.00    2.00    0.00    0.00    6.00     2  talker
10:25:39 AM  1000     18556    0.00    5.00    0.00    0.00    5.00     7  talker
10:25:39 AM  1000     18558    4.00    3.00    0.00    0.00    7.00    16  talker

10:25:39 AM   UID       PID    %usr %system  %guest   %wait    %CPU   CPU  Command
10:25:40 AM  1000     18544    3.00    2.00    0.00    0.00    5.00    17  talker
10:25:40 AM  1000     18546    4.00    2.00    0.00    0.00    6.00    11  talker
10:25:40 AM  1000     18548    4.00    2.00    0.00    0.00    6.00    14  talker
10:25:40 AM  1000     18550    3.00    3.00    0.00    0.00    6.00    17  talker
10:25:40 AM  1000     18552    4.00    2.00    0.00    0.00    6.00     5  talker
10:25:40 AM  1000     18554    4.00    2.00    0.00    0.00    6.00     8  talker
10:25:40 AM  1000     18556    0.00    6.00    0.00    0.00    6.00    13  talker
10:25:40 AM  1000     18558    4.00    2.00    0.00    0.00    6.00     4  talker

10:25:40 AM   UID       PID    %usr %system  %guest   %wait    %CPU   CPU  Command
10:25:41 AM  1000     18544    3.00    3.00    0.00    0.00    6.00    15  talker
10:25:41 AM  1000     18546    4.00    2.00    0.00    0.00    6.00    11  talker
10:25:41 AM  1000     18548    4.00    3.00    0.00    0.00    7.00     4  talker
10:25:41 AM  1000     18550    4.00    2.00    0.00    0.00    6.00    11  talker
10:25:41 AM  1000     18552    4.00    3.00    0.00    0.00    7.00     3  talker
10:25:41 AM  1000     18554    4.00    3.00    0.00    0.00    7.00     9  talker
10:25:41 AM  1000     18556    1.00    4.00    0.00    0.00    5.00    16  talker
10:25:41 AM  1000     18558    4.00    2.00    0.00    1.00    6.00    10  talker

10:25:41 AM   UID       PID    %usr %system  %guest   %wait    %CPU   CPU  Command
10:25:42 AM  1000     18544    4.00    2.00    0.00    0.00    6.00    15  talker
10:25:42 AM  1000     18546    3.00    3.00    0.00    0.00    6.00     9  talker
10:25:42 AM  1000     18548    3.00    2.00    0.00    0.00    5.00     4  talker
10:25:42 AM  1000     18550    4.00    3.00    0.00    0.00    7.00    12  talker
10:25:42 AM  1000     18552    3.00    2.00    0.00    0.00    5.00     4  talker
10:25:42 AM  1000     18554    3.00    2.00    0.00    0.00    5.00     2  talker
10:25:42 AM  1000     18556    0.00    5.00    0.00    0.00    5.00     4  talker
10:25:42 AM  1000     18558    4.00    3.00    0.00    0.00    7.00    15  talker

10:25:42 AM   UID       PID    %usr %system  %guest   %wait    %CPU   CPU  Command
10:25:43 AM  1000     18544    3.00    3.00    0.00    0.00    6.00     2  talker
10:25:43 AM  1000     18546    4.00    2.00    0.00    0.00    6.00     2  talker
10:25:43 AM  1000     18548    4.00    3.00    0.00    1.00    7.00     8  talker
10:25:43 AM  1000     18550    4.00    2.00    0.00    0.00    6.00    14  talker
10:25:43 AM  1000     18552    4.00    2.00    0.00    0.00    6.00    19  talker
10:25:43 AM  1000     18554    4.00    3.00    0.00    0.00    7.00    11  talker
10:25:43 AM  1000     18556    2.00    3.00    0.00    0.00    5.00     8  talker
10:25:43 AM  1000     18558    4.00    2.00    0.00    0.00    6.00     4  talker

10:25:43 AM   UID       PID    %usr %system  %guest   %wait    %CPU   CPU  Command
10:25:44 AM  1000     18544    3.00    2.00    0.00    0.00    5.00     8  talker
10:25:44 AM  1000     18546    4.00    1.00    0.00    0.00    5.00    13  talker
10:25:44 AM  1000     18548    4.00    2.00    0.00    0.00    6.00     6  talker
10:25:44 AM  1000     18550    4.00    2.00    0.00    0.00    6.00     3  talker
10:25:44 AM  1000     18552    4.00    3.00    0.00    0.00    7.00    12  talker
10:25:44 AM  1000     18554    3.00    2.00    0.00    0.00    5.00    11  talker
10:25:44 AM  1000     18556    0.00    6.00    0.00    0.00    6.00     3  talker
10:25:44 AM  1000     18558    3.00    3.00    0.00    0.00    6.00    16  talker

10:25:44 AM   UID       PID    %usr %system  %guest   %wait    %CPU   CPU  Command
10:25:45 AM  1000     18544    4.00    2.00    0.00    0.00    6.00    13  talker
10:25:45 AM  1000     18546    4.00    2.00    0.00    0.00    6.00     9  talker
10:25:45 AM  1000     18548    4.00    2.00    0.00    0.00    6.00     2  talker
10:25:45 AM  1000     18550    4.00    3.00    0.00    0.00    7.00    19  talker
10:25:45 AM  1000     18552    4.00    3.00    0.00    0.00    7.00    14  talker
10:25:45 AM  1000     18554    4.00    2.00    0.00    0.00    6.00    11  talker
10:25:45 AM  1000     18556    4.00    2.00    0.00    0.00    6.00    13  talker
10:25:45 AM  1000     18558    5.00    2.00    0.00    0.00    7.00     9  talker

10:25:45 AM   UID       PID    %usr %system  %guest   %wait    %CPU   CPU  Command
10:25:46 AM  1000     18544    3.00    2.00    0.00    0.00    5.00    14  talker
10:25:46 AM  1000     18546    4.00    2.00    0.00    0.00    6.00     7  talker
10:25:46 AM  1000     18548    3.00    3.00    0.00    0.00    6.00     2  talker
10:25:46 AM  1000     18550    4.00    2.00    0.00    0.00    6.00    13  talker
10:25:46 AM  1000     18552    3.00    2.00    0.00    0.00    5.00     7  talker
10:25:46 AM  1000     18554    4.00    2.00    0.00    0.00    6.00     4  talker
10:25:46 AM  1000     18556    1.00    4.00    0.00    0.00    5.00     2  talker
10:25:46 AM  1000     18558    3.00    2.00    0.00    0.00    5.00     3  talker

10:25:46 AM   UID       PID    %usr %system  %guest   %wait    %CPU   CPU  Command
10:25:47 AM  1000     18544    4.00    2.00    0.00    0.00    6.00     7  talker
10:25:47 AM  1000     18546    4.00    2.00    0.00    0.00    6.00     7  talker
10:25:47 AM  1000     18548    4.00    2.00    0.00    0.00    6.00     9  talker
10:25:47 AM  1000     18550    4.00    3.00    0.00    0.00    7.00     0  talker
10:25:47 AM  1000     18552    4.00    3.00    0.00    0.00    7.00     4  talker
10:25:47 AM  1000     18554    4.00    3.00    0.00    0.00    7.00    16  talker
10:25:47 AM  1000     18556    4.00    1.00    0.00    0.00    5.00    10  talker
10:25:47 AM  1000     18558    4.00    3.00    0.00    0.00    7.00    18  talker

10:25:47 AM   UID       PID    %usr %system  %guest   %wait    %CPU   CPU  Command
10:25:48 AM  1000     18544    3.00    3.00    0.00    0.00    6.00     6  talker
10:25:48 AM  1000     18546    4.00    2.00    0.00    0.00    6.00     8  talker
10:25:48 AM  1000     18548    4.00    3.00    0.00    0.00    7.00    12  talker
10:25:48 AM  1000     18550    3.00    2.00    0.00    0.00    5.00     8  talker
10:25:48 AM  1000     18552    4.00    2.00    0.00    0.00    6.00    13  talker
10:25:48 AM  1000     18554    3.00    2.00    0.00    0.00    5.00    17  talker
10:25:48 AM  1000     18556    0.00    6.00    0.00    0.00    6.00     4  talker
10:25:48 AM  1000     18558    4.00    2.00    0.00    0.00    6.00    16  talker

10:25:48 AM   UID       PID    %usr %system  %guest   %wait    %CPU   CPU  Command
10:25:49 AM  1000     18544    3.00    2.00    0.00    0.00    5.00    10  talker
10:25:49 AM  1000     18546    5.00    2.00    0.00    0.00    7.00     3  talker
10:25:49 AM  1000     18548    4.00    2.00    0.00    0.00    6.00    15  talker
10:25:49 AM  1000     18550    4.00    3.00    0.00    0.00    7.00     0  talker
10:25:49 AM  1000     18552    4.00    2.00    0.00    0.00    6.00    10  talker
10:25:49 AM  1000     18554    4.00    2.00    0.00    0.00    6.00     9  talker
10:25:49 AM  1000     18556    0.00    6.00    0.00    0.00    6.00     8  talker
10:25:49 AM  1000     18558    4.00    3.00    0.00    0.00    7.00    13  talker

10:25:49 AM   UID       PID    %usr %system  %guest   %wait    %CPU   CPU  Command
10:25:50 AM  1000     18544    4.00    2.00    0.00    0.00    6.00    12  talker
10:25:50 AM  1000     18546    4.00    2.00    0.00    0.00    6.00    11  talker
10:25:50 AM  1000     18548    3.00    3.00    0.00    0.00    6.00     6  talker
10:25:50 AM  1000     18550    4.00    2.00    0.00    0.00    6.00     0  talker
10:25:50 AM  1000     18552    3.00    3.00    0.00    0.00    6.00    13  talker
10:25:50 AM  1000     18554    4.00    3.00    0.00    0.00    7.00     2  talker
10:25:50 AM  1000     18556    1.00    5.00    0.00    0.00    6.00     8  talker
10:25:50 AM  1000     18558    4.00    2.00    0.00    0.00    6.00    11  talker

10:25:50 AM   UID       PID    %usr %system  %guest   %wait    %CPU   CPU  Command
10:25:51 AM  1000     18544    4.00    2.00    0.00    0.00    6.00     4  talker
10:25:51 AM  1000     18546    3.00    2.00    0.00    0.00    5.00     4  talker
10:25:51 AM  1000     18548    4.00    2.00    0.00    0.00    6.00    15  talker
10:25:51 AM  1000     18550    4.00    3.00    0.00    0.00    7.00     8  talker
10:25:51 AM  1000     18552    4.00    3.00    0.00    0.00    7.00    15  talker
10:25:51 AM  1000     18554    4.00    2.00    0.00    0.00    6.00    14  talker
10:25:51 AM  1000     18556    2.00    3.00    0.00    0.00    5.00    15  talker
10:25:51 AM  1000     18558    3.00    3.00    0.00    0.00    6.00     4  talker

10:25:51 AM   UID       PID    %usr %system  %guest   %wait    %CPU   CPU  Command
10:25:52 AM  1000     18544    3.00    3.00    0.00    0.00    6.00     7  talker
10:25:52 AM  1000     18546    4.00    3.00    0.00    0.00    7.00    12  talker
10:25:52 AM  1000     18548    4.00    3.00    0.00    0.00    7.00     2  talker
10:25:52 AM  1000     18550    4.00    2.00    0.00    0.00    6.00    15  talker
10:25:52 AM  1000     18552    3.00    2.00    0.00    0.00    5.00     6  talker
10:25:52 AM  1000     18554    4.00    2.00    0.00    0.00    6.00    10  talker
10:25:52 AM  1000     18556    0.00    6.00    0.00    0.00    6.00    10  talker
10:25:52 AM  1000     18558    4.00    3.00    0.00    0.00    7.00    18  talker

10:25:52 AM   UID       PID    %usr %system  %guest   %wait    %CPU   CPU  Command
10:25:53 AM  1000     18544    3.00    2.00    0.00    0.00    5.00    17  talker
10:25:53 AM  1000     18546    4.00    2.00    0.00    1.00    6.00    14  talker
10:25:53 AM  1000     18548    3.00    2.00    0.00    0.00    5.00    19  talker
10:25:53 AM  1000     18550    4.00    3.00    0.00    0.00    7.00    16  talker
10:25:53 AM  1000     18552    4.00    2.00    0.00    0.00    6.00    16  talker
10:25:53 AM  1000     18554    3.00    2.00    0.00    0.00    5.00     3  talker
10:25:53 AM  1000     18556    1.00    5.00    0.00    0.00    6.00     7  talker
10:25:53 AM  1000     18558    4.00    2.00    0.00    0.00    6.00    10  talker

10:25:53 AM   UID       PID    %usr %system  %guest   %wait    %CPU   CPU  Command
10:25:54 AM  1000     18544    4.00    2.00    0.00    0.00    6.00    10  talker
10:25:54 AM  1000     18546    3.00    2.00    0.00    0.00    5.00     0  talker
10:25:54 AM  1000     18548    4.00    3.00    0.00    0.00    7.00    11  talker
10:25:54 AM  1000     18550    4.00    2.00    0.00    0.00    6.00    11  talker
10:25:54 AM  1000     18552    4.00    3.00    0.00    0.00    7.00    13  talker
10:25:54 AM  1000     18554    4.00    2.00    0.00    0.00    6.00    18  talker
10:25:54 AM  1000     18556    1.00    4.00    0.00    0.00    5.00     4  talker
10:25:54 AM  1000     18558    4.00    2.00    0.00    0.00    6.00     0  talker

10:25:54 AM   UID       PID    %usr %system  %guest   %wait    %CPU   CPU  Command
10:25:55 AM  1000     18544    3.00    2.00    0.00    0.00    5.00     7  talker
10:25:55 AM  1000     18546    4.00    2.00    0.00    0.00    6.00     2  talker
10:25:55 AM  1000     18548    4.00    2.00    0.00    0.00    6.00    17  talker
10:25:55 AM  1000     18550    4.00    3.00    0.00    0.00    7.00    18  talker
10:25:55 AM  1000     18552    4.00    2.00    0.00    0.00    6.00     5  talker
10:25:55 AM  1000     18554    4.00    2.00    0.00    0.00    6.00    10  talker
10:25:55 AM  1000     18556    1.00    4.00    0.00    0.00    5.00     4  talker
10:25:55 AM  1000     18558    4.00    2.00    0.00    0.00    6.00    16  talker

10:25:55 AM   UID       PID    %usr %system  %guest   %wait    %CPU   CPU  Command
10:25:56 AM  1000     18544    4.00    3.00    0.00    0.00    7.00     9  talker
10:25:56 AM  1000     18546    4.00    3.00    0.00    0.00    7.00     8  talker
10:25:56 AM  1000     18548    4.00    2.00    0.00    0.00    6.00    14  talker
10:25:56 AM  1000     18550    4.00    2.00    0.00    0.00    6.00    14  talker
10:25:56 AM  1000     18552    3.00    3.00    0.00    0.00    6.00    14  talker
10:25:56 AM  1000     18554    4.00    2.00    0.00    0.00    6.00     8  talker
10:25:56 AM  1000     18556    4.00    2.00    0.00    0.00    6.00    10  talker
10:25:56 AM  1000     18558    4.00    3.00    0.00    0.00    7.00    13  talker

10:25:56 AM   UID       PID    %usr %system  %guest   %wait    %CPU   CPU  Command
10:25:57 AM  1000     18544    4.00    2.00    0.00    0.00    6.00    11  talker
10:25:57 AM  1000     18546    4.00    2.00    0.00    0.00    6.00     1  talker
10:25:57 AM  1000     18548    3.00    3.00    0.00    0.00    6.00    13  talker
10:25:57 AM  1000     18550    3.00    3.00    0.00    0.00    6.00    17  talker
10:25:57 AM  1000     18552    5.00    2.00    0.00    0.00    7.00    10  talker
10:25:57 AM  1000     18554    4.00    3.00    0.00    0.00    7.00     6  talker
10:25:57 AM  1000     18556    2.00    3.00    0.00    0.00    5.00     8  talker
10:25:57 AM  1000     18558    4.00    2.00    0.00    0.00    6.00    10  talker

10:25:57 AM   UID       PID    %usr %system  %guest   %wait    %CPU   CPU  Command
10:25:58 AM  1000     18544    3.00    2.00    0.00    0.00    5.00    14  talker
10:25:58 AM  1000     18546    3.00    2.00    0.00    0.00    5.00     2  talker
10:25:58 AM  1000     18548    4.00    3.00    0.00    0.00    7.00     2  talker
10:25:58 AM  1000     18550    5.00    2.00    0.00    0.00    7.00    17  talker
10:25:58 AM  1000     18552    3.00    2.00    0.00    0.00    5.00    15  talker
10:25:58 AM  1000     18554    3.00    2.00    0.00    0.00    5.00     4  talker
10:25:58 AM  1000     18556    1.00    4.00    0.00    0.00    5.00    16  talker
10:25:58 AM  1000     18558    4.00    3.00    0.00    0.00    7.00     0  talker

10:25:58 AM   UID       PID    %usr %system  %guest   %wait    %CPU   CPU  Command
10:25:59 AM  1000     18544    3.00    2.00    0.00    0.00    5.00    12  talker
10:25:59 AM  1000     18546    4.00    2.00    0.00    0.00    6.00    11  talker
10:25:59 AM  1000     18548    3.00    2.00    0.00    0.00    5.00    14  talker
10:25:59 AM  1000     18550    3.00    3.00    0.00    0.00    6.00    14  talker
10:25:59 AM  1000     18552    4.00    3.00    0.00    0.00    7.00     0  talker
10:25:59 AM  1000     18554    4.00    2.00    0.00    0.00    6.00     6  talker
10:25:59 AM  1000     18556    3.00    3.00    0.00    0.00    6.00     0  talker
10:25:59 AM  1000     18558    4.00    2.00    0.00    0.00    6.00     6  talker

10:25:59 AM   UID       PID    %usr %system  %guest   %wait    %CPU   CPU  Command
10:26:00 AM  1000     18544    4.00    3.00    0.00    0.00    7.00    12  talker
10:26:00 AM  1000     18546    4.00    2.00    0.00    0.00    6.00    14  talker
10:26:00 AM  1000     18548    4.00    3.00    0.00    0.00    7.00     4  talker
10:26:00 AM  1000     18550    4.00    3.00    0.00    0.00    7.00    10  talker
10:26:00 AM  1000     18552    4.00    2.00    0.00    0.00    6.00     3  talker
10:26:00 AM  1000     18554    4.00    2.00    0.00    0.00    6.00    10  talker
10:26:00 AM  1000     18556    0.00    6.00    0.00    0.00    6.00    13  talker
10:26:00 AM  1000     18558    4.00    2.00    0.00    0.00    6.00    17  talker

10:26:00 AM   UID       PID    %usr %system  %guest   %wait    %CPU   CPU  Command
10:26:01 AM  1000     18544    3.00    2.00    0.00    0.00    5.00     4  talker
10:26:01 AM  1000     18546    4.00    2.00    0.00    0.00    6.00     8  talker
10:26:01 AM  1000     18548    4.00    3.00    0.00    0.00    7.00     5  talker
10:26:01 AM  1000     18550    4.00    2.00    0.00    0.00    6.00    13  talker
10:26:01 AM  1000     18552    4.00    3.00    0.00    0.00    7.00     4  talker
10:26:01 AM  1000     18554    4.00    2.00    0.00    0.00    6.00     9  talker
10:26:01 AM  1000     18556    0.00    5.00    0.00    0.00    5.00     8  talker
10:26:01 AM  1000     18558    4.00    3.00    0.00    0.00    7.00     3  talker

10:26:01 AM   UID       PID    %usr %system  %guest   %wait    %CPU   CPU  Command
10:26:02 AM  1000     18544    3.00    2.00    0.00    0.00    5.00    12  talker
10:26:02 AM  1000     18546    4.00    2.00    0.00    0.00    6.00    10  talker
10:26:02 AM  1000     18548    3.00    2.00    0.00    0.00    5.00     3  talker
10:26:02 AM  1000     18550    4.00    3.00    0.00    0.00    7.00    16  talker
10:26:02 AM  1000     18552    3.00    2.00    0.00    0.00    5.00    12  talker
10:26:02 AM  1000     18554    3.00    3.00    0.00    0.00    6.00     9  talker
10:26:02 AM  1000     18556    3.00    2.00    0.00    0.00    5.00     5  talker
10:26:02 AM  1000     18558    4.00    2.00    0.00    0.00    6.00    10  talker

10:26:02 AM   UID       PID    %usr %system  %guest   %wait    %CPU   CPU  Command
10:26:03 AM  1000     18544    4.00    3.00    0.00    0.00    7.00    10  talker
10:26:03 AM  1000     18546    4.00    2.00    0.00    0.00    6.00     7  talker
10:26:03 AM  1000     18548    4.00    2.00    0.00    0.00    6.00     6  talker
10:26:03 AM  1000     18550    4.00    2.00    0.00    0.00    6.00    14  talker
10:26:03 AM  1000     18552    4.00    3.00    0.00    0.00    7.00     4  talker
10:26:03 AM  1000     18554    4.00    2.00    0.00    0.00    6.00     2  talker
10:26:03 AM  1000     18556    4.00    3.00    0.00    0.00    7.00     7  talker
10:26:03 AM  1000     18558    4.00    2.00    0.00    0.00    6.00    18  talker

10:26:03 AM   UID       PID    %usr %system  %guest   %wait    %CPU   CPU  Command
10:26:04 AM  1000     18544    2.00    2.00    0.00    0.00    4.00    16  talker
10:26:04 AM  1000     18546    4.00    2.00    0.00    0.00    6.00     1  talker
10:26:04 AM  1000     18548    3.00    3.00    0.00    0.00    6.00    16  talker
10:26:04 AM  1000     18550    4.00    3.00    0.00    0.00    7.00    17  talker
10:26:04 AM  1000     18552    3.00    3.00    0.00    0.00    6.00     3  talker
10:26:04 AM  1000     18554    3.00    2.00    0.00    0.00    5.00     5  talker
10:26:04 AM  1000     18556    1.00    4.00    0.00    0.00    5.00    18  talker
10:26:04 AM  1000     18558    4.00    2.00    0.00    0.00    6.00     2  talker

10:26:04 AM   UID       PID    %usr %system  %guest   %wait    %CPU   CPU  Command
10:26:05 AM  1000     18544    4.00    3.00    0.00    0.00    7.00    12  talker
10:26:05 AM  1000     18546    3.00    2.00    0.00    0.00    5.00     9  talker
10:26:05 AM  1000     18548    4.00    3.00    0.00    0.00    7.00    16  talker
10:26:05 AM  1000     18550    4.00    3.00    0.00    0.00    7.00    15  talker
10:26:05 AM  1000     18552    4.00    2.00    0.00    0.00    6.00    18  talker
10:26:05 AM  1000     18554    4.00    3.00    0.00    0.00    7.00    11  talker
10:26:05 AM  1000     18556    1.00    4.00    0.00    0.00    5.00     6  talker
10:26:05 AM  1000     18558    3.00    4.00    0.00    0.00    7.00     5  talker

10:26:05 AM   UID       PID    %usr %system  %guest   %wait    %CPU   CPU  Command
10:26:06 AM  1000     18544    3.00    2.00    0.00    0.00    5.00    16  talker
10:26:06 AM  1000     18546    4.00    2.00    0.00    0.00    6.00     4  talker
10:26:06 AM  1000     18548    4.00    2.00    0.00    0.00    6.00    12  talker
10:26:06 AM  1000     18550    4.00    2.00    0.00    1.00    6.00    13  talker
10:26:06 AM  1000     18552    3.00    4.00    0.00    0.00    7.00    16  talker
10:26:06 AM  1000     18554    3.00    2.00    0.00    0.00    5.00    10  talker
10:26:06 AM  1000     18556    0.00    6.00    0.00    0.00    6.00     3  talker
10:26:06 AM  1000     18558    3.00    2.00    0.00    0.00    5.00    12  talker

10:26:06 AM   UID       PID    %usr %system  %guest   %wait    %CPU   CPU  Command
10:26:07 AM  1000     18544    3.00    3.00    0.00    0.00    6.00    10  talker
10:26:07 AM  1000     18546    4.00    3.00    0.00    0.00    7.00    10  talker
10:26:07 AM  1000     18548    4.00    3.00    0.00    0.00    7.00    15  talker
10:26:07 AM  1000     18550    3.00    3.00    0.00    0.00    6.00    10  talker
10:26:07 AM  1000     18552    3.00    2.00    0.00    0.00    5.00    14  talker
10:26:07 AM  1000     18554    4.00    2.00    0.00    0.00    6.00    13  talker
10:26:07 AM  1000     18556    3.00    2.00    0.00    0.00    5.00    10  talker
10:26:07 AM  1000     18558    4.00    3.00    0.00    0.00    7.00    10  talker

10:26:07 AM   UID       PID    %usr %system  %guest   %wait    %CPU   CPU  Command
10:26:08 AM  1000     18544    4.00    2.00    0.00    0.00    6.00     5  talker
10:26:08 AM  1000     18546    4.00    1.00    0.00    0.00    5.00     3  talker
10:26:08 AM  1000     18548    4.00    2.00    0.00    0.00    6.00    12  talker
10:26:08 AM  1000     18550    5.00    2.00    0.00    0.00    7.00    18  talker
10:26:08 AM  1000     18552    4.00    2.00    0.00    0.00    6.00    10  talker
10:26:08 AM  1000     18554    4.00    3.00    0.00    0.00    7.00     5  talker
10:26:08 AM  1000     18556    2.00    5.00    0.00    0.00    7.00     4  talker
10:26:08 AM  1000     18558    4.00    2.00    0.00    0.00    6.00    13  talker

10:26:08 AM   UID       PID    %usr %system  %guest   %wait    %CPU   CPU  Command
10:26:09 AM  1000     18544    3.00    2.00    0.00    0.00    5.00    14  talker
10:26:09 AM  1000     18546    4.00    2.00    0.00    0.00    6.00     5  talker
10:26:09 AM  1000     18548    3.00    2.00    0.00    0.00    5.00    13  talker
10:26:09 AM  1000     18550    3.00    3.00    0.00    0.00    6.00    15  talker
10:26:09 AM  1000     18552    4.00    3.00    0.00    0.00    7.00     9  talker
10:26:09 AM  1000     18554    4.00    2.00    0.00    0.00    6.00     6  talker
10:26:09 AM  1000     18556    4.00    1.00    0.00    0.00    5.00     2  talker
10:26:09 AM  1000     18558    4.00    3.00    0.00    0.00    7.00     7  talker

10:26:09 AM   UID       PID    %usr %system  %guest   %wait    %CPU   CPU  Command
10:26:10 AM  1000     18544    4.00    2.00    0.00    0.00    6.00    13  talker
10:26:10 AM  1000     18546    4.00    3.00    0.00    0.00    7.00     1  talker
10:26:10 AM  1000     18548    4.00    3.00    0.00    0.00    7.00     2  talker
10:26:10 AM  1000     18550    4.00    3.00    0.00    0.00    7.00    16  talker
10:26:10 AM  1000     18552    4.00    2.00    0.00    0.00    6.00     9  talker
10:26:10 AM  1000     18554    3.00    2.00    0.00    0.00    5.00     6  talker
10:26:10 AM  1000     18556    2.00    3.00    0.00    0.00    5.00    10  talker
10:26:10 AM  1000     18558    3.00    3.00    0.00    0.00    6.00     3  talker

10:26:10 AM   UID       PID    %usr %system  %guest   %wait    %CPU   CPU  Command
10:26:11 AM  1000     18544    3.00    2.00    0.00    0.00    5.00     9  talker
10:26:11 AM  1000     18546    4.00    2.00    0.00    0.00    6.00    11  talker
10:26:11 AM  1000     18548    3.00    2.00    0.00    0.00    5.00    11  talker
10:26:11 AM  1000     18550    4.00    3.00    0.00    0.00    7.00    11  talker
10:26:11 AM  1000     18552    3.00    3.00    0.00    0.00    6.00    10  talker
10:26:11 AM  1000     18554    4.00    3.00    0.00    0.00    7.00    12  talker
10:26:11 AM  1000     18556    1.00    4.00    0.00    0.00    5.00    15  talker
10:26:11 AM  1000     18558    4.00    2.00    0.00    0.00    6.00     1  talker

10:26:11 AM   UID       PID    %usr %system  %guest   %wait    %CPU   CPU  Command
10:26:12 AM  1000     18544    4.00    2.00    0.00    0.00    6.00     3  talker
10:26:12 AM  1000     18546    4.00    2.00    0.00    0.00    6.00    12  talker
10:26:12 AM  1000     18548    4.00    3.00    0.00    0.00    7.00     6  talker
10:26:12 AM  1000     18550    4.00    2.00    0.00    0.00    6.00    12  talker
10:26:12 AM  1000     18552    4.00    2.00    0.00    0.00    6.00    17  talker
10:26:12 AM  1000     18554    3.00    2.00    0.00    0.00    5.00     5  talker
10:26:12 AM  1000     18556    0.00    6.00    0.00    0.00    6.00     6  talker
10:26:12 AM  1000     18558    4.00    3.00    0.00    0.00    7.00    14  talker

10:26:12 AM   UID       PID    %usr %system  %guest   %wait    %CPU   CPU  Command
10:26:13 AM  1000     18544    3.00    3.00    0.00    0.00    6.00     5  talker
10:26:13 AM  1000     18546    4.00    2.00    0.00    0.00    6.00    10  talker
10:26:13 AM  1000     18548    4.00    2.00    0.00    0.00    6.00     1  talker
10:26:13 AM  1000     18550    4.00    3.00    0.00    0.00    7.00    11  talker
10:26:13 AM  1000     18552    4.00    3.00    0.00    1.00    7.00    16  talker
10:26:13 AM  1000     18554    4.00    3.00    0.00    0.00    7.00    11  talker
10:26:13 AM  1000     18556    1.00    5.00    0.00    0.00    6.00    10  talker
10:26:13 AM  1000     18558    4.00    2.00    0.00    0.00    6.00    15  talker

10:26:13 AM   UID       PID    %usr %system  %guest   %wait    %CPU   CPU  Command
10:26:14 AM  1000     18544    4.00    2.00    0.00    0.00    6.00     5  talker
10:26:14 AM  1000     18546    3.00    2.00    0.00    0.00    5.00     7  talker
10:26:14 AM  1000     18548    3.00    3.00    0.00    0.00    6.00     1  talker
10:26:14 AM  1000     18550    3.00    2.00    0.00    0.00    5.00    15  talker
10:26:14 AM  1000     18552    3.00    2.00    0.00    0.00    5.00    16  talker
10:26:14 AM  1000     18554    4.00    2.00    0.00    0.00    6.00     2  talker
10:26:14 AM  1000     18556    4.00    1.00    0.00    0.00    5.00    12  talker
10:26:14 AM  1000     18558    3.00    3.00    0.00    0.00    6.00     9  talker

10:26:14 AM   UID       PID    %usr %system  %guest   %wait    %CPU   CPU  Command
10:26:15 AM  1000     18544    3.00    3.00    0.00    0.00    6.00     8  talker
10:26:15 AM  1000     18546    4.00    2.00    0.00    0.00    6.00     6  talker
10:26:15 AM  1000     18548    4.00    3.00    0.00    0.00    7.00    15  talker
10:26:15 AM  1000     18550    4.00    3.00    0.00    0.00    7.00    14  talker
10:26:15 AM  1000     18552    4.00    2.00    0.00    0.00    6.00    12  talker
10:26:15 AM  1000     18554    4.00    2.00    0.00    0.00    6.00    13  talker
10:26:15 AM  1000     18556    4.00    1.00    0.00    0.00    5.00     7  talker
10:26:15 AM  1000     18558    4.00    2.00    0.00    0.00    6.00    18  talker

10:26:15 AM   UID       PID    %usr %system  %guest   %wait    %CPU   CPU  Command
10:26:16 AM  1000     18544    3.00    2.00    0.00    0.00    5.00     2  talker
10:26:16 AM  1000     18546    4.00    2.00    0.00    0.00    6.00    12  talker
10:26:16 AM  1000     18548    4.00    2.00    0.00    0.00    6.00     0  talker
10:26:16 AM  1000     18550    4.00    3.00    0.00    0.00    7.00    19  talker
10:26:16 AM  1000     18552    4.00    3.00    0.00    0.00    7.00     3  talker
10:26:16 AM  1000     18554    3.00    2.00    0.00    0.00    5.00     5  talker
10:26:16 AM  1000     18556    3.00    3.00    0.00    0.00    6.00     7  talker
10:26:16 AM  1000     18558    4.00    3.00    0.00    0.00    7.00     4  talker

10:26:16 AM   UID       PID    %usr %system  %guest   %wait    %CPU   CPU  Command
10:26:17 AM  1000     18544    4.00    2.00    0.00    0.00    6.00    19  talker
10:26:17 AM  1000     18546    4.00    2.00    0.00    0.00    6.00     3  talker
10:26:17 AM  1000     18548    4.00    3.00    0.00    0.00    7.00    15  talker
10:26:17 AM  1000     18550    4.00    3.00    0.00    0.00    7.00     5  talker
10:26:17 AM  1000     18552    4.00    2.00    0.00    0.00    6.00     3  talker
10:26:17 AM  1000     18554    4.00    3.00    0.00    0.00    7.00    15  talker
10:26:17 AM  1000     18556    2.00    4.00    0.00    0.00    6.00    10  talker
10:26:17 AM  1000     18558    4.00    2.00    0.00    0.00    6.00    14  talker

10:26:17 AM   UID       PID    %usr %system  %guest   %wait    %CPU   CPU  Command
10:26:18 AM  1000     18544    3.00    2.00    0.00    0.00    5.00     9  talker
10:26:18 AM  1000     18546    4.00    2.00    0.00    0.00    6.00     2  talker
10:26:18 AM  1000     18548    3.00    2.00    0.00    0.00    5.00     2  talker
10:26:18 AM  1000     18550    4.00    2.00    0.00    0.00    6.00     4  talker
10:26:18 AM  1000     18552    4.00    3.00    0.00    0.00    7.00    11  talker
10:26:18 AM  1000     18554    4.00    2.00    0.00    0.00    6.00     7  talker
10:26:18 AM  1000     18556    2.00    3.00    0.00    0.00    5.00     8  talker
10:26:18 AM  1000     18558    4.00    3.00    0.00    0.00    7.00     2  talker

10:26:18 AM   UID       PID    %usr %system  %guest   %wait    %CPU   CPU  Command
10:26:19 AM  1000     18544    3.00    3.00    0.00    0.00    6.00     8  talker
10:26:19 AM  1000     18546    3.00    2.00    0.00    0.00    5.00    11  talker
10:26:19 AM  1000     18548    4.00    2.00    0.00    0.00    6.00    17  talker
10:26:19 AM  1000     18550    3.00    3.00    0.00    0.00    6.00    16  talker
10:26:19 AM  1000     18552    3.00    3.00    0.00    0.00    6.00     2  talker
10:26:19 AM  1000     18554    3.00    3.00    0.00    0.00    6.00    10  talker
10:26:19 AM  1000     18556    6.00    0.00    0.00    0.00    6.00     4  talker
10:26:19 AM  1000     18558    4.00    2.00    0.00    0.00    6.00     9  talker

10:26:19 AM   UID       PID    %usr %system  %guest   %wait    %CPU   CPU  Command
10:26:20 AM  1000     18544    4.00    2.00    0.00    0.00    6.00    13  talker
10:26:20 AM  1000     18546    4.00    3.00    0.00    0.00    7.00    15  talker
10:26:20 AM  1000     18548    3.00    3.00    0.00    0.00    6.00    10  talker
10:26:20 AM  1000     18550    4.00    3.00    0.00    0.00    7.00     5  talker
10:26:20 AM  1000     18552    4.00    2.00    0.00    0.00    6.00    17  talker
10:26:20 AM  1000     18554    4.00    2.00    0.00    0.00    6.00    12  talker
10:26:20 AM  1000     18556    5.00    0.00    0.00    0.00    5.00     5  talker
10:26:20 AM  1000     18558    4.00    2.00    0.00    0.00    6.00    17  talker

10:26:20 AM   UID       PID    %usr %system  %guest   %wait    %CPU   CPU  Command
10:26:21 AM  1000     18544    3.00    2.00    0.00    0.00    5.00    11  talker
10:26:21 AM  1000     18546    4.00    1.00    0.00    0.00    5.00     5  talker
10:26:21 AM  1000     18548    4.00    3.00    0.00    0.00    7.00    16  talker
10:26:21 AM  1000     18550    4.00    2.00    0.00    0.00    6.00    14  talker
10:26:21 AM  1000     18552    4.00    2.00    0.00    0.00    6.00     3  talker
10:26:21 AM  1000     18554    4.00    2.00    0.00    0.00    6.00     3  talker
10:26:21 AM  1000     18556    5.00    1.00    0.00    0.00    6.00    16  talker
10:26:21 AM  1000     18558    4.00    2.00    0.00    0.00    6.00    10  talker

Average:      UID       PID    %usr %system  %guest   %wait    %CPU   CPU  Command
Average:     1000     18544    3.40    2.30    0.00    0.00    5.70     -  talker
Average:     1000     18546    3.88    2.07    0.00    0.02    5.95     -  talker
Average:     1000     18548    3.70    2.50    0.00    0.02    6.20     -  talker
Average:     1000     18550    3.85    2.55    0.00    0.02    6.40     -  talker
Average:     1000     18552    3.73    2.45    0.00    0.03    6.18     -  talker
Average:     1000     18554    3.73    2.27    0.00    0.00    6.00     -  talker
Average:     1000     18556    1.88    3.65    0.00    0.00    5.53     -  talker
Average:     1000     18558    3.87    2.42    0.00    0.02    6.28     -  talker
