Linux 6.5.0-44-generic (npc2408016) 	06/17/2025 	_x86_64_	(22 CPU)

10:03:29 AM   UID       PID    %usr %system  %guest   %wait    %CPU   CPU  Command
10:03:30 AM  1000     14329    4.00    9.00    0.00    0.00   13.00    10  listener
10:03:30 AM  1000     14331   14.00    0.00    0.00    0.00   14.00    18  listener
10:03:30 AM  1000     14333    5.00    8.00    0.00    0.00   13.00    12  listener
10:03:30 AM  1000     14335    3.00   11.00    0.00    0.00   14.00     1  listener
10:03:30 AM  1000     14337    0.00    0.00    0.00    0.00    0.00    17  listener

10:03:30 AM   UID       PID    %usr %system  %guest   %wait    %CPU   CPU  Command
10:03:31 AM  1000     14329    3.00   10.00    0.00    0.00   13.00    10  listener
10:03:31 AM  1000     14331   14.00    0.00    0.00    0.00   14.00    18  listener
10:03:31 AM  1000     14333    6.00    9.00    0.00    0.00   15.00     1  listener
10:03:31 AM  1000     14335    4.00   10.00    0.00    0.00   14.00     6  listener
10:03:31 AM  1000     14337    0.00    0.00    0.00    0.00    0.00    17  listener

10:03:31 AM   UID       PID    %usr %system  %guest   %wait    %CPU   CPU  Command
10:03:32 AM  1000     14329    3.00   11.00    0.00    0.00   14.00     5  listener
10:03:32 AM  1000     14331   12.00    2.00    0.00    0.00   14.00    18  listener
10:03:32 AM  1000     14333    5.00    9.00    0.00    0.00   14.00    12  listener
10:03:32 AM  1000     14335    3.00   10.00    0.00    0.00   13.00     4  listener
10:03:32 AM  1000     14337    0.00    0.00    0.00    0.00    0.00    17  listener

10:03:32 AM   UID       PID    %usr %system  %guest   %wait    %CPU   CPU  Command
10:03:33 AM  1000     14329    4.00   10.00    0.00    0.00   14.00     5  listener
10:03:33 AM  1000     14331   12.00    3.00    0.00    0.00   15.00    18  listener
10:03:33 AM  1000     14333    5.00    9.00    0.00    0.00   14.00     1  listener
10:03:33 AM  1000     14335    4.00   10.00    0.00    0.00   14.00     5  listener
10:03:33 AM  1000     14337    0.00    0.00    0.00    0.00    0.00    17  listener

10:03:33 AM   UID       PID    %usr %system  %guest   %wait    %CPU   CPU  Command
10:03:34 AM  1000     14329    3.00   10.00    0.00    0.00   13.00    13  listener
10:03:34 AM  1000     14331   13.00    1.00    0.00    0.00   14.00    18  listener
10:03:34 AM  1000     14333    6.00    7.00    0.00    0.00   13.00    12  listener
10:03:34 AM  1000     14335    3.00   10.00    0.00    0.00   13.00     8  listener
10:03:34 AM  1000     14337    0.00    0.00    0.00    0.00    0.00    17  listener

10:03:34 AM   UID       PID    %usr %system  %guest   %wait    %CPU   CPU  Command
10:03:35 AM  1000     14329    4.00   10.00    0.00    0.00   14.00    13  listener
10:03:35 AM  1000     14331    6.00    8.00    0.00    0.00   14.00    19  listener
10:03:35 AM  1000     14333    4.00   10.00    0.00    0.00   14.00    18  listener
10:03:35 AM  1000     14335    4.00   11.00    0.00    0.00   15.00     5  listener
10:03:35 AM  1000     14337    0.00    0.00    0.00    0.00    0.00    17  listener

10:03:35 AM   UID       PID    %usr %system  %guest   %wait    %CPU   CPU  Command
10:03:36 AM  1000     14329    3.00   10.00    0.00    0.00   13.00    13  listener
10:03:36 AM  1000     14331   12.00    3.00    0.00    0.00   15.00    19  listener
10:03:36 AM  1000     14333    7.00    7.00    0.00    0.00   14.00     0  listener
10:03:36 AM  1000     14335    3.00   10.00    0.00    0.00   13.00     8  listener
10:03:36 AM  1000     14337    0.00    0.00    0.00    0.00    0.00    17  listener

10:03:36 AM   UID       PID    %usr %system  %guest   %wait    %CPU   CPU  Command
10:03:37 AM  1000     14329    4.00   10.00    0.00    0.00   14.00    13  listener
10:03:37 AM  1000     14331   14.00    0.00    0.00    0.00   14.00    19  listener
10:03:37 AM  1000     14333    7.00    8.00    0.00    0.00   15.00     3  listener
10:03:37 AM  1000     14335    4.00   10.00    0.00    0.00   14.00     3  listener
10:03:37 AM  1000     14337    0.00    0.00    0.00    0.00    0.00    17  listener

10:03:37 AM   UID       PID    %usr %system  %guest   %wait    %CPU   CPU  Command
10:03:38 AM  1000     14329    3.00   11.00    0.00    0.00   14.00    13  listener
10:03:38 AM  1000     14331   12.00    2.00    0.00    0.00   14.00    19  listener
10:03:38 AM  1000     14333    4.00    9.00    0.00    0.00   13.00     3  listener
10:03:38 AM  1000     14335    3.00   10.00    0.00    0.00   13.00     3  listener
10:03:38 AM  1000     14337    0.00    0.00    0.00    0.00    0.00    17  listener

10:03:38 AM   UID       PID    %usr %system  %guest   %wait    %CPU   CPU  Command
10:03:39 AM  1000     14329    4.00   10.00    0.00    0.00   14.00    13  listener
10:03:39 AM  1000     14331    5.00    8.00    0.00    0.00   13.00     2  listener
10:03:39 AM  1000     14333    5.00    9.00    0.00    0.00   14.00    13  listener
10:03:39 AM  1000     14335    4.00   10.00    0.00    0.00   14.00     8  listener
10:03:39 AM  1000     14337    0.00    0.00    0.00    0.00    0.00    17  listener

10:03:39 AM   UID       PID    %usr %system  %guest   %wait    %CPU   CPU  Command
10:03:40 AM  1000     14329    4.00   11.00    0.00    0.00   15.00    14  listener
10:03:40 AM  1000     14331   14.00    2.00    0.00    0.00   16.00     2  listener
10:03:40 AM  1000     14333    5.00   10.00    0.00    0.00   15.00    13  listener
10:03:40 AM  1000     14335    3.00   10.00    0.00    0.00   13.00    10  listener
10:03:40 AM  1000     14337    0.00    0.00    0.00    0.00    0.00    17  listener

10:03:40 AM   UID       PID    %usr %system  %guest   %wait    %CPU   CPU  Command
10:03:41 AM  1000     14329    3.00   10.00    0.00    0.00   13.00    14  listener
10:03:41 AM  1000     14331   11.00    2.00    0.00    0.00   13.00     5  listener
10:03:41 AM  1000     14333    5.00    9.00    0.00    0.00   14.00     0  listener
10:03:41 AM  1000     14335    4.00    9.00    0.00    0.00   13.00    10  listener
10:03:41 AM  1000     14337    0.00    0.00    0.00    0.00    0.00    17  listener

10:03:41 AM   UID       PID    %usr %system  %guest   %wait    %CPU   CPU  Command
10:03:42 AM  1000     14329    4.00   11.00    0.00    0.00   15.00    14  listener
10:03:42 AM  1000     14331   12.00    2.00    0.00    0.00   14.00    15  listener
10:03:42 AM  1000     14333    6.00    8.00    0.00    0.00   14.00     0  listener
10:03:42 AM  1000     14335    3.00   10.00    0.00    0.00   13.00     8  listener
10:03:42 AM  1000     14337    0.00    0.00    0.00    0.00    0.00    17  listener

10:03:42 AM   UID       PID    %usr %system  %guest   %wait    %CPU   CPU  Command
10:03:43 AM  1000     14329    3.00   11.00    0.00    0.00   14.00    14  listener
10:03:43 AM  1000     14331    6.00    8.00    0.00    0.00   14.00     5  listener
10:03:43 AM  1000     14333    5.00   10.00    0.00    0.00   15.00    13  listener
10:03:43 AM  1000     14335    4.00   11.00    0.00    0.00   15.00     8  listener
10:03:43 AM  1000     14337    0.00    0.00    0.00    0.00    0.00    17  listener

10:03:43 AM   UID       PID    %usr %system  %guest   %wait    %CPU   CPU  Command
10:03:44 AM  1000     14329    4.00   10.00    0.00    0.00   14.00    13  listener
10:03:44 AM  1000     14331   14.00    0.00    0.00    0.00   14.00     5  listener
10:03:44 AM  1000     14333    4.00   10.00    0.00    0.00   14.00     3  listener
10:03:44 AM  1000     14335    4.00   10.00    0.00    0.00   14.00     8  listener
10:03:44 AM  1000     14337    0.00    0.00    0.00    0.00    0.00    18  listener

10:03:44 AM   UID       PID    %usr %system  %guest   %wait    %CPU   CPU  Command
10:03:45 AM  1000     14329    4.00   11.00    0.00    0.00   15.00    13  listener
10:03:45 AM  1000     14331    6.00    8.00    0.00    0.00   14.00    19  listener
10:03:45 AM  1000     14333    5.00   10.00    0.00    0.00   15.00     0  listener
10:03:45 AM  1000     14335    3.00   10.00    0.00    0.00   13.00     8  listener
10:03:45 AM  1000     14337    0.00    0.00    0.00    0.00    0.00    18  listener

10:03:45 AM   UID       PID    %usr %system  %guest   %wait    %CPU   CPU  Command
10:03:46 AM  1000     14329    3.00   11.00    0.00    0.00   14.00    16  listener
10:03:46 AM  1000     14331   13.00    1.00    0.00    0.00   14.00     1  listener
10:03:46 AM  1000     14333    6.00    8.00    0.00    0.00   14.00     0  listener
10:03:46 AM  1000     14335    4.00   11.00    0.00    0.00   15.00     8  listener
10:03:46 AM  1000     14337    0.00    0.00    0.00    0.00    0.00    18  listener

10:03:46 AM   UID       PID    %usr %system  %guest   %wait    %CPU   CPU  Command
10:03:47 AM  1000     14329    4.00   11.00    0.00    0.00   15.00     9  listener
10:03:47 AM  1000     14331   11.00    3.00    0.00    0.00   14.00    14  listener
10:03:47 AM  1000     14333    5.00    9.00    0.00    0.00   14.00     3  listener
10:03:47 AM  1000     14335    4.00    9.00    0.00    0.00   13.00     8  listener
10:03:47 AM  1000     14337    0.00    0.00    0.00    0.00    0.00    18  listener

10:03:47 AM   UID       PID    %usr %system  %guest   %wait    %CPU   CPU  Command
10:03:48 AM  1000     14329    4.00   10.00    0.00    0.00   14.00     9  listener
10:03:48 AM  1000     14331   10.00    5.00    0.00    0.00   15.00    15  listener
10:03:48 AM  1000     14333    6.00    9.00    0.00    0.00   15.00     0  listener
10:03:48 AM  1000     14335    3.00   11.00    0.00    0.00   14.00     8  listener
10:03:48 AM  1000     14337    0.00    0.00    0.00    0.00    0.00    18  listener

10:03:48 AM   UID       PID    %usr %system  %guest   %wait    %CPU   CPU  Command
10:03:49 AM  1000     14329    3.00   11.00    0.00    0.00   14.00     9  listener
10:03:49 AM  1000     14331   13.00    1.00    0.00    0.00   14.00     0  listener
10:03:49 AM  1000     14333    5.00    9.00    0.00    0.00   14.00     0  listener
10:03:49 AM  1000     14335    4.00   10.00    0.00    0.00   14.00    17  listener
10:03:49 AM  1000     14337    0.00    0.00    0.00    0.00    0.00    18  listener

10:03:49 AM   UID       PID    %usr %system  %guest   %wait    %CPU   CPU  Command
10:03:50 AM  1000     14329    4.00   10.00    0.00    0.00   14.00     9  listener
10:03:50 AM  1000     14331   14.00    0.00    0.00    0.00   14.00     3  listener
10:03:50 AM  1000     14333    6.00    8.00    0.00    0.00   14.00     0  listener
10:03:50 AM  1000     14335    3.00   10.00    0.00    0.00   13.00    17  listener
10:03:50 AM  1000     14337    0.00    0.00    0.00    0.00    0.00    18  listener

10:03:50 AM   UID       PID    %usr %system  %guest   %wait    %CPU   CPU  Command
10:03:51 AM  1000     14329    4.00   11.00    0.00    0.00   15.00     9  listener
10:03:51 AM  1000     14331    7.00    7.00    0.00    0.00   14.00     3  listener
10:03:51 AM  1000     14333    7.00    8.00    0.00    0.00   15.00     0  listener
10:03:51 AM  1000     14335    4.00   10.00    0.00    0.00   14.00     0  listener
10:03:51 AM  1000     14337    0.00    0.00    0.00    0.00    0.00    18  listener

10:03:51 AM   UID       PID    %usr %system  %guest   %wait    %CPU   CPU  Command
10:03:52 AM  1000     14329    4.00   10.00    0.00    0.00   14.00     9  listener
10:03:52 AM  1000     14331   13.00    1.00    0.00    0.00   14.00    14  listener
10:03:52 AM  1000     14333    7.00    7.00    0.00    0.00   14.00     0  listener
10:03:52 AM  1000     14335    4.00   10.00    0.00    0.00   14.00    12  listener
10:03:52 AM  1000     14337    0.00    0.00    0.00    0.00    0.00    18  listener

10:03:52 AM   UID       PID    %usr %system  %guest   %wait    %CPU   CPU  Command
10:03:53 AM  1000     14329    3.00   11.00    0.00    0.00   14.00     9  listener
10:03:53 AM  1000     14331   14.00    0.00    0.00    0.00   14.00    17  listener
10:03:53 AM  1000     14333    8.00    6.00    0.00    0.00   14.00     8  listener
10:03:53 AM  1000     14335    3.00   11.00    0.00    0.00   14.00     0  listener
10:03:53 AM  1000     14337    0.00    0.00    0.00    0.00    0.00    18  listener

10:03:53 AM   UID       PID    %usr %system  %guest   %wait    %CPU   CPU  Command
10:03:54 AM  1000     14329    4.00    9.00    0.00    0.00   13.00     9  listener
10:03:54 AM  1000     14331   11.00    2.00    0.00    0.00   13.00     2  listener
10:03:54 AM  1000     14333    6.00    8.00    0.00    0.00   14.00     8  listener
10:03:54 AM  1000     14335    4.00   10.00    0.00    0.00   14.00    12  listener
10:03:54 AM  1000     14337    0.00    0.00    0.00    0.00    0.00    18  listener

10:03:54 AM   UID       PID    %usr %system  %guest   %wait    %CPU   CPU  Command
10:03:55 AM  1000     14329    3.00   11.00    0.00    0.00   14.00     9  listener
10:03:55 AM  1000     14331    2.00   13.00    0.00    0.00   15.00     2  listener
10:03:55 AM  1000     14333    4.00   10.00    0.00    0.00   14.00     8  listener
10:03:55 AM  1000     14335    4.00   10.00    0.00    0.00   14.00     0  listener
10:03:55 AM  1000     14337    0.00    0.00    0.00    0.00    0.00    18  listener

10:03:55 AM   UID       PID    %usr %system  %guest   %wait    %CPU   CPU  Command
10:03:56 AM  1000     14329    4.00   10.00    0.00    0.00   14.00    15  listener
10:03:56 AM  1000     14331   12.00    2.00    0.00    0.00   14.00     5  listener
10:03:56 AM  1000     14333    6.00    8.00    0.00    0.00   14.00     8  listener
10:03:56 AM  1000     14335    3.00   11.00    0.00    0.00   14.00     0  listener
10:03:56 AM  1000     14337    0.00    0.00    0.00    0.00    0.00    18  listener

10:03:56 AM   UID       PID    %usr %system  %guest   %wait    %CPU   CPU  Command
10:03:57 AM  1000     14329    4.00   10.00    0.00    0.00   14.00    17  listener
10:03:57 AM  1000     14331   14.00    2.00    0.00    0.00   16.00     6  listener
10:03:57 AM  1000     14333    6.00    9.00    0.00    0.00   15.00    18  listener
10:03:57 AM  1000     14335    4.00   10.00    0.00    0.00   14.00     0  listener
10:03:57 AM  1000     14337    0.00    0.00    0.00    0.00    0.00    18  listener

10:03:57 AM   UID       PID    %usr %system  %guest   %wait    %CPU   CPU  Command
10:03:58 AM  1000     14329    4.00   11.00    0.00    0.00   15.00    17  listener
10:03:58 AM  1000     14331   14.00    0.00    0.00    0.00   14.00     5  listener
10:03:58 AM  1000     14333    8.00    6.00    0.00    0.00   14.00    18  listener
10:03:58 AM  1000     14335    4.00   11.00    0.00    0.00   15.00    12  listener
10:03:58 AM  1000     14337    0.00    0.00    0.00    0.00    0.00    18  listener

10:03:58 AM   UID       PID    %usr %system  %guest   %wait    %CPU   CPU  Command
10:03:59 AM  1000     14329    3.00   11.00    0.00    0.00   14.00    10  listener
10:03:59 AM  1000     14331   15.00    0.00    0.00    0.00   15.00    10  listener
10:03:59 AM  1000     14333    6.00    8.00    0.00    0.00   14.00    18  listener
10:03:59 AM  1000     14335    4.00   10.00    0.00    0.00   14.00    18  listener
10:03:59 AM  1000     14337    0.00    0.00    0.00    0.00    0.00    18  listener

10:03:59 AM   UID       PID    %usr %system  %guest   %wait    %CPU   CPU  Command
10:04:00 AM  1000     14329    4.00   10.00    0.00    0.00   14.00    16  listener
10:04:00 AM  1000     14331   11.00    2.00    0.00    0.00   13.00     3  listener
10:04:00 AM  1000     14333    5.00   10.00    0.00    0.00   15.00    17  listener
10:04:00 AM  1000     14335    3.00   10.00    0.00    0.00   13.00    18  listener
10:04:00 AM  1000     14337    0.00    0.00    0.00    0.00    0.00    18  listener

10:04:00 AM   UID       PID    %usr %system  %guest   %wait    %CPU   CPU  Command
10:04:01 AM  1000     14329    4.00   11.00    0.00    0.00   15.00     6  listener
10:04:01 AM  1000     14331   12.00    2.00    0.00    0.00   14.00    10  listener
10:04:01 AM  1000     14333    6.00    8.00    0.00    0.00   14.00     9  listener
10:04:01 AM  1000     14335    4.00   11.00    0.00    0.00   15.00     1  listener
10:04:01 AM  1000     14337    0.00    0.00    0.00    0.00    0.00    18  listener

10:04:01 AM   UID       PID    %usr %system  %guest   %wait    %CPU   CPU  Command
10:04:02 AM  1000     14329    3.00   11.00    0.00    0.00   14.00     0  listener
10:04:02 AM  1000     14331   12.00    3.00    0.00    0.00   15.00     8  listener
10:04:02 AM  1000     14333    8.00    7.00    0.00    0.00   15.00     9  listener
10:04:02 AM  1000     14335    4.00   10.00    0.00    0.00   14.00    19  listener
10:04:02 AM  1000     14337    0.00    0.00    0.00    0.00    0.00    18  listener

10:04:02 AM   UID       PID    %usr %system  %guest   %wait    %CPU   CPU  Command
10:04:03 AM  1000     14329    4.00   10.00    0.00    0.00   14.00    16  listener
10:04:03 AM  1000     14331   13.00    1.00    0.00    0.00   14.00    12  listener
10:04:03 AM  1000     14333    8.00    6.00    0.00    0.00   14.00    12  listener
10:04:03 AM  1000     14335    3.00   10.00    0.00    0.00   13.00    19  listener
10:04:03 AM  1000     14337    0.00    0.00    0.00    0.00    0.00    18  listener

10:04:03 AM   UID       PID    %usr %system  %guest   %wait    %CPU   CPU  Command
10:04:04 AM  1000     14329    3.00   10.00    0.00    0.00   13.00    18  listener
10:04:04 AM  1000     14331   14.00    0.00    0.00    0.00   14.00     6  listener
10:04:04 AM  1000     14333    6.00    8.00    0.00    0.00   14.00    12  listener
10:04:04 AM  1000     14335    4.00   10.00    0.00    0.00   14.00     1  listener
10:04:04 AM  1000     14337    0.00    0.00    0.00    0.00    0.00    18  listener

10:04:04 AM   UID       PID    %usr %system  %guest   %wait    %CPU   CPU  Command
10:04:05 AM  1000     14329    4.00   11.00    0.00    0.00   15.00     7  listener
10:04:05 AM  1000     14331   14.00    0.00    0.00    0.00   14.00    13  listener
10:04:05 AM  1000     14333    6.00    9.00    0.00    0.00   15.00     9  listener
10:04:05 AM  1000     14335    4.00   11.00    0.00    0.00   15.00     1  listener
10:04:05 AM  1000     14337    0.00    0.00    0.00    0.00    0.00    18  listener

10:04:05 AM   UID       PID    %usr %system  %guest   %wait    %CPU   CPU  Command
10:04:06 AM  1000     14329    4.00   10.00    0.00    0.00   14.00    12  listener
10:04:06 AM  1000     14331   14.00    0.00    0.00    0.00   14.00     6  listener
10:04:06 AM  1000     14333    6.00    8.00    0.00    0.00   14.00     9  listener
10:04:06 AM  1000     14335    3.00   10.00    0.00    0.00   13.00     3  listener
10:04:06 AM  1000     14337    0.00    0.00    0.00    0.00    0.00    18  listener

10:04:06 AM   UID       PID    %usr %system  %guest   %wait    %CPU   CPU  Command
10:04:07 AM  1000     14329    4.00   10.00    0.00    0.00   14.00    11  listener
10:04:07 AM  1000     14331   13.00    1.00    0.00    0.00   14.00     5  listener
10:04:07 AM  1000     14333    6.00    8.00    0.00    0.00   14.00     9  listener
10:04:07 AM  1000     14335    4.00   10.00    0.00    0.00   14.00     3  listener
10:04:07 AM  1000     14337    0.00    0.00    0.00    0.00    0.00    18  listener

10:04:07 AM   UID       PID    %usr %system  %guest   %wait    %CPU   CPU  Command
10:04:08 AM  1000     14329    3.00   11.00    0.00    0.00   14.00     8  listener
10:04:08 AM  1000     14331   12.00    3.00    0.00    0.00   15.00     1  listener
10:04:08 AM  1000     14333    6.00    8.00    0.00    0.00   14.00    12  listener
10:04:08 AM  1000     14335    4.00   10.00    0.00    0.00   14.00     1  listener
10:04:08 AM  1000     14337    0.00    0.00    0.00    0.00    0.00    18  listener

10:04:08 AM   UID       PID    %usr %system  %guest   %wait    %CPU   CPU  Command
10:04:09 AM  1000     14329    4.00   10.00    0.00    0.00   14.00     1  listener
10:04:09 AM  1000     14331   14.00    0.00    0.00    0.00   14.00     6  listener
10:04:09 AM  1000     14333    6.00    8.00    0.00    0.00   14.00     9  listener
10:04:09 AM  1000     14335    3.00   10.00    0.00    0.00   13.00     1  listener
10:04:09 AM  1000     14337    0.00    0.00    0.00    0.00    0.00    18  listener

10:04:09 AM   UID       PID    %usr %system  %guest   %wait    %CPU   CPU  Command
10:04:10 AM  1000     14329    4.00   10.00    0.00    0.00   14.00     3  listener
10:04:10 AM  1000     14331   14.00    0.00    0.00    0.00   14.00    19  listener
10:04:10 AM  1000     14333    4.00   10.00    0.00    0.00   14.00     9  listener
10:04:10 AM  1000     14335    4.00   10.00    0.00    0.00   14.00     3  listener
10:04:10 AM  1000     14337    0.00    0.00    0.00    0.00    0.00    18  listener

10:04:10 AM   UID       PID    %usr %system  %guest   %wait    %CPU   CPU  Command
10:04:11 AM  1000     14329    4.00   11.00    0.00    0.00   15.00    13  listener
10:04:11 AM  1000     14331   11.00    1.00    0.00    0.00   12.00     4  listener
10:04:11 AM  1000     14333    8.00    6.00    0.00    0.00   14.00     9  listener
10:04:11 AM  1000     14335    3.00   11.00    0.00    0.00   14.00     1  listener
10:04:11 AM  1000     14337    0.00    0.00    0.00    0.00    0.00    18  listener

10:04:11 AM   UID       PID    %usr %system  %guest   %wait    %CPU   CPU  Command
10:04:12 AM  1000     14329    4.00   10.00    0.00    0.00   14.00    10  listener
10:04:12 AM  1000     14331   15.00    0.00    0.00    0.00   15.00     5  listener
10:04:12 AM  1000     14333    7.00    7.00    0.00    0.00   14.00    12  listener
10:04:12 AM  1000     14335    4.00   10.00    0.00    0.00   14.00     3  listener
10:04:12 AM  1000     14337    0.00    0.00    0.00    0.00    0.00    18  listener

10:04:12 AM   UID       PID    %usr %system  %guest   %wait    %CPU   CPU  Command
10:04:13 AM  1000     14329    3.00   11.00    0.00    0.00   14.00    19  listener
10:04:13 AM  1000     14331    7.00    6.00    0.00    0.00   13.00     8  listener
10:04:13 AM  1000     14333    7.00    7.00    0.00    0.00   14.00    12  listener
10:04:13 AM  1000     14335    4.00   10.00    0.00    0.00   14.00     3  listener
10:04:13 AM  1000     14337    0.00    0.00    0.00    0.00    0.00    17  listener

10:04:13 AM   UID       PID    %usr %system  %guest   %wait    %CPU   CPU  Command
10:04:14 AM  1000     14329    4.00   10.00    0.00    0.00   14.00    19  listener
10:04:14 AM  1000     14331   14.00    0.00    0.00    0.00   14.00     6  listener
10:04:14 AM  1000     14333    6.00    8.00    0.00    0.00   14.00    12  listener
10:04:14 AM  1000     14335    3.00   11.00    0.00    0.00   14.00     3  listener
10:04:14 AM  1000     14337    0.00    0.00    0.00    0.00    0.00    17  listener

10:04:14 AM   UID       PID    %usr %system  %guest   %wait    %CPU   CPU  Command
10:04:15 AM  1000     14329    3.00   11.00    0.00    0.00   14.00    19  listener
10:04:15 AM  1000     14331   14.00    1.00    0.00    0.00   15.00     9  listener
10:04:15 AM  1000     14333    6.00    8.00    0.00    0.00   14.00     9  listener
10:04:15 AM  1000     14335    4.00   10.00    0.00    0.00   14.00     5  listener
10:04:15 AM  1000     14337    0.00    0.00    0.00    0.00    0.00    17  listener

10:04:15 AM   UID       PID    %usr %system  %guest   %wait    %CPU   CPU  Command
10:04:16 AM  1000     14329    4.00   10.00    0.00    0.00   14.00    19  listener
10:04:16 AM  1000     14331   12.00    2.00    0.00    0.00   14.00     5  listener
10:04:16 AM  1000     14333    7.00    9.00    0.00    0.00   16.00     9  listener
10:04:16 AM  1000     14335    4.00   10.00    0.00    0.00   14.00     5  listener
10:04:16 AM  1000     14337    0.00    0.00    0.00    0.00    0.00    17  listener

10:04:16 AM   UID       PID    %usr %system  %guest   %wait    %CPU   CPU  Command
10:04:17 AM  1000     14329    4.00   10.00    0.00    0.00   14.00    19  listener
10:04:17 AM  1000     14331   14.00    0.00    0.00    0.00   14.00    11  listener
10:04:17 AM  1000     14333    7.00    7.00    0.00    0.00   14.00     9  listener
10:04:17 AM  1000     14335    3.00   10.00    0.00    0.00   13.00    15  listener
10:04:17 AM  1000     14337    0.00    0.00    0.00    0.00    0.00    17  listener

10:04:17 AM   UID       PID    %usr %system  %guest   %wait    %CPU   CPU  Command
10:04:18 AM  1000     14329    4.00   10.00    0.00    0.00   14.00    19  listener
10:04:18 AM  1000     14331   12.00    2.00    0.00    0.00   14.00     2  listener
10:04:18 AM  1000     14333    7.00    6.00    0.00    0.00   13.00     9  listener
10:04:18 AM  1000     14335    4.00   10.00    0.00    0.00   14.00     5  listener
10:04:18 AM  1000     14337    0.00    0.00    0.00    0.00    0.00    17  listener

10:04:18 AM   UID       PID    %usr %system  %guest   %wait    %CPU   CPU  Command
10:04:19 AM  1000     14329    3.00   11.00    0.00    0.00   14.00    19  listener
10:04:19 AM  1000     14331   12.00    1.00    0.00    0.00   13.00    12  listener
10:04:19 AM  1000     14333    7.00    8.00    0.00    0.00   15.00     9  listener
10:04:19 AM  1000     14335    4.00   11.00    0.00    0.00   15.00     5  listener
10:04:19 AM  1000     14337    0.00    0.00    0.00    0.00    0.00    17  listener

10:04:19 AM   UID       PID    %usr %system  %guest   %wait    %CPU   CPU  Command
10:04:20 AM  1000     14329    4.00   10.00    0.00    0.00   14.00     8  listener
10:04:20 AM  1000     14331   13.00    0.00    0.00    0.00   13.00     3  listener
10:04:20 AM  1000     14333    7.00    7.00    0.00    0.00   14.00     9  listener
10:04:20 AM  1000     14335    3.00   10.00    0.00    0.00   13.00     5  listener
10:04:20 AM  1000     14337    0.00    0.00    0.00    0.00    0.00    17  listener

10:04:20 AM   UID       PID    %usr %system  %guest   %wait    %CPU   CPU  Command
10:04:21 AM  1000     14329    4.00   10.00    0.00    0.00   14.00     8  listener
10:04:21 AM  1000     14331   13.00    1.00    0.00    0.00   14.00     5  listener
10:04:21 AM  1000     14333    5.00   10.00    0.00    0.00   15.00    12  listener
10:04:21 AM  1000     14335    4.00   10.00    0.00    0.00   14.00    15  listener
10:04:21 AM  1000     14337    0.00    0.00    0.00    0.00    0.00    17  listener

10:04:21 AM   UID       PID    %usr %system  %guest   %wait    %CPU   CPU  Command
10:04:22 AM  1000     14329    3.00   11.00    0.00    0.00   14.00     8  listener
10:04:22 AM  1000     14331   14.00    1.00    0.00    0.00   15.00     5  listener
10:04:22 AM  1000     14333    6.00    8.00    0.00    0.00   14.00    12  listener
10:04:22 AM  1000     14335    3.00   10.00    0.00    0.00   13.00    15  listener
10:04:22 AM  1000     14337    0.00    0.00    0.00    0.00    0.00    17  listener

10:04:22 AM   UID       PID    %usr %system  %guest   %wait    %CPU   CPU  Command
10:04:23 AM  1000     14329    4.00   10.00    0.00    0.00   14.00    19  listener
10:04:23 AM  1000     14331   13.00    1.00    0.00    0.00   14.00    13  listener
10:04:23 AM  1000     14333    5.00   10.00    0.00    0.00   15.00    12  listener
10:04:23 AM  1000     14335    3.00   11.00    0.00    0.00   14.00    11  listener
10:04:23 AM  1000     14337    0.00    0.00    0.00    0.00    0.00    17  listener

10:04:23 AM   UID       PID    %usr %system  %guest   %wait    %CPU   CPU  Command
10:04:24 AM  1000     14329    4.00   10.00    0.00    0.00   14.00    17  listener
10:04:24 AM  1000     14331   12.00    1.00    0.00    0.00   13.00    17  listener
10:04:24 AM  1000     14333    7.00    6.00    0.00    0.00   13.00    13  listener
10:04:24 AM  1000     14335    4.00   10.00    0.00    0.00   14.00    11  listener
10:04:24 AM  1000     14337    0.00    0.00    0.00    0.00    0.00    17  listener

10:04:24 AM   UID       PID    %usr %system  %guest   %wait    %CPU   CPU  Command
10:04:25 AM  1000     14329    4.00   10.00    0.00    0.00   14.00    17  listener
10:04:25 AM  1000     14331    5.00    9.00    0.00    0.00   14.00     6  listener
10:04:25 AM  1000     14333    6.00    8.00    0.00    0.00   14.00    15  listener
10:04:25 AM  1000     14335    4.00   10.00    0.00    0.00   14.00    15  listener
10:04:25 AM  1000     14337    0.00    0.00    0.00    0.00    0.00    17  listener

10:04:25 AM   UID       PID    %usr %system  %guest   %wait    %CPU   CPU  Command
10:04:26 AM  1000     14329    4.00   11.00    0.00    0.00   15.00    17  listener
10:04:26 AM  1000     14331   12.00    1.00    0.00    0.00   13.00     6  listener
10:04:26 AM  1000     14333    8.00    7.00    0.00    0.00   15.00    18  listener
10:04:26 AM  1000     14335    4.00   10.00    0.00    0.00   14.00    15  listener
10:04:26 AM  1000     14337    0.00    0.00    0.00    0.00    0.00    17  listener

10:04:26 AM   UID       PID    %usr %system  %guest   %wait    %CPU   CPU  Command
10:04:27 AM  1000     14329    3.00   10.00    0.00    0.00   13.00    17  listener
10:04:27 AM  1000     14331   13.00    1.00    0.00    0.00   14.00     6  listener
10:04:27 AM  1000     14333    6.00    8.00    0.00    0.00   14.00    19  listener
10:04:27 AM  1000     14335    3.00   11.00    0.00    0.00   14.00    15  listener
10:04:27 AM  1000     14337    0.00    0.00    0.00    0.00    0.00    17  listener

10:04:27 AM   UID       PID    %usr %system  %guest   %wait    %CPU   CPU  Command
10:04:28 AM  1000     14329    4.00   11.00    0.00    0.00   15.00    19  listener
10:04:28 AM  1000     14331   11.00    2.00    0.00    0.00   13.00     6  listener
10:04:28 AM  1000     14333    7.00    7.00    0.00    0.00   14.00    19  listener
10:04:28 AM  1000     14335    4.00    9.00    0.00    0.00   13.00    15  listener
10:04:28 AM  1000     14337    0.00    0.00    0.00    0.00    0.00    17  listener

10:04:28 AM   UID       PID    %usr %system  %guest   %wait    %CPU   CPU  Command
10:04:29 AM  1000     14329    3.00    9.00    0.00    0.00   12.00    17  listener
10:04:29 AM  1000     14331   13.00    0.00    0.00    0.00   13.00    18  listener
10:04:29 AM  1000     14333    5.00    9.00    0.00    0.00   14.00    19  listener
10:04:29 AM  1000     14335    3.00   10.00    0.00    0.00   13.00    15  listener
10:04:29 AM  1000     14337    0.00    0.00    0.00    0.00    0.00    17  listener

Average:      UID       PID    %usr %system  %guest   %wait    %CPU   CPU  Command
Average:     1000     14329    3.65   10.37    0.00    0.00   14.02     -  listener
Average:     1000     14331   11.88    2.13    0.00    0.00   14.02     -  listener
Average:     1000     14333    6.02    8.18    0.00    0.00   14.20     -  listener
Average:     1000     14335    3.60   10.20    0.00    0.00   13.80     -  listener
Average:     1000     14337    0.00    0.00    0.00    0.00    0.00     -  listener
