Linux 6.5.0-44-generic (npc2408016) 	06/17/2025 	_x86_64_	(22 CPU)

09:48:32 AM   UID       PID    %usr %system  %guest   %wait    %CPU   CPU  Command
09:48:33 AM  1000     11283    4.00    2.00    0.00    0.00    6.00    17  talker
09:48:33 AM  1000     11285    3.00    2.00    0.00    0.00    5.00     5  talker
09:48:33 AM  1000     11287    0.00    0.00    0.00    0.00    0.00    12  talker

09:48:33 AM   UID       PID    %usr %system  %guest   %wait    %CPU   CPU  Command
09:48:34 AM  1000     11283    3.00    2.00    0.00    0.00    5.00     5  talker
09:48:34 AM  1000     11285    4.00    1.00    0.00    0.00    5.00     9  talker
09:48:34 AM  1000     11287    0.00    0.00    0.00    0.00    0.00    12  talker

09:48:34 AM   UID       PID    %usr %system  %guest   %wait    %CPU   CPU  Command
09:48:35 AM  1000     11283    3.00    2.00    0.00    0.00    5.00     5  talker
09:48:35 AM  1000     11285    3.00    2.00    0.00    0.00    5.00    10  talker
09:48:35 AM  1000     11287    0.00    0.00    0.00    0.00    0.00    12  talker

09:48:35 AM   UID       PID    %usr %system  %guest   %wait    %CPU   CPU  Command
09:48:36 AM  1000     11283    3.00    2.00    0.00    0.00    5.00    12  talker
09:48:36 AM  1000     11285    2.00    2.00    0.00    0.00    4.00    10  talker
09:48:36 AM  1000     11287    0.00    0.00    0.00    0.00    0.00    12  talker

09:48:36 AM   UID       PID    %usr %system  %guest   %wait    %CPU   CPU  Command
09:48:37 AM  1000     11283    4.00    1.00    0.00    0.00    5.00     2  talker
09:48:37 AM  1000     11285    4.00    2.00    0.00    0.00    6.00    12  talker
09:48:37 AM  1000     11287    0.00    0.00    0.00    0.00    0.00    12  talker

09:48:37 AM   UID       PID    %usr %system  %guest   %wait    %CPU   CPU  Command
09:48:38 AM  1000     11283    3.00    2.00    0.00    0.00    5.00     3  talker
09:48:38 AM  1000     11285    3.00    1.00    0.00    0.00    4.00     3  talker
09:48:38 AM  1000     11287    0.00    0.00    0.00    0.00    0.00    12  talker

09:48:38 AM   UID       PID    %usr %system  %guest   %wait    %CPU   CPU  Command
09:48:39 AM  1000     11283    3.00    2.00    0.00    0.00    5.00     2  talker
09:48:39 AM  1000     11285    4.00    2.00    0.00    0.00    6.00     4  talker
09:48:39 AM  1000     11287    0.00    0.00    0.00    0.00    0.00    12  talker

09:48:39 AM   UID       PID    %usr %system  %guest   %wait    %CPU   CPU  Command
09:48:40 AM  1000     11283    4.00    2.00    0.00    0.00    6.00    16  talker
09:48:40 AM  1000     11285    3.00    2.00    0.00    0.00    5.00     4  talker
09:48:40 AM  1000     11287    0.00    0.00    0.00    0.00    0.00    12  talker

09:48:40 AM   UID       PID    %usr %system  %guest   %wait    %CPU   CPU  Command
09:48:41 AM  1000     11283    3.00    2.00    0.00    0.00    5.00     8  talker
09:48:41 AM  1000     11285    3.00    2.00    0.00    0.00    5.00     4  talker
09:48:41 AM  1000     11287    0.00    0.00    0.00    0.00    0.00    12  talker

09:48:41 AM   UID       PID    %usr %system  %guest   %wait    %CPU   CPU  Command
09:48:42 AM  1000     11283    3.00    2.00    0.00    0.00    5.00     3  talker
09:48:42 AM  1000     11285    3.00    2.00    0.00    0.00    5.00     4  talker
09:48:42 AM  1000     11287    0.00    0.00    0.00    0.00    0.00    12  talker

09:48:42 AM   UID       PID    %usr %system  %guest   %wait    %CPU   CPU  Command
09:48:43 AM  1000     11283    4.00    1.00    0.00    0.00    5.00    17  talker
09:48:43 AM  1000     11285    3.00    1.00    0.00    0.00    4.00     1  talker
09:48:43 AM  1000     11287    0.00    0.00    0.00    0.00    0.00    12  talker

09:48:43 AM   UID       PID    %usr %system  %guest   %wait    %CPU   CPU  Command
09:48:44 AM  1000     11283    3.00    2.00    0.00    0.00    5.00     8  talker
09:48:44 AM  1000     11285    4.00    2.00    0.00    0.00    6.00    10  talker
09:48:44 AM  1000     11287    0.00    0.00    0.00    0.00    0.00     3  talker

09:48:44 AM   UID       PID    %usr %system  %guest   %wait    %CPU   CPU  Command
09:48:45 AM  1000     11283    3.00    2.00    0.00    0.00    5.00     9  talker
09:48:45 AM  1000     11285    3.00    1.00    0.00    0.00    4.00    11  talker
09:48:45 AM  1000     11287    0.00    0.00    0.00    0.00    0.00     3  talker

09:48:45 AM   UID       PID    %usr %system  %guest   %wait    %CPU   CPU  Command
09:48:46 AM  1000     11283    3.00    2.00    0.00    0.00    5.00     9  talker
09:48:46 AM  1000     11285    3.00    3.00    0.00    0.00    6.00     5  talker
09:48:46 AM  1000     11287    0.00    0.00    0.00    0.00    0.00     3  talker

09:48:46 AM   UID       PID    %usr %system  %guest   %wait    %CPU   CPU  Command
09:48:47 AM  1000     11283    3.96    1.98    0.00    0.00    5.94    10  talker
09:48:47 AM  1000     11285    3.96    0.99    0.00    0.00    4.95    17  talker
09:48:47 AM  1000     11287    0.00    0.00    0.00    0.00    0.00     3  talker

09:48:47 AM   UID       PID    %usr %system  %guest   %wait    %CPU   CPU  Command
09:48:48 AM  1000     11283    3.00    2.00    0.00    0.00    5.00    10  talker
09:48:48 AM  1000     11285    3.00    2.00    0.00    0.00    5.00    17  talker
09:48:48 AM  1000     11287    0.00    0.00    0.00    0.00    0.00     3  talker

09:48:48 AM   UID       PID    %usr %system  %guest   %wait    %CPU   CPU  Command
09:48:49 AM  1000     11283    3.00    2.00    0.00    0.00    5.00     9  talker
09:48:49 AM  1000     11285    4.00    1.00    0.00    0.00    5.00    11  talker
09:48:49 AM  1000     11287    0.00    0.00    0.00    0.00    0.00     3  talker

09:48:49 AM   UID       PID    %usr %system  %guest   %wait    %CPU   CPU  Command
09:48:50 AM  1000     11283    4.00    2.00    0.00    0.00    6.00     9  talker
09:48:50 AM  1000     11285    4.00    2.00    0.00    0.00    6.00     6  talker
09:48:50 AM  1000     11287    0.00    0.00    0.00    0.00    0.00     3  talker

09:48:50 AM   UID       PID    %usr %system  %guest   %wait    %CPU   CPU  Command
09:48:51 AM  1000     11283    3.00    2.00    0.00    0.00    5.00    10  talker
09:48:51 AM  1000     11285    3.00    1.00    0.00    0.00    4.00     6  talker
09:48:51 AM  1000     11287    0.00    0.00    0.00    0.00    0.00     3  talker

09:48:51 AM   UID       PID    %usr %system  %guest   %wait    %CPU   CPU  Command
09:48:52 AM  1000     11283    3.00    2.00    0.00    0.00    5.00     9  talker
09:48:52 AM  1000     11285    3.00    3.00    0.00    0.00    6.00     8  talker
09:48:52 AM  1000     11287    0.00    0.00    0.00    0.00    0.00     3  talker

09:48:52 AM   UID       PID    %usr %system  %guest   %wait    %CPU   CPU  Command
09:48:53 AM  1000     11283    3.00    2.00    0.00    0.00    5.00     9  talker
09:48:53 AM  1000     11285    2.00    2.00    0.00    0.00    4.00    15  talker
09:48:53 AM  1000     11287    0.00    0.00    0.00    0.00    0.00     3  talker

09:48:53 AM   UID       PID    %usr %system  %guest   %wait    %CPU   CPU  Command
09:48:54 AM  1000     11283    3.00    2.00    0.00    0.00    5.00     9  talker
09:48:54 AM  1000     11285    4.00    2.00    0.00    0.00    6.00     5  talker
09:48:54 AM  1000     11287    0.00    0.00    0.00    0.00    0.00     3  talker

09:48:54 AM   UID       PID    %usr %system  %guest   %wait    %CPU   CPU  Command
09:48:55 AM  1000     11283    4.00    2.00    0.00    0.00    6.00    15  talker
09:48:55 AM  1000     11285    3.00    2.00    0.00    0.00    5.00    14  talker
09:48:55 AM  1000     11287    0.00    0.00    0.00    0.00    0.00     3  talker

09:48:55 AM   UID       PID    %usr %system  %guest   %wait    %CPU   CPU  Command
09:48:56 AM  1000     11283    3.00    2.00    0.00    0.00    5.00    15  talker
09:48:56 AM  1000     11285    3.00    1.00    0.00    0.00    4.00     5  talker
09:48:56 AM  1000     11287    0.00    0.00    0.00    0.00    0.00     3  talker

09:48:56 AM   UID       PID    %usr %system  %guest   %wait    %CPU   CPU  Command
09:48:57 AM  1000     11283    3.00    2.00    0.00    0.00    5.00    14  talker
09:48:57 AM  1000     11285    3.00    2.00    0.00    0.00    5.00     2  talker
09:48:57 AM  1000     11287    0.00    0.00    0.00    0.00    0.00     3  talker

09:48:57 AM   UID       PID    %usr %system  %guest   %wait    %CPU   CPU  Command
09:48:58 AM  1000     11283    3.00    2.00    0.00    0.00    5.00     5  talker
09:48:58 AM  1000     11285    4.00    2.00    0.00    0.00    6.00     7  talker
09:48:58 AM  1000     11287    0.00    0.00    0.00    0.00    0.00     3  talker

09:48:58 AM   UID       PID    %usr %system  %guest   %wait    %CPU   CPU  Command
09:48:59 AM  1000     11283    3.00    2.00    0.00    0.00    5.00    14  talker
09:48:59 AM  1000     11285    2.00    2.00    0.00    0.00    4.00     8  talker
09:48:59 AM  1000     11287    0.00    0.00    0.00    0.00    0.00     3  talker

09:48:59 AM   UID       PID    %usr %system  %guest   %wait    %CPU   CPU  Command
09:49:00 AM  1000     11283    3.00    2.00    0.00    0.00    5.00    14  talker
09:49:00 AM  1000     11285    3.00    2.00    0.00    0.00    5.00     9  talker
09:49:00 AM  1000     11287    0.00    0.00    0.00    0.00    0.00    12  talker

09:49:00 AM   UID       PID    %usr %system  %guest   %wait    %CPU   CPU  Command
09:49:01 AM  1000     11283    4.00    1.00    0.00    0.00    5.00    14  talker
09:49:01 AM  1000     11285    3.00    2.00    0.00    0.00    5.00     9  talker
09:49:01 AM  1000     11287    0.00    0.00    0.00    0.00    0.00    12  talker

09:49:01 AM   UID       PID    %usr %system  %guest   %wait    %CPU   CPU  Command
09:49:02 AM  1000     11283    3.00    2.00    0.00    0.00    5.00    15  talker
09:49:02 AM  1000     11285    3.00    2.00    0.00    0.00    5.00    10  talker
09:49:02 AM  1000     11287    0.00    0.00    0.00    0.00    0.00    12  talker

09:49:02 AM   UID       PID    %usr %system  %guest   %wait    %CPU   CPU  Command
09:49:03 AM  1000     11283    3.00    2.00    0.00    0.00    5.00     3  talker
09:49:03 AM  1000     11285    3.00    2.00    0.00    0.00    5.00    12  talker
09:49:03 AM  1000     11287    0.00    0.00    0.00    0.00    0.00    12  talker

09:49:03 AM   UID       PID    %usr %system  %guest   %wait    %CPU   CPU  Command
09:49:04 AM  1000     11283    3.00    2.00    0.00    0.00    5.00    17  talker
09:49:04 AM  1000     11285    4.00    1.00    0.00    0.00    5.00    12  talker
09:49:04 AM  1000     11287    0.00    0.00    0.00    0.00    0.00    12  talker

09:49:04 AM   UID       PID    %usr %system  %guest   %wait    %CPU   CPU  Command
09:49:05 AM  1000     11283    3.00    2.00    0.00    0.00    5.00    14  talker
09:49:05 AM  1000     11285    2.00    3.00    0.00    0.00    5.00     6  talker
09:49:05 AM  1000     11287    0.00    0.00    0.00    0.00    0.00    12  talker

09:49:05 AM   UID       PID    %usr %system  %guest   %wait    %CPU   CPU  Command
09:49:06 AM  1000     11283    3.00    2.00    0.00    0.00    5.00    15  talker
09:49:06 AM  1000     11285    4.00    2.00    0.00    0.00    6.00    10  talker
09:49:06 AM  1000     11287    0.00    0.00    0.00    0.00    0.00    12  talker

09:49:06 AM   UID       PID    %usr %system  %guest   %wait    %CPU   CPU  Command
09:49:07 AM  1000     11283    4.00    2.00    0.00    0.00    6.00    15  talker
09:49:07 AM  1000     11285    3.00    1.00    0.00    0.00    4.00    13  talker
09:49:07 AM  1000     11287    0.00    0.00    0.00    0.00    0.00    12  talker

09:49:07 AM   UID       PID    %usr %system  %guest   %wait    %CPU   CPU  Command
09:49:08 AM  1000     11283    3.00    2.00    0.00    0.00    5.00     4  talker
09:49:08 AM  1000     11285    4.00    2.00    0.00    0.00    6.00    19  talker
09:49:08 AM  1000     11287    0.00    0.00    0.00    0.00    0.00    12  talker

09:49:08 AM   UID       PID    %usr %system  %guest   %wait    %CPU   CPU  Command
09:49:09 AM  1000     11283    3.00    2.00    0.00    0.00    5.00     4  talker
09:49:09 AM  1000     11285    3.00    1.00    0.00    0.00    4.00     7  talker
09:49:09 AM  1000     11287    0.00    0.00    0.00    0.00    0.00    12  talker

09:49:09 AM   UID       PID    %usr %system  %guest   %wait    %CPU   CPU  Command
09:49:10 AM  1000     11283    4.00    2.00    0.00    0.00    6.00     6  talker
09:49:10 AM  1000     11285    3.00    2.00    0.00    0.00    5.00    10  talker
09:49:10 AM  1000     11287    0.00    0.00    0.00    0.00    0.00    12  talker

09:49:10 AM   UID       PID    %usr %system  %guest   %wait    %CPU   CPU  Command
09:49:11 AM  1000     11283    3.00    2.00    0.00    0.00    5.00     5  talker
09:49:11 AM  1000     11285    3.00    2.00    0.00    0.00    5.00     0  talker
09:49:11 AM  1000     11287    0.00    0.00    0.00    0.00    0.00    12  talker

09:49:11 AM   UID       PID    %usr %system  %guest   %wait    %CPU   CPU  Command
09:49:12 AM  1000     11283    3.00    2.00    0.00    0.00    5.00     5  talker
09:49:12 AM  1000     11285    3.00    2.00    0.00    0.00    5.00    15  talker
09:49:12 AM  1000     11287    0.00    0.00    0.00    0.00    0.00     3  talker

09:49:12 AM   UID       PID    %usr %system  %guest   %wait    %CPU   CPU  Command
09:49:13 AM  1000     11283    3.00    1.00    0.00    0.00    4.00     5  talker
09:49:13 AM  1000     11285    3.00    2.00    0.00    0.00    5.00     1  talker
09:49:13 AM  1000     11287    0.00    0.00    0.00    0.00    0.00     3  talker

09:49:13 AM   UID       PID    %usr %system  %guest   %wait    %CPU   CPU  Command
09:49:14 AM  1000     11283    4.00    2.00    0.00    0.00    6.00     3  talker
09:49:14 AM  1000     11285    3.00    2.00    0.00    0.00    5.00     1  talker
09:49:14 AM  1000     11287    0.00    0.00    0.00    0.00    0.00    12  talker

09:49:14 AM   UID       PID    %usr %system  %guest   %wait    %CPU   CPU  Command
09:49:15 AM  1000     11283    3.00    2.00    0.00    0.00    5.00    19  talker
09:49:15 AM  1000     11285    3.00    2.00    0.00    0.00    5.00     1  talker
09:49:15 AM  1000     11287    0.00    0.00    0.00    0.00    0.00    12  talker

09:49:15 AM   UID       PID    %usr %system  %guest   %wait    %CPU   CPU  Command
09:49:16 AM  1000     11283    3.00    2.00    0.00    0.00    5.00     3  talker
09:49:16 AM  1000     11285    3.00    3.00    0.00    0.00    6.00    12  talker
09:49:16 AM  1000     11287    0.00    0.00    0.00    0.00    0.00    12  talker

09:49:16 AM   UID       PID    %usr %system  %guest   %wait    %CPU   CPU  Command
09:49:17 AM  1000     11283    3.00    2.00    0.00    0.00    5.00     3  talker
09:49:17 AM  1000     11285    3.00    2.00    0.00    0.00    5.00     0  talker
09:49:17 AM  1000     11287    0.00    0.00    0.00    0.00    0.00    12  talker

09:49:17 AM   UID       PID    %usr %system  %guest   %wait    %CPU   CPU  Command
09:49:18 AM  1000     11283    4.00    2.00    0.00    0.00    6.00     3  talker
09:49:18 AM  1000     11285    3.00    1.00    0.00    0.00    4.00     0  talker
09:49:18 AM  1000     11287    0.00    0.00    0.00    0.00    0.00     3  talker

09:49:18 AM   UID       PID    %usr %system  %guest   %wait    %CPU   CPU  Command
09:49:19 AM  1000     11283    3.00    2.00    0.00    0.00    5.00     3  talker
09:49:19 AM  1000     11285    3.00    2.00    0.00    0.00    5.00    16  talker
09:49:19 AM  1000     11287    0.00    0.00    0.00    0.00    0.00     3  talker

09:49:19 AM   UID       PID    %usr %system  %guest   %wait    %CPU   CPU  Command
09:49:20 AM  1000     11283    3.00    2.00    0.00    0.00    5.00     0  talker
09:49:20 AM  1000     11285    4.00    2.00    0.00    0.00    6.00     8  talker
09:49:20 AM  1000     11287    0.00    0.00    0.00    0.00    0.00     3  talker

09:49:20 AM   UID       PID    %usr %system  %guest   %wait    %CPU   CPU  Command
09:49:21 AM  1000     11283    3.00    2.00    0.00    0.00    5.00    13  talker
09:49:21 AM  1000     11285    3.00    1.00    0.00    0.00    4.00    10  talker
09:49:21 AM  1000     11287    0.00    0.00    0.00    0.00    0.00     3  talker

09:49:21 AM   UID       PID    %usr %system  %guest   %wait    %CPU   CPU  Command
09:49:22 AM  1000     11283    3.00    2.00    0.00    0.00    5.00     1  talker
09:49:22 AM  1000     11285    2.00    3.00    0.00    0.00    5.00     8  talker
09:49:22 AM  1000     11287    0.00    0.00    0.00    0.00    0.00     3  talker

09:49:22 AM   UID       PID    %usr %system  %guest   %wait    %CPU   CPU  Command
09:49:23 AM  1000     11283    3.00    2.00    0.00    0.00    5.00     1  talker
09:49:23 AM  1000     11285    4.00    2.00    0.00    0.00    6.00    14  talker
09:49:23 AM  1000     11287    0.00    0.00    0.00    0.00    0.00     3  talker

09:49:23 AM   UID       PID    %usr %system  %guest   %wait    %CPU   CPU  Command
09:49:24 AM  1000     11283    4.00    2.00    0.00    0.00    6.00     1  talker
09:49:24 AM  1000     11285    2.00    2.00    0.00    0.00    4.00     5  talker
09:49:24 AM  1000     11287    0.00    0.00    0.00    0.00    0.00     3  talker

09:49:24 AM   UID       PID    %usr %system  %guest   %wait    %CPU   CPU  Command
09:49:25 AM  1000     11283    3.00    2.00    0.00    0.00    5.00     6  talker
09:49:25 AM  1000     11285    3.00    2.00    0.00    0.00    5.00    14  talker
09:49:25 AM  1000     11287    0.00    0.00    0.00    0.00    0.00     3  talker

09:49:25 AM   UID       PID    %usr %system  %guest   %wait    %CPU   CPU  Command
09:49:26 AM  1000     11283    3.00    2.00    0.00    0.00    5.00     5  talker
09:49:26 AM  1000     11285    2.00    2.00    0.00    0.00    4.00     2  talker
09:49:26 AM  1000     11287    0.00    0.00    0.00    0.00    0.00     3  talker

09:49:26 AM   UID       PID    %usr %system  %guest   %wait    %CPU   CPU  Command
09:49:27 AM  1000     11283    3.00    1.00    0.00    0.00    4.00     5  talker
09:49:27 AM  1000     11285    4.00    2.00    0.00    0.00    6.00     6  talker
09:49:27 AM  1000     11287    0.00    0.00    0.00    0.00    0.00     3  talker

09:49:27 AM   UID       PID    %usr %system  %guest   %wait    %CPU   CPU  Command
09:49:28 AM  1000     11283    3.00    3.00    0.00    0.00    6.00     5  talker
09:49:28 AM  1000     11285    3.00    1.00    0.00    0.00    4.00    12  talker
09:49:28 AM  1000     11287    0.00    0.00    0.00    0.00    0.00     3  talker

09:49:28 AM   UID       PID    %usr %system  %guest   %wait    %CPU   CPU  Command
09:49:29 AM  1000     11283    4.00    2.00    0.00    0.00    6.00     6  talker
09:49:29 AM  1000     11285    4.00    2.00    0.00    0.00    6.00    10  talker
09:49:29 AM  1000     11287    0.00    0.00    0.00    0.00    0.00     3  talker

09:49:29 AM   UID       PID    %usr %system  %guest   %wait    %CPU   CPU  Command
09:49:30 AM  1000     11283    3.00    1.00    0.00    0.00    4.00     6  talker
09:49:30 AM  1000     11285    3.00    2.00    0.00    0.00    5.00     6  talker
09:49:30 AM  1000     11287    0.00    0.00    0.00    0.00    0.00     3  talker

09:49:30 AM   UID       PID    %usr %system  %guest   %wait    %CPU   CPU  Command
09:49:31 AM  1000     11283    3.00    2.00    0.00    0.00    5.00     6  talker
09:49:31 AM  1000     11285    3.00    1.00    0.00    0.00    4.00     8  talker
09:49:31 AM  1000     11287    0.00    0.00    0.00    0.00    0.00     3  talker

09:49:31 AM   UID       PID    %usr %system  %guest   %wait    %CPU   CPU  Command
09:49:32 AM  1000     11283    3.00    2.00    0.00    0.00    5.00     3  talker
09:49:32 AM  1000     11285    3.00    2.00    0.00    0.00    5.00     3  talker
09:49:32 AM  1000     11287    0.00    0.00    0.00    0.00    0.00     3  talker

Average:      UID       PID    %usr %system  %guest   %wait    %CPU   CPU  Command
Average:     1000     11283    3.23    1.92    0.00    0.00    5.15     -  talker
Average:     1000     11285    3.15    1.83    0.00    0.00    4.98     -  talker
Average:     1000     11287    0.00    0.00    0.00    0.00    0.00     -  talker
