Linux 6.5.0-44-generic (npc2408016) 	06/17/2025 	_x86_64_	(22 CPU)

10:18:01 AM   UID       PID    %usr %system  %guest   %wait    %CPU   CPU  Command
10:18:02 AM  1000     16557    5.00    9.00    0.00    0.00   14.00     5  listener
10:18:02 AM  1000     16559    0.00   15.00    0.00    0.00   15.00    19  listener
10:18:02 AM  1000     16561    5.00   11.00    0.00    0.00   16.00    14  listener
10:18:02 AM  1000     16563   13.00    1.00    0.00    0.00   14.00     5  listener
10:18:02 AM  1000     16565    8.00    6.00    0.00    0.00   14.00     7  listener
10:18:02 AM  1000     16567   11.00    4.00    0.00    0.00   15.00    16  listener
10:18:02 AM  1000     16569    0.00    0.00    0.00    0.00    0.00    14  listener

10:18:02 AM   UID       PID    %usr %system  %guest   %wait    %CPU   CPU  Command
10:18:03 AM  1000     16557   12.00    3.00    0.00    0.00   15.00     3  listener
10:18:03 AM  1000     16559    0.00   16.00    0.00    0.00   16.00    19  listener
10:18:03 AM  1000     16561    5.00   12.00    0.00    0.00   17.00    13  listener
10:18:03 AM  1000     16563   13.00    1.00    0.00    0.00   14.00     5  listener
10:18:03 AM  1000     16565   13.00    1.00    0.00    0.00   14.00     7  listener
10:18:03 AM  1000     16567   12.00    2.00    0.00    0.00   14.00    16  listener
10:18:03 AM  1000     16569    0.00    0.00    0.00    0.00    0.00    14  listener

10:18:03 AM   UID       PID    %usr %system  %guest   %wait    %CPU   CPU  Command
10:18:04 AM  1000     16557   10.00    6.00    0.00    0.00   16.00    18  listener
10:18:04 AM  1000     16559    0.00   15.00    0.00    0.00   15.00     8  listener
10:18:04 AM  1000     16561    5.00   12.00    0.00    0.00   17.00    14  listener
10:18:04 AM  1000     16563   14.00    2.00    0.00    0.00   16.00     5  listener
10:18:04 AM  1000     16565   13.00    2.00    0.00    0.00   15.00     7  listener
10:18:04 AM  1000     16567   12.00    3.00    0.00    0.00   15.00    17  listener
10:18:04 AM  1000     16569    0.00    0.00    0.00    0.00    0.00    14  listener

10:18:04 AM   UID       PID    %usr %system  %guest   %wait    %CPU   CPU  Command
10:18:05 AM  1000     16557    9.00    7.00    0.00    0.00   16.00    18  listener
10:18:05 AM  1000     16559    0.00   16.00    0.00    0.00   16.00     8  listener
10:18:05 AM  1000     16561    5.00   12.00    0.00    0.00   17.00     3  listener
10:18:05 AM  1000     16563   13.00    2.00    0.00    0.00   15.00     9  listener
10:18:05 AM  1000     16565   12.00    2.00    0.00    0.00   14.00    17  listener
10:18:05 AM  1000     16567   12.00    2.00    0.00    0.00   14.00    17  listener
10:18:05 AM  1000     16569    0.00    0.00    0.00    0.00    0.00    14  listener

10:18:05 AM   UID       PID    %usr %system  %guest   %wait    %CPU   CPU  Command
10:18:06 AM  1000     16557   12.00    2.00    0.00    0.00   14.00    17  listener
10:18:06 AM  1000     16559    0.00   15.00    0.00    0.00   15.00     1  listener
10:18:06 AM  1000     16561    5.00   13.00    0.00    0.00   18.00     4  listener
10:18:06 AM  1000     16563   12.00    2.00    0.00    0.00   14.00    12  listener
10:18:06 AM  1000     16565   13.00    2.00    0.00    0.00   15.00    12  listener
10:18:06 AM  1000     16567   13.00    2.00    0.00    0.00   15.00     9  listener
10:18:06 AM  1000     16569    0.00    0.00    0.00    0.00    0.00    14  listener

10:18:06 AM   UID       PID    %usr %system  %guest   %wait    %CPU   CPU  Command
10:18:07 AM  1000     16557   10.00    5.00    0.00    0.00   15.00    17  listener
10:18:07 AM  1000     16559   15.00    0.00    0.00    0.00   15.00    19  listener
10:18:07 AM  1000     16561    3.00   13.00    0.00    0.00   16.00    14  listener
10:18:07 AM  1000     16563   14.00    2.00    0.00    0.00   16.00    12  listener
10:18:07 AM  1000     16565   12.00    3.00    0.00    0.00   15.00    12  listener
10:18:07 AM  1000     16567   14.00    1.00    0.00    0.00   15.00    14  listener
10:18:07 AM  1000     16569    0.00    0.00    0.00    0.00    0.00    14  listener

10:18:07 AM   UID       PID    %usr %system  %guest   %wait    %CPU   CPU  Command
10:18:08 AM  1000     16557    5.00   10.00    0.00    0.00   15.00    18  listener
10:18:08 AM  1000     16559    0.00   16.00    0.00    0.00   16.00     1  listener
10:18:08 AM  1000     16561    4.00   12.00    0.00    0.00   16.00     6  listener
10:18:08 AM  1000     16563   10.00    5.00    0.00    0.00   15.00    14  listener
10:18:08 AM  1000     16565   11.00    3.00    0.00    0.00   14.00    17  listener
10:18:08 AM  1000     16567   12.00    2.00    0.00    0.00   14.00     9  listener
10:18:08 AM  1000     16569    0.00    0.00    0.00    0.00    0.00    14  listener

10:18:08 AM   UID       PID    %usr %system  %guest   %wait    %CPU   CPU  Command
10:18:09 AM  1000     16557   15.00    0.00    0.00    0.00   15.00    10  listener
10:18:09 AM  1000     16559    0.00   15.00    0.00    0.00   15.00    14  listener
10:18:09 AM  1000     16561    4.00   13.00    0.00    0.00   17.00    14  listener
10:18:09 AM  1000     16563   13.00    2.00    0.00    0.00   15.00    10  listener
10:18:09 AM  1000     16565   11.00    3.00    0.00    0.00   14.00     0  listener
10:18:09 AM  1000     16567   13.00    2.00    0.00    0.00   15.00    17  listener
10:18:09 AM  1000     16569    0.00    0.00    0.00    0.00    0.00    14  listener

10:18:09 AM   UID       PID    %usr %system  %guest   %wait    %CPU   CPU  Command
10:18:10 AM  1000     16557   15.00    1.00    0.00    0.00   16.00    10  listener
10:18:10 AM  1000     16559    0.00   15.00    0.00    0.00   15.00    14  listener
10:18:10 AM  1000     16561    4.00   13.00    0.00    0.00   17.00    14  listener
10:18:10 AM  1000     16563   12.00    2.00    0.00    0.00   14.00    11  listener
10:18:10 AM  1000     16565   12.00    3.00    0.00    0.00   15.00     0  listener
10:18:10 AM  1000     16567   12.00    4.00    0.00    0.00   16.00    17  listener
10:18:10 AM  1000     16569    0.00    0.00    0.00    0.00    0.00    14  listener

10:18:10 AM   UID       PID    %usr %system  %guest   %wait    %CPU   CPU  Command
10:18:11 AM  1000     16557    6.00    8.00    0.00    0.00   14.00    18  listener
10:18:11 AM  1000     16559    0.00   16.00    0.00    0.00   16.00    16  listener
10:18:11 AM  1000     16561    6.00   12.00    0.00    0.00   18.00    14  listener
10:18:11 AM  1000     16563   15.00    1.00    0.00    0.00   16.00    10  listener
10:18:11 AM  1000     16565   11.00    4.00    0.00    0.00   15.00    17  listener
10:18:11 AM  1000     16567   10.00    5.00    0.00    0.00   15.00     9  listener
10:18:11 AM  1000     16569    0.00    0.00    0.00    0.00    0.00    14  listener

10:18:11 AM   UID       PID    %usr %system  %guest   %wait    %CPU   CPU  Command
10:18:12 AM  1000     16557   11.00    5.00    0.00    0.00   16.00     4  listener
10:18:12 AM  1000     16559    0.00   15.00    0.00    0.00   15.00     3  listener
10:18:12 AM  1000     16561    5.00   11.00    0.00    0.00   16.00    14  listener
10:18:12 AM  1000     16563   12.00    3.00    0.00    0.00   15.00    11  listener
10:18:12 AM  1000     16565   13.00    1.00    0.00    0.00   14.00    17  listener
10:18:12 AM  1000     16567   11.00    3.00    0.00    0.00   14.00     9  listener
10:18:12 AM  1000     16569    0.00    0.00    0.00    0.00    0.00    14  listener

10:18:12 AM   UID       PID    %usr %system  %guest   %wait    %CPU   CPU  Command
10:18:13 AM  1000     16557   11.00    4.00    0.00    0.00   15.00     4  listener
10:18:13 AM  1000     16559    0.00   15.00    0.00    0.00   15.00    12  listener
10:18:13 AM  1000     16561    5.00   13.00    0.00    0.00   18.00    14  listener
10:18:13 AM  1000     16563   13.00    1.00    0.00    0.00   14.00    10  listener
10:18:13 AM  1000     16565   15.00    1.00    0.00    0.00   16.00    18  listener
10:18:13 AM  1000     16567   11.00    3.00    0.00    0.00   14.00     9  listener
10:18:13 AM  1000     16569    0.00    0.00    0.00    0.00    0.00    14  listener

10:18:13 AM   UID       PID    %usr %system  %guest   %wait    %CPU   CPU  Command
10:18:14 AM  1000     16557    0.00   15.00    0.00    0.00   15.00     6  listener
10:18:14 AM  1000     16559    0.00   15.00    0.00    0.00   15.00    12  listener
10:18:14 AM  1000     16561    4.00   12.00    0.00    0.00   16.00    17  listener
10:18:14 AM  1000     16563   15.00    1.00    0.00    0.00   16.00    12  listener
10:18:14 AM  1000     16565   14.00    0.00    0.00    0.00   14.00    13  listener
10:18:14 AM  1000     16567   11.00    4.00    0.00    0.00   15.00    18  listener
10:18:14 AM  1000     16569    0.00    0.00    0.00    0.00    0.00    14  listener

10:18:14 AM   UID       PID    %usr %system  %guest   %wait    %CPU   CPU  Command
10:18:15 AM  1000     16557    0.00   15.00    0.00    0.00   15.00     0  listener
10:18:15 AM  1000     16559    0.00   16.00    0.00    0.00   16.00    12  listener
10:18:15 AM  1000     16561    5.00   12.00    0.00    0.00   17.00    14  listener
10:18:15 AM  1000     16563   14.00    1.00    0.00    0.00   15.00    13  listener
10:18:15 AM  1000     16565   14.00    1.00    0.00    0.00   15.00    18  listener
10:18:15 AM  1000     16567   12.00    4.00    0.00    0.00   16.00     9  listener
10:18:15 AM  1000     16569    0.00    0.00    0.00    0.00    0.00    14  listener

10:18:15 AM   UID       PID    %usr %system  %guest   %wait    %CPU   CPU  Command
10:18:16 AM  1000     16557    0.00   15.00    0.00    0.00   15.00    12  listener
10:18:16 AM  1000     16559    0.00   15.00    0.00    0.00   15.00    12  listener
10:18:16 AM  1000     16561    6.00   11.00    0.00    0.00   17.00    14  listener
10:18:16 AM  1000     16563   10.00    5.00    0.00    0.00   15.00     3  listener
10:18:16 AM  1000     16565   11.00    3.00    0.00    0.00   14.00    18  listener
10:18:16 AM  1000     16567   13.00    1.00    0.00    0.00   14.00     9  listener
10:18:16 AM  1000     16569    0.00    0.00    0.00    0.00    0.00    14  listener

10:18:16 AM   UID       PID    %usr %system  %guest   %wait    %CPU   CPU  Command
10:18:17 AM  1000     16557    0.00   15.00    0.00    0.00   15.00    12  listener
10:18:17 AM  1000     16559    0.00   15.00    0.00    0.00   15.00    16  listener
10:18:17 AM  1000     16561    5.00   12.00    0.00    0.00   17.00     0  listener
10:18:17 AM  1000     16563    9.00    6.00    0.00    0.00   15.00     6  listener
10:18:17 AM  1000     16565   11.00    4.00    0.00    0.00   15.00    12  listener
10:18:17 AM  1000     16567   12.00    2.00    0.00    0.00   14.00     9  listener
10:18:17 AM  1000     16569    0.00    0.00    0.00    0.00    0.00    14  listener

10:18:17 AM   UID       PID    %usr %system  %guest   %wait    %CPU   CPU  Command
10:18:18 AM  1000     16557    0.00   15.00    0.00    0.00   15.00    12  listener
10:18:18 AM  1000     16559    0.00   15.00    0.00    0.00   15.00    13  listener
10:18:18 AM  1000     16561    5.00   12.00    0.00    0.00   17.00     0  listener
10:18:18 AM  1000     16563    9.00    5.00    0.00    0.00   14.00     6  listener
10:18:18 AM  1000     16565   11.00    3.00    0.00    0.00   14.00     6  listener
10:18:18 AM  1000     16567   13.00    2.00    0.00    0.00   15.00     9  listener
10:18:18 AM  1000     16569    0.00    0.00    0.00    0.00    0.00    14  listener

10:18:18 AM   UID       PID    %usr %system  %guest   %wait    %CPU   CPU  Command
10:18:19 AM  1000     16557    0.00   15.00    0.00    0.00   15.00    12  listener
10:18:19 AM  1000     16559    0.00   16.00    0.00    0.00   16.00    13  listener
10:18:19 AM  1000     16561    5.00   13.00    0.00    0.00   18.00     0  listener
10:18:19 AM  1000     16563   10.00    6.00    0.00    0.00   16.00     6  listener
10:18:19 AM  1000     16565   13.00    2.00    0.00    0.00   15.00    12  listener
10:18:19 AM  1000     16567   15.00    0.00    0.00    0.00   15.00     9  listener
10:18:19 AM  1000     16569    0.00    0.00    0.00    0.00    0.00    14  listener

10:18:19 AM   UID       PID    %usr %system  %guest   %wait    %CPU   CPU  Command
10:18:20 AM  1000     16557    0.00   15.00    0.00    0.00   15.00    10  listener
10:18:20 AM  1000     16559    0.00   15.00    0.00    0.00   15.00    13  listener
10:18:20 AM  1000     16561    6.00   10.00    0.00    0.00   16.00     0  listener
10:18:20 AM  1000     16563   12.00    2.00    0.00    0.00   14.00     6  listener
10:18:20 AM  1000     16565   11.00    3.00    0.00    0.00   14.00    13  listener
10:18:20 AM  1000     16567   14.00    0.00    0.00    0.00   14.00     9  listener
10:18:20 AM  1000     16569    0.00    0.00    0.00    0.00    0.00    14  listener

10:18:20 AM   UID       PID    %usr %system  %guest   %wait    %CPU   CPU  Command
10:18:21 AM  1000     16557    0.00   15.00    0.00    0.00   15.00    10  listener
10:18:21 AM  1000     16559    0.00   15.00    0.00    0.00   15.00    13  listener
10:18:21 AM  1000     16561    5.00   12.00    0.00    0.00   17.00     0  listener
10:18:21 AM  1000     16563   13.00    2.00    0.00    0.00   15.00     6  listener
10:18:21 AM  1000     16565   12.00    4.00    0.00    0.00   16.00    13  listener
10:18:21 AM  1000     16567   15.00    0.00    0.00    0.00   15.00    18  listener
10:18:21 AM  1000     16569    0.00    0.00    0.00    0.00    0.00    14  listener

10:18:21 AM   UID       PID    %usr %system  %guest   %wait    %CPU   CPU  Command
10:18:22 AM  1000     16557    0.00   16.00    0.00    0.00   16.00     1  listener
10:18:22 AM  1000     16559    0.00   15.00    0.00    0.00   15.00     3  listener
10:18:22 AM  1000     16561    4.00   13.00    0.00    0.00   17.00     0  listener
10:18:22 AM  1000     16563   14.00    2.00    0.00    0.00   16.00    12  listener
10:18:22 AM  1000     16565   12.00    3.00    0.00    0.00   15.00    12  listener
10:18:22 AM  1000     16567   13.00    2.00    0.00    0.00   15.00     1  listener
10:18:22 AM  1000     16569    0.00    0.00    0.00    0.00    0.00    14  listener

10:18:22 AM   UID       PID    %usr %system  %guest   %wait    %CPU   CPU  Command
10:18:23 AM  1000     16557    0.00   14.00    0.00    0.00   14.00    14  listener
10:18:23 AM  1000     16559    0.00   15.00    0.00    0.00   15.00    13  listener
10:18:23 AM  1000     16561    5.00   11.00    0.00    0.00   16.00     0  listener
10:18:23 AM  1000     16563   13.00    1.00    0.00    0.00   14.00    13  listener
10:18:23 AM  1000     16565   14.00    0.00    0.00    0.00   14.00    18  listener
10:18:23 AM  1000     16567   12.00    2.00    0.00    0.00   14.00     7  listener
10:18:23 AM  1000     16569    0.00    0.00    0.00    0.00    0.00    10  listener

10:18:23 AM   UID       PID    %usr %system  %guest   %wait    %CPU   CPU  Command
10:18:24 AM  1000     16557    0.00   16.00    0.00    0.00   16.00     1  listener
10:18:24 AM  1000     16559    0.00   16.00    0.00    0.00   16.00    19  listener
10:18:24 AM  1000     16561    4.00   13.00    0.00    0.00   17.00    16  listener
10:18:24 AM  1000     16563   14.00    1.00    0.00    0.00   15.00     1  listener
10:18:24 AM  1000     16565    9.00    6.00    0.00    0.00   15.00    18  listener
10:18:24 AM  1000     16567   14.00    2.00    0.00    0.00   16.00     1  listener
10:18:24 AM  1000     16569    0.00    0.00    0.00    0.00    0.00    10  listener

10:18:24 AM   UID       PID    %usr %system  %guest   %wait    %CPU   CPU  Command
10:18:25 AM  1000     16557    0.00   15.00    0.00    0.00   15.00    14  listener
10:18:25 AM  1000     16559    0.00   15.00    0.00    0.00   15.00    12  listener
10:18:25 AM  1000     16561    4.00   13.00    0.00    0.00   17.00    16  listener
10:18:25 AM  1000     16563   15.00    0.00    0.00    0.00   15.00     1  listener
10:18:25 AM  1000     16565    6.00    8.00    0.00    0.00   14.00    18  listener
10:18:25 AM  1000     16567   10.00    6.00    0.00    0.00   16.00     7  listener
10:18:25 AM  1000     16569    0.00    0.00    0.00    0.00    0.00    10  listener

10:18:25 AM   UID       PID    %usr %system  %guest   %wait    %CPU   CPU  Command
10:18:26 AM  1000     16557    0.00   15.00    0.00    0.00   15.00    18  listener
10:18:26 AM  1000     16559    0.00   16.00    0.00    0.00   16.00    19  listener
10:18:26 AM  1000     16561    5.00   12.00    0.00    0.00   17.00    17  listener
10:18:26 AM  1000     16563   13.00    2.00    0.00    0.00   15.00     1  listener
10:18:26 AM  1000     16565   12.00    2.00    0.00    0.00   14.00     6  listener
10:18:26 AM  1000     16567    8.00    5.00    0.00    0.00   13.00     7  listener
10:18:26 AM  1000     16569    0.00    0.00    0.00    0.00    0.00    10  listener

10:18:26 AM   UID       PID    %usr %system  %guest   %wait    %CPU   CPU  Command
10:18:27 AM  1000     16557    0.00   15.00    0.00    0.00   15.00    18  listener
10:18:27 AM  1000     16559    0.00   16.00    0.00    0.00   16.00    12  listener
10:18:27 AM  1000     16561    5.00   12.00    0.00    0.00   17.00    18  listener
10:18:27 AM  1000     16563   12.00    3.00    0.00    0.00   15.00     1  listener
10:18:27 AM  1000     16565   15.00    0.00    0.00    0.00   15.00     6  listener
10:18:27 AM  1000     16567   10.00    5.00    0.00    0.00   15.00     7  listener
10:18:27 AM  1000     16569    0.00    0.00    0.00    0.00    0.00    10  listener

10:18:27 AM   UID       PID    %usr %system  %guest   %wait    %CPU   CPU  Command
10:18:28 AM  1000     16557    0.00   16.00    0.00    0.00   16.00     0  listener
10:18:28 AM  1000     16559    0.00   15.00    0.00    0.00   15.00    12  listener
10:18:28 AM  1000     16561    4.00   13.00    0.00    0.00   17.00    18  listener
10:18:28 AM  1000     16563   13.00    2.00    0.00    0.00   15.00     5  listener
10:18:28 AM  1000     16565   13.00    1.00    0.00    0.00   14.00     6  listener
10:18:28 AM  1000     16567   12.00    2.00    0.00    0.00   14.00    12  listener
10:18:28 AM  1000     16569    0.00    0.00    0.00    0.00    0.00    10  listener

10:18:28 AM   UID       PID    %usr %system  %guest   %wait    %CPU   CPU  Command
10:18:29 AM  1000     16557    0.00   15.00    0.00    0.00   15.00    18  listener
10:18:29 AM  1000     16559    0.00   17.00    0.00    0.00   17.00    12  listener
10:18:29 AM  1000     16561    5.00   12.00    0.00    0.00   17.00    18  listener
10:18:29 AM  1000     16563    7.00    8.00    0.00    0.00   15.00     5  listener
10:18:29 AM  1000     16565   14.00    1.00    0.00    0.00   15.00     0  listener
10:18:29 AM  1000     16567   10.00    5.00    0.00    0.00   15.00     7  listener
10:18:29 AM  1000     16569    0.00    0.00    0.00    0.00    0.00    10  listener

10:18:29 AM   UID       PID    %usr %system  %guest   %wait    %CPU   CPU  Command
10:18:30 AM  1000     16557    0.00   15.00    0.00    0.00   15.00     3  listener
10:18:30 AM  1000     16559    0.00   15.00    0.00    0.00   15.00    12  listener
10:18:30 AM  1000     16561    6.00   11.00    0.00    0.00   17.00    18  listener
10:18:30 AM  1000     16563   13.00    1.00    0.00    0.00   14.00     5  listener
10:18:30 AM  1000     16565   11.00    3.00    0.00    0.00   14.00     5  listener
10:18:30 AM  1000     16567   12.00    4.00    0.00    0.00   16.00    12  listener
10:18:30 AM  1000     16569    0.00    0.00    0.00    0.00    0.00    10  listener

10:18:30 AM   UID       PID    %usr %system  %guest   %wait    %CPU   CPU  Command
10:18:31 AM  1000     16557    0.00   16.00    0.00    0.00   16.00     3  listener
10:18:31 AM  1000     16559    0.00   16.00    0.00    0.00   16.00     1  listener
10:18:31 AM  1000     16561    4.00   12.00    0.00    0.00   16.00    18  listener
10:18:31 AM  1000     16563   12.00    3.00    0.00    0.00   15.00     1  listener
10:18:31 AM  1000     16565   12.00    3.00    0.00    0.00   15.00     0  listener
10:18:31 AM  1000     16567   13.00    1.00    0.00    0.00   14.00     7  listener
10:18:31 AM  1000     16569    0.00    0.00    0.00    0.00    0.00    10  listener

10:18:31 AM   UID       PID    %usr %system  %guest   %wait    %CPU   CPU  Command
10:18:32 AM  1000     16557    0.00   15.00    0.00    0.00   15.00    18  listener
10:18:32 AM  1000     16559    0.00   16.00    0.00    0.00   16.00     1  listener
10:18:32 AM  1000     16561    5.00   13.00    0.00    0.00   18.00    18  listener
10:18:32 AM  1000     16563   15.00    0.00    0.00    0.00   15.00     5  listener
10:18:32 AM  1000     16565   11.00    3.00    0.00    0.00   14.00     5  listener
10:18:32 AM  1000     16567   10.00    4.00    0.00    0.00   14.00    12  listener
10:18:32 AM  1000     16569    0.00    0.00    0.00    0.00    0.00    10  listener

10:18:32 AM   UID       PID    %usr %system  %guest   %wait    %CPU   CPU  Command
10:18:33 AM  1000     16557    0.00   15.00    0.00    0.00   15.00     6  listener
10:18:33 AM  1000     16559    0.00   16.00    0.00    0.00   16.00    18  listener
10:18:33 AM  1000     16561    6.00   10.00    0.00    0.00   16.00    18  listener
10:18:33 AM  1000     16563   10.00    6.00    0.00    0.00   16.00     6  listener
10:18:33 AM  1000     16565   15.00    0.00    0.00    0.00   15.00     0  listener
10:18:33 AM  1000     16567    4.00   11.00    0.00    0.00   15.00    12  listener
10:18:33 AM  1000     16569    0.00    0.00    0.00    0.00    0.00    10  listener

10:18:33 AM   UID       PID    %usr %system  %guest   %wait    %CPU   CPU  Command
10:18:34 AM  1000     16557    0.00   15.00    0.00    0.00   15.00     0  listener
10:18:34 AM  1000     16559    0.00   15.00    0.00    0.00   15.00     0  listener
10:18:34 AM  1000     16561    7.00   10.00    0.00    0.00   17.00    18  listener
10:18:34 AM  1000     16563    9.00    5.00    0.00    0.00   14.00    17  listener
10:18:34 AM  1000     16565   13.00    2.00    0.00    0.00   15.00     5  listener
10:18:34 AM  1000     16567   12.00    2.00    0.00    0.00   14.00     7  listener
10:18:34 AM  1000     16569    0.00    0.00    0.00    0.00    0.00    10  listener

10:18:34 AM   UID       PID    %usr %system  %guest   %wait    %CPU   CPU  Command
10:18:35 AM  1000     16557    0.00   15.00    0.00    0.00   15.00     0  listener
10:18:35 AM  1000     16559    0.00   17.00    0.00    0.00   17.00     0  listener
10:18:35 AM  1000     16561    4.00   12.00    0.00    0.00   16.00    12  listener
10:18:35 AM  1000     16563   14.00    1.00    0.00    0.00   15.00     5  listener
10:18:35 AM  1000     16565   14.00    0.00    0.00    0.00   14.00     2  listener
10:18:35 AM  1000     16567   13.00    3.00    0.00    0.00   16.00     8  listener
10:18:35 AM  1000     16569    0.00    0.00    0.00    0.00    0.00    10  listener

10:18:35 AM   UID       PID    %usr %system  %guest   %wait    %CPU   CPU  Command
10:18:36 AM  1000     16557    0.00   16.00    0.00    0.00   16.00    18  listener
10:18:36 AM  1000     16559    0.00   15.00    0.00    0.00   15.00     0  listener
10:18:36 AM  1000     16561    6.00   11.00    0.00    0.00   17.00     1  listener
10:18:36 AM  1000     16563   13.00    2.00    0.00    0.00   15.00    18  listener
10:18:36 AM  1000     16565   12.00    3.00    0.00    0.00   15.00     2  listener
10:18:36 AM  1000     16567   13.00    1.00    0.00    0.00   14.00    12  listener
10:18:36 AM  1000     16569    0.00    0.00    0.00    0.00    0.00    10  listener

10:18:36 AM   UID       PID    %usr %system  %guest   %wait    %CPU   CPU  Command
10:18:37 AM  1000     16557    0.00   15.00    0.00    0.00   15.00     6  listener
10:18:37 AM  1000     16559    0.00   16.00    0.00    0.00   16.00     1  listener
10:18:37 AM  1000     16561    4.00   12.00    0.00    0.00   16.00     1  listener
10:18:37 AM  1000     16563   13.00    2.00    0.00    0.00   15.00    14  listener
10:18:37 AM  1000     16565   14.00    1.00    0.00    0.00   15.00     0  listener
10:18:37 AM  1000     16567   12.00    3.00    0.00    0.00   15.00    12  listener
10:18:37 AM  1000     16569    0.00    0.00    0.00    0.00    0.00    10  listener

10:18:37 AM   UID       PID    %usr %system  %guest   %wait    %CPU   CPU  Command
10:18:38 AM  1000     16557    0.00   16.00    0.00    0.00   16.00    18  listener
10:18:38 AM  1000     16559    0.00   16.00    0.00    0.00   16.00     6  listener
10:18:38 AM  1000     16561    6.00   12.00    0.00    0.00   18.00     8  listener
10:18:38 AM  1000     16563    9.00    5.00    0.00    0.00   14.00    14  listener
10:18:38 AM  1000     16565   12.00    3.00    0.00    0.00   15.00     6  listener
10:18:38 AM  1000     16567   13.00    2.00    0.00    0.00   15.00    15  listener
10:18:38 AM  1000     16569    0.00    0.00    0.00    0.00    0.00    10  listener

10:18:38 AM   UID       PID    %usr %system  %guest   %wait    %CPU   CPU  Command
10:18:39 AM  1000     16557    0.00   15.00    0.00    0.00   15.00    18  listener
10:18:39 AM  1000     16559    0.00   15.00    0.00    0.00   15.00     6  listener
10:18:39 AM  1000     16561    5.00   12.00    0.00    0.00   17.00     1  listener
10:18:39 AM  1000     16563   15.00    0.00    0.00    0.00   15.00     8  listener
10:18:39 AM  1000     16565   14.00    0.00    0.00    0.00   14.00     6  listener
10:18:39 AM  1000     16567   14.00    1.00    0.00    0.00   15.00    15  listener
10:18:39 AM  1000     16569    0.00    0.00    0.00    0.00    0.00    10  listener

10:18:39 AM   UID       PID    %usr %system  %guest   %wait    %CPU   CPU  Command
10:18:40 AM  1000     16557    0.00   15.00    0.00    0.00   15.00     6  listener
10:18:40 AM  1000     16559    0.00   16.00    0.00    0.00   16.00    13  listener
10:18:40 AM  1000     16561    7.00    9.00    0.00    0.00   16.00     1  listener
10:18:40 AM  1000     16563   13.00    2.00    0.00    0.00   15.00    14  listener
10:18:40 AM  1000     16565   11.00    4.00    0.00    0.00   15.00     2  listener
10:18:40 AM  1000     16567   13.00    2.00    0.00    0.00   15.00    15  listener
10:18:40 AM  1000     16569    0.00    0.00    0.00    0.00    0.00    10  listener

10:18:40 AM   UID       PID    %usr %system  %guest   %wait    %CPU   CPU  Command
10:18:41 AM  1000     16557    0.00   15.00    0.00    0.00   15.00     6  listener
10:18:41 AM  1000     16559    0.00   15.00    0.00    0.00   15.00    14  listener
10:18:41 AM  1000     16561    4.00   13.00    0.00    0.00   17.00     8  listener
10:18:41 AM  1000     16563    2.00   13.00    0.00    0.00   15.00    11  listener
10:18:41 AM  1000     16565   13.00    1.00    0.00    0.00   14.00    13  listener
10:18:41 AM  1000     16567   11.00    3.00    0.00    0.00   14.00    15  listener
10:18:41 AM  1000     16569    0.00    0.00    0.00    0.00    0.00    10  listener

10:18:41 AM   UID       PID    %usr %system  %guest   %wait    %CPU   CPU  Command
10:18:42 AM  1000     16557    0.00   16.00    0.00    0.00   16.00     6  listener
10:18:42 AM  1000     16559    0.00   16.00    0.00    0.00   16.00    14  listener
10:18:42 AM  1000     16561    5.00   11.00    0.00    0.00   16.00     6  listener
10:18:42 AM  1000     16563   15.00    1.00    0.00    0.00   16.00    14  listener
10:18:42 AM  1000     16565   14.00    0.00    0.00    0.00   14.00    19  listener
10:18:42 AM  1000     16567   12.00    3.00    0.00    0.00   15.00    15  listener
10:18:42 AM  1000     16569    0.00    0.00    0.00    0.00    0.00    10  listener

10:18:42 AM   UID       PID    %usr %system  %guest   %wait    %CPU   CPU  Command
10:18:43 AM  1000     16557    0.00   15.00    0.00    0.00   15.00    18  listener
10:18:43 AM  1000     16559    0.00   16.00    0.00    0.00   16.00     7  listener
10:18:43 AM  1000     16561    5.00   12.00    0.00    0.00   17.00     6  listener
10:18:43 AM  1000     16563   13.00    1.00    0.00    0.00   14.00    19  listener
10:18:43 AM  1000     16565    1.00   15.00    0.00    0.00   16.00    19  listener
10:18:43 AM  1000     16567   13.00    2.00    0.00    0.00   15.00    15  listener
10:18:43 AM  1000     16569    0.00    0.00    0.00    0.00    0.00    10  listener

10:18:43 AM   UID       PID    %usr %system  %guest   %wait    %CPU   CPU  Command
10:18:44 AM  1000     16557    0.00   16.00    0.00    0.00   16.00    18  listener
10:18:44 AM  1000     16559    0.00   16.00    0.00    0.00   16.00    18  listener
10:18:44 AM  1000     16561    5.00   12.00    0.00    0.00   17.00     6  listener
10:18:44 AM  1000     16563    7.00    8.00    0.00    0.00   15.00    19  listener
10:18:44 AM  1000     16565   12.00    2.00    0.00    0.00   14.00    15  listener
10:18:44 AM  1000     16567   13.00    2.00    0.00    0.00   15.00    19  listener
10:18:44 AM  1000     16569    0.00    0.00    0.00    0.00    0.00    10  listener

10:18:44 AM   UID       PID    %usr %system  %guest   %wait    %CPU   CPU  Command
10:18:45 AM  1000     16557    0.00   15.00    0.00    0.00   15.00    18  listener
10:18:45 AM  1000     16559    0.00   15.00    0.00    0.00   15.00     1  listener
10:18:45 AM  1000     16561    6.00   10.00    0.00    0.00   16.00    12  listener
10:18:45 AM  1000     16563   14.00    1.00    0.00    0.00   15.00    16  listener
10:18:45 AM  1000     16565   15.00    0.00    0.00    0.00   15.00    16  listener
10:18:45 AM  1000     16567   14.00    1.00    0.00    0.00   15.00    15  listener
10:18:45 AM  1000     16569    0.00    0.00    0.00    0.00    0.00    10  listener

10:18:45 AM   UID       PID    %usr %system  %guest   %wait    %CPU   CPU  Command
10:18:46 AM  1000     16557    0.00   15.00    0.00    0.00   15.00    18  listener
10:18:46 AM  1000     16559    0.00   15.00    0.00    0.00   15.00    13  listener
10:18:46 AM  1000     16561    4.00   12.00    0.00    0.00   16.00    12  listener
10:18:46 AM  1000     16563   13.00    1.00    0.00    0.00   14.00    16  listener
10:18:46 AM  1000     16565    9.00    5.00    0.00    0.00   14.00     8  listener
10:18:46 AM  1000     16567    8.00    6.00    0.00    0.00   14.00    19  listener
10:18:46 AM  1000     16569    0.00    0.00    0.00    0.00    0.00    10  listener

10:18:46 AM   UID       PID    %usr %system  %guest   %wait    %CPU   CPU  Command
10:18:47 AM  1000     16557    0.00   16.00    0.00    0.00   16.00    18  listener
10:18:47 AM  1000     16559    0.00   16.00    0.00    0.00   16.00     8  listener
10:18:47 AM  1000     16561    6.00   12.00    0.00    0.00   18.00     8  listener
10:18:47 AM  1000     16563   13.00    3.00    0.00    0.00   16.00    16  listener
10:18:47 AM  1000     16565   13.00    2.00    0.00    0.00   15.00    16  listener
10:18:47 AM  1000     16567   14.00    1.00    0.00    0.00   15.00    15  listener
10:18:47 AM  1000     16569    0.00    0.00    0.00    0.00    0.00    10  listener

10:18:47 AM   UID       PID    %usr %system  %guest   %wait    %CPU   CPU  Command
10:18:48 AM  1000     16557    0.00   15.00    0.00    0.00   15.00    18  listener
10:18:48 AM  1000     16559    0.00   16.00    0.00    0.00   16.00    16  listener
10:18:48 AM  1000     16561    5.00   11.00    0.00    0.00   16.00     3  listener
10:18:48 AM  1000     16563    3.00   11.00    0.00    0.00   14.00    14  listener
10:18:48 AM  1000     16565   11.00    3.00    0.00    0.00   14.00    16  listener
10:18:48 AM  1000     16567   13.00    2.00    0.00    0.00   15.00    19  listener
10:18:48 AM  1000     16569    0.00    0.00    0.00    0.00    0.00    10  listener

10:18:48 AM   UID       PID    %usr %system  %guest   %wait    %CPU   CPU  Command
10:18:49 AM  1000     16557    0.00   15.00    0.00    0.00   15.00    18  listener
10:18:49 AM  1000     16559    0.00   15.00    0.00    0.00   15.00    10  listener
10:18:49 AM  1000     16561    4.00   13.00    0.00    0.00   17.00     8  listener
10:18:49 AM  1000     16563    4.00   10.00    0.00    0.00   14.00    14  listener
10:18:49 AM  1000     16565    8.00    6.00    0.00    0.00   14.00    16  listener
10:18:49 AM  1000     16567    7.00    7.00    0.00    0.00   14.00    13  listener
10:18:49 AM  1000     16569    0.00    0.00    0.00    0.00    0.00    15  listener

10:18:49 AM   UID       PID    %usr %system  %guest   %wait    %CPU   CPU  Command
10:18:50 AM  1000     16557    0.00   16.00    0.00    0.00   16.00    18  listener
10:18:50 AM  1000     16559    0.00   15.00    0.00    0.00   15.00    10  listener
10:18:50 AM  1000     16561    4.00   12.00    0.00    0.00   16.00    12  listener
10:18:50 AM  1000     16563    0.00   15.00    0.00    0.00   15.00    15  listener
10:18:50 AM  1000     16565   12.00    3.00    0.00    0.00   15.00    16  listener
10:18:50 AM  1000     16567    8.00    6.00    0.00    0.00   14.00    19  listener
10:18:50 AM  1000     16569    0.00    0.00    0.00    0.00    0.00    15  listener

10:18:50 AM   UID       PID    %usr %system  %guest   %wait    %CPU   CPU  Command
10:18:51 AM  1000     16557    0.00   16.00    0.00    0.00   16.00     8  listener
10:18:51 AM  1000     16559    0.00   15.00    0.00    0.00   15.00    13  listener
10:18:51 AM  1000     16561    5.00   11.00    0.00    0.00   16.00    15  listener
10:18:51 AM  1000     16563    9.00    7.00    0.00    0.00   16.00    15  listener
10:18:51 AM  1000     16565   11.00    3.00    0.00    0.00   14.00     1  listener
10:18:51 AM  1000     16567   13.00    2.00    0.00    0.00   15.00    19  listener
10:18:51 AM  1000     16569    0.00    0.00    0.00    0.00    0.00    15  listener

10:18:51 AM   UID       PID    %usr %system  %guest   %wait    %CPU   CPU  Command
10:18:52 AM  1000     16557    0.00   15.00    0.00    0.00   15.00    18  listener
10:18:52 AM  1000     16559    0.00   15.00    0.00    0.00   15.00    13  listener
10:18:52 AM  1000     16561    5.00   12.00    0.00    0.00   17.00    19  listener
10:18:52 AM  1000     16563   13.00    1.00    0.00    0.00   14.00    16  listener
10:18:52 AM  1000     16565   14.00    0.00    0.00    0.00   14.00    19  listener
10:18:52 AM  1000     16567   11.00    3.00    0.00    0.00   14.00    13  listener
10:18:52 AM  1000     16569    0.00    0.00    0.00    0.00    0.00    15  listener

10:18:52 AM   UID       PID    %usr %system  %guest   %wait    %CPU   CPU  Command
10:18:53 AM  1000     16557    0.00   16.00    0.00    0.00   16.00     0  listener
10:18:53 AM  1000     16559    0.00   15.00    0.00    0.00   15.00    13  listener
10:18:53 AM  1000     16561    5.00   10.00    0.00    0.00   15.00     0  listener
10:18:53 AM  1000     16563    0.00   14.00    0.00    0.00   14.00    16  listener
10:18:53 AM  1000     16565   15.00    0.00    0.00    0.00   15.00    19  listener
10:18:53 AM  1000     16567    1.00   14.00    0.00    0.00   15.00     5  listener
10:18:53 AM  1000     16569    0.00    0.00    0.00    0.00    0.00    15  listener

10:18:53 AM   UID       PID    %usr %system  %guest   %wait    %CPU   CPU  Command
10:18:54 AM  1000     16557    0.00   15.00    0.00    0.00   15.00    17  listener
10:18:54 AM  1000     16559    0.00   16.00    0.00    0.00   16.00    10  listener
10:18:54 AM  1000     16561    6.00   12.00    0.00    0.00   18.00     0  listener
10:18:54 AM  1000     16563    0.00   15.00    0.00    0.00   15.00    16  listener
10:18:54 AM  1000     16565   14.00    0.00    0.00    0.00   14.00    19  listener
10:18:54 AM  1000     16567   11.00    3.00    0.00    0.00   14.00    15  listener
10:18:54 AM  1000     16569    0.00    0.00    0.00    0.00    0.00    15  listener

10:18:54 AM   UID       PID    %usr %system  %guest   %wait    %CPU   CPU  Command
10:18:55 AM  1000     16557    0.00   15.00    0.00    0.00   15.00    16  listener
10:18:55 AM  1000     16559    0.00   16.00    0.00    0.00   16.00     8  listener
10:18:55 AM  1000     16561    6.00   10.00    0.00    0.00   16.00    16  listener
10:18:55 AM  1000     16563    0.00   15.00    0.00    0.00   15.00    17  listener
10:18:55 AM  1000     16565   14.00    0.00    0.00    0.00   14.00    19  listener
10:18:55 AM  1000     16567    9.00    7.00    0.00    0.00   16.00    15  listener
10:18:55 AM  1000     16569    0.00    0.00    0.00    0.00    0.00    15  listener

10:18:55 AM   UID       PID    %usr %system  %guest   %wait    %CPU   CPU  Command
10:18:56 AM  1000     16557    0.00   15.00    0.00    0.00   15.00    17  listener
10:18:56 AM  1000     16559    0.00   15.00    0.00    0.00   15.00     8  listener
10:18:56 AM  1000     16561    8.00    9.00    0.00    0.00   17.00    16  listener
10:18:56 AM  1000     16563    0.00   15.00    0.00    0.00   15.00     5  listener
10:18:56 AM  1000     16565   10.00    5.00    0.00    0.00   15.00    19  listener
10:18:56 AM  1000     16567   13.00    0.00    0.00    0.00   13.00    15  listener
10:18:56 AM  1000     16569    0.00    0.00    0.00    0.00    0.00    16  listener

10:18:56 AM   UID       PID    %usr %system  %guest   %wait    %CPU   CPU  Command
10:18:57 AM  1000     16557    0.00   15.00    0.00    0.00   15.00    17  listener
10:18:57 AM  1000     16559    0.00   16.00    0.00    0.00   16.00    10  listener
10:18:57 AM  1000     16561    6.00   11.00    0.00    0.00   17.00    12  listener
10:18:57 AM  1000     16563    0.00   15.00    0.00    0.00   15.00     8  listener
10:18:57 AM  1000     16565   10.00    5.00    0.00    0.00   15.00    19  listener
10:18:57 AM  1000     16567    8.00    7.00    0.00    0.00   15.00    15  listener
10:18:57 AM  1000     16569    0.00    0.00    0.00    0.00    0.00    15  listener

10:18:57 AM   UID       PID    %usr %system  %guest   %wait    %CPU   CPU  Command
10:18:58 AM  1000     16557    0.00   16.00    0.00    0.00   16.00    13  listener
10:18:58 AM  1000     16559    0.00   16.00    0.00    0.00   16.00     8  listener
10:18:58 AM  1000     16561    8.00    9.00    0.00    0.00   17.00    12  listener
10:18:58 AM  1000     16563    0.00   15.00    0.00    0.00   15.00    11  listener
10:18:58 AM  1000     16565    8.00    6.00    0.00    0.00   14.00    19  listener
10:18:58 AM  1000     16567   14.00    0.00    0.00    0.00   14.00    16  listener
10:18:58 AM  1000     16569    0.00    0.00    0.00    0.00    0.00    19  listener

10:18:58 AM   UID       PID    %usr %system  %guest   %wait    %CPU   CPU  Command
10:18:59 AM  1000     16557    0.00   15.00    0.00    0.00   15.00    14  listener
10:18:59 AM  1000     16559    0.00   15.00    0.00    0.00   15.00    16  listener
10:18:59 AM  1000     16561    8.00    8.00    0.00    0.00   16.00    17  listener
10:18:59 AM  1000     16563    0.00   15.00    0.00    0.00   15.00     5  listener
10:18:59 AM  1000     16565   13.00    2.00    0.00    0.00   15.00    12  listener
10:18:59 AM  1000     16567   11.00    4.00    0.00    0.00   15.00    16  listener
10:18:59 AM  1000     16569    0.00    0.00    0.00    0.00    0.00    19  listener

10:18:59 AM   UID       PID    %usr %system  %guest   %wait    %CPU   CPU  Command
10:19:00 AM  1000     16557    0.00   15.00    0.00    0.00   15.00    13  listener
10:19:00 AM  1000     16559    0.00   16.00    0.00    0.00   16.00     8  listener
10:19:00 AM  1000     16561    0.00   17.00    0.00    0.00   17.00    18  listener
10:19:00 AM  1000     16563    0.00   14.00    0.00    0.00   14.00     3  listener
10:19:00 AM  1000     16565   12.00    2.00    0.00    0.00   14.00    12  listener
10:19:00 AM  1000     16567   13.00    2.00    0.00    0.00   15.00     6  listener
10:19:00 AM  1000     16569    0.00    0.00    0.00    0.00    0.00    19  listener

10:19:00 AM   UID       PID    %usr %system  %guest   %wait    %CPU   CPU  Command
10:19:01 AM  1000     16557    0.00   15.00    0.00    0.00   15.00    13  listener
10:19:01 AM  1000     16559    0.00   15.00    0.00    0.00   15.00    18  listener
10:19:01 AM  1000     16561    5.00   11.00    0.00    0.00   16.00    19  listener
10:19:01 AM  1000     16563    0.00   15.00    0.00    0.00   15.00     7  listener
10:19:01 AM  1000     16565   12.00    2.00    0.00    0.00   14.00    12  listener
10:19:01 AM  1000     16567   14.00    0.00    0.00    0.00   14.00    16  listener
10:19:01 AM  1000     16569    0.00    0.00    0.00    0.00    0.00    19  listener

Average:      UID       PID    %usr %system  %guest   %wait    %CPU   CPU  Command
Average:     1000     16557    2.02   13.20    0.00    0.00   15.22     -  listener
Average:     1000     16559    0.25   15.23    0.00    0.00   15.48     -  listener
Average:     1000     16561    5.05   11.70    0.00    0.00   16.75     -  listener
Average:     1000     16563    9.82    5.05    0.00    0.00   14.87     -  listener
Average:     1000     16565   11.93    2.60    0.00    0.00   14.53     -  listener
Average:     1000     16567   11.62    3.07    0.00    0.00   14.68     -  listener
Average:     1000     16569    0.00    0.00    0.00    0.00    0.00     -  listener
