Linux 6.5.0-44-generic (npc2408016) 	06/17/2025 	_x86_64_	(22 CPU)

10:35:59 AM   UID       PID    %usr %system  %guest   %wait    %CPU   CPU  Command
10:36:00 AM  1000     21461    3.96    9.90    0.00    0.00   13.86     9  listener
10:36:00 AM  1000     21463    0.00   16.83    0.00    0.00   16.83    18  listener
10:36:00 AM  1000     21465    9.90    3.96    0.00    0.00   13.86    16  listener
10:36:00 AM  1000     21467    2.97   11.88    0.00    0.00   14.85     3  listener
10:36:00 AM  1000     21469    1.98   12.87    0.00    0.00   14.85    10  listener
10:36:00 AM  1000     21471    8.91    3.96    0.00    0.00   12.87     1  listener
10:36:00 AM  1000     21473   10.89    2.97    0.00    0.00   13.86     9  listener
10:36:00 AM  1000     21475    9.90    2.97    0.00    0.00   12.87     3  listener
10:36:00 AM  1000     21477   14.85    0.99    0.00    0.00   15.84    13  listener
10:36:00 AM  1000     21479    8.91    4.95    0.00    0.00   13.86    13  listener
10:36:00 AM  1000     21481    3.96   10.89    0.00    0.00   14.85    19  listener
10:36:00 AM  1000     21483    0.00    0.00    0.00    0.00    0.00     4  listener

10:36:00 AM   UID       PID    %usr %system  %guest   %wait    %CPU   CPU  Command
10:36:01 AM  1000     21461    3.00    9.00    0.00    0.00   12.00    13  listener
10:36:01 AM  1000     21463    0.00   16.00    0.00    0.00   16.00    18  listener
10:36:01 AM  1000     21465   11.00    4.00    0.00    0.00   15.00    16  listener
10:36:01 AM  1000     21467    5.00    9.00    0.00    0.00   14.00     0  listener
10:36:01 AM  1000     21469    3.00   12.00    0.00    0.00   15.00    10  listener
10:36:01 AM  1000     21471   10.00    4.00    0.00    0.00   14.00     8  listener
10:36:01 AM  1000     21473   12.00    3.00    0.00    0.00   15.00    15  listener
10:36:01 AM  1000     21475   12.00    2.00    0.00    0.00   14.00    17  listener
10:36:01 AM  1000     21477    9.00    6.00    0.00    0.00   15.00     4  listener
10:36:01 AM  1000     21479    9.00    4.00    0.00    0.00   13.00     8  listener
10:36:01 AM  1000     21481    4.00   12.00    0.00    0.00   16.00     5  listener
10:36:01 AM  1000     21483    0.00    0.00    0.00    0.00    0.00     4  listener

10:36:01 AM   UID       PID    %usr %system  %guest   %wait    %CPU   CPU  Command
10:36:02 AM  1000     21461    4.00   10.00    0.00    0.00   14.00     9  listener
10:36:02 AM  1000     21463    0.00   16.00    0.00    0.00   16.00     3  listener
10:36:02 AM  1000     21465    8.00    7.00    0.00    0.00   15.00     0  listener
10:36:02 AM  1000     21467    6.00    8.00    0.00    0.00   14.00     1  listener
10:36:02 AM  1000     21469    2.00   11.00    0.00    0.00   13.00    10  listener
10:36:02 AM  1000     21471   10.00    4.00    0.00    0.00   14.00     8  listener
10:36:02 AM  1000     21473   11.00    3.00    0.00    0.00   14.00     9  listener
10:36:02 AM  1000     21475   11.00    2.00    0.00    0.00   13.00    17  listener
10:36:02 AM  1000     21477   13.00    2.00    0.00    0.00   15.00    18  listener
10:36:02 AM  1000     21479    9.00    4.00    0.00    0.00   13.00     8  listener
10:36:02 AM  1000     21481    4.00   11.00    0.00    0.00   15.00     5  listener
10:36:02 AM  1000     21483    0.00    0.00    0.00    0.00    0.00     4  listener

10:36:02 AM   UID       PID    %usr %system  %guest   %wait    %CPU   CPU  Command
10:36:03 AM  1000     21461    3.00   10.00    0.00    0.00   13.00    14  listener
10:36:03 AM  1000     21463    3.00   13.00    0.00    0.00   16.00     6  listener
10:36:03 AM  1000     21465   10.00    5.00    0.00    0.00   15.00     0  listener
10:36:03 AM  1000     21467    5.00    9.00    0.00    0.00   14.00     1  listener
10:36:03 AM  1000     21469    4.00   11.00    0.00    0.00   15.00    12  listener
10:36:03 AM  1000     21471    8.00    6.00    0.00    0.00   14.00    15  listener
10:36:03 AM  1000     21473   11.00    3.00    0.00    0.00   14.00     9  listener
10:36:03 AM  1000     21475   14.00    0.00    0.00    0.00   14.00    18  listener
10:36:03 AM  1000     21477   13.00    2.00    0.00    0.00   15.00     3  listener
10:36:03 AM  1000     21479    7.00    6.00    0.00    0.00   13.00     4  listener
10:36:03 AM  1000     21481    4.00   12.00    0.00    0.00   16.00    18  listener
10:36:03 AM  1000     21483    0.00    0.00    0.00    0.00    0.00     4  listener

10:36:03 AM   UID       PID    %usr %system  %guest   %wait    %CPU   CPU  Command
10:36:04 AM  1000     21461    4.00   10.00    0.00    0.00   14.00    14  listener
10:36:04 AM  1000     21463    5.00   11.00    0.00    0.00   16.00    18  listener
10:36:04 AM  1000     21465    8.00    6.00    0.00    0.00   14.00    17  listener
10:36:04 AM  1000     21467    5.00    9.00    0.00    0.00   14.00    13  listener
10:36:04 AM  1000     21469    3.00   11.00    0.00    0.00   14.00    12  listener
10:36:04 AM  1000     21471   10.00    4.00    0.00    0.00   14.00     9  listener
10:36:04 AM  1000     21473    9.00    4.00    0.00    0.00   13.00     9  listener
10:36:04 AM  1000     21475   10.00    3.00    0.00    0.00   13.00    13  listener
10:36:04 AM  1000     21477   15.00    1.00    0.00    0.00   16.00     6  listener
10:36:04 AM  1000     21479    8.00    6.00    0.00    0.00   14.00     8  listener
10:36:04 AM  1000     21481    4.00   11.00    0.00    0.00   15.00    18  listener
10:36:04 AM  1000     21483    0.00    0.00    0.00    0.00    0.00     4  listener

10:36:04 AM   UID       PID    %usr %system  %guest   %wait    %CPU   CPU  Command
10:36:05 AM  1000     21461    3.00   10.00    0.00    0.00   13.00     7  listener
10:36:05 AM  1000     21463    4.00   12.00    0.00    0.00   16.00     8  listener
10:36:05 AM  1000     21465   10.00    5.00    0.00    0.00   15.00     7  listener
10:36:05 AM  1000     21467    5.00    9.00    0.00    0.00   14.00    13  listener
10:36:05 AM  1000     21469    4.00   11.00    0.00    0.00   15.00    15  listener
10:36:05 AM  1000     21471    8.00    5.00    0.00    0.00   13.00    15  listener
10:36:05 AM  1000     21473   13.00    2.00    0.00    0.00   15.00    15  listener
10:36:05 AM  1000     21475   12.00    2.00    0.00    0.00   14.00    15  listener
10:36:05 AM  1000     21477   12.00    2.00    0.00    0.00   14.00     5  listener
10:36:05 AM  1000     21479    8.00    5.00    0.00    0.00   13.00     8  listener
10:36:05 AM  1000     21481    4.00   12.00    0.00    0.00   16.00    15  listener
10:36:05 AM  1000     21483    0.00    0.00    0.00    0.00    0.00     4  listener

10:36:05 AM   UID       PID    %usr %system  %guest   %wait    %CPU   CPU  Command
10:36:06 AM  1000     21461    4.00   11.00    0.00    0.00   15.00    12  listener
10:36:06 AM  1000     21463    5.00   11.00    0.00    0.00   16.00    14  listener
10:36:06 AM  1000     21465    7.00    7.00    0.00    0.00   14.00    11  listener
10:36:06 AM  1000     21467    6.00    8.00    0.00    0.00   14.00     0  listener
10:36:06 AM  1000     21469    3.00   10.00    0.00    0.00   13.00    15  listener
10:36:06 AM  1000     21471    9.00    6.00    0.00    0.00   15.00     9  listener
10:36:06 AM  1000     21473    5.00    8.00    0.00    0.00   13.00     9  listener
10:36:06 AM  1000     21475   13.00    1.00    0.00    0.00   14.00    15  listener
10:36:06 AM  1000     21477   14.00    1.00    0.00    0.00   15.00     5  listener
10:36:06 AM  1000     21479    9.00    5.00    0.00    0.00   14.00     8  listener
10:36:06 AM  1000     21481    4.00   11.00    0.00    0.00   15.00    10  listener
10:36:06 AM  1000     21483    0.00    0.00    0.00    0.00    0.00     4  listener

10:36:06 AM   UID       PID    %usr %system  %guest   %wait    %CPU   CPU  Command
10:36:07 AM  1000     21461    4.00    9.00    0.00    0.00   13.00     7  listener
10:36:07 AM  1000     21463    4.00   11.00    0.00    0.00   15.00    14  listener
10:36:07 AM  1000     21465   11.00    5.00    0.00    0.00   16.00    14  listener
10:36:07 AM  1000     21467    5.00    9.00    0.00    0.00   14.00     7  listener
10:36:07 AM  1000     21469    4.00   11.00    0.00    0.00   15.00    15  listener
10:36:07 AM  1000     21471    7.00    6.00    0.00    0.00   13.00    15  listener
10:36:07 AM  1000     21473    8.00    6.00    0.00    0.00   14.00    14  listener
10:36:07 AM  1000     21475   11.00    1.00    0.00    0.00   12.00     2  listener
10:36:07 AM  1000     21477   13.00    2.00    0.00    0.00   15.00     3  listener
10:36:07 AM  1000     21479    9.00    4.00    0.00    0.00   13.00     8  listener
10:36:07 AM  1000     21481    4.00   12.00    0.00    0.00   16.00     0  listener
10:36:07 AM  1000     21483    0.00    0.00    0.00    0.00    0.00     4  listener

10:36:07 AM   UID       PID    %usr %system  %guest   %wait    %CPU   CPU  Command
10:36:08 AM  1000     21461    3.00   11.00    0.00    0.00   14.00     0  listener
10:36:08 AM  1000     21463    5.00   12.00    0.00    0.00   17.00    18  listener
10:36:08 AM  1000     21465    9.00    5.00    0.00    0.00   14.00    13  listener
10:36:08 AM  1000     21467    5.00    9.00    0.00    0.00   14.00     7  listener
10:36:08 AM  1000     21469    4.00   10.00    0.00    0.00   14.00    12  listener
10:36:08 AM  1000     21471   10.00    4.00    0.00    0.00   14.00    13  listener
10:36:08 AM  1000     21473   11.00    3.00    0.00    0.00   14.00    14  listener
10:36:08 AM  1000     21475   11.00    3.00    0.00    0.00   14.00    12  listener
10:36:08 AM  1000     21477   14.00    2.00    0.00    0.00   16.00     2  listener
10:36:08 AM  1000     21479    8.00    5.00    0.00    0.00   13.00     2  listener
10:36:08 AM  1000     21481    4.00   11.00    0.00    0.00   15.00    16  listener
10:36:08 AM  1000     21483    0.00    0.00    0.00    0.00    0.00     4  listener

10:36:08 AM   UID       PID    %usr %system  %guest   %wait    %CPU   CPU  Command
10:36:09 AM  1000     21461    4.00   10.00    0.00    0.00   14.00     8  listener
10:36:09 AM  1000     21463    4.00   11.00    0.00    0.00   15.00    15  listener
10:36:09 AM  1000     21465    7.00    8.00    0.00    0.00   15.00    13  listener
10:36:09 AM  1000     21467    5.00    9.00    0.00    0.00   14.00     7  listener
10:36:09 AM  1000     21469    3.00   10.00    0.00    0.00   13.00    12  listener
10:36:09 AM  1000     21471   13.00    1.00    0.00    0.00   14.00    16  listener
10:36:09 AM  1000     21473    8.00    6.00    0.00    0.00   14.00    16  listener
10:36:09 AM  1000     21475   14.00    0.00    0.00    0.00   14.00    12  listener
10:36:09 AM  1000     21477   13.00    2.00    0.00    0.00   15.00     4  listener
10:36:09 AM  1000     21479    9.00    5.00    0.00    0.00   14.00     8  listener
10:36:09 AM  1000     21481    4.00   12.00    0.00    0.00   16.00     0  listener
10:36:09 AM  1000     21483    0.00    0.00    0.00    0.00    0.00     4  listener

10:36:09 AM   UID       PID    %usr %system  %guest   %wait    %CPU   CPU  Command
10:36:10 AM  1000     21461    3.00    9.00    0.00    0.00   12.00    14  listener
10:36:10 AM  1000     21463    5.00   11.00    0.00    0.00   16.00    14  listener
10:36:10 AM  1000     21465    7.00    7.00    0.00    0.00   14.00    13  listener
10:36:10 AM  1000     21467    4.00   10.00    0.00    0.00   14.00     7  listener
10:36:10 AM  1000     21469    4.00   10.00    0.00    0.00   14.00    15  listener
10:36:10 AM  1000     21471   10.00    3.00    0.00    0.00   13.00    18  listener
10:36:10 AM  1000     21473   13.00    1.00    0.00    0.00   14.00    16  listener
10:36:10 AM  1000     21475   12.00    1.00    0.00    0.00   13.00     3  listener
10:36:10 AM  1000     21477   13.00    3.00    0.00    0.00   16.00    12  listener
10:36:10 AM  1000     21479    8.00    5.00    0.00    0.00   13.00     8  listener
10:36:10 AM  1000     21481    4.00   11.00    0.00    0.00   15.00    16  listener
10:36:10 AM  1000     21483    0.00    0.00    0.00    0.00    0.00    14  listener

10:36:10 AM   UID       PID    %usr %system  %guest   %wait    %CPU   CPU  Command
10:36:11 AM  1000     21461    4.00   10.00    0.00    0.00   14.00    16  listener
10:36:11 AM  1000     21463    4.00   11.00    0.00    0.00   15.00    14  listener
10:36:11 AM  1000     21465    8.00    7.00    0.00    0.00   15.00     5  listener
10:36:11 AM  1000     21467    8.00    6.00    0.00    0.00   14.00    12  listener
10:36:11 AM  1000     21469    4.00   11.00    0.00    0.00   15.00    12  listener
10:36:11 AM  1000     21471   10.00    4.00    0.00    0.00   14.00     3  listener
10:36:11 AM  1000     21473   12.00    2.00    0.00    0.00   14.00    11  listener
10:36:11 AM  1000     21475    9.00    4.00    0.00    0.00   13.00     8  listener
10:36:11 AM  1000     21477   13.00    2.00    0.00    0.00   15.00    19  listener
10:36:11 AM  1000     21479    8.00    5.00    0.00    0.00   13.00     3  listener
10:36:11 AM  1000     21481    4.00   11.00    0.00    0.00   15.00     0  listener
10:36:11 AM  1000     21483    0.00    0.00    0.00    0.00    0.00    14  listener

10:36:11 AM   UID       PID    %usr %system  %guest   %wait    %CPU   CPU  Command
10:36:12 AM  1000     21461    3.00    9.00    0.00    0.00   12.00    14  listener
10:36:12 AM  1000     21463    5.00   11.00    0.00    0.00   16.00    15  listener
10:36:12 AM  1000     21465    1.00   13.00    0.00    0.00   14.00    16  listener
10:36:12 AM  1000     21467    4.00   10.00    0.00    0.00   14.00    12  listener
10:36:12 AM  1000     21469    3.00   10.00    0.00    0.00   13.00    15  listener
10:36:12 AM  1000     21471   11.00    3.00    0.00    0.00   14.00    17  listener
10:36:12 AM  1000     21473    8.00    6.00    0.00    0.00   14.00    16  listener
10:36:12 AM  1000     21475   12.00    2.00    0.00    0.00   14.00     8  listener
10:36:12 AM  1000     21477   14.00    1.00    0.00    0.00   15.00    19  listener
10:36:12 AM  1000     21479    9.00    5.00    0.00    0.00   14.00     1  listener
10:36:12 AM  1000     21481    4.00   12.00    0.00    0.00   16.00     2  listener
10:36:12 AM  1000     21483    0.00    0.00    0.00    0.00    0.00     4  listener

10:36:12 AM   UID       PID    %usr %system  %guest   %wait    %CPU   CPU  Command
10:36:13 AM  1000     21461    4.00   10.00    0.00    0.00   14.00     1  listener
10:36:13 AM  1000     21463    5.00   11.00    0.00    0.00   16.00    15  listener
10:36:13 AM  1000     21465    0.00   15.00    0.00    0.00   15.00    18  listener
10:36:13 AM  1000     21467    3.00   11.00    0.00    0.00   14.00    12  listener
10:36:13 AM  1000     21469    4.00   11.00    0.00    0.00   15.00    13  listener
10:36:13 AM  1000     21471   12.00    2.00    0.00    0.00   14.00    17  listener
10:36:13 AM  1000     21473   13.00    1.00    0.00    0.00   14.00     0  listener
10:36:13 AM  1000     21475   11.00    1.00    0.00    0.00   12.00     3  listener
10:36:13 AM  1000     21477   15.00    0.00    0.00    0.00   15.00    18  listener
10:36:13 AM  1000     21479    7.00    6.00    0.00    0.00   13.00     3  listener
10:36:13 AM  1000     21481    4.00   11.00    0.00    0.00   15.00    12  listener
10:36:13 AM  1000     21483    0.00    0.00    0.00    0.00    0.00     4  listener

10:36:13 AM   UID       PID    %usr %system  %guest   %wait    %CPU   CPU  Command
10:36:14 AM  1000     21461    3.00   10.00    0.00    0.00   13.00     5  listener
10:36:14 AM  1000     21463    4.00   11.00    0.00    0.00   15.00    18  listener
10:36:14 AM  1000     21465    8.00    8.00    0.00    0.00   16.00    16  listener
10:36:14 AM  1000     21467    0.00   14.00    0.00    0.00   14.00    15  listener
10:36:14 AM  1000     21469    4.00   10.00    0.00    0.00   14.00     4  listener
10:36:14 AM  1000     21471   13.00    0.00    0.00    0.00   13.00    17  listener
10:36:14 AM  1000     21473   13.00    1.00    0.00    0.00   14.00     0  listener
10:36:14 AM  1000     21475   13.00    2.00    0.00    0.00   15.00    19  listener
10:36:14 AM  1000     21477   14.00    1.00    0.00    0.00   15.00    18  listener
10:36:14 AM  1000     21479    9.00    4.00    0.00    0.00   13.00     1  listener
10:36:14 AM  1000     21481    4.00   12.00    0.00    0.00   16.00    18  listener
10:36:14 AM  1000     21483    0.00    0.00    0.00    0.00    0.00     4  listener

10:36:14 AM   UID       PID    %usr %system  %guest   %wait    %CPU   CPU  Command
10:36:15 AM  1000     21461    4.00    9.00    0.00    0.00   13.00    15  listener
10:36:15 AM  1000     21463    5.00   11.00    0.00    0.00   16.00    11  listener
10:36:15 AM  1000     21465    9.00    5.00    0.00    0.00   14.00    14  listener
10:36:15 AM  1000     21467    0.00   14.00    0.00    0.00   14.00    12  listener
10:36:15 AM  1000     21469    3.00   10.00    0.00    0.00   13.00     5  listener
10:36:15 AM  1000     21471   11.00    3.00    0.00    0.00   14.00    17  listener
10:36:15 AM  1000     21473   10.00    4.00    0.00    0.00   14.00     0  listener
10:36:15 AM  1000     21475   11.00    2.00    0.00    0.00   13.00    13  listener
10:36:15 AM  1000     21477   14.00    1.00    0.00    0.00   15.00     6  listener
10:36:15 AM  1000     21479    7.00    6.00    0.00    0.00   13.00     6  listener
10:36:15 AM  1000     21481    5.00   11.00    0.00    0.00   16.00    10  listener
10:36:15 AM  1000     21483    0.00    0.00    0.00    0.00    0.00    14  listener

10:36:15 AM   UID       PID    %usr %system  %guest   %wait    %CPU   CPU  Command
10:36:16 AM  1000     21461    3.00   10.00    0.00    0.00   13.00    13  listener
10:36:16 AM  1000     21463    5.00   11.00    0.00    0.00   16.00    11  listener
10:36:16 AM  1000     21465    3.00   12.00    0.00    0.00   15.00     0  listener
10:36:16 AM  1000     21467    0.00   14.00    0.00    0.00   14.00    15  listener
10:36:16 AM  1000     21469    4.00   10.00    0.00    0.00   14.00     5  listener
10:36:16 AM  1000     21471   11.00    3.00    0.00    0.00   14.00     0  listener
10:36:16 AM  1000     21473   12.00    2.00    0.00    0.00   14.00     0  listener
10:36:16 AM  1000     21475   10.00    3.00    0.00    0.00   13.00    12  listener
10:36:16 AM  1000     21477   14.00    2.00    0.00    0.00   16.00     6  listener
10:36:16 AM  1000     21479    7.00    7.00    0.00    0.00   14.00     6  listener
10:36:16 AM  1000     21481    3.00   11.00    0.00    0.00   14.00     1  listener
10:36:16 AM  1000     21483    0.00    0.00    0.00    0.00    0.00     4  listener

10:36:16 AM   UID       PID    %usr %system  %guest   %wait    %CPU   CPU  Command
10:36:17 AM  1000     21461    4.00    9.00    0.00    0.00   13.00     6  listener
10:36:17 AM  1000     21463    4.00   11.00    0.00    0.00   15.00    11  listener
10:36:17 AM  1000     21465    8.00    7.00    0.00    0.00   15.00    12  listener
10:36:17 AM  1000     21467    0.00   14.00    0.00    0.00   14.00    18  listener
10:36:17 AM  1000     21469    4.00   10.00    0.00    0.00   14.00     9  listener
10:36:17 AM  1000     21471   10.00    3.00    0.00    0.00   13.00     0  listener
10:36:17 AM  1000     21473    9.00    5.00    0.00    0.00   14.00     0  listener
10:36:17 AM  1000     21475   11.00    2.00    0.00    0.00   13.00    14  listener
10:36:17 AM  1000     21477   14.00    1.00    0.00    0.00   15.00     8  listener
10:36:17 AM  1000     21479    8.00    5.00    0.00    0.00   13.00     6  listener
10:36:17 AM  1000     21481    5.00   12.00    0.00    0.00   17.00    10  listener
10:36:17 AM  1000     21483    0.00    0.00    0.00    0.00    0.00     4  listener

10:36:17 AM   UID       PID    %usr %system  %guest   %wait    %CPU   CPU  Command
10:36:18 AM  1000     21461    3.00    9.00    0.00    0.00   12.00    18  listener
10:36:18 AM  1000     21463    5.00   11.00    0.00    0.00   16.00    14  listener
10:36:18 AM  1000     21465   10.00    5.00    0.00    0.00   15.00    13  listener
10:36:18 AM  1000     21467    0.00   14.00    0.00    0.00   14.00    16  listener
10:36:18 AM  1000     21469    3.00   10.00    0.00    0.00   13.00     9  listener
10:36:18 AM  1000     21471   12.00    2.00    0.00    0.00   14.00    13  listener
10:36:18 AM  1000     21473   12.00    2.00    0.00    0.00   14.00     0  listener
10:36:18 AM  1000     21475   11.00    3.00    0.00    0.00   14.00    12  listener
10:36:18 AM  1000     21477   14.00    2.00    0.00    0.00   16.00    14  listener
10:36:18 AM  1000     21479    7.00    7.00    0.00    0.00   14.00     6  listener
10:36:18 AM  1000     21481    3.00   11.00    0.00    0.00   14.00     1  listener
10:36:18 AM  1000     21483    0.00    0.00    0.00    0.00    0.00     4  listener

10:36:18 AM   UID       PID    %usr %system  %guest   %wait    %CPU   CPU  Command
10:36:19 AM  1000     21461    4.00   10.00    0.00    0.00   14.00     7  listener
10:36:19 AM  1000     21463    4.00   11.00    0.00    0.00   15.00    17  listener
10:36:19 AM  1000     21465    7.00    7.00    0.00    0.00   14.00    12  listener
10:36:19 AM  1000     21467    0.00   13.00    0.00    0.00   13.00    18  listener
10:36:19 AM  1000     21469    4.00   11.00    0.00    0.00   15.00     9  listener
10:36:19 AM  1000     21471    9.00    4.00    0.00    0.00   13.00     0  listener
10:36:19 AM  1000     21473   11.00    3.00    0.00    0.00   14.00    13  listener
10:36:19 AM  1000     21475   11.00    2.00    0.00    0.00   13.00    19  listener
10:36:19 AM  1000     21477   12.00    2.00    0.00    0.00   14.00    19  listener
10:36:19 AM  1000     21479    8.00    4.00    0.00    0.00   12.00     6  listener
10:36:19 AM  1000     21481    5.00   11.00    0.00    0.00   16.00     1  listener
10:36:19 AM  1000     21483    0.00    0.00    0.00    0.00    0.00     4  listener

10:36:19 AM   UID       PID    %usr %system  %guest   %wait    %CPU   CPU  Command
10:36:20 AM  1000     21461    3.00    9.00    0.00    0.00   12.00    16  listener
10:36:20 AM  1000     21463    5.00   11.00    0.00    0.00   16.00    17  listener
10:36:20 AM  1000     21465    8.00    7.00    0.00    0.00   15.00    12  listener
10:36:20 AM  1000     21467    0.00   14.00    0.00    0.00   14.00    10  listener
10:36:20 AM  1000     21469    4.00   10.00    0.00    0.00   14.00     9  listener
10:36:20 AM  1000     21471   10.00    4.00    0.00    0.00   14.00    14  listener
10:36:20 AM  1000     21473   10.00    4.00    0.00    0.00   14.00    13  listener
10:36:20 AM  1000     21475   12.00    1.00    0.00    0.00   13.00     8  listener
10:36:20 AM  1000     21477    9.00    6.00    0.00    0.00   15.00     8  listener
10:36:20 AM  1000     21479    9.00    5.00    0.00    0.00   14.00    17  listener
10:36:20 AM  1000     21481    4.00   12.00    0.00    0.00   16.00     1  listener
10:36:20 AM  1000     21483    0.00    0.00    0.00    0.00    0.00    14  listener

10:36:20 AM   UID       PID    %usr %system  %guest   %wait    %CPU   CPU  Command
10:36:21 AM  1000     21461    4.00   10.00    0.00    0.00   14.00    10  listener
10:36:21 AM  1000     21463    4.00   11.00    0.00    0.00   15.00     8  listener
10:36:21 AM  1000     21465    1.00   14.00    0.00    0.00   15.00     5  listener
10:36:21 AM  1000     21467    0.00   14.00    0.00    0.00   14.00    18  listener
10:36:21 AM  1000     21469    4.00   10.00    0.00    0.00   14.00     9  listener
10:36:21 AM  1000     21471   12.00    2.00    0.00    0.00   14.00    12  listener
10:36:21 AM  1000     21473   10.00    3.00    0.00    0.00   13.00    15  listener
10:36:21 AM  1000     21475   12.00    2.00    0.00    0.00   14.00     0  listener
10:36:21 AM  1000     21477   13.00    3.00    0.00    0.00   16.00    17  listener
10:36:21 AM  1000     21479    7.00    6.00    0.00    0.00   13.00    17  listener
10:36:21 AM  1000     21481    4.00   11.00    0.00    0.00   15.00    15  listener
10:36:21 AM  1000     21483    0.00    0.00    0.00    0.00    0.00     4  listener

10:36:21 AM   UID       PID    %usr %system  %guest   %wait    %CPU   CPU  Command
10:36:22 AM  1000     21461    3.00    9.00    0.00    0.00   12.00     3  listener
10:36:22 AM  1000     21463    5.00   10.00    0.00    0.00   15.00     8  listener
10:36:22 AM  1000     21465    0.00   15.00    0.00    0.00   15.00     2  listener
10:36:22 AM  1000     21467    4.00   10.00    0.00    0.00   14.00    19  listener
10:36:22 AM  1000     21469    3.00   10.00    0.00    0.00   13.00    10  listener
10:36:22 AM  1000     21471   11.00    3.00    0.00    0.00   14.00    12  listener
10:36:22 AM  1000     21473   11.00    4.00    0.00    0.00   15.00     6  listener
10:36:22 AM  1000     21475   13.00    0.00    0.00    0.00   13.00     0  listener
10:36:22 AM  1000     21477   14.00    1.00    0.00    0.00   15.00    19  listener
10:36:22 AM  1000     21479    9.00    5.00    0.00    0.00   14.00     6  listener
10:36:22 AM  1000     21481    4.00   12.00    0.00    0.00   16.00    13  listener
10:36:22 AM  1000     21483    0.00    0.00    0.00    0.00    0.00     4  listener

10:36:22 AM   UID       PID    %usr %system  %guest   %wait    %CPU   CPU  Command
10:36:23 AM  1000     21461    4.00   10.00    0.00    0.00   14.00    12  listener
10:36:23 AM  1000     21463    5.00   11.00    0.00    0.00   16.00     6  listener
10:36:23 AM  1000     21465    0.00   14.00    0.00    0.00   14.00    15  listener
10:36:23 AM  1000     21467    0.00   14.00    0.00    0.00   14.00    19  listener
10:36:23 AM  1000     21469    4.00   10.00    0.00    0.00   14.00    10  listener
10:36:23 AM  1000     21471   14.00    0.00    0.00    0.00   14.00     1  listener
10:36:23 AM  1000     21473   11.00    2.00    0.00    0.00   13.00    15  listener
10:36:23 AM  1000     21475   10.00    4.00    0.00    0.00   14.00     0  listener
10:36:23 AM  1000     21477   13.00    2.00    0.00    0.00   15.00    19  listener
10:36:23 AM  1000     21479    5.00    8.00    0.00    0.00   13.00     6  listener
10:36:23 AM  1000     21481    4.00   11.00    0.00    0.00   15.00    16  listener
10:36:23 AM  1000     21483    0.00    0.00    0.00    0.00    0.00     4  listener

10:36:23 AM   UID       PID    %usr %system  %guest   %wait    %CPU   CPU  Command
10:36:24 AM  1000     21461    3.00    9.00    0.00    0.00   12.00    19  listener
10:36:24 AM  1000     21463    4.00   11.00    0.00    0.00   15.00    13  listener
10:36:24 AM  1000     21465    0.00   15.00    0.00    0.00   15.00     3  listener
10:36:24 AM  1000     21467    6.00    8.00    0.00    0.00   14.00    19  listener
10:36:24 AM  1000     21469    4.00   10.00    0.00    0.00   14.00     9  listener
10:36:24 AM  1000     21471   11.00    2.00    0.00    0.00   13.00     5  listener
10:36:24 AM  1000     21473   10.00    4.00    0.00    0.00   14.00    15  listener
10:36:24 AM  1000     21475   12.00    2.00    0.00    0.00   14.00    12  listener
10:36:24 AM  1000     21477   13.00    2.00    0.00    0.00   15.00     3  listener
10:36:24 AM  1000     21479    5.00    9.00    0.00    0.00   14.00    17  listener
10:36:24 AM  1000     21481    8.00    8.00    0.00    0.00   16.00     8  listener
10:36:24 AM  1000     21483    0.00    0.00    0.00    0.00    0.00     4  listener

10:36:24 AM   UID       PID    %usr %system  %guest   %wait    %CPU   CPU  Command
10:36:25 AM  1000     21461    4.00    9.00    0.00    0.00   13.00     8  listener
10:36:25 AM  1000     21463    5.00   11.00    0.00    0.00   16.00    19  listener
10:36:25 AM  1000     21465    0.00   15.00    0.00    0.00   15.00     0  listener
10:36:25 AM  1000     21467    3.00   11.00    0.00    0.00   14.00    19  listener
10:36:25 AM  1000     21469    4.00   11.00    0.00    0.00   15.00    13  listener
10:36:25 AM  1000     21471   13.00    1.00    0.00    0.00   14.00     5  listener
10:36:25 AM  1000     21473   11.00    4.00    0.00    0.00   15.00    19  listener
10:36:25 AM  1000     21475   11.00    2.00    0.00    0.00   13.00    12  listener
10:36:25 AM  1000     21477   15.00    0.00    0.00    0.00   15.00     3  listener
10:36:25 AM  1000     21479    9.00    4.00    0.00    0.00   13.00    17  listener
10:36:25 AM  1000     21481    8.00    8.00    0.00    0.00   16.00     8  listener
10:36:25 AM  1000     21483    0.00    0.00    0.00    0.00    0.00    19  listener

10:36:25 AM   UID       PID    %usr %system  %guest   %wait    %CPU   CPU  Command
10:36:26 AM  1000     21461    3.00   10.00    0.00    0.00   13.00     6  listener
10:36:26 AM  1000     21463    5.00   11.00    0.00    0.00   16.00     0  listener
10:36:26 AM  1000     21465    0.00   15.00    0.00    0.00   15.00     2  listener
10:36:26 AM  1000     21467    0.00   14.00    0.00    0.00   14.00    19  listener
10:36:26 AM  1000     21469    3.00   10.00    0.00    0.00   13.00    19  listener
10:36:26 AM  1000     21471   11.00    2.00    0.00    0.00   13.00    15  listener
10:36:26 AM  1000     21473   11.00    1.00    0.00    0.00   12.00     2  listener
10:36:26 AM  1000     21475   12.00    2.00    0.00    0.00   14.00    15  listener
10:36:26 AM  1000     21477   13.00    2.00    0.00    0.00   15.00     3  listener
10:36:26 AM  1000     21479    6.00    8.00    0.00    0.00   14.00    16  listener
10:36:26 AM  1000     21481    8.00    7.00    0.00    0.00   15.00     8  listener
10:36:26 AM  1000     21483    0.00    0.00    0.00    0.00    0.00    19  listener

10:36:26 AM   UID       PID    %usr %system  %guest   %wait    %CPU   CPU  Command
10:36:27 AM  1000     21461    4.00    9.00    0.00    0.00   13.00     6  listener
10:36:27 AM  1000     21463    4.00   11.00    0.00    0.00   15.00    19  listener
10:36:27 AM  1000     21465    0.00   15.00    0.00    0.00   15.00    14  listener
10:36:27 AM  1000     21467    0.00   14.00    0.00    0.00   14.00     0  listener
10:36:27 AM  1000     21469    4.00   10.00    0.00    0.00   14.00    19  listener
10:36:27 AM  1000     21471   11.00    3.00    0.00    0.00   14.00    17  listener
10:36:27 AM  1000     21473   12.00    3.00    0.00    0.00   15.00    11  listener
10:36:27 AM  1000     21475   11.00    2.00    0.00    0.00   13.00     1  listener
10:36:27 AM  1000     21477   15.00    1.00    0.00    0.00   16.00     3  listener
10:36:27 AM  1000     21479    9.00    4.00    0.00    0.00   13.00     1  listener
10:36:27 AM  1000     21481   10.00    6.00    0.00    0.00   16.00     4  listener
10:36:27 AM  1000     21483    0.00    0.00    0.00    0.00    0.00    19  listener

10:36:27 AM   UID       PID    %usr %system  %guest   %wait    %CPU   CPU  Command
10:36:28 AM  1000     21461    3.00   10.00    0.00    0.00   13.00     6  listener
10:36:28 AM  1000     21463    5.00   11.00    0.00    0.00   16.00     1  listener
10:36:28 AM  1000     21465    0.00   14.00    0.00    0.00   14.00    13  listener
10:36:28 AM  1000     21467    0.00   14.00    0.00    0.00   14.00     8  listener
10:36:28 AM  1000     21469    4.00   10.00    0.00    0.00   14.00    10  listener
10:36:28 AM  1000     21471   11.00    2.00    0.00    0.00   13.00    16  listener
10:36:28 AM  1000     21473    9.00    4.00    0.00    0.00   13.00    11  listener
10:36:28 AM  1000     21475   10.00    3.00    0.00    0.00   13.00     8  listener
10:36:28 AM  1000     21477   14.00    1.00    0.00    0.00   15.00     5  listener
10:36:28 AM  1000     21479   10.00    3.00    0.00    0.00   13.00    17  listener
10:36:28 AM  1000     21481   10.00    5.00    0.00    0.00   15.00     4  listener
10:36:28 AM  1000     21483    0.00    0.00    0.00    0.00    0.00    19  listener

10:36:28 AM   UID       PID    %usr %system  %guest   %wait    %CPU   CPU  Command
10:36:29 AM  1000     21461    4.00   10.00    0.00    0.00   14.00     3  listener
10:36:29 AM  1000     21463    5.00   11.00    0.00    0.00   16.00     1  listener
10:36:29 AM  1000     21465    0.00   15.00    0.00    0.00   15.00    13  listener
10:36:29 AM  1000     21467    0.00   14.00    0.00    0.00   14.00     8  listener
10:36:29 AM  1000     21469    4.00   10.00    0.00    0.00   14.00    10  listener
10:36:29 AM  1000     21471   11.00    4.00    0.00    0.00   15.00    14  listener
10:36:29 AM  1000     21473   12.00    3.00    0.00    0.00   15.00    11  listener
10:36:29 AM  1000     21475   13.00    1.00    0.00    0.00   14.00    16  listener
10:36:29 AM  1000     21477   15.00    0.00    0.00    0.00   15.00     3  listener
10:36:29 AM  1000     21479    0.00   14.00    0.00    0.00   14.00     1  listener
10:36:29 AM  1000     21481   10.00    6.00    0.00    0.00   16.00     8  listener
10:36:29 AM  1000     21483    0.00    0.00    0.00    0.00    0.00    19  listener

10:36:29 AM   UID       PID    %usr %system  %guest   %wait    %CPU   CPU  Command
10:36:30 AM  1000     21461    4.00    9.00    0.00    0.00   13.00     6  listener
10:36:30 AM  1000     21463    4.00   11.00    0.00    0.00   15.00     0  listener
10:36:30 AM  1000     21465    0.00   15.00    0.00    0.00   15.00     1  listener
10:36:30 AM  1000     21467    0.00   14.00    0.00    0.00   14.00    10  listener
10:36:30 AM  1000     21469    3.00   11.00    0.00    0.00   14.00    19  listener
10:36:30 AM  1000     21471    8.00    5.00    0.00    0.00   13.00    16  listener
10:36:30 AM  1000     21473    9.00    5.00    0.00    0.00   14.00    14  listener
10:36:30 AM  1000     21475   11.00    2.00    0.00    0.00   13.00    11  listener
10:36:30 AM  1000     21477   10.00    6.00    0.00    0.00   16.00     3  listener
10:36:30 AM  1000     21479    0.00   13.00    0.00    0.00   13.00     1  listener
10:36:30 AM  1000     21481   11.00    5.00    0.00    0.00   16.00     8  listener
10:36:30 AM  1000     21483    0.00    0.00    0.00    0.00    0.00    19  listener

10:36:30 AM   UID       PID    %usr %system  %guest   %wait    %CPU   CPU  Command
10:36:31 AM  1000     21461    3.00   10.00    0.00    0.00   13.00    13  listener
10:36:31 AM  1000     21463    5.00   10.00    0.00    0.00   15.00     3  listener
10:36:31 AM  1000     21465    0.00   15.00    0.00    0.00   15.00    17  listener
10:36:31 AM  1000     21467    0.00   14.00    0.00    0.00   14.00     9  listener
10:36:31 AM  1000     21469    4.00   10.00    0.00    0.00   14.00     1  listener
10:36:31 AM  1000     21471   11.00    3.00    0.00    0.00   14.00     6  listener
10:36:31 AM  1000     21473   12.00    2.00    0.00    0.00   14.00    17  listener
10:36:31 AM  1000     21475    8.00    6.00    0.00    0.00   14.00     2  listener
10:36:31 AM  1000     21477   14.00    2.00    0.00    0.00   16.00    12  listener
10:36:31 AM  1000     21479    0.00   13.00    0.00    0.00   13.00     2  listener
10:36:31 AM  1000     21481   12.00    3.00    0.00    0.00   15.00    19  listener
10:36:31 AM  1000     21483    0.00    0.00    0.00    0.00    0.00    19  listener

10:36:31 AM   UID       PID    %usr %system  %guest   %wait    %CPU   CPU  Command
10:36:32 AM  1000     21461    4.00   10.00    0.00    0.00   14.00    13  listener
10:36:32 AM  1000     21463    5.00   12.00    0.00    0.00   17.00    14  listener
10:36:32 AM  1000     21465    0.00   15.00    0.00    0.00   15.00    19  listener
10:36:32 AM  1000     21467    0.00   14.00    0.00    0.00   14.00     9  listener
10:36:32 AM  1000     21469    4.00   10.00    0.00    0.00   14.00     1  listener
10:36:32 AM  1000     21471   11.00    3.00    0.00    0.00   14.00     6  listener
10:36:32 AM  1000     21473   10.00    4.00    0.00    0.00   14.00    11  listener
10:36:32 AM  1000     21475   11.00    2.00    0.00    0.00   13.00     2  listener
10:36:32 AM  1000     21477   15.00    0.00    0.00    0.00   15.00     3  listener
10:36:32 AM  1000     21479    0.00   14.00    0.00    0.00   14.00    10  listener
10:36:32 AM  1000     21481   13.00    3.00    0.00    0.00   16.00    16  listener
10:36:32 AM  1000     21483    0.00    0.00    0.00    0.00    0.00    19  listener

10:36:32 AM   UID       PID    %usr %system  %guest   %wait    %CPU   CPU  Command
10:36:33 AM  1000     21461    3.00    9.00    0.00    0.00   12.00    13  listener
10:36:33 AM  1000     21463    5.00   11.00    0.00    0.00   16.00    10  listener
10:36:33 AM  1000     21465    6.00    9.00    0.00    0.00   15.00    19  listener
10:36:33 AM  1000     21467    1.00   12.00    0.00    0.00   13.00     9  listener
10:36:33 AM  1000     21469    4.00   11.00    0.00    0.00   15.00     1  listener
10:36:33 AM  1000     21471    8.00    6.00    0.00    0.00   14.00    16  listener
10:36:33 AM  1000     21473   12.00    2.00    0.00    0.00   14.00     8  listener
10:36:33 AM  1000     21475    8.00    5.00    0.00    0.00   13.00    19  listener
10:36:33 AM  1000     21477   13.00    2.00    0.00    0.00   15.00     8  listener
10:36:33 AM  1000     21479    0.00   13.00    0.00    0.00   13.00    10  listener
10:36:33 AM  1000     21481    9.00    7.00    0.00    0.00   16.00     2  listener
10:36:33 AM  1000     21483    0.00    0.00    0.00    0.00    0.00    19  listener

10:36:33 AM   UID       PID    %usr %system  %guest   %wait    %CPU   CPU  Command
10:36:34 AM  1000     21461    4.00    9.00    0.00    0.00   13.00    13  listener
10:36:34 AM  1000     21463    4.00   11.00    0.00    0.00   15.00    17  listener
10:36:34 AM  1000     21465    5.00   10.00    0.00    0.00   15.00    19  listener
10:36:34 AM  1000     21467    3.00   12.00    0.00    0.00   15.00    19  listener
10:36:34 AM  1000     21469    3.00   10.00    0.00    0.00   13.00    13  listener
10:36:34 AM  1000     21471    8.00    5.00    0.00    0.00   13.00    10  listener
10:36:34 AM  1000     21473   11.00    3.00    0.00    0.00   14.00    16  listener
10:36:34 AM  1000     21475   12.00    2.00    0.00    0.00   14.00     2  listener
10:36:34 AM  1000     21477   14.00    2.00    0.00    0.00   16.00    14  listener
10:36:34 AM  1000     21479    0.00   13.00    0.00    0.00   13.00    12  listener
10:36:34 AM  1000     21481    5.00   10.00    0.00    0.00   15.00    16  listener
10:36:34 AM  1000     21483    0.00    0.00    0.00    0.00    0.00     4  listener

10:36:34 AM   UID       PID    %usr %system  %guest   %wait    %CPU   CPU  Command
10:36:35 AM  1000     21461    3.00   10.00    0.00    0.00   13.00    18  listener
10:36:35 AM  1000     21463    5.00   11.00    0.00    0.00   16.00    16  listener
10:36:35 AM  1000     21465    8.00    6.00    0.00    0.00   14.00    10  listener
10:36:35 AM  1000     21467    2.00   12.00    0.00    0.00   14.00    19  listener
10:36:35 AM  1000     21469    4.00   10.00    0.00    0.00   14.00     8  listener
10:36:35 AM  1000     21471   13.00    2.00    0.00    0.00   15.00     2  listener
10:36:35 AM  1000     21473   12.00    2.00    0.00    0.00   14.00     0  listener
10:36:35 AM  1000     21475   12.00    2.00    0.00    0.00   14.00     7  listener
10:36:35 AM  1000     21477   14.00    1.00    0.00    0.00   15.00    14  listener
10:36:35 AM  1000     21479    0.00   14.00    0.00    0.00   14.00     1  listener
10:36:35 AM  1000     21481    7.00   10.00    0.00    0.00   17.00    17  listener
10:36:35 AM  1000     21483    0.00    0.00    0.00    0.00    0.00     4  listener

10:36:35 AM   UID       PID    %usr %system  %guest   %wait    %CPU   CPU  Command
10:36:36 AM  1000     21461    4.00   10.00    0.00    0.00   14.00    15  listener
10:36:36 AM  1000     21463    5.00   10.00    0.00    0.00   15.00    17  listener
10:36:36 AM  1000     21465    9.00    5.00    0.00    0.00   14.00    19  listener
10:36:36 AM  1000     21467    5.00    9.00    0.00    0.00   14.00    19  listener
10:36:36 AM  1000     21469    4.00   10.00    0.00    0.00   14.00     8  listener
10:36:36 AM  1000     21471   10.00    3.00    0.00    0.00   13.00     2  listener
10:36:36 AM  1000     21473   11.00    2.00    0.00    0.00   13.00     0  listener
10:36:36 AM  1000     21475   10.00    2.00    0.00    0.00   12.00    18  listener
10:36:36 AM  1000     21477   15.00    0.00    0.00    0.00   15.00    18  listener
10:36:36 AM  1000     21479    0.00   13.00    0.00    0.00   13.00     5  listener
10:36:36 AM  1000     21481    2.00   14.00    0.00    0.00   16.00     4  listener
10:36:36 AM  1000     21483    0.00    0.00    0.00    0.00    0.00     8  listener

10:36:36 AM   UID       PID    %usr %system  %guest   %wait    %CPU   CPU  Command
10:36:37 AM  1000     21461    4.00    9.00    0.00    0.00   13.00    16  listener
10:36:37 AM  1000     21463    4.00   12.00    0.00    0.00   16.00    19  listener
10:36:37 AM  1000     21465    3.00   12.00    0.00    0.00   15.00     0  listener
10:36:37 AM  1000     21467    3.00   11.00    0.00    0.00   14.00     3  listener
10:36:37 AM  1000     21469    4.00   11.00    0.00    0.00   15.00     8  listener
10:36:37 AM  1000     21471   13.00    0.00    0.00    0.00   13.00     2  listener
10:36:37 AM  1000     21473   12.00    3.00    0.00    0.00   15.00    19  listener
10:36:37 AM  1000     21475   11.00    3.00    0.00    0.00   14.00    18  listener
10:36:37 AM  1000     21477   13.00    2.00    0.00    0.00   15.00     6  listener
10:36:37 AM  1000     21479    0.00   13.00    0.00    0.00   13.00     5  listener
10:36:37 AM  1000     21481    0.00   16.00    0.00    0.00   16.00     3  listener
10:36:37 AM  1000     21483    0.00    0.00    0.00    0.00    0.00     8  listener

10:36:37 AM   UID       PID    %usr %system  %guest   %wait    %CPU   CPU  Command
10:36:38 AM  1000     21461    3.00   10.00    0.00    0.00   13.00    18  listener
10:36:38 AM  1000     21463    5.00   11.00    0.00    0.00   16.00    19  listener
10:36:38 AM  1000     21465    0.00   15.00    0.00    0.00   15.00    10  listener
10:36:38 AM  1000     21467    0.00   14.00    0.00    0.00   14.00    19  listener
10:36:38 AM  1000     21469    3.00   10.00    0.00    0.00   13.00    16  listener
10:36:38 AM  1000     21471    7.00    7.00    0.00    0.00   14.00     2  listener
10:36:38 AM  1000     21473    9.00    4.00    0.00    0.00   13.00    19  listener
10:36:38 AM  1000     21475   12.00    2.00    0.00    0.00   14.00    14  listener
10:36:38 AM  1000     21477   11.00    4.00    0.00    0.00   15.00     6  listener
10:36:38 AM  1000     21479    0.00   14.00    0.00    0.00   14.00     5  listener
10:36:38 AM  1000     21481    0.00   15.00    0.00    0.00   15.00     0  listener
10:36:38 AM  1000     21483    0.00    0.00    0.00    0.00    0.00     8  listener

10:36:38 AM   UID       PID    %usr %system  %guest   %wait    %CPU   CPU  Command
10:36:39 AM  1000     21461    4.00    9.00    0.00    0.00   13.00    15  listener
10:36:39 AM  1000     21463    4.00   11.00    0.00    0.00   15.00    19  listener
10:36:39 AM  1000     21465    2.00   13.00    0.00    0.00   15.00    10  listener
10:36:39 AM  1000     21467    3.00   11.00    0.00    0.00   14.00     3  listener
10:36:39 AM  1000     21469    4.00   10.00    0.00    0.00   14.00     8  listener
10:36:39 AM  1000     21471   11.00    3.00    0.00    0.00   14.00     1  listener
10:36:39 AM  1000     21473   11.00    4.00    0.00    0.00   15.00    19  listener
10:36:39 AM  1000     21475   12.00    1.00    0.00    0.00   13.00    16  listener
10:36:39 AM  1000     21477   15.00    1.00    0.00    0.00   16.00     6  listener
10:36:39 AM  1000     21479    0.00   13.00    0.00    0.00   13.00     5  listener
10:36:39 AM  1000     21481    0.00   15.00    0.00    0.00   15.00     8  listener
10:36:39 AM  1000     21483    0.00    0.00    0.00    0.00    0.00     8  listener

10:36:39 AM   UID       PID    %usr %system  %guest   %wait    %CPU   CPU  Command
10:36:40 AM  1000     21461    3.00   10.00    0.00    0.00   13.00    18  listener
10:36:40 AM  1000     21463    5.00   11.00    0.00    0.00   16.00    16  listener
10:36:40 AM  1000     21465    0.00   15.00    0.00    0.00   15.00    10  listener
10:36:40 AM  1000     21467    0.00   14.00    0.00    0.00   14.00    19  listener
10:36:40 AM  1000     21469    4.00   11.00    0.00    0.00   15.00     8  listener
10:36:40 AM  1000     21471    6.00    8.00    0.00    0.00   14.00     3  listener
10:36:40 AM  1000     21473   12.00    1.00    0.00    0.00   13.00    11  listener
10:36:40 AM  1000     21475   11.00    2.00    0.00    0.00   13.00    16  listener
10:36:40 AM  1000     21477   13.00    2.00    0.00    0.00   15.00    18  listener
10:36:40 AM  1000     21479    0.00   14.00    0.00    0.00   14.00     5  listener
10:36:40 AM  1000     21481    4.00   11.00    0.00    0.00   15.00    13  listener
10:36:40 AM  1000     21483    0.00    0.00    0.00    0.00    0.00     8  listener

10:36:40 AM   UID       PID    %usr %system  %guest   %wait    %CPU   CPU  Command
10:36:41 AM  1000     21461    4.00    9.00    0.00    0.00   13.00    18  listener
10:36:41 AM  1000     21463    5.00   11.00    0.00    0.00   16.00    15  listener
10:36:41 AM  1000     21465    0.00   15.00    0.00    0.00   15.00    10  listener
10:36:41 AM  1000     21467    1.00   14.00    0.00    0.00   15.00    17  listener
10:36:41 AM  1000     21469    4.00   10.00    0.00    0.00   14.00    14  listener
10:36:41 AM  1000     21471    7.00    7.00    0.00    0.00   14.00     3  listener
10:36:41 AM  1000     21473   12.00    3.00    0.00    0.00   15.00    19  listener
10:36:41 AM  1000     21475   11.00    3.00    0.00    0.00   14.00    17  listener
10:36:41 AM  1000     21477   14.00    2.00    0.00    0.00   16.00    19  listener
10:36:41 AM  1000     21479    0.00   13.00    0.00    0.00   13.00     6  listener
10:36:41 AM  1000     21481    5.00   11.00    0.00    0.00   16.00     3  listener
10:36:41 AM  1000     21483    0.00    0.00    0.00    0.00    0.00     8  listener

10:36:41 AM   UID       PID    %usr %system  %guest   %wait    %CPU   CPU  Command
10:36:42 AM  1000     21461    3.00   10.00    0.00    0.00   13.00    10  listener
10:36:42 AM  1000     21463    4.00   11.00    0.00    0.00   15.00    15  listener
10:36:42 AM  1000     21465    0.00   15.00    0.00    0.00   15.00    13  listener
10:36:42 AM  1000     21467    1.00   13.00    0.00    0.00   14.00    14  listener
10:36:42 AM  1000     21469    4.00   10.00    0.00    0.00   14.00     8  listener
10:36:42 AM  1000     21471   12.00    2.00    0.00    0.00   14.00     3  listener
10:36:42 AM  1000     21473   11.00    2.00    0.00    0.00   13.00    11  listener
10:36:42 AM  1000     21475   12.00    2.00    0.00    0.00   14.00     0  listener
10:36:42 AM  1000     21477   14.00    1.00    0.00    0.00   15.00     3  listener
10:36:42 AM  1000     21479    0.00   13.00    0.00    0.00   13.00    14  listener
10:36:42 AM  1000     21481    4.00   11.00    0.00    0.00   15.00     2  listener
10:36:42 AM  1000     21483    0.00    0.00    0.00    0.00    0.00     8  listener

10:36:42 AM   UID       PID    %usr %system  %guest   %wait    %CPU   CPU  Command
10:36:43 AM  1000     21461    4.00    9.00    0.00    0.00   13.00    10  listener
10:36:43 AM  1000     21463    5.00   11.00    0.00    0.00   16.00    18  listener
10:36:43 AM  1000     21465    0.00   14.00    0.00    0.00   14.00    13  listener
10:36:43 AM  1000     21467    4.00   10.00    0.00    0.00   14.00    14  listener
10:36:43 AM  1000     21469    4.00   11.00    0.00    0.00   15.00    10  listener
10:36:43 AM  1000     21471   11.00    3.00    0.00    0.00   14.00     3  listener
10:36:43 AM  1000     21473    8.00    7.00    0.00    0.00   15.00    13  listener
10:36:43 AM  1000     21475    8.00    5.00    0.00    0.00   13.00    18  listener
10:36:43 AM  1000     21477   14.00    1.00    0.00    0.00   15.00     3  listener
10:36:43 AM  1000     21479    0.00   14.00    0.00    0.00   14.00    16  listener
10:36:43 AM  1000     21481    5.00   10.00    0.00    0.00   15.00     2  listener
10:36:43 AM  1000     21483    0.00    0.00    0.00    0.00    0.00     8  listener

10:36:43 AM   UID       PID    %usr %system  %guest   %wait    %CPU   CPU  Command
10:36:44 AM  1000     21461    3.00   10.00    0.00    0.00   13.00    16  listener
10:36:44 AM  1000     21463    5.00   11.00    0.00    0.00   16.00     0  listener
10:36:44 AM  1000     21465    8.00    7.00    0.00    0.00   15.00     6  listener
10:36:44 AM  1000     21467    6.00    9.00    0.00    0.00   15.00    14  listener
10:36:44 AM  1000     21469    3.00   10.00    0.00    0.00   13.00     9  listener
10:36:44 AM  1000     21471   13.00    1.00    0.00    0.00   14.00    11  listener
10:36:44 AM  1000     21473   12.00    1.00    0.00    0.00   13.00    12  listener
10:36:44 AM  1000     21475   10.00    3.00    0.00    0.00   13.00     0  listener
10:36:44 AM  1000     21477   15.00    0.00    0.00    0.00   15.00     3  listener
10:36:44 AM  1000     21479    0.00   13.00    0.00    0.00   13.00    14  listener
10:36:44 AM  1000     21481    4.00   11.00    0.00    0.00   15.00    19  listener
10:36:44 AM  1000     21483    0.00    0.00    0.00    0.00    0.00     8  listener

10:36:44 AM   UID       PID    %usr %system  %guest   %wait    %CPU   CPU  Command
10:36:45 AM  1000     21461    4.00   10.00    0.00    0.00   14.00    16  listener
10:36:45 AM  1000     21463    5.00   10.00    0.00    0.00   15.00     8  listener
10:36:45 AM  1000     21465    4.00   11.00    0.00    0.00   15.00     3  listener
10:36:45 AM  1000     21467    4.00   10.00    0.00    0.00   14.00    16  listener
10:36:45 AM  1000     21469    4.00   10.00    0.00    0.00   14.00    14  listener
10:36:45 AM  1000     21471    9.00    5.00    0.00    0.00   14.00     7  listener
10:36:45 AM  1000     21473   12.00    3.00    0.00    0.00   15.00    12  listener
10:36:45 AM  1000     21475   11.00    3.00    0.00    0.00   14.00     0  listener
10:36:45 AM  1000     21477   14.00    1.00    0.00    0.00   15.00    16  listener
10:36:45 AM  1000     21479    5.00    9.00    0.00    0.00   14.00    14  listener
10:36:45 AM  1000     21481    4.00   11.00    0.00    0.00   15.00     1  listener
10:36:45 AM  1000     21483    0.00    0.00    0.00    0.00    0.00     8  listener

10:36:45 AM   UID       PID    %usr %system  %guest   %wait    %CPU   CPU  Command
10:36:46 AM  1000     21461    3.00    9.00    0.00    0.00   12.00    18  listener
10:36:46 AM  1000     21463    5.00   11.00    0.00    0.00   16.00     2  listener
10:36:46 AM  1000     21465    7.00    7.00    0.00    0.00   14.00    16  listener
10:36:46 AM  1000     21467    8.00    6.00    0.00    0.00   14.00    18  listener
10:36:46 AM  1000     21469    4.00   10.00    0.00    0.00   14.00    17  listener
10:36:46 AM  1000     21471   13.00    0.00    0.00    0.00   13.00    16  listener
10:36:46 AM  1000     21473   10.00    3.00    0.00    0.00   13.00    13  listener
10:36:46 AM  1000     21475   11.00    2.00    0.00    0.00   13.00     1  listener
10:36:46 AM  1000     21477   14.00    2.00    0.00    0.00   16.00    16  listener
10:36:46 AM  1000     21479    6.00    7.00    0.00    0.00   13.00    17  listener
10:36:46 AM  1000     21481    5.00   11.00    0.00    0.00   16.00    19  listener
10:36:46 AM  1000     21483    0.00    0.00    0.00    0.00    0.00     8  listener

10:36:46 AM   UID       PID    %usr %system  %guest   %wait    %CPU   CPU  Command
10:36:47 AM  1000     21461    4.00   10.00    0.00    0.00   14.00    17  listener
10:36:47 AM  1000     21463    4.00   11.00    0.00    0.00   15.00     3  listener
10:36:47 AM  1000     21465    4.00   12.00    0.00    0.00   16.00     3  listener
10:36:47 AM  1000     21467    8.00    6.00    0.00    0.00   14.00    18  listener
10:36:47 AM  1000     21469    4.00   11.00    0.00    0.00   15.00    10  listener
10:36:47 AM  1000     21471   13.00    1.00    0.00    0.00   14.00    19  listener
10:36:47 AM  1000     21473   13.00    2.00    0.00    0.00   15.00     6  listener
10:36:47 AM  1000     21475    9.00    5.00    0.00    0.00   14.00     3  listener
10:36:47 AM  1000     21477    5.00   10.00    0.00    0.00   15.00    16  listener
10:36:47 AM  1000     21479    7.00    7.00    0.00    0.00   14.00     7  listener
10:36:47 AM  1000     21481    4.00   10.00    0.00    0.00   14.00    19  listener
10:36:47 AM  1000     21483    0.00    0.00    0.00    0.00    0.00     8  listener

10:36:47 AM   UID       PID    %usr %system  %guest   %wait    %CPU   CPU  Command
10:36:48 AM  1000     21461    4.00    9.00    0.00    0.00   13.00    18  listener
10:36:48 AM  1000     21463    5.00   11.00    0.00    0.00   16.00     2  listener
10:36:48 AM  1000     21465    5.00    9.00    0.00    0.00   14.00    10  listener
10:36:48 AM  1000     21467    7.00    7.00    0.00    0.00   14.00    19  listener
10:36:48 AM  1000     21469    3.00   10.00    0.00    0.00   13.00    10  listener
10:36:48 AM  1000     21471   11.00    3.00    0.00    0.00   14.00    19  listener
10:36:48 AM  1000     21473   12.00    1.00    0.00    0.00   13.00    18  listener
10:36:48 AM  1000     21475   12.00    1.00    0.00    0.00   13.00    16  listener
10:36:48 AM  1000     21477   14.00    1.00    0.00    0.00   15.00    16  listener
10:36:48 AM  1000     21479    7.00    6.00    0.00    0.00   13.00     7  listener
10:36:48 AM  1000     21481    4.00   11.00    0.00    0.00   15.00    13  listener
10:36:48 AM  1000     21483    0.00    0.00    0.00    0.00    0.00     8  listener

10:36:48 AM   UID       PID    %usr %system  %guest   %wait    %CPU   CPU  Command
10:36:49 AM  1000     21461    4.00   10.00    0.00    0.00   14.00    13  listener
10:36:49 AM  1000     21463    5.00   11.00    0.00    0.00   16.00     3  listener
10:36:49 AM  1000     21465    0.00   15.00    0.00    0.00   15.00    19  listener
10:36:49 AM  1000     21467    9.00    5.00    0.00    0.00   14.00    17  listener
10:36:49 AM  1000     21469    4.00   10.00    0.00    0.00   14.00     0  listener
10:36:49 AM  1000     21471   12.00    1.00    0.00    0.00   13.00    17  listener
10:36:49 AM  1000     21473   12.00    3.00    0.00    0.00   15.00    18  listener
10:36:49 AM  1000     21475    8.00    5.00    0.00    0.00   13.00     6  listener
10:36:49 AM  1000     21477   14.00    1.00    0.00    0.00   15.00     6  listener
10:36:49 AM  1000     21479    7.00    6.00    0.00    0.00   13.00     7  listener
10:36:49 AM  1000     21481    5.00   11.00    0.00    0.00   16.00    13  listener
10:36:49 AM  1000     21483    0.00    0.00    0.00    0.00    0.00     8  listener

10:36:49 AM   UID       PID    %usr %system  %guest   %wait    %CPU   CPU  Command
10:36:50 AM  1000     21461    3.00   10.00    0.00    0.00   13.00     0  listener
10:36:50 AM  1000     21463    5.00   12.00    0.00    0.00   17.00     9  listener
10:36:50 AM  1000     21465    0.00   15.00    0.00    0.00   15.00    19  listener
10:36:50 AM  1000     21467    8.00    7.00    0.00    0.00   15.00     8  listener
10:36:50 AM  1000     21469    4.00   10.00    0.00    0.00   14.00     0  listener
10:36:50 AM  1000     21471   12.00    2.00    0.00    0.00   14.00    17  listener
10:36:50 AM  1000     21473   14.00    0.00    0.00    0.00   14.00     9  listener
10:36:50 AM  1000     21475   13.00    1.00    0.00    0.00   14.00    14  listener
10:36:50 AM  1000     21477   15.00    1.00    0.00    0.00   16.00    15  listener
10:36:50 AM  1000     21479    6.00    7.00    0.00    0.00   13.00    15  listener
10:36:50 AM  1000     21481    4.00   11.00    0.00    0.00   15.00    10  listener
10:36:50 AM  1000     21483    0.00    0.00    0.00    0.00    0.00     8  listener

10:36:50 AM   UID       PID    %usr %system  %guest   %wait    %CPU   CPU  Command
10:36:51 AM  1000     21461    4.00    9.00    0.00    0.00   13.00     2  listener
10:36:51 AM  1000     21463    5.00   10.00    0.00    0.00   15.00     0  listener
10:36:51 AM  1000     21465    0.00   14.00    0.00    0.00   14.00     4  listener
10:36:51 AM  1000     21467    8.00    6.00    0.00    0.00   14.00    12  listener
10:36:51 AM  1000     21469    4.00   11.00    0.00    0.00   15.00     0  listener
10:36:51 AM  1000     21471   11.00    3.00    0.00    0.00   14.00    17  listener
10:36:51 AM  1000     21473   12.00    2.00    0.00    0.00   14.00     9  listener
10:36:51 AM  1000     21475   11.00    2.00    0.00    0.00   13.00     3  listener
10:36:51 AM  1000     21477   15.00    0.00    0.00    0.00   15.00    15  listener
10:36:51 AM  1000     21479    7.00    7.00    0.00    0.00   14.00    15  listener
10:36:51 AM  1000     21481    5.00   10.00    0.00    0.00   15.00    13  listener
10:36:51 AM  1000     21483    0.00    0.00    0.00    0.00    0.00     8  listener

10:36:51 AM   UID       PID    %usr %system  %guest   %wait    %CPU   CPU  Command
10:36:52 AM  1000     21461    3.00   10.00    0.00    0.00   13.00    13  listener
10:36:52 AM  1000     21463    5.00   11.00    0.00    0.00   16.00     2  listener
10:36:52 AM  1000     21465    0.00   15.00    0.00    0.00   15.00    15  listener
10:36:52 AM  1000     21467    5.00    9.00    0.00    0.00   14.00     8  listener
10:36:52 AM  1000     21469    4.00   10.00    0.00    0.00   14.00     8  listener
10:36:52 AM  1000     21471   13.00    1.00    0.00    0.00   14.00    18  listener
10:36:52 AM  1000     21473   13.00    0.00    0.00    0.00   13.00    16  listener
10:36:52 AM  1000     21475   11.00    3.00    0.00    0.00   14.00     9  listener
10:36:52 AM  1000     21477   12.00    2.00    0.00    0.00   14.00    15  listener
10:36:52 AM  1000     21479    6.00    7.00    0.00    0.00   13.00     7  listener
10:36:52 AM  1000     21481    4.00   11.00    0.00    0.00   15.00    13  listener
10:36:52 AM  1000     21483    0.00    0.00    0.00    0.00    0.00     4  listener

10:36:52 AM   UID       PID    %usr %system  %guest   %wait    %CPU   CPU  Command
10:36:53 AM  1000     21461    4.00    9.00    0.00    0.00   13.00    13  listener
10:36:53 AM  1000     21463    4.00   11.00    0.00    0.00   15.00     2  listener
10:36:53 AM  1000     21465    0.00   15.00    0.00    0.00   15.00    19  listener
10:36:53 AM  1000     21467    9.00    5.00    0.00    0.00   14.00     8  listener
10:36:53 AM  1000     21469    4.00   10.00    0.00    0.00   14.00     0  listener
10:36:53 AM  1000     21471   12.00    1.00    0.00    0.00   13.00    18  listener
10:36:53 AM  1000     21473   13.00    2.00    0.00    0.00   15.00    17  listener
10:36:53 AM  1000     21475    8.00    5.00    0.00    0.00   13.00     9  listener
10:36:53 AM  1000     21477   14.00    2.00    0.00    0.00   16.00     6  listener
10:36:53 AM  1000     21479    8.00    6.00    0.00    0.00   14.00    15  listener
10:36:53 AM  1000     21481    5.00   11.00    0.00    0.00   16.00     0  listener
10:36:53 AM  1000     21483    0.00    0.00    0.00    0.00    0.00     4  listener

10:36:53 AM   UID       PID    %usr %system  %guest   %wait    %CPU   CPU  Command
10:36:54 AM  1000     21461    4.00   10.00    0.00    0.00   14.00    14  listener
10:36:54 AM  1000     21463    5.00   11.00    0.00    0.00   16.00     5  listener
10:36:54 AM  1000     21465    0.00   14.00    0.00    0.00   14.00     0  listener
10:36:54 AM  1000     21467    6.00    8.00    0.00    0.00   14.00     4  listener
10:36:54 AM  1000     21469    4.00   10.00    0.00    0.00   14.00    17  listener
10:36:54 AM  1000     21471   13.00    1.00    0.00    0.00   14.00    18  listener
10:36:54 AM  1000     21473   10.00    3.00    0.00    0.00   13.00    16  listener
10:36:54 AM  1000     21475   14.00    0.00    0.00    0.00   14.00    14  listener
10:36:54 AM  1000     21477   14.00    2.00    0.00    0.00   16.00     6  listener
10:36:54 AM  1000     21479    8.00    4.00    0.00    0.00   12.00    15  listener
10:36:54 AM  1000     21481    4.00   10.00    0.00    0.00   14.00    13  listener
10:36:54 AM  1000     21483    0.00    0.00    0.00    0.00    0.00     4  listener

10:36:54 AM   UID       PID    %usr %system  %guest   %wait    %CPU   CPU  Command
10:36:55 AM  1000     21461    3.00    9.00    0.00    0.00   12.00    13  listener
10:36:55 AM  1000     21463    5.00   12.00    0.00    0.00   17.00     5  listener
10:36:55 AM  1000     21465    0.00   15.00    0.00    0.00   15.00     1  listener
10:36:55 AM  1000     21467    4.00   11.00    0.00    0.00   15.00    10  listener
10:36:55 AM  1000     21469    4.00   10.00    0.00    0.00   14.00     0  listener
10:36:55 AM  1000     21471   11.00    3.00    0.00    0.00   14.00    18  listener
10:36:55 AM  1000     21473   13.00    1.00    0.00    0.00   14.00    17  listener
10:36:55 AM  1000     21475    8.00    5.00    0.00    0.00   13.00    18  listener
10:36:55 AM  1000     21477   13.00    1.00    0.00    0.00   14.00     1  listener
10:36:55 AM  1000     21479    6.00    8.00    0.00    0.00   14.00     7  listener
10:36:55 AM  1000     21481    5.00   10.00    0.00    0.00   15.00     0  listener
10:36:55 AM  1000     21483    0.00    0.00    0.00    0.00    0.00     8  listener

10:36:55 AM   UID       PID    %usr %system  %guest   %wait    %CPU   CPU  Command
10:36:56 AM  1000     21461    4.00   10.00    0.00    0.00   14.00    13  listener
10:36:56 AM  1000     21463    5.00   11.00    0.00    0.00   16.00    15  listener
10:36:56 AM  1000     21465    0.00   15.00    0.00    0.00   15.00     1  listener
10:36:56 AM  1000     21467    1.00   13.00    0.00    0.00   14.00     6  listener
10:36:56 AM  1000     21469    4.00   11.00    0.00    0.00   15.00     0  listener
10:36:56 AM  1000     21471   11.00    3.00    0.00    0.00   14.00    18  listener
10:36:56 AM  1000     21473   14.00    0.00    0.00    0.00   14.00     9  listener
10:36:56 AM  1000     21475   11.00    2.00    0.00    0.00   13.00    19  listener
10:36:56 AM  1000     21477   13.00    2.00    0.00    0.00   15.00     1  listener
10:36:56 AM  1000     21479    7.00    6.00    0.00    0.00   13.00     7  listener
10:36:56 AM  1000     21481    5.00   11.00    0.00    0.00   16.00     0  listener
10:36:56 AM  1000     21483    0.00    0.00    0.00    0.00    0.00     8  listener

10:36:56 AM   UID       PID    %usr %system  %guest   %wait    %CPU   CPU  Command
10:36:57 AM  1000     21461    4.00    9.00    0.00    0.00   13.00    13  listener
10:36:57 AM  1000     21463    5.00   11.00    0.00    0.00   16.00    15  listener
10:36:57 AM  1000     21465    0.00   14.00    0.00    0.00   14.00     1  listener
10:36:57 AM  1000     21467    0.00   14.00    0.00    0.00   14.00     3  listener
10:36:57 AM  1000     21469    4.00   10.00    0.00    0.00   14.00     0  listener
10:36:57 AM  1000     21471   12.00    1.00    0.00    0.00   13.00    18  listener
10:36:57 AM  1000     21473   14.00    0.00    0.00    0.00   14.00     9  listener
10:36:57 AM  1000     21475   11.00    3.00    0.00    0.00   14.00     1  listener
10:36:57 AM  1000     21477   14.00    1.00    0.00    0.00   15.00    15  listener
10:36:57 AM  1000     21479    9.00    5.00    0.00    0.00   14.00     7  listener
10:36:57 AM  1000     21481    4.00   10.00    0.00    0.00   14.00     0  listener
10:36:57 AM  1000     21483    0.00    0.00    0.00    0.00    0.00     8  listener

10:36:57 AM   UID       PID    %usr %system  %guest   %wait    %CPU   CPU  Command
10:36:58 AM  1000     21461    3.00   10.00    0.00    0.00   13.00     2  listener
10:36:58 AM  1000     21463    6.00   10.00    0.00    0.00   16.00    14  listener
10:36:58 AM  1000     21465    2.00   13.00    0.00    0.00   15.00    10  listener
10:36:58 AM  1000     21467    0.00   14.00    0.00    0.00   14.00    16  listener
10:36:58 AM  1000     21469    4.00   10.00    0.00    0.00   14.00     1  listener
10:36:58 AM  1000     21471   14.00    0.00    0.00    0.00   14.00    18  listener
10:36:58 AM  1000     21473   11.00    2.00    0.00    0.00   13.00     9  listener
10:36:58 AM  1000     21475   11.00    2.00    0.00    0.00   13.00    10  listener
10:36:58 AM  1000     21477   15.00    1.00    0.00    0.00   16.00     1  listener
10:36:58 AM  1000     21479    6.00    7.00    0.00    0.00   13.00    15  listener
10:36:58 AM  1000     21481    4.00   11.00    0.00    0.00   15.00     0  listener
10:36:58 AM  1000     21483    0.00    0.00    0.00    0.00    0.00     4  listener

10:36:58 AM   UID       PID    %usr %system  %guest   %wait    %CPU   CPU  Command
10:36:59 AM  1000     21461    4.00    9.00    0.00    0.00   13.00     2  listener
10:36:59 AM  1000     21463    4.00   12.00    0.00    0.00   16.00    19  listener
10:36:59 AM  1000     21465    8.00    7.00    0.00    0.00   15.00    12  listener
10:36:59 AM  1000     21467    0.00   14.00    0.00    0.00   14.00    15  listener
10:36:59 AM  1000     21469    4.00   11.00    0.00    0.00   15.00     1  listener
10:36:59 AM  1000     21471    8.00    6.00    0.00    0.00   14.00    15  listener
10:36:59 AM  1000     21473   12.00    3.00    0.00    0.00   15.00    13  listener
10:36:59 AM  1000     21475    8.00    5.00    0.00    0.00   13.00     8  listener
10:36:59 AM  1000     21477    8.00    7.00    0.00    0.00   15.00    18  listener
10:36:59 AM  1000     21479    9.00    4.00    0.00    0.00   13.00    12  listener
10:36:59 AM  1000     21481    5.00   11.00    0.00    0.00   16.00    16  listener
10:36:59 AM  1000     21483    0.00    0.00    0.00    0.00    0.00     4  listener

Average:      UID       PID    %usr %system  %guest   %wait    %CPU   CPU  Command
Average:     1000     21461    3.57    9.60    0.00    0.00   13.16     -  listener
Average:     1000     21463    4.43   11.31    0.00    0.00   15.75     -  listener
Average:     1000     21465    3.87   10.88    0.00    0.00   14.75     -  listener
Average:     1000     21467    3.13   10.93    0.00    0.00   14.06     -  listener
Average:     1000     21469    3.70   10.38    0.00    0.00   14.08     -  listener
Average:     1000     21471   10.70    3.05    0.00    0.00   13.75     -  listener
Average:     1000     21473   11.13    2.83    0.00    0.00   13.96     -  listener
Average:     1000     21475   11.01    2.40    0.00    0.00   13.41     -  listener
Average:     1000     21477   13.33    1.90    0.00    0.00   15.23     -  listener
Average:     1000     21479    5.60    7.75    0.00    0.00   13.35     -  listener
Average:     1000     21481    4.98   10.43    0.00    0.00   15.41     -  listener
Average:     1000     21483    0.00    0.00    0.00    0.00    0.00     -  listener
