Linux 6.5.0-44-generic (npc2408016) 	06/20/2025 	_x86_64_	(22 CPU)

09:09:32 AM   UID       PID    %usr %system  %guest   %wait    %CPU   CPU  Command
09:09:33 AM  1000     55270   27.00   32.00    0.00    0.00   59.00     1  listener
09:09:33 AM  1000     55272    0.00    0.00    0.00    0.00    0.00    10  listener

09:09:33 AM   UID       PID    %usr %system  %guest   %wait    %CPU   CPU  Command
09:09:34 AM  1000     55270   28.00   34.00    0.00    0.00   62.00     1  listener
09:09:34 AM  1000     55272    0.00    0.00    0.00    0.00    0.00    10  listener

09:09:34 AM   UID       PID    %usr %system  %guest   %wait    %CPU   CPU  Command
09:09:35 AM  1000     55270   24.00   35.00    0.00    0.00   59.00     8  listener
09:09:35 AM  1000     55272    0.00    0.00    0.00    0.00    0.00    10  listener

09:09:35 AM   UID       PID    %usr %system  %guest   %wait    %CPU   CPU  Command
09:09:36 AM  1000     55270   30.00   32.00    0.00    0.00   62.00     1  listener
09:09:36 AM  1000     55272    0.00    0.00    0.00    0.00    0.00    10  listener

09:09:36 AM   UID       PID    %usr %system  %guest   %wait    %CPU   CPU  Command
09:09:37 AM  1000     55270   28.00   34.00    0.00    0.00   62.00     1  listener
09:09:37 AM  1000     55272    0.00    0.00    0.00    0.00    0.00    10  listener

09:09:37 AM   UID       PID    %usr %system  %guest   %wait    %CPU   CPU  Command
09:09:38 AM  1000     55270   27.00   34.00    0.00    0.00   61.00     1  listener
09:09:38 AM  1000     55272    0.00    0.00    0.00    0.00    0.00    10  listener

09:09:38 AM   UID       PID    %usr %system  %guest   %wait    %CPU   CPU  Command
09:09:39 AM  1000     55270   28.00   34.00    0.00    0.00   62.00     3  listener
09:09:39 AM  1000     55272    0.00    0.00    0.00    0.00    0.00    10  listener

09:09:39 AM   UID       PID    %usr %system  %guest   %wait    %CPU   CPU  Command
09:09:40 AM  1000     55270   25.00   35.00    0.00    0.00   60.00     1  listener
09:09:40 AM  1000     55272    0.00    0.00    0.00    0.00    0.00    10  listener

09:09:40 AM   UID       PID    %usr %system  %guest   %wait    %CPU   CPU  Command
09:09:41 AM  1000     55270   25.00   35.00    0.00    0.00   60.00     8  listener
09:09:41 AM  1000     55272    0.00    0.00    0.00    0.00    0.00    10  listener

09:09:41 AM   UID       PID    %usr %system  %guest   %wait    %CPU   CPU  Command
09:09:42 AM  1000     55270   25.00   35.00    0.00    0.00   60.00     1  listener
09:09:42 AM  1000     55272    0.00    0.00    0.00    0.00    0.00    10  listener

09:09:42 AM   UID       PID    %usr %system  %guest   %wait    %CPU   CPU  Command
09:09:43 AM  1000     55270   25.00   35.00    0.00    0.00   60.00     6  listener
09:09:43 AM  1000     55272    0.00    0.00    0.00    0.00    0.00    10  listener

09:09:43 AM   UID       PID    %usr %system  %guest   %wait    %CPU   CPU  Command
09:09:44 AM  1000     55270   27.00   34.00    0.00    0.00   61.00    12  listener
09:09:44 AM  1000     55272    0.00    0.00    0.00    0.00    0.00    10  listener

09:09:44 AM   UID       PID    %usr %system  %guest   %wait    %CPU   CPU  Command
09:09:45 AM  1000     55270   24.00   37.00    0.00    0.00   61.00     1  listener
09:09:45 AM  1000     55272    0.00    0.00    0.00    0.00    0.00    10  listener

09:09:45 AM   UID       PID    %usr %system  %guest   %wait    %CPU   CPU  Command
09:09:46 AM  1000     55270   26.00   34.00    0.00    0.00   60.00    10  listener
09:09:46 AM  1000     55272    0.00    0.00    0.00    0.00    0.00    10  listener

09:09:46 AM   UID       PID    %usr %system  %guest   %wait    %CPU   CPU  Command
09:09:47 AM  1000     55270   25.00   36.00    0.00    0.00   61.00     3  listener
09:09:47 AM  1000     55272    0.00    0.00    0.00    0.00    0.00    10  listener

09:09:47 AM   UID       PID    %usr %system  %guest   %wait    %CPU   CPU  Command
09:09:48 AM  1000     55270   28.00   33.00    0.00    0.00   61.00     8  listener
09:09:48 AM  1000     55272    0.00    0.00    0.00    0.00    0.00     6  listener

09:09:48 AM   UID       PID    %usr %system  %guest   %wait    %CPU   CPU  Command
09:09:49 AM  1000     55270   25.00   35.00    0.00    0.00   60.00     8  listener
09:09:49 AM  1000     55272    0.00    0.00    0.00    0.00    0.00     6  listener

09:09:49 AM   UID       PID    %usr %system  %guest   %wait    %CPU   CPU  Command
09:09:50 AM  1000     55270   24.00   35.00    0.00    0.00   59.00     8  listener
09:09:50 AM  1000     55272    0.00    0.00    0.00    0.00    0.00     6  listener

09:09:50 AM   UID       PID    %usr %system  %guest   %wait    %CPU   CPU  Command
09:09:51 AM  1000     55270   25.00   34.00    0.00    0.00   59.00    10  listener
09:09:51 AM  1000     55272    0.00    0.00    0.00    0.00    0.00     6  listener

09:09:51 AM   UID       PID    %usr %system  %guest   %wait    %CPU   CPU  Command
09:09:52 AM  1000     55270   27.00   32.00    0.00    0.00   59.00     3  listener
09:09:52 AM  1000     55272    0.00    0.00    0.00    0.00    0.00     6  listener

09:09:52 AM   UID       PID    %usr %system  %guest   %wait    %CPU   CPU  Command
09:09:53 AM  1000     55270   29.00   33.00    0.00    0.00   62.00     5  listener
09:09:53 AM  1000     55272    0.00    0.00    0.00    0.00    0.00     6  listener

09:09:53 AM   UID       PID    %usr %system  %guest   %wait    %CPU   CPU  Command
09:09:54 AM  1000     55270   24.00   37.00    0.00    0.00   61.00     1  listener
09:09:54 AM  1000     55272    0.00    0.00    0.00    0.00    0.00     6  listener

09:09:54 AM   UID       PID    %usr %system  %guest   %wait    %CPU   CPU  Command
09:09:55 AM  1000     55270   28.00   31.00    0.00    0.00   59.00     3  listener
09:09:55 AM  1000     55272    0.00    0.00    0.00    0.00    0.00     6  listener

09:09:55 AM   UID       PID    %usr %system  %guest   %wait    %CPU   CPU  Command
09:09:56 AM  1000     55270   29.00   30.00    0.00    0.00   59.00     6  listener
09:09:56 AM  1000     55272    0.00    0.00    0.00    0.00    0.00     6  listener

09:09:56 AM   UID       PID    %usr %system  %guest   %wait    %CPU   CPU  Command
09:09:57 AM  1000     55270   26.00   35.00    0.00    0.00   61.00     1  listener
09:09:57 AM  1000     55272    0.00    0.00    0.00    0.00    0.00     6  listener

09:09:57 AM   UID       PID    %usr %system  %guest   %wait    %CPU   CPU  Command
09:09:58 AM  1000     55270   24.00   35.00    0.00    0.00   59.00     3  listener
09:09:58 AM  1000     55272    0.00    0.00    0.00    0.00    0.00     6  listener

09:09:58 AM   UID       PID    %usr %system  %guest   %wait    %CPU   CPU  Command
09:09:59 AM  1000     55270   24.00   36.00    0.00    0.00   60.00    10  listener
09:09:59 AM  1000     55272    0.00    0.00    0.00    0.00    0.00     6  listener

09:09:59 AM   UID       PID    %usr %system  %guest   %wait    %CPU   CPU  Command
09:10:00 AM  1000     55270   27.00   35.00    0.00    0.00   62.00     1  listener
09:10:00 AM  1000     55272    0.00    0.00    0.00    0.00    0.00     6  listener

09:10:00 AM   UID       PID    %usr %system  %guest   %wait    %CPU   CPU  Command
09:10:01 AM  1000     55270   28.00   33.00    0.00    0.00   61.00    10  listener
09:10:01 AM  1000     55272    0.00    0.00    0.00    0.00    0.00     6  listener

09:10:01 AM   UID       PID    %usr %system  %guest   %wait    %CPU   CPU  Command
09:10:02 AM  1000     55270   27.00   34.00    0.00    0.00   61.00     3  listener
09:10:02 AM  1000     55272    0.00    0.00    0.00    0.00    0.00     6  listener

09:10:02 AM   UID       PID    %usr %system  %guest   %wait    %CPU   CPU  Command
09:10:03 AM  1000     55270   21.00   41.00    0.00    0.00   62.00    10  listener
09:10:03 AM  1000     55272    0.00    0.00    0.00    0.00    0.00     6  listener

09:10:03 AM   UID       PID    %usr %system  %guest   %wait    %CPU   CPU  Command
09:10:04 AM  1000     55270   28.00   31.00    0.00    0.00   59.00     6  listener
09:10:04 AM  1000     55272    0.00    0.00    0.00    0.00    0.00     6  listener

09:10:04 AM   UID       PID    %usr %system  %guest   %wait    %CPU   CPU  Command
09:10:05 AM  1000     55270   19.00   41.00    0.00    0.00   60.00     8  listener
09:10:05 AM  1000     55272    0.00    0.00    0.00    0.00    0.00     6  listener

09:10:05 AM   UID       PID    %usr %system  %guest   %wait    %CPU   CPU  Command
09:10:06 AM  1000     55270   23.00   40.00    0.00    0.00   63.00     6  listener
09:10:06 AM  1000     55272    0.00    0.00    0.00    0.00    0.00     6  listener

09:10:06 AM   UID       PID    %usr %system  %guest   %wait    %CPU   CPU  Command
09:10:07 AM  1000     55270   15.00   48.00    0.00    0.00   63.00     1  listener
09:10:07 AM  1000     55272    0.00    0.00    0.00    0.00    0.00     6  listener

09:10:07 AM   UID       PID    %usr %system  %guest   %wait    %CPU   CPU  Command
09:10:08 AM  1000     55270   15.00   47.00    0.00    0.00   62.00     1  listener
09:10:08 AM  1000     55272    0.00    0.00    0.00    0.00    0.00     6  listener

09:10:08 AM   UID       PID    %usr %system  %guest   %wait    %CPU   CPU  Command
09:10:09 AM  1000     55270   25.00   35.00    0.00    0.00   60.00    10  listener
09:10:09 AM  1000     55272    0.00    0.00    0.00    0.00    0.00     6  listener

09:10:09 AM   UID       PID    %usr %system  %guest   %wait    %CPU   CPU  Command
09:10:10 AM  1000     55270   18.00   42.00    0.00    0.00   60.00     5  listener
09:10:10 AM  1000     55272    0.00    0.00    0.00    0.00    0.00     6  listener

09:10:10 AM   UID       PID    %usr %system  %guest   %wait    %CPU   CPU  Command
09:10:11 AM  1000     55270   25.00   35.00    0.00    0.00   60.00     1  listener
09:10:11 AM  1000     55272    0.00    0.00    0.00    0.00    0.00     6  listener

09:10:11 AM   UID       PID    %usr %system  %guest   %wait    %CPU   CPU  Command
09:10:12 AM  1000     55270   21.00   37.00    0.00    0.00   58.00     3  listener
09:10:12 AM  1000     55272    0.00    0.00    0.00    0.00    0.00     6  listener

09:10:12 AM   UID       PID    %usr %system  %guest   %wait    %CPU   CPU  Command
09:10:13 AM  1000     55270   19.00   40.00    0.00    0.00   59.00     1  listener
09:10:13 AM  1000     55272    0.00    0.00    0.00    0.00    0.00     6  listener

09:10:13 AM   UID       PID    %usr %system  %guest   %wait    %CPU   CPU  Command
09:10:14 AM  1000     55270   20.00   44.00    0.00    0.00   64.00     2  listener
09:10:14 AM  1000     55272    0.00    0.00    0.00    0.00    0.00     6  listener

09:10:14 AM   UID       PID    %usr %system  %guest   %wait    %CPU   CPU  Command
09:10:15 AM  1000     55270   22.00   38.00    0.00    0.00   60.00     2  listener
09:10:15 AM  1000     55272    0.00    0.00    0.00    0.00    0.00     6  listener

09:10:15 AM   UID       PID    %usr %system  %guest   %wait    %CPU   CPU  Command
09:10:16 AM  1000     55270   20.00   42.00    0.00    0.00   62.00     1  listener
09:10:16 AM  1000     55272    0.00    0.00    0.00    0.00    0.00     6  listener

09:10:16 AM   UID       PID    %usr %system  %guest   %wait    %CPU   CPU  Command
09:10:17 AM  1000     55270   28.00   34.00    0.00    0.00   62.00    10  listener
09:10:17 AM  1000     55272    0.00    0.00    0.00    0.00    0.00     6  listener

09:10:17 AM   UID       PID    %usr %system  %guest   %wait    %CPU   CPU  Command
09:10:18 AM  1000     55270   24.00   37.00    0.00    0.00   61.00     3  listener
09:10:18 AM  1000     55272    0.00    0.00    0.00    0.00    0.00     6  listener

09:10:18 AM   UID       PID    %usr %system  %guest   %wait    %CPU   CPU  Command
09:10:19 AM  1000     55270   22.00   40.00    0.00    0.00   62.00     6  listener
09:10:19 AM  1000     55272    0.00    0.00    0.00    0.00    0.00     6  listener

09:10:19 AM   UID       PID    %usr %system  %guest   %wait    %CPU   CPU  Command
09:10:20 AM  1000     55270   17.00   45.00    0.00    0.00   62.00     1  listener
09:10:20 AM  1000     55272    0.00    0.00    0.00    0.00    0.00     6  listener

09:10:20 AM   UID       PID    %usr %system  %guest   %wait    %CPU   CPU  Command
09:10:21 AM  1000     55270   23.00   36.00    0.00    0.00   59.00     3  listener
09:10:21 AM  1000     55272    0.00    0.00    0.00    0.00    0.00     6  listener

09:10:21 AM   UID       PID    %usr %system  %guest   %wait    %CPU   CPU  Command
09:10:22 AM  1000     55270   11.00   47.00    0.00    0.00   58.00     5  listener
09:10:22 AM  1000     55272    0.00    0.00    0.00    0.00    0.00     6  listener

09:10:22 AM   UID       PID    %usr %system  %guest   %wait    %CPU   CPU  Command
09:10:23 AM  1000     55270   26.00   35.00    0.00    0.00   61.00     1  listener
09:10:23 AM  1000     55272    0.00    0.00    0.00    0.00    0.00     6  listener

09:10:23 AM   UID       PID    %usr %system  %guest   %wait    %CPU   CPU  Command
09:10:24 AM  1000     55270   18.00   44.00    0.00    0.00   62.00     5  listener
09:10:24 AM  1000     55272    0.00    0.00    0.00    0.00    0.00     6  listener

09:10:24 AM   UID       PID    %usr %system  %guest   %wait    %CPU   CPU  Command
09:10:25 AM  1000     55270   19.00   45.00    0.00    0.00   64.00     1  listener
09:10:25 AM  1000     55272    0.00    0.00    0.00    0.00    0.00     6  listener

09:10:25 AM   UID       PID    %usr %system  %guest   %wait    %CPU   CPU  Command
09:10:26 AM  1000     55270   18.00   45.00    0.00    0.00   63.00     3  listener
09:10:26 AM  1000     55272    0.00    0.00    0.00    0.00    0.00     6  listener

09:10:26 AM   UID       PID    %usr %system  %guest   %wait    %CPU   CPU  Command
09:10:27 AM  1000     55270   19.00   43.00    0.00    0.00   62.00     3  listener
09:10:27 AM  1000     55272    0.00    0.00    0.00    0.00    0.00     6  listener

09:10:27 AM   UID       PID    %usr %system  %guest   %wait    %CPU   CPU  Command
09:10:28 AM  1000     55270   18.00   43.00    0.00    0.00   61.00     1  listener
09:10:28 AM  1000     55272    0.00    0.00    0.00    0.00    0.00     6  listener

09:10:28 AM   UID       PID    %usr %system  %guest   %wait    %CPU   CPU  Command
09:10:29 AM  1000     55270   28.00   32.00    0.00    0.00   60.00     7  listener
09:10:29 AM  1000     55272    0.00    0.00    0.00    0.00    0.00     6  listener

09:10:29 AM   UID       PID    %usr %system  %guest   %wait    %CPU   CPU  Command
09:10:30 AM  1000     55270   26.00   35.00    0.00    0.00   61.00     3  listener
09:10:30 AM  1000     55272    0.00    0.00    0.00    0.00    0.00     6  listener

09:10:30 AM   UID       PID    %usr %system  %guest   %wait    %CPU   CPU  Command
09:10:31 AM  1000     55270   16.00   47.00    0.00    0.00   63.00     6  listener
09:10:31 AM  1000     55272    0.00    0.00    0.00    0.00    0.00     6  listener

09:10:31 AM   UID       PID    %usr %system  %guest   %wait    %CPU   CPU  Command
09:10:32 AM  1000     55270   17.00   44.00    0.00    0.00   61.00     8  listener
09:10:32 AM  1000     55272    0.00    0.00    0.00    0.00    0.00     6  listener

Average:      UID       PID    %usr %system  %guest   %wait    %CPU   CPU  Command
Average:     1000     55270   23.50   37.28    0.00    0.00   60.78     -  listener
Average:     1000     55272    0.00    0.00    0.00    0.00    0.00     -  listener
