Linux 6.5.0-44-generic (npc2408016) 	06/18/2025 	_x86_64_	(22 CPU)

09:57:32 AM   UID       PID    %usr %system  %guest   %wait    %CPU   CPU  Command
09:57:33 AM  1000     21154   12.00   26.00    0.00    0.00   38.00    12  listener
09:57:33 AM  1000     21156    0.00    0.00    0.00    0.00    0.00     0  listener

09:57:33 AM   UID       PID    %usr %system  %guest   %wait    %CPU   CPU  Command
09:57:34 AM  1000     21154   10.00   28.00    0.00    0.00   38.00    10  listener
09:57:34 AM  1000     21156    0.00    0.00    0.00    0.00    0.00     0  listener

09:57:34 AM   UID       PID    %usr %system  %guest   %wait    %CPU   CPU  Command
09:57:35 AM  1000     21154    9.00   31.00    0.00    0.00   40.00    10  listener
09:57:35 AM  1000     21156    0.00    0.00    0.00    0.00    0.00     0  listener

09:57:35 AM   UID       PID    %usr %system  %guest   %wait    %CPU   CPU  Command
09:57:36 AM  1000     21154   13.00   26.00    0.00    0.00   39.00    12  listener
09:57:36 AM  1000     21156    0.00    0.00    0.00    0.00    0.00     0  listener

09:57:36 AM   UID       PID    %usr %system  %guest   %wait    %CPU   CPU  Command
09:57:37 AM  1000     21154   12.00   27.00    0.00    0.00   39.00    12  listener
09:57:37 AM  1000     21156    0.00    0.00    0.00    0.00    0.00     0  listener

09:57:37 AM   UID       PID    %usr %system  %guest   %wait    %CPU   CPU  Command
09:57:38 AM  1000     21154    6.00   35.00    0.00    0.00   41.00    12  listener
09:57:38 AM  1000     21156    0.00    0.00    0.00    0.00    0.00     0  listener

09:57:38 AM   UID       PID    %usr %system  %guest   %wait    %CPU   CPU  Command
09:57:39 AM  1000     21154   10.00   30.00    0.00    0.00   40.00    12  listener
09:57:39 AM  1000     21156    0.00    0.00    0.00    0.00    0.00     0  listener

09:57:39 AM   UID       PID    %usr %system  %guest   %wait    %CPU   CPU  Command
09:57:40 AM  1000     21154   11.00   29.00    0.00    0.00   40.00    12  listener
09:57:40 AM  1000     21156    0.00    0.00    0.00    0.00    0.00     0  listener

09:57:40 AM   UID       PID    %usr %system  %guest   %wait    %CPU   CPU  Command
09:57:41 AM  1000     21154   11.00   28.00    0.00    0.00   39.00    10  listener
09:57:41 AM  1000     21156    0.00    0.00    0.00    0.00    0.00     0  listener

09:57:41 AM   UID       PID    %usr %system  %guest   %wait    %CPU   CPU  Command
09:57:42 AM  1000     21154   10.00   30.00    0.00    0.00   40.00    10  listener
09:57:42 AM  1000     21156    0.00    0.00    0.00    0.00    0.00     0  listener

09:57:42 AM   UID       PID    %usr %system  %guest   %wait    %CPU   CPU  Command
09:57:43 AM  1000     21154   10.00   29.00    0.00    0.00   39.00    10  listener
09:57:43 AM  1000     21156    0.00    0.00    0.00    0.00    0.00     0  listener

09:57:43 AM   UID       PID    %usr %system  %guest   %wait    %CPU   CPU  Command
09:57:44 AM  1000     21154    8.00   32.00    0.00    0.00   40.00    12  listener
09:57:44 AM  1000     21156    0.00    0.00    0.00    0.00    0.00     0  listener

09:57:44 AM   UID       PID    %usr %system  %guest   %wait    %CPU   CPU  Command
09:57:45 AM  1000     21154    9.00   31.00    0.00    0.00   40.00    12  listener
09:57:45 AM  1000     21156    0.00    0.00    0.00    0.00    0.00     0  listener

09:57:45 AM   UID       PID    %usr %system  %guest   %wait    %CPU   CPU  Command
09:57:46 AM  1000     21154   10.00   29.00    0.00    0.00   39.00    12  listener
09:57:46 AM  1000     21156    0.00    0.00    0.00    0.00    0.00     0  listener

09:57:46 AM   UID       PID    %usr %system  %guest   %wait    %CPU   CPU  Command
09:57:47 AM  1000     21154   10.00   29.00    0.00    0.00   39.00    12  listener
09:57:47 AM  1000     21156    0.00    0.00    0.00    0.00    0.00     8  listener

09:57:47 AM   UID       PID    %usr %system  %guest   %wait    %CPU   CPU  Command
09:57:48 AM  1000     21154    9.00   31.00    0.00    0.00   40.00     3  listener
09:57:48 AM  1000     21156    0.00    0.00    0.00    0.00    0.00     8  listener

09:57:48 AM   UID       PID    %usr %system  %guest   %wait    %CPU   CPU  Command
09:57:49 AM  1000     21154   11.00   27.00    0.00    0.00   38.00    12  listener
09:57:49 AM  1000     21156    0.00    0.00    0.00    0.00    0.00     8  listener

09:57:49 AM   UID       PID    %usr %system  %guest   %wait    %CPU   CPU  Command
09:57:50 AM  1000     21154    8.00   31.00    0.00    0.00   39.00    12  listener
09:57:50 AM  1000     21156    0.00    0.00    0.00    0.00    0.00     8  listener

09:57:50 AM   UID       PID    %usr %system  %guest   %wait    %CPU   CPU  Command
09:57:51 AM  1000     21154    7.00   32.00    0.00    0.00   39.00    14  listener
09:57:51 AM  1000     21156    0.00    0.00    0.00    0.00    0.00     8  listener

09:57:51 AM   UID       PID    %usr %system  %guest   %wait    %CPU   CPU  Command
09:57:52 AM  1000     21154    9.00   30.00    0.00    0.00   39.00    12  listener
09:57:52 AM  1000     21156    0.00    0.00    0.00    0.00    0.00     8  listener

09:57:52 AM   UID       PID    %usr %system  %guest   %wait    %CPU   CPU  Command
09:57:53 AM  1000     21154    7.00   34.00    0.00    0.00   41.00    13  listener
09:57:53 AM  1000     21156    0.00    0.00    0.00    0.00    0.00     8  listener

09:57:53 AM   UID       PID    %usr %system  %guest   %wait    %CPU   CPU  Command
09:57:54 AM  1000     21154   10.00   29.00    0.00    0.00   39.00    13  listener
09:57:54 AM  1000     21156    0.00    0.00    0.00    0.00    0.00     8  listener

09:57:54 AM   UID       PID    %usr %system  %guest   %wait    %CPU   CPU  Command
09:57:55 AM  1000     21154    6.00   34.00    0.00    0.00   40.00    13  listener
09:57:55 AM  1000     21156    0.00    0.00    0.00    0.00    0.00     8  listener

09:57:55 AM   UID       PID    %usr %system  %guest   %wait    %CPU   CPU  Command
09:57:56 AM  1000     21154    9.00   29.00    0.00    0.00   38.00    14  listener
09:57:56 AM  1000     21156    0.00    0.00    0.00    0.00    0.00     8  listener

09:57:56 AM   UID       PID    %usr %system  %guest   %wait    %CPU   CPU  Command
09:57:57 AM  1000     21154    5.00   35.00    0.00    0.00   40.00    13  listener
09:57:57 AM  1000     21156    0.00    0.00    0.00    0.00    0.00     8  listener

09:57:57 AM   UID       PID    %usr %system  %guest   %wait    %CPU   CPU  Command
09:57:58 AM  1000     21154   12.00   27.00    0.00    0.00   39.00    13  listener
09:57:58 AM  1000     21156    0.00    0.00    0.00    0.00    0.00     8  listener

09:57:58 AM   UID       PID    %usr %system  %guest   %wait    %CPU   CPU  Command
09:57:59 AM  1000     21154    8.00   32.00    0.00    0.00   40.00    14  listener
09:57:59 AM  1000     21156    0.00    0.00    0.00    0.00    0.00     8  listener

09:57:59 AM   UID       PID    %usr %system  %guest   %wait    %CPU   CPU  Command
09:58:00 AM  1000     21154    8.00   31.00    0.00    0.00   39.00    14  listener
09:58:00 AM  1000     21156    0.00    0.00    0.00    0.00    0.00     8  listener

09:58:00 AM   UID       PID    %usr %system  %guest   %wait    %CPU   CPU  Command
09:58:01 AM  1000     21154   11.00   29.00    0.00    0.00   40.00    14  listener
09:58:01 AM  1000     21156    0.00    0.00    0.00    0.00    0.00     8  listener

09:58:01 AM   UID       PID    %usr %system  %guest   %wait    %CPU   CPU  Command
09:58:02 AM  1000     21154    6.00   33.00    0.00    0.00   39.00    14  listener
09:58:02 AM  1000     21156    0.00    0.00    0.00    0.00    0.00     8  listener

09:58:02 AM   UID       PID    %usr %system  %guest   %wait    %CPU   CPU  Command
09:58:03 AM  1000     21154    7.00   32.00    0.00    0.00   39.00    13  listener
09:58:03 AM  1000     21156    0.00    0.00    0.00    0.00    0.00     8  listener

09:58:03 AM   UID       PID    %usr %system  %guest   %wait    %CPU   CPU  Command
09:58:04 AM  1000     21154   10.00   29.00    0.00    0.00   39.00    13  listener
09:58:04 AM  1000     21156    0.00    0.00    0.00    0.00    0.00     8  listener

09:58:04 AM   UID       PID    %usr %system  %guest   %wait    %CPU   CPU  Command
09:58:05 AM  1000     21154   10.00   29.00    0.00    0.00   39.00    13  listener
09:58:05 AM  1000     21156    0.00    0.00    0.00    0.00    0.00     8  listener

09:58:05 AM   UID       PID    %usr %system  %guest   %wait    %CPU   CPU  Command
09:58:06 AM  1000     21154   11.00   28.00    0.00    0.00   39.00    13  listener
09:58:06 AM  1000     21156    0.00    0.00    0.00    0.00    0.00     8  listener

09:58:06 AM   UID       PID    %usr %system  %guest   %wait    %CPU   CPU  Command
09:58:07 AM  1000     21154   10.00   28.00    0.00    0.00   38.00    15  listener
09:58:07 AM  1000     21156    0.00    0.00    0.00    0.00    0.00     8  listener

09:58:07 AM   UID       PID    %usr %system  %guest   %wait    %CPU   CPU  Command
09:58:08 AM  1000     21154   13.00   27.00    0.00    0.00   40.00    16  listener
09:58:08 AM  1000     21156    0.00    0.00    0.00    0.00    0.00     8  listener

09:58:08 AM   UID       PID    %usr %system  %guest   %wait    %CPU   CPU  Command
09:58:09 AM  1000     21154   13.00   26.00    0.00    0.00   39.00    17  listener
09:58:09 AM  1000     21156    0.00    0.00    0.00    0.00    0.00     8  listener

09:58:09 AM   UID       PID    %usr %system  %guest   %wait    %CPU   CPU  Command
09:58:10 AM  1000     21154   13.00   25.00    0.00    0.00   38.00     8  listener
09:58:10 AM  1000     21156    0.00    0.00    0.00    0.00    0.00     8  listener

09:58:10 AM   UID       PID    %usr %system  %guest   %wait    %CPU   CPU  Command
09:58:11 AM  1000     21154   13.00   25.00    0.00    0.00   38.00     8  listener
09:58:11 AM  1000     21156    0.00    0.00    0.00    0.00    0.00     8  listener

09:58:11 AM   UID       PID    %usr %system  %guest   %wait    %CPU   CPU  Command
09:58:12 AM  1000     21154   15.00   24.00    0.00    0.00   39.00     8  listener
09:58:12 AM  1000     21156    0.00    0.00    0.00    0.00    0.00     8  listener

09:58:12 AM   UID       PID    %usr %system  %guest   %wait    %CPU   CPU  Command
09:58:13 AM  1000     21154   15.00   24.00    0.00    0.00   39.00    17  listener
09:58:13 AM  1000     21156    0.00    0.00    0.00    0.00    0.00     8  listener

09:58:13 AM   UID       PID    %usr %system  %guest   %wait    %CPU   CPU  Command
09:58:14 AM  1000     21154   14.00   25.00    0.00    0.00   39.00    17  listener
09:58:14 AM  1000     21156    0.00    0.00    0.00    0.00    0.00     8  listener

09:58:14 AM   UID       PID    %usr %system  %guest   %wait    %CPU   CPU  Command
09:58:15 AM  1000     21154   13.00   26.00    0.00    0.00   39.00     8  listener
09:58:15 AM  1000     21156    0.00    0.00    0.00    0.00    0.00     8  listener

09:58:15 AM   UID       PID    %usr %system  %guest   %wait    %CPU   CPU  Command
09:58:16 AM  1000     21154   14.00   26.00    0.00    0.00   40.00    17  listener
09:58:16 AM  1000     21156    0.00    0.00    0.00    0.00    0.00     8  listener

09:58:16 AM   UID       PID    %usr %system  %guest   %wait    %CPU   CPU  Command
09:58:17 AM  1000     21154   15.00   24.00    0.00    0.00   39.00    17  listener
09:58:17 AM  1000     21156    0.00    0.00    0.00    0.00    0.00     8  listener

09:58:17 AM   UID       PID    %usr %system  %guest   %wait    %CPU   CPU  Command
09:58:18 AM  1000     21154   14.00   25.00    0.00    0.00   39.00    17  listener
09:58:18 AM  1000     21156    0.00    0.00    0.00    0.00    0.00     8  listener

09:58:18 AM   UID       PID    %usr %system  %guest   %wait    %CPU   CPU  Command
09:58:19 AM  1000     21154   14.00   25.00    0.00    0.00   39.00     8  listener
09:58:19 AM  1000     21156    0.00    0.00    0.00    0.00    0.00     8  listener

09:58:19 AM   UID       PID    %usr %system  %guest   %wait    %CPU   CPU  Command
09:58:20 AM  1000     21154   15.00   25.00    0.00    0.00   40.00    17  listener
09:58:20 AM  1000     21156    0.00    0.00    0.00    0.00    0.00     8  listener

09:58:20 AM   UID       PID    %usr %system  %guest   %wait    %CPU   CPU  Command
09:58:21 AM  1000     21154   14.00   24.00    0.00    0.00   38.00    17  listener
09:58:21 AM  1000     21156    0.00    0.00    0.00    0.00    0.00     8  listener

09:58:21 AM   UID       PID    %usr %system  %guest   %wait    %CPU   CPU  Command
09:58:22 AM  1000     21154   15.00   24.00    0.00    0.00   39.00    16  listener
09:58:22 AM  1000     21156    0.00    0.00    0.00    0.00    0.00     8  listener

09:58:22 AM   UID       PID    %usr %system  %guest   %wait    %CPU   CPU  Command
09:58:23 AM  1000     21154   13.00   24.00    0.00    0.00   37.00    19  listener
09:58:23 AM  1000     21156    0.00    0.00    0.00    0.00    0.00     8  listener

09:58:23 AM   UID       PID    %usr %system  %guest   %wait    %CPU   CPU  Command
09:58:24 AM  1000     21154   15.00   25.00    0.00    0.00   40.00    16  listener
09:58:24 AM  1000     21156    0.00    0.00    0.00    0.00    0.00     8  listener

09:58:24 AM   UID       PID    %usr %system  %guest   %wait    %CPU   CPU  Command
09:58:25 AM  1000     21154   16.00   23.00    0.00    0.00   39.00    16  listener
09:58:25 AM  1000     21156    0.00    0.00    0.00    0.00    0.00     8  listener

09:58:25 AM   UID       PID    %usr %system  %guest   %wait    %CPU   CPU  Command
09:58:26 AM  1000     21154   15.00   23.00    0.00    0.00   38.00    19  listener
09:58:26 AM  1000     21156    0.00    0.00    0.00    0.00    0.00     8  listener

09:58:26 AM   UID       PID    %usr %system  %guest   %wait    %CPU   CPU  Command
09:58:27 AM  1000     21154   15.00   23.00    0.00    0.00   38.00     1  listener
09:58:27 AM  1000     21156    0.00    0.00    0.00    0.00    0.00     8  listener

09:58:27 AM   UID       PID    %usr %system  %guest   %wait    %CPU   CPU  Command
09:58:28 AM  1000     21154   15.00   24.00    0.00    0.00   39.00     1  listener
09:58:28 AM  1000     21156    0.00    0.00    0.00    0.00    0.00     8  listener

09:58:28 AM   UID       PID    %usr %system  %guest   %wait    %CPU   CPU  Command
09:58:29 AM  1000     21154   15.00   24.00    0.00    0.00   39.00     1  listener
09:58:29 AM  1000     21156    0.00    0.00    0.00    0.00    0.00     8  listener

09:58:29 AM   UID       PID    %usr %system  %guest   %wait    %CPU   CPU  Command
09:58:30 AM  1000     21154   13.00   25.00    0.00    0.00   38.00     1  listener
09:58:30 AM  1000     21156    0.00    0.00    0.00    0.00    0.00     8  listener

09:58:30 AM   UID       PID    %usr %system  %guest   %wait    %CPU   CPU  Command
09:58:31 AM  1000     21154   16.00   23.00    0.00    0.00   39.00     1  listener
09:58:31 AM  1000     21156    0.00    0.00    0.00    0.00    0.00     8  listener

09:58:31 AM   UID       PID    %usr %system  %guest   %wait    %CPU   CPU  Command
09:58:32 AM  1000     21154   11.00   27.00    0.00    0.00   38.00    19  listener
09:58:32 AM  1000     21156    0.00    0.00    0.00    0.00    0.00     8  listener

Average:      UID       PID    %usr %system  %guest   %wait    %CPU   CPU  Command
Average:     1000     21154   11.32   27.77    0.00    0.00   39.08     -  listener
Average:     1000     21156    0.00    0.00    0.00    0.00    0.00     -  listener
