Linux 6.5.0-44-generic (npc2408016) 	06/17/2025 	_x86_64_	(22 CPU)

10:40:31 AM   UID       PID    %usr %system  %guest   %wait    %CPU   CPU  Command
10:40:32 AM  1000     22676   11.00    3.00    0.00    0.00   14.00    10  listener
10:40:32 AM  1000     22678    8.00    9.00    0.00    0.00   17.00     1  listener
10:40:32 AM  1000     22680    3.00    8.00    0.00    0.00   11.00    19  listener
10:40:32 AM  1000     22682    5.00   11.00    0.00    0.00   16.00    13  listener
10:40:32 AM  1000     22684    4.00   10.00    0.00    0.00   14.00    17  listener
10:40:32 AM  1000     22686    0.00   14.00    0.00    0.00   14.00    10  listener
10:40:32 AM  1000     22688    4.00   12.00    0.00    0.00   16.00    11  listener
10:40:32 AM  1000     22690    4.00   12.00    0.00    0.00   16.00    15  listener
10:40:32 AM  1000     22692    4.00   13.00    0.00    0.00   17.00    18  listener
10:40:32 AM  1000     22694    4.00   11.00    0.00    0.00   15.00     8  listener
10:40:32 AM  1000     22696    0.00    0.00    0.00    0.00    0.00     9  listener
10:40:32 AM  1000     22697    0.00   16.00    0.00    0.00   16.00    11  listener
10:40:32 AM  1000     22700    8.00    5.00    0.00    0.00   13.00     6  listener

10:40:32 AM   UID       PID    %usr %system  %guest   %wait    %CPU   CPU  Command
10:40:33 AM  1000     22676   12.00    1.00    0.00    0.00   13.00    15  listener
10:40:33 AM  1000     22678    9.00    7.00    0.00    0.00   16.00     1  listener
10:40:33 AM  1000     22680    4.00    9.00    0.00    0.00   13.00    19  listener
10:40:33 AM  1000     22682    5.00   11.00    0.00    0.00   16.00    12  listener
10:40:33 AM  1000     22684    4.00   10.00    0.00    0.00   14.00    14  listener
10:40:33 AM  1000     22686    0.00   15.00    0.00    0.00   15.00    12  listener
10:40:33 AM  1000     22688    0.00   15.00    0.00    0.00   15.00     2  listener
10:40:33 AM  1000     22690    4.00   11.00    0.00    0.00   15.00    16  listener
10:40:33 AM  1000     22692   11.00    6.00    0.00    0.00   17.00     4  listener
10:40:33 AM  1000     22694    4.00   10.00    0.00    0.00   14.00     7  listener
10:40:33 AM  1000     22696    0.00    0.00    0.00    0.00    0.00     9  listener
10:40:33 AM  1000     22697    0.00   16.00    0.00    0.00   16.00     5  listener
10:40:33 AM  1000     22700   10.00    2.00    0.00    0.00   12.00     6  listener

10:40:33 AM   UID       PID    %usr %system  %guest   %wait    %CPU   CPU  Command
10:40:34 AM  1000     22676   13.00    0.00    0.00    0.00   13.00    14  listener
10:40:34 AM  1000     22678    8.00    8.00    0.00    0.00   16.00     2  listener
10:40:34 AM  1000     22680    3.00    8.00    0.00    0.00   11.00    12  listener
10:40:34 AM  1000     22682    6.00   10.00    0.00    0.00   16.00     3  listener
10:40:34 AM  1000     22684    4.00   11.00    0.00    0.00   15.00    14  listener
10:40:34 AM  1000     22686    0.00   15.00    0.00    0.00   15.00     7  listener
10:40:34 AM  1000     22688    5.00   11.00    0.00    0.00   16.00     3  listener
10:40:34 AM  1000     22690    4.00   12.00    0.00    0.00   16.00    18  listener
10:40:34 AM  1000     22692    8.00   10.00    0.00    0.00   18.00     2  listener
10:40:34 AM  1000     22694    4.00   11.00    0.00    0.00   15.00     7  listener
10:40:34 AM  1000     22696    0.00    0.00    0.00    0.00    0.00    14  listener
10:40:34 AM  1000     22697    1.00   14.00    0.00    0.00   15.00     5  listener
10:40:34 AM  1000     22700    0.00   13.00    0.00    0.00   13.00     2  listener

10:40:34 AM   UID       PID    %usr %system  %guest   %wait    %CPU   CPU  Command
10:40:35 AM  1000     22676   11.00    2.00    0.00    0.00   13.00    14  listener
10:40:35 AM  1000     22678    9.00    7.00    0.00    0.00   16.00    15  listener
10:40:35 AM  1000     22680    4.00    9.00    0.00    0.00   13.00    17  listener
10:40:35 AM  1000     22682    5.00   11.00    0.00    0.00   16.00     8  listener
10:40:35 AM  1000     22684    4.00   10.00    0.00    0.00   14.00    14  listener
10:40:35 AM  1000     22686    0.00   14.00    0.00    0.00   14.00    12  listener
10:40:35 AM  1000     22688    3.00   12.00    0.00    0.00   15.00     8  listener
10:40:35 AM  1000     22690    4.00   12.00    0.00    0.00   16.00     5  listener
10:40:35 AM  1000     22692    6.00   11.00    0.00    0.00   17.00    17  listener
10:40:35 AM  1000     22694    4.00   10.00    0.00    0.00   14.00     6  listener
10:40:35 AM  1000     22696    0.00    0.00    0.00    0.00    0.00     9  listener
10:40:35 AM  1000     22697    3.00   13.00    0.00    0.00   16.00     6  listener
10:40:35 AM  1000     22700    5.00    7.00    0.00    0.00   12.00    15  listener

10:40:35 AM   UID       PID    %usr %system  %guest   %wait    %CPU   CPU  Command
10:40:36 AM  1000     22676    9.00    5.00    0.00    0.00   14.00    17  listener
10:40:36 AM  1000     22678   10.00    6.00    0.00    0.00   16.00    15  listener
10:40:36 AM  1000     22680    3.00    8.00    0.00    0.00   11.00    17  listener
10:40:36 AM  1000     22682    4.00   11.00    0.00    0.00   15.00     3  listener
10:40:36 AM  1000     22684    4.00   11.00    0.00    0.00   15.00    17  listener
10:40:36 AM  1000     22686    0.00   15.00    0.00    0.00   15.00     6  listener
10:40:36 AM  1000     22688    0.00   16.00    0.00    0.00   16.00    15  listener
10:40:36 AM  1000     22690    5.00   11.00    0.00    0.00   16.00     5  listener
10:40:36 AM  1000     22692    8.00   10.00    0.00    0.00   18.00    16  listener
10:40:36 AM  1000     22694    4.00    9.00    0.00    0.00   13.00     8  listener
10:40:36 AM  1000     22696    0.00    0.00    0.00    0.00    0.00     9  listener
10:40:36 AM  1000     22697    3.00   13.00    0.00    0.00   16.00     9  listener
10:40:36 AM  1000     22700    7.00    5.00    0.00    0.00   12.00     3  listener

10:40:36 AM   UID       PID    %usr %system  %guest   %wait    %CPU   CPU  Command
10:40:37 AM  1000     22676    9.00    4.00    0.00    0.00   13.00    19  listener
10:40:37 AM  1000     22678    7.00    8.00    0.00    0.00   15.00    14  listener
10:40:37 AM  1000     22680    4.00    8.00    0.00    0.00   12.00    10  listener
10:40:37 AM  1000     22682    5.00   10.00    0.00    0.00   15.00     8  listener
10:40:37 AM  1000     22684    4.00   10.00    0.00    0.00   14.00    17  listener
10:40:37 AM  1000     22686    0.00   14.00    0.00    0.00   14.00    13  listener
10:40:37 AM  1000     22688    0.00   15.00    0.00    0.00   15.00    14  listener
10:40:37 AM  1000     22690    4.00   12.00    0.00    0.00   16.00     5  listener
10:40:37 AM  1000     22692    8.00    9.00    0.00    0.00   17.00     1  listener
10:40:37 AM  1000     22694    4.00   11.00    0.00    0.00   15.00     8  listener
10:40:37 AM  1000     22696    0.00    0.00    0.00    0.00    0.00     9  listener
10:40:37 AM  1000     22697    3.00   12.00    0.00    0.00   15.00     2  listener
10:40:37 AM  1000     22700    5.00    7.00    0.00    0.00   12.00     3  listener

10:40:37 AM   UID       PID    %usr %system  %guest   %wait    %CPU   CPU  Command
10:40:38 AM  1000     22676   12.00    1.00    0.00    0.00   13.00    18  listener
10:40:38 AM  1000     22678   10.00    6.00    0.00    0.00   16.00    13  listener
10:40:38 AM  1000     22680    3.00    9.00    0.00    0.00   12.00    17  listener
10:40:38 AM  1000     22682    5.00   10.00    0.00    0.00   15.00    15  listener
10:40:38 AM  1000     22684    4.00   10.00    0.00    0.00   14.00     3  listener
10:40:38 AM  1000     22686    0.00   14.00    0.00    0.00   14.00     7  listener
10:40:38 AM  1000     22688    0.00   16.00    0.00    0.00   16.00    14  listener
10:40:38 AM  1000     22690    4.00   11.00    0.00    0.00   15.00     9  listener
10:40:38 AM  1000     22692    7.00    9.00    0.00    0.00   16.00     8  listener
10:40:38 AM  1000     22694    4.00   10.00    0.00    0.00   14.00     8  listener
10:40:38 AM  1000     22696    0.00    0.00    0.00    0.00    0.00     9  listener
10:40:38 AM  1000     22697    7.00   10.00    0.00    0.00   17.00    18  listener
10:40:38 AM  1000     22700    3.00   10.00    0.00    0.00   13.00     9  listener

10:40:38 AM   UID       PID    %usr %system  %guest   %wait    %CPU   CPU  Command
10:40:39 AM  1000     22676   12.00    1.00    0.00    0.00   13.00    18  listener
10:40:39 AM  1000     22678    8.00    8.00    0.00    0.00   16.00    17  listener
10:40:39 AM  1000     22680    4.00    8.00    0.00    0.00   12.00    10  listener
10:40:39 AM  1000     22682    5.00    9.00    0.00    0.00   14.00    15  listener
10:40:39 AM  1000     22684    5.00   10.00    0.00    0.00   15.00     4  listener
10:40:39 AM  1000     22686    4.00   11.00    0.00    0.00   15.00    16  listener
10:40:39 AM  1000     22688    0.00   15.00    0.00    0.00   15.00     2  listener
10:40:39 AM  1000     22690    5.00   12.00    0.00    0.00   17.00     9  listener
10:40:39 AM  1000     22692    9.00    8.00    0.00    0.00   17.00    17  listener
10:40:39 AM  1000     22694    4.00   11.00    0.00    0.00   15.00     4  listener
10:40:39 AM  1000     22696    0.00    0.00    0.00    0.00    0.00     9  listener
10:40:39 AM  1000     22697    3.00   12.00    0.00    0.00   15.00    13  listener
10:40:39 AM  1000     22700    0.00   12.00    0.00    0.00   12.00     9  listener

10:40:39 AM   UID       PID    %usr %system  %guest   %wait    %CPU   CPU  Command
10:40:40 AM  1000     22676    9.00    5.00    0.00    0.00   14.00     3  listener
10:40:40 AM  1000     22678    7.00    8.00    0.00    0.00   15.00     1  listener
10:40:40 AM  1000     22680    4.00    8.00    0.00    0.00   12.00    11  listener
10:40:40 AM  1000     22682    5.00   11.00    0.00    0.00   16.00     0  listener
10:40:40 AM  1000     22684    5.00   10.00    0.00    0.00   15.00     2  listener
10:40:40 AM  1000     22686   11.00    3.00    0.00    0.00   14.00     5  listener
10:40:40 AM  1000     22688    2.00   13.00    0.00    0.00   15.00     4  listener
10:40:40 AM  1000     22690    4.00   11.00    0.00    0.00   15.00    10  listener
10:40:40 AM  1000     22692    6.00   11.00    0.00    0.00   17.00    16  listener
10:40:40 AM  1000     22694    4.00   11.00    0.00    0.00   15.00    14  listener
10:40:40 AM  1000     22696    0.00    0.00    0.00    0.00    0.00     9  listener
10:40:40 AM  1000     22697    5.00   12.00    0.00    0.00   17.00    10  listener
10:40:40 AM  1000     22700    0.00   13.00    0.00    0.00   13.00     4  listener

10:40:40 AM   UID       PID    %usr %system  %guest   %wait    %CPU   CPU  Command
10:40:41 AM  1000     22676   11.00    2.00    0.00    0.00   13.00    10  listener
10:40:41 AM  1000     22678    7.00   10.00    0.00    0.00   17.00     8  listener
10:40:41 AM  1000     22680    3.00    9.00    0.00    0.00   12.00    11  listener
10:40:41 AM  1000     22682    4.00   10.00    0.00    0.00   14.00     4  listener
10:40:41 AM  1000     22684    4.00    9.00    0.00    0.00   13.00    14  listener
10:40:41 AM  1000     22686    8.00    7.00    0.00    0.00   15.00     5  listener
10:40:41 AM  1000     22688    7.00    9.00    0.00    0.00   16.00     2  listener
10:40:41 AM  1000     22690    4.00   11.00    0.00    0.00   15.00     3  listener
10:40:41 AM  1000     22692    9.00    9.00    0.00    0.00   18.00    19  listener
10:40:41 AM  1000     22694    4.00   10.00    0.00    0.00   14.00     1  listener
10:40:41 AM  1000     22696    0.00    0.00    0.00    0.00    0.00     9  listener
10:40:41 AM  1000     22697    1.00   15.00    0.00    0.00   16.00    18  listener
10:40:41 AM  1000     22700    0.00   12.00    0.00    0.00   12.00     4  listener

10:40:41 AM   UID       PID    %usr %system  %guest   %wait    %CPU   CPU  Command
10:40:42 AM  1000     22676   12.00    2.00    0.00    0.00   14.00    10  listener
10:40:42 AM  1000     22678    8.00    8.00    0.00    0.00   16.00     1  listener
10:40:42 AM  1000     22680    4.00    8.00    0.00    0.00   12.00    16  listener
10:40:42 AM  1000     22682    5.00   10.00    0.00    0.00   15.00     0  listener
10:40:42 AM  1000     22684    4.00   11.00    0.00    0.00   15.00    11  listener
10:40:42 AM  1000     22686    0.00   14.00    0.00    0.00   14.00     8  listener
10:40:42 AM  1000     22688    9.00    7.00    0.00    0.00   16.00     4  listener
10:40:42 AM  1000     22690    5.00   11.00    0.00    0.00   16.00    16  listener
10:40:42 AM  1000     22692    7.00   10.00    0.00    0.00   17.00    12  listener
10:40:42 AM  1000     22694    4.00   11.00    0.00    0.00   15.00    17  listener
10:40:42 AM  1000     22696    0.00    0.00    0.00    0.00    0.00     9  listener
10:40:42 AM  1000     22697    0.00   16.00    0.00    0.00   16.00     4  listener
10:40:42 AM  1000     22700    0.00   13.00    0.00    0.00   13.00     4  listener

10:40:42 AM   UID       PID    %usr %system  %guest   %wait    %CPU   CPU  Command
10:40:43 AM  1000     22676   13.00    0.00    0.00    0.00   13.00    10  listener
10:40:43 AM  1000     22678    8.00    8.00    0.00    0.00   16.00     3  listener
10:40:43 AM  1000     22680    3.00    9.00    0.00    0.00   12.00    18  listener
10:40:43 AM  1000     22682    4.00    9.00    0.00    0.00   13.00     4  listener
10:40:43 AM  1000     22684    4.00   10.00    0.00    0.00   14.00    11  listener
10:40:43 AM  1000     22686    0.00   15.00    0.00    0.00   15.00     0  listener
10:40:43 AM  1000     22688    6.00    9.00    0.00    0.00   15.00     4  listener
10:40:43 AM  1000     22690    4.00   11.00    0.00    0.00   15.00    16  listener
10:40:43 AM  1000     22692    8.00    9.00    0.00    0.00   17.00     0  listener
10:40:43 AM  1000     22694    3.00   11.00    0.00    0.00   14.00    11  listener
10:40:43 AM  1000     22696    0.00    0.00    0.00    0.00    0.00    12  listener
10:40:43 AM  1000     22697    4.00   12.00    0.00    0.00   16.00     7  listener
10:40:43 AM  1000     22700    0.00   12.00    0.00    0.00   12.00     4  listener

10:40:43 AM   UID       PID    %usr %system  %guest   %wait    %CPU   CPU  Command
10:40:44 AM  1000     22676   12.00    1.00    0.00    0.00   13.00    14  listener
10:40:44 AM  1000     22678    6.00    9.00    0.00    0.00   15.00    13  listener
10:40:44 AM  1000     22680    4.00    8.00    0.00    0.00   12.00    18  listener
10:40:44 AM  1000     22682    6.00    9.00    0.00    0.00   15.00     8  listener
10:40:44 AM  1000     22684    4.00   10.00    0.00    0.00   14.00    16  listener
10:40:44 AM  1000     22686    0.00   15.00    0.00    0.00   15.00    18  listener
10:40:44 AM  1000     22688    9.00    6.00    0.00    0.00   15.00    16  listener
10:40:44 AM  1000     22690    4.00   11.00    0.00    0.00   15.00    16  listener
10:40:44 AM  1000     22692    6.00   11.00    0.00    0.00   17.00     1  listener
10:40:44 AM  1000     22694    4.00   10.00    0.00    0.00   14.00    11  listener
10:40:44 AM  1000     22696    0.00    0.00    0.00    0.00    0.00     1  listener
10:40:44 AM  1000     22697    3.00   12.00    0.00    0.00   15.00     5  listener
10:40:44 AM  1000     22700    0.00   12.00    0.00    0.00   12.00     4  listener

10:40:44 AM   UID       PID    %usr %system  %guest   %wait    %CPU   CPU  Command
10:40:45 AM  1000     22676   13.00    0.00    0.00    0.00   13.00     7  listener
10:40:45 AM  1000     22678    7.00    9.00    0.00    0.00   16.00    15  listener
10:40:45 AM  1000     22680    3.00    8.00    0.00    0.00   11.00    18  listener
10:40:45 AM  1000     22682    5.00   10.00    0.00    0.00   15.00     0  listener
10:40:45 AM  1000     22684    4.00   10.00    0.00    0.00   14.00    16  listener
10:40:45 AM  1000     22686    0.00   14.00    0.00    0.00   14.00     8  listener
10:40:45 AM  1000     22688    7.00    9.00    0.00    0.00   16.00    17  listener
10:40:45 AM  1000     22690    5.00   11.00    0.00    0.00   16.00    18  listener
10:40:45 AM  1000     22692    7.00   10.00    0.00    0.00   17.00     3  listener
10:40:45 AM  1000     22694    4.00   10.00    0.00    0.00   14.00     6  listener
10:40:45 AM  1000     22696    0.00    0.00    0.00    0.00    0.00     1  listener
10:40:45 AM  1000     22697    5.00   11.00    0.00    0.00   16.00     5  listener
10:40:45 AM  1000     22700    0.00   12.00    0.00    0.00   12.00     8  listener

10:40:45 AM   UID       PID    %usr %system  %guest   %wait    %CPU   CPU  Command
10:40:46 AM  1000     22676   12.00    1.00    0.00    0.00   13.00     7  listener
10:40:46 AM  1000     22678    9.00    7.00    0.00    0.00   16.00     3  listener
10:40:46 AM  1000     22680    4.00    9.00    0.00    0.00   13.00    12  listener
10:40:46 AM  1000     22682    5.00    9.00    0.00    0.00   14.00     0  listener
10:40:46 AM  1000     22684    5.00   10.00    0.00    0.00   15.00    11  listener
10:40:46 AM  1000     22686    0.00   15.00    0.00    0.00   15.00    13  listener
10:40:46 AM  1000     22688    0.00   16.00    0.00    0.00   16.00     2  listener
10:40:46 AM  1000     22690    4.00   11.00    0.00    0.00   15.00    18  listener
10:40:46 AM  1000     22692    6.00   10.00    0.00    0.00   16.00     6  listener
10:40:46 AM  1000     22694    4.00   10.00    0.00    0.00   14.00     6  listener
10:40:46 AM  1000     22696    0.00    0.00    0.00    0.00    0.00     6  listener
10:40:46 AM  1000     22697    2.00   14.00    0.00    0.00   16.00    13  listener
10:40:46 AM  1000     22700    0.00   13.00    0.00    0.00   13.00    12  listener

10:40:46 AM   UID       PID    %usr %system  %guest   %wait    %CPU   CPU  Command
10:40:47 AM  1000     22676   11.00    3.00    0.00    0.00   14.00    14  listener
10:40:47 AM  1000     22678   10.00    6.00    0.00    0.00   16.00     3  listener
10:40:47 AM  1000     22680    3.00    8.00    0.00    0.00   11.00    19  listener
10:40:47 AM  1000     22682    4.00   11.00    0.00    0.00   15.00    12  listener
10:40:47 AM  1000     22684    5.00    9.00    0.00    0.00   14.00    16  listener
10:40:47 AM  1000     22686    0.00   14.00    0.00    0.00   14.00     9  listener
10:40:47 AM  1000     22688    0.00   15.00    0.00    0.00   15.00    18  listener
10:40:47 AM  1000     22690    4.00   11.00    0.00    0.00   15.00    18  listener
10:40:47 AM  1000     22692    8.00   10.00    0.00    0.00   18.00     0  listener
10:40:47 AM  1000     22694    4.00    9.00    0.00    0.00   13.00     6  listener
10:40:47 AM  1000     22696    0.00    0.00    0.00    0.00    0.00     1  listener
10:40:47 AM  1000     22697   10.00    6.00    0.00    0.00   16.00     7  listener
10:40:47 AM  1000     22700    0.00   13.00    0.00    0.00   13.00    10  listener

10:40:47 AM   UID       PID    %usr %system  %guest   %wait    %CPU   CPU  Command
10:40:48 AM  1000     22676   11.00    3.00    0.00    0.00   14.00     5  listener
10:40:48 AM  1000     22678    7.00    8.00    0.00    0.00   15.00     4  listener
10:40:48 AM  1000     22680    4.00    8.00    0.00    0.00   12.00    18  listener
10:40:48 AM  1000     22682    5.00    9.00    0.00    0.00   14.00     0  listener
10:40:48 AM  1000     22684    4.00   10.00    0.00    0.00   14.00    11  listener
10:40:48 AM  1000     22686    0.00   15.00    0.00    0.00   15.00    14  listener
10:40:48 AM  1000     22688    0.00   16.00    0.00    0.00   16.00     4  listener
10:40:48 AM  1000     22690    4.00   11.00    0.00    0.00   15.00    18  listener
10:40:48 AM  1000     22692    7.00   10.00    0.00    0.00   17.00     3  listener
10:40:48 AM  1000     22694    4.00   10.00    0.00    0.00   14.00    17  listener
10:40:48 AM  1000     22696    0.00    0.00    0.00    0.00    0.00     1  listener
10:40:48 AM  1000     22697    6.00   10.00    0.00    0.00   16.00     8  listener
10:40:48 AM  1000     22700    0.00   12.00    0.00    0.00   12.00    10  listener

10:40:48 AM   UID       PID    %usr %system  %guest   %wait    %CPU   CPU  Command
10:40:49 AM  1000     22676   13.00    0.00    0.00    0.00   13.00     6  listener
10:40:49 AM  1000     22678   10.00    6.00    0.00    0.00   16.00     4  listener
10:40:49 AM  1000     22680    4.00    8.00    0.00    0.00   12.00    18  listener
10:40:49 AM  1000     22682    5.00   10.00    0.00    0.00   15.00    13  listener
10:40:49 AM  1000     22684    6.00    8.00    0.00    0.00   14.00     5  listener
10:40:49 AM  1000     22686    0.00   14.00    0.00    0.00   14.00     7  listener
10:40:49 AM  1000     22688    0.00   15.00    0.00    0.00   15.00     4  listener
10:40:49 AM  1000     22690    5.00   12.00    0.00    0.00   17.00    18  listener
10:40:49 AM  1000     22692    7.00    9.00    0.00    0.00   16.00    11  listener
10:40:49 AM  1000     22694    4.00   10.00    0.00    0.00   14.00    17  listener
10:40:49 AM  1000     22696    0.00    0.00    0.00    0.00    0.00     1  listener
10:40:49 AM  1000     22697   10.00    6.00    0.00    0.00   16.00    18  listener
10:40:49 AM  1000     22700    0.00   13.00    0.00    0.00   13.00     7  listener

10:40:49 AM   UID       PID    %usr %system  %guest   %wait    %CPU   CPU  Command
10:40:50 AM  1000     22676   13.00    0.00    0.00    0.00   13.00    16  listener
10:40:50 AM  1000     22678    8.00    8.00    0.00    0.00   16.00    18  listener
10:40:50 AM  1000     22680    4.00    8.00    0.00    0.00   12.00    19  listener
10:40:50 AM  1000     22682    5.00   10.00    0.00    0.00   15.00     0  listener
10:40:50 AM  1000     22684    6.00    8.00    0.00    0.00   14.00    11  listener
10:40:50 AM  1000     22686    0.00   15.00    0.00    0.00   15.00    16  listener
10:40:50 AM  1000     22688    0.00   15.00    0.00    0.00   15.00     8  listener
10:40:50 AM  1000     22690    4.00   11.00    0.00    0.00   15.00     5  listener
10:40:50 AM  1000     22692    7.00   10.00    0.00    0.00   17.00     6  listener
10:40:50 AM  1000     22694    4.00   10.00    0.00    0.00   14.00     1  listener
10:40:50 AM  1000     22696    0.00    0.00    0.00    0.00    0.00     1  listener
10:40:50 AM  1000     22697    8.00    8.00    0.00    0.00   16.00    18  listener
10:40:50 AM  1000     22700    0.00   13.00    0.00    0.00   13.00     7  listener

10:40:50 AM   UID       PID    %usr %system  %guest   %wait    %CPU   CPU  Command
10:40:51 AM  1000     22676    9.00    4.00    0.00    0.00   13.00     6  listener
10:40:51 AM  1000     22678   10.00    6.00    0.00    0.00   16.00    18  listener
10:40:51 AM  1000     22680    3.00    8.00    0.00    0.00   11.00    16  listener
10:40:51 AM  1000     22682    3.00   11.00    0.00    0.00   14.00     0  listener
10:40:51 AM  1000     22684    3.00   11.00    0.00    0.00   14.00     1  listener
10:40:51 AM  1000     22686    0.00   14.00    0.00    0.00   14.00    11  listener
10:40:51 AM  1000     22688    0.00   15.00    0.00    0.00   15.00    10  listener
10:40:51 AM  1000     22690    4.00   11.00    0.00    0.00   15.00     5  listener
10:40:51 AM  1000     22692    8.00    9.00    0.00    0.00   17.00     9  listener
10:40:51 AM  1000     22694    5.00    9.00    0.00    0.00   14.00    19  listener
10:40:51 AM  1000     22696    0.00    0.00    0.00    0.00    0.00     1  listener
10:40:51 AM  1000     22697   11.00    4.00    0.00    0.00   15.00    19  listener
10:40:51 AM  1000     22700    0.00   12.00    0.00    0.00   12.00     7  listener

10:40:51 AM   UID       PID    %usr %system  %guest   %wait    %CPU   CPU  Command
10:40:52 AM  1000     22676   11.00    3.00    0.00    0.00   14.00    19  listener
10:40:52 AM  1000     22678    7.00    8.00    0.00    0.00   15.00    14  listener
10:40:52 AM  1000     22680    4.00    8.00    0.00    0.00   12.00    17  listener
10:40:52 AM  1000     22682    6.00   10.00    0.00    0.00   16.00     8  listener
10:40:52 AM  1000     22684   11.00    4.00    0.00    0.00   15.00     1  listener
10:40:52 AM  1000     22686    0.00   14.00    0.00    0.00   14.00     4  listener
10:40:52 AM  1000     22688    0.00   15.00    0.00    0.00   15.00    10  listener
10:40:52 AM  1000     22690    5.00   11.00    0.00    0.00   16.00    16  listener
10:40:52 AM  1000     22692    7.00   10.00    0.00    0.00   17.00     3  listener
10:40:52 AM  1000     22694    3.00   10.00    0.00    0.00   13.00     3  listener
10:40:52 AM  1000     22696    0.00    0.00    0.00    0.00    0.00     1  listener
10:40:52 AM  1000     22697   11.00    5.00    0.00    0.00   16.00    18  listener
10:40:52 AM  1000     22700    0.00   13.00    0.00    0.00   13.00     8  listener

10:40:52 AM   UID       PID    %usr %system  %guest   %wait    %CPU   CPU  Command
10:40:53 AM  1000     22676    8.00    5.00    0.00    0.00   13.00    18  listener
10:40:53 AM  1000     22678    9.00    7.00    0.00    0.00   16.00    18  listener
10:40:53 AM  1000     22680    3.00    9.00    0.00    0.00   12.00    16  listener
10:40:53 AM  1000     22682    4.00   10.00    0.00    0.00   14.00     8  listener
10:40:53 AM  1000     22684    6.00    7.00    0.00    0.00   13.00    12  listener
10:40:53 AM  1000     22686    0.00   15.00    0.00    0.00   15.00    16  listener
10:40:53 AM  1000     22688    0.00   15.00    0.00    0.00   15.00     8  listener
10:40:53 AM  1000     22690    5.00   12.00    0.00    0.00   17.00     1  listener
10:40:53 AM  1000     22692    7.00   10.00    0.00    0.00   17.00    19  listener
10:40:53 AM  1000     22694    3.00    9.00    0.00    0.00   12.00    19  listener
10:40:53 AM  1000     22696    0.00    0.00    0.00    0.00    0.00     1  listener
10:40:53 AM  1000     22697    8.00    8.00    0.00    0.00   16.00    16  listener
10:40:53 AM  1000     22700    0.00   12.00    0.00    0.00   12.00     7  listener

10:40:53 AM   UID       PID    %usr %system  %guest   %wait    %CPU   CPU  Command
10:40:54 AM  1000     22676   10.00    3.00    0.00    0.00   13.00    15  listener
10:40:54 AM  1000     22678   10.00    6.00    0.00    0.00   16.00    13  listener
10:40:54 AM  1000     22680    4.00    8.00    0.00    0.00   12.00    16  listener
10:40:54 AM  1000     22682    6.00    8.00    0.00    0.00   14.00     8  listener
10:40:54 AM  1000     22684    5.00   10.00    0.00    0.00   15.00     8  listener
10:40:54 AM  1000     22686    0.00   14.00    0.00    0.00   14.00     4  listener
10:40:54 AM  1000     22688    0.00   15.00    0.00    0.00   15.00    15  listener
10:40:54 AM  1000     22690    4.00   11.00    0.00    0.00   15.00    13  listener
10:40:54 AM  1000     22692    7.00    9.00    0.00    0.00   16.00     2  listener
10:40:54 AM  1000     22694    5.00   10.00    0.00    0.00   15.00    19  listener
10:40:54 AM  1000     22696    0.00    0.00    0.00    0.00    0.00     1  listener
10:40:54 AM  1000     22697    5.00   11.00    0.00    0.00   16.00     1  listener
10:40:54 AM  1000     22700    0.00   13.00    0.00    0.00   13.00    15  listener

10:40:54 AM   UID       PID    %usr %system  %guest   %wait    %CPU   CPU  Command
10:40:55 AM  1000     22676   12.00    2.00    0.00    0.00   14.00    19  listener
10:40:55 AM  1000     22678   12.00    4.00    0.00    0.00   16.00    14  listener
10:40:55 AM  1000     22680    3.00    9.00    0.00    0.00   12.00    17  listener
10:40:55 AM  1000     22682    8.00    8.00    0.00    0.00   16.00     4  listener
10:40:55 AM  1000     22684    7.00    7.00    0.00    0.00   14.00     8  listener
10:40:55 AM  1000     22686    0.00   14.00    0.00    0.00   14.00    18  listener
10:40:55 AM  1000     22688    0.00   15.00    0.00    0.00   15.00     8  listener
10:40:55 AM  1000     22690    5.00   11.00    0.00    0.00   16.00    18  listener
10:40:55 AM  1000     22692    7.00   11.00    0.00    0.00   18.00    19  listener
10:40:55 AM  1000     22694    4.00   10.00    0.00    0.00   14.00    19  listener
10:40:55 AM  1000     22696    0.00    0.00    0.00    0.00    0.00     1  listener
10:40:55 AM  1000     22697    5.00   11.00    0.00    0.00   16.00     0  listener
10:40:55 AM  1000     22700    0.00   12.00    0.00    0.00   12.00    14  listener

10:40:55 AM   UID       PID    %usr %system  %guest   %wait    %CPU   CPU  Command
10:40:56 AM  1000     22676    8.00    5.00    0.00    0.00   13.00    19  listener
10:40:56 AM  1000     22678    7.00    9.00    0.00    0.00   16.00    13  listener
10:40:56 AM  1000     22680    4.00    8.00    0.00    0.00   12.00    16  listener
10:40:56 AM  1000     22682    5.00   10.00    0.00    0.00   15.00    10  listener
10:40:56 AM  1000     22684    3.00   12.00    0.00    0.00   15.00     5  listener
10:40:56 AM  1000     22686    0.00   14.00    0.00    0.00   14.00     8  listener
10:40:56 AM  1000     22688    0.00   14.00    0.00    0.00   14.00    13  listener
10:40:56 AM  1000     22690    4.00   11.00    0.00    0.00   15.00     6  listener
10:40:56 AM  1000     22692    6.00   12.00    0.00    0.00   18.00     8  listener
10:40:56 AM  1000     22694    3.00   10.00    0.00    0.00   13.00     6  listener
10:40:56 AM  1000     22696    0.00    0.00    0.00    0.00    0.00     1  listener
10:40:56 AM  1000     22697    1.00   15.00    0.00    0.00   16.00     1  listener
10:40:56 AM  1000     22700    0.00   13.00    0.00    0.00   13.00    16  listener

10:40:56 AM   UID       PID    %usr %system  %guest   %wait    %CPU   CPU  Command
10:40:57 AM  1000     22676   10.00    2.00    0.00    0.00   12.00     0  listener
10:40:57 AM  1000     22678    8.00    6.00    0.00    0.00   14.00    12  listener
10:40:57 AM  1000     22680    4.00    9.00    0.00    0.00   13.00    16  listener
10:40:57 AM  1000     22682    4.00   10.00    0.00    0.00   14.00    16  listener
10:40:57 AM  1000     22684    0.00   14.00    0.00    0.00   14.00    18  listener
10:40:57 AM  1000     22686    0.00   15.00    0.00    0.00   15.00    18  listener
10:40:57 AM  1000     22688    5.00   12.00    0.00    0.00   17.00    19  listener
10:40:57 AM  1000     22690    4.00   11.00    0.00    0.00   15.00    16  listener
10:40:57 AM  1000     22692    4.00   13.00    0.00    0.00   17.00     8  listener
10:40:57 AM  1000     22694    4.00    9.00    0.00    0.00   13.00     6  listener
10:40:57 AM  1000     22696    0.00    0.00    0.00    0.00    0.00     9  listener
10:40:57 AM  1000     22697    1.00   15.00    0.00    0.00   16.00     1  listener
10:40:57 AM  1000     22700    0.00   12.00    0.00    0.00   12.00    19  listener

10:40:57 AM   UID       PID    %usr %system  %guest   %wait    %CPU   CPU  Command
10:40:58 AM  1000     22676   11.00    3.00    0.00    0.00   14.00     6  listener
10:40:58 AM  1000     22678    9.00    8.00    0.00    0.00   17.00     7  listener
10:40:58 AM  1000     22680    3.00    8.00    0.00    0.00   11.00     9  listener
10:40:58 AM  1000     22682    5.00    9.00    0.00    0.00   14.00    16  listener
10:40:58 AM  1000     22684    0.00   14.00    0.00    0.00   14.00    14  listener
10:40:58 AM  1000     22686    0.00   14.00    0.00    0.00   14.00    18  listener
10:40:58 AM  1000     22688    4.00   12.00    0.00    0.00   16.00     0  listener
10:40:58 AM  1000     22690    5.00   11.00    0.00    0.00   16.00     5  listener
10:40:58 AM  1000     22692   10.00    7.00    0.00    0.00   17.00    18  listener
10:40:58 AM  1000     22694    4.00   10.00    0.00    0.00   14.00    19  listener
10:40:58 AM  1000     22696    0.00    0.00    0.00    0.00    0.00     9  listener
10:40:58 AM  1000     22697    0.00   16.00    0.00    0.00   16.00     1  listener
10:40:58 AM  1000     22700    0.00   13.00    0.00    0.00   13.00    16  listener

10:40:58 AM   UID       PID    %usr %system  %guest   %wait    %CPU   CPU  Command
10:40:59 AM  1000     22676    7.00    6.00    0.00    0.00   13.00     6  listener
10:40:59 AM  1000     22678   10.00    5.00    0.00    0.00   15.00    14  listener
10:40:59 AM  1000     22680    4.00    8.00    0.00    0.00   12.00     9  listener
10:40:59 AM  1000     22682    6.00    9.00    0.00    0.00   15.00     1  listener
10:40:59 AM  1000     22684    0.00   15.00    0.00    0.00   15.00     3  listener
10:40:59 AM  1000     22686    0.00   15.00    0.00    0.00   15.00    16  listener
10:40:59 AM  1000     22688    4.00   12.00    0.00    0.00   16.00    19  listener
10:40:59 AM  1000     22690    5.00   11.00    0.00    0.00   16.00     5  listener
10:40:59 AM  1000     22692    6.00   10.00    0.00    0.00   16.00     1  listener
10:40:59 AM  1000     22694    4.00   10.00    0.00    0.00   14.00     6  listener
10:40:59 AM  1000     22696    0.00    0.00    0.00    0.00    0.00     9  listener
10:40:59 AM  1000     22697    0.00   15.00    0.00    0.00   15.00     7  listener
10:40:59 AM  1000     22700    0.00   12.00    0.00    0.00   12.00     6  listener

10:40:59 AM   UID       PID    %usr %system  %guest   %wait    %CPU   CPU  Command
10:41:00 AM  1000     22676    8.00    5.00    0.00    0.00   13.00     0  listener
10:41:00 AM  1000     22678   12.00    4.00    0.00    0.00   16.00    17  listener
10:41:00 AM  1000     22680    3.00    8.00    0.00    0.00   11.00     2  listener
10:41:00 AM  1000     22682    5.00    9.00    0.00    0.00   14.00     1  listener
10:41:00 AM  1000     22684    0.00   14.00    0.00    0.00   14.00    12  listener
10:41:00 AM  1000     22686    0.00   14.00    0.00    0.00   14.00    11  listener
10:41:00 AM  1000     22688    4.00   12.00    0.00    0.00   16.00    19  listener
10:41:00 AM  1000     22690    4.00   11.00    0.00    0.00   15.00    16  listener
10:41:00 AM  1000     22692    0.00   17.00    0.00    0.00   17.00     2  listener
10:41:00 AM  1000     22694    4.00   10.00    0.00    0.00   14.00    16  listener
10:41:00 AM  1000     22696    0.00    0.00    0.00    0.00    0.00     1  listener
10:41:00 AM  1000     22697    0.00   15.00    0.00    0.00   15.00     7  listener
10:41:00 AM  1000     22700    0.00   12.00    0.00    0.00   12.00    16  listener

10:41:00 AM   UID       PID    %usr %system  %guest   %wait    %CPU   CPU  Command
10:41:01 AM  1000     22676   10.00    3.00    0.00    0.00   13.00     0  listener
10:41:01 AM  1000     22678   10.00    5.00    0.00    0.00   15.00     2  listener
10:41:01 AM  1000     22680    4.00    9.00    0.00    0.00   13.00     2  listener
10:41:01 AM  1000     22682    5.00   10.00    0.00    0.00   15.00     1  listener
10:41:01 AM  1000     22684    0.00   14.00    0.00    0.00   14.00    12  listener
10:41:01 AM  1000     22686    0.00   15.00    0.00    0.00   15.00    15  listener
10:41:01 AM  1000     22688    4.00   12.00    0.00    0.00   16.00    19  listener
10:41:01 AM  1000     22690    4.00   11.00    0.00    0.00   15.00     5  listener
10:41:01 AM  1000     22692    4.00   13.00    0.00    0.00   17.00     8  listener
10:41:01 AM  1000     22694    3.00    9.00    0.00    0.00   12.00    16  listener
10:41:01 AM  1000     22696    0.00    0.00    0.00    0.00    0.00     9  listener
10:41:01 AM  1000     22697    5.00   11.00    0.00    0.00   16.00    12  listener
10:41:01 AM  1000     22700    0.00   13.00    0.00    0.00   13.00    18  listener

10:41:01 AM   UID       PID    %usr %system  %guest   %wait    %CPU   CPU  Command
10:41:02 AM  1000     22676   11.00    2.00    0.00    0.00   13.00     0  listener
10:41:02 AM  1000     22678    9.00    7.00    0.00    0.00   16.00    19  listener
10:41:02 AM  1000     22680    4.00    8.00    0.00    0.00   12.00     2  listener
10:41:02 AM  1000     22682    4.00   10.00    0.00    0.00   14.00     3  listener
10:41:02 AM  1000     22684    0.00   14.00    0.00    0.00   14.00     3  listener
10:41:02 AM  1000     22686    0.00   14.00    0.00    0.00   14.00     1  listener
10:41:02 AM  1000     22688    5.00   12.00    0.00    0.00   17.00    19  listener
10:41:02 AM  1000     22690    4.00   11.00    0.00    0.00   15.00    11  listener
10:41:02 AM  1000     22692    0.00   17.00    0.00    0.00   17.00    13  listener
10:41:02 AM  1000     22694    4.00   10.00    0.00    0.00   14.00    14  listener
10:41:02 AM  1000     22696    0.00    0.00    0.00    0.00    0.00     9  listener
10:41:02 AM  1000     22697    4.00   12.00    0.00    0.00   16.00     7  listener
10:41:02 AM  1000     22700    0.00   12.00    0.00    0.00   12.00    16  listener

10:41:02 AM   UID       PID    %usr %system  %guest   %wait    %CPU   CPU  Command
10:41:03 AM  1000     22676   13.00    1.00    0.00    0.00   14.00     6  listener
10:41:03 AM  1000     22678   11.00    5.00    0.00    0.00   16.00     3  listener
10:41:03 AM  1000     22680    3.00    8.00    0.00    0.00   11.00     2  listener
10:41:03 AM  1000     22682    6.00   10.00    0.00    0.00   16.00     3  listener
10:41:03 AM  1000     22684    0.00   15.00    0.00    0.00   15.00    17  listener
10:41:03 AM  1000     22686    0.00   14.00    0.00    0.00   14.00    15  listener
10:41:03 AM  1000     22688    4.00   11.00    0.00    0.00   15.00     5  listener
10:41:03 AM  1000     22690    5.00   12.00    0.00    0.00   17.00    16  listener
10:41:03 AM  1000     22692    0.00   17.00    0.00    0.00   17.00    13  listener
10:41:03 AM  1000     22694    4.00   10.00    0.00    0.00   14.00     9  listener
10:41:03 AM  1000     22696    0.00    0.00    0.00    0.00    0.00     9  listener
10:41:03 AM  1000     22697    5.00   11.00    0.00    0.00   16.00    12  listener
10:41:03 AM  1000     22700    0.00   13.00    0.00    0.00   13.00    16  listener

10:41:03 AM   UID       PID    %usr %system  %guest   %wait    %CPU   CPU  Command
10:41:04 AM  1000     22676   11.00    1.00    0.00    0.00   12.00    12  listener
10:41:04 AM  1000     22678    9.00    7.00    0.00    0.00   16.00     3  listener
10:41:04 AM  1000     22680    4.00    8.00    0.00    0.00   12.00     5  listener
10:41:04 AM  1000     22682    5.00    9.00    0.00    0.00   14.00    13  listener
10:41:04 AM  1000     22684    0.00   14.00    0.00    0.00   14.00    17  listener
10:41:04 AM  1000     22686    0.00   15.00    0.00    0.00   15.00     1  listener
10:41:04 AM  1000     22688    4.00   12.00    0.00    0.00   16.00     5  listener
10:41:04 AM  1000     22690    4.00   11.00    0.00    0.00   15.00     9  listener
10:41:04 AM  1000     22692    0.00   17.00    0.00    0.00   17.00    13  listener
10:41:04 AM  1000     22694    4.00   10.00    0.00    0.00   14.00     1  listener
10:41:04 AM  1000     22696    0.00    0.00    0.00    0.00    0.00     9  listener
10:41:04 AM  1000     22697    4.00   11.00    0.00    0.00   15.00     7  listener
10:41:04 AM  1000     22700    0.00   13.00    0.00    0.00   13.00     4  listener

10:41:04 AM   UID       PID    %usr %system  %guest   %wait    %CPU   CPU  Command
10:41:05 AM  1000     22676   12.00    2.00    0.00    0.00   14.00    12  listener
10:41:05 AM  1000     22678    9.00    6.00    0.00    0.00   15.00     1  listener
10:41:05 AM  1000     22680    4.00    9.00    0.00    0.00   13.00    10  listener
10:41:05 AM  1000     22682    5.00   10.00    0.00    0.00   15.00     3  listener
10:41:05 AM  1000     22684    0.00   14.00    0.00    0.00   14.00    17  listener
10:41:05 AM  1000     22686    0.00   14.00    0.00    0.00   14.00    14  listener
10:41:05 AM  1000     22688    3.00   11.00    0.00    0.00   14.00    19  listener
10:41:05 AM  1000     22690    4.00   11.00    0.00    0.00   15.00     0  listener
10:41:05 AM  1000     22692    0.00   17.00    0.00    0.00   17.00    13  listener
10:41:05 AM  1000     22694    4.00   10.00    0.00    0.00   14.00     6  listener
10:41:05 AM  1000     22696    0.00    0.00    0.00    0.00    0.00     9  listener
10:41:05 AM  1000     22697    4.00   10.00    0.00    0.00   14.00    11  listener
10:41:05 AM  1000     22700    0.00   12.00    0.00    0.00   12.00     9  listener

10:41:05 AM   UID       PID    %usr %system  %guest   %wait    %CPU   CPU  Command
10:41:06 AM  1000     22676   11.00    2.00    0.00    0.00   13.00    15  listener
10:41:06 AM  1000     22678    7.00    9.00    0.00    0.00   16.00     1  listener
10:41:06 AM  1000     22680    3.00    8.00    0.00    0.00   11.00    17  listener
10:41:06 AM  1000     22682    4.00   11.00    0.00    0.00   15.00    14  listener
10:41:06 AM  1000     22684    0.00   15.00    0.00    0.00   15.00     6  listener
10:41:06 AM  1000     22686    0.00   14.00    0.00    0.00   14.00    14  listener
10:41:06 AM  1000     22688    4.00   12.00    0.00    0.00   16.00    19  listener
10:41:06 AM  1000     22690    4.00   11.00    0.00    0.00   15.00     0  listener
10:41:06 AM  1000     22692    0.00   18.00    0.00    0.00   18.00     4  listener
10:41:06 AM  1000     22694    4.00    9.00    0.00    0.00   13.00     5  listener
10:41:06 AM  1000     22696    0.00    0.00    0.00    0.00    0.00     9  listener
10:41:06 AM  1000     22697    5.00   11.00    0.00    0.00   16.00    13  listener
10:41:06 AM  1000     22700    0.00   13.00    0.00    0.00   13.00     6  listener

10:41:06 AM   UID       PID    %usr %system  %guest   %wait    %CPU   CPU  Command
10:41:07 AM  1000     22676    8.00    5.00    0.00    0.00   13.00    15  listener
10:41:07 AM  1000     22678   10.00    6.00    0.00    0.00   16.00    14  listener
10:41:07 AM  1000     22680    4.00    8.00    0.00    0.00   12.00    10  listener
10:41:07 AM  1000     22682    5.00    9.00    0.00    0.00   14.00     3  listener
10:41:07 AM  1000     22684    0.00   14.00    0.00    0.00   14.00    13  listener
10:41:07 AM  1000     22686    9.00    6.00    0.00    0.00   15.00     5  listener
10:41:07 AM  1000     22688    5.00   11.00    0.00    0.00   16.00    19  listener
10:41:07 AM  1000     22690    5.00   11.00    0.00    0.00   16.00     1  listener
10:41:07 AM  1000     22692    0.00   17.00    0.00    0.00   17.00    14  listener
10:41:07 AM  1000     22694    4.00   10.00    0.00    0.00   14.00    13  listener
10:41:07 AM  1000     22696    0.00    0.00    0.00    0.00    0.00     9  listener
10:41:07 AM  1000     22697    4.00   11.00    0.00    0.00   15.00     1  listener
10:41:07 AM  1000     22700    0.00   13.00    0.00    0.00   13.00    19  listener

10:41:07 AM   UID       PID    %usr %system  %guest   %wait    %CPU   CPU  Command
10:41:08 AM  1000     22676   10.00    3.00    0.00    0.00   13.00    18  listener
10:41:08 AM  1000     22678    9.00    7.00    0.00    0.00   16.00    15  listener
10:41:08 AM  1000     22680    4.00    7.00    0.00    0.00   11.00    19  listener
10:41:08 AM  1000     22682    5.00   10.00    0.00    0.00   15.00     4  listener
10:41:08 AM  1000     22684    0.00   14.00    0.00    0.00   14.00    14  listener
10:41:08 AM  1000     22686    8.00    6.00    0.00    0.00   14.00    17  listener
10:41:08 AM  1000     22688    4.00   11.00    0.00    0.00   15.00    13  listener
10:41:08 AM  1000     22690    4.00   11.00    0.00    0.00   15.00     0  listener
10:41:08 AM  1000     22692    0.00   17.00    0.00    0.00   17.00    14  listener
10:41:08 AM  1000     22694    4.00   10.00    0.00    0.00   14.00    13  listener
10:41:08 AM  1000     22696    0.00    0.00    0.00    0.00    0.00     9  listener
10:41:08 AM  1000     22697    5.00   11.00    0.00    0.00   16.00     1  listener
10:41:08 AM  1000     22700    0.00   12.00    0.00    0.00   12.00    19  listener

10:41:08 AM   UID       PID    %usr %system  %guest   %wait    %CPU   CPU  Command
10:41:09 AM  1000     22676   13.00    1.00    0.00    0.00   14.00     4  listener
10:41:09 AM  1000     22678    9.00    6.00    0.00    0.00   15.00     2  listener
10:41:09 AM  1000     22680    4.00    9.00    0.00    0.00   13.00    18  listener
10:41:09 AM  1000     22682    4.00   10.00    0.00    0.00   14.00     4  listener
10:41:09 AM  1000     22684    1.00   13.00    0.00    0.00   14.00    13  listener
10:41:09 AM  1000     22686    7.00    7.00    0.00    0.00   14.00     3  listener
10:41:09 AM  1000     22688    4.00   11.00    0.00    0.00   15.00     1  listener
10:41:09 AM  1000     22690    4.00   11.00    0.00    0.00   15.00     0  listener
10:41:09 AM  1000     22692    0.00   17.00    0.00    0.00   17.00    15  listener
10:41:09 AM  1000     22694    4.00   10.00    0.00    0.00   14.00    13  listener
10:41:09 AM  1000     22696    0.00    0.00    0.00    0.00    0.00     9  listener
10:41:09 AM  1000     22697    5.00   11.00    0.00    0.00   16.00    14  listener
10:41:09 AM  1000     22700    0.00   12.00    0.00    0.00   12.00    19  listener

10:41:09 AM   UID       PID    %usr %system  %guest   %wait    %CPU   CPU  Command
10:41:10 AM  1000     22676   11.00    1.00    0.00    0.00   12.00     4  listener
10:41:10 AM  1000     22678   10.00    6.00    0.00    0.00   16.00    19  listener
10:41:10 AM  1000     22680    3.00    8.00    0.00    0.00   11.00     6  listener
10:41:10 AM  1000     22682    4.00   10.00    0.00    0.00   14.00     5  listener
10:41:10 AM  1000     22684    1.00   13.00    0.00    0.00   14.00    14  listener
10:41:10 AM  1000     22686    7.00    7.00    0.00    0.00   14.00     8  listener
10:41:10 AM  1000     22688    3.00   11.00    0.00    0.00   14.00    16  listener
10:41:10 AM  1000     22690    5.00   11.00    0.00    0.00   16.00    13  listener
10:41:10 AM  1000     22692    0.00   17.00    0.00    0.00   17.00    17  listener
10:41:10 AM  1000     22694    4.00    9.00    0.00    0.00   13.00     1  listener
10:41:10 AM  1000     22696    0.00    0.00    0.00    0.00    0.00     9  listener
10:41:10 AM  1000     22697    4.00   11.00    0.00    0.00   15.00     0  listener
10:41:10 AM  1000     22700    0.00   12.00    0.00    0.00   12.00    19  listener

10:41:10 AM   UID       PID    %usr %system  %guest   %wait    %CPU   CPU  Command
10:41:11 AM  1000     22676   13.00    1.00    0.00    0.00   14.00     8  listener
10:41:11 AM  1000     22678   10.00    5.00    0.00    0.00   15.00     0  listener
10:41:11 AM  1000     22680    4.00    8.00    0.00    0.00   12.00    18  listener
10:41:11 AM  1000     22682    5.00   10.00    0.00    0.00   15.00     5  listener
10:41:11 AM  1000     22684    3.00   12.00    0.00    0.00   15.00    11  listener
10:41:11 AM  1000     22686    9.00    6.00    0.00    0.00   15.00    10  listener
10:41:11 AM  1000     22688    5.00   11.00    0.00    0.00   16.00    16  listener
10:41:11 AM  1000     22690    4.00   11.00    0.00    0.00   15.00     0  listener
10:41:11 AM  1000     22692    0.00   16.00    0.00    0.00   16.00    16  listener
10:41:11 AM  1000     22694    4.00   10.00    0.00    0.00   14.00     9  listener
10:41:11 AM  1000     22696    0.00    0.00    0.00    0.00    0.00     9  listener
10:41:11 AM  1000     22697    5.00   11.00    0.00    0.00   16.00     5  listener
10:41:11 AM  1000     22700    0.00   12.00    0.00    0.00   12.00    19  listener

10:41:11 AM   UID       PID    %usr %system  %guest   %wait    %CPU   CPU  Command
10:41:12 AM  1000     22676   10.00    3.00    0.00    0.00   13.00    18  listener
10:41:12 AM  1000     22678   10.00    6.00    0.00    0.00   16.00     0  listener
10:41:12 AM  1000     22680    3.00    9.00    0.00    0.00   12.00    10  listener
10:41:12 AM  1000     22682    5.00    9.00    0.00    0.00   14.00     0  listener
10:41:12 AM  1000     22684    3.00   11.00    0.00    0.00   14.00     1  listener
10:41:12 AM  1000     22686   11.00    3.00    0.00    0.00   14.00    12  listener
10:41:12 AM  1000     22688    4.00   10.00    0.00    0.00   14.00     1  listener
10:41:12 AM  1000     22690    5.00   11.00    0.00    0.00   16.00     0  listener
10:41:12 AM  1000     22692    0.00   17.00    0.00    0.00   17.00     8  listener
10:41:12 AM  1000     22694    4.00   10.00    0.00    0.00   14.00     9  listener
10:41:12 AM  1000     22696    0.00    0.00    0.00    0.00    0.00     9  listener
10:41:12 AM  1000     22697    4.00   11.00    0.00    0.00   15.00     5  listener
10:41:12 AM  1000     22700    0.00   12.00    0.00    0.00   12.00     5  listener

10:41:12 AM   UID       PID    %usr %system  %guest   %wait    %CPU   CPU  Command
10:41:13 AM  1000     22676   11.00    3.00    0.00    0.00   14.00    19  listener
10:41:13 AM  1000     22678   11.00    5.00    0.00    0.00   16.00     0  listener
10:41:13 AM  1000     22680    4.00    8.00    0.00    0.00   12.00     3  listener
10:41:13 AM  1000     22682    5.00   10.00    0.00    0.00   15.00     5  listener
10:41:13 AM  1000     22684    3.00   11.00    0.00    0.00   14.00     1  listener
10:41:13 AM  1000     22686    9.00    6.00    0.00    0.00   15.00    10  listener
10:41:13 AM  1000     22688    4.00   11.00    0.00    0.00   15.00     3  listener
10:41:13 AM  1000     22690    4.00   11.00    0.00    0.00   15.00    13  listener
10:41:13 AM  1000     22692    0.00   17.00    0.00    0.00   17.00    12  listener
10:41:13 AM  1000     22694    4.00    9.00    0.00    0.00   13.00     0  listener
10:41:13 AM  1000     22696    0.00    0.00    0.00    0.00    0.00     9  listener
10:41:13 AM  1000     22697    5.00   11.00    0.00    0.00   16.00     4  listener
10:41:13 AM  1000     22700    0.00   12.00    0.00    0.00   12.00     0  listener

10:41:13 AM   UID       PID    %usr %system  %guest   %wait    %CPU   CPU  Command
10:41:14 AM  1000     22676    4.00    9.00    0.00    0.00   13.00    19  listener
10:41:14 AM  1000     22678   10.00    6.00    0.00    0.00   16.00     0  listener
10:41:14 AM  1000     22680    4.00    8.00    0.00    0.00   12.00     3  listener
10:41:14 AM  1000     22682    6.00    9.00    0.00    0.00   15.00    12  listener
10:41:14 AM  1000     22684    5.00   10.00    0.00    0.00   15.00     8  listener
10:41:14 AM  1000     22686    8.00    6.00    0.00    0.00   14.00    17  listener
10:41:14 AM  1000     22688    5.00   11.00    0.00    0.00   16.00     3  listener
10:41:14 AM  1000     22690    4.00   11.00    0.00    0.00   15.00    14  listener
10:41:14 AM  1000     22692    0.00   17.00    0.00    0.00   17.00    14  listener
10:41:14 AM  1000     22694    4.00   10.00    0.00    0.00   14.00    18  listener
10:41:14 AM  1000     22696    0.00    0.00    0.00    0.00    0.00     9  listener
10:41:14 AM  1000     22697    4.00   11.00    0.00    0.00   15.00     4  listener
10:41:14 AM  1000     22700    0.00   13.00    0.00    0.00   13.00    18  listener

10:41:14 AM   UID       PID    %usr %system  %guest   %wait    %CPU   CPU  Command
10:41:15 AM  1000     22676   11.00    1.00    0.00    0.00   12.00     2  listener
10:41:15 AM  1000     22678    9.00    7.00    0.00    0.00   16.00     0  listener
10:41:15 AM  1000     22680    3.00    8.00    0.00    0.00   11.00    19  listener
10:41:15 AM  1000     22682    4.00   10.00    0.00    0.00   14.00     6  listener
10:41:15 AM  1000     22684    4.00   10.00    0.00    0.00   14.00    11  listener
10:41:15 AM  1000     22686   11.00    4.00    0.00    0.00   15.00    16  listener
10:41:15 AM  1000     22688    6.00    9.00    0.00    0.00   15.00     2  listener
10:41:15 AM  1000     22690    4.00   10.00    0.00    0.00   14.00    16  listener
10:41:15 AM  1000     22692    0.00   17.00    0.00    0.00   17.00    14  listener
10:41:15 AM  1000     22694    5.00    9.00    0.00    0.00   14.00    18  listener
10:41:15 AM  1000     22696    0.00    0.00    0.00    0.00    0.00     9  listener
10:41:15 AM  1000     22697    4.00   11.00    0.00    0.00   15.00     8  listener
10:41:15 AM  1000     22700    0.00   12.00    0.00    0.00   12.00    18  listener

10:41:15 AM   UID       PID    %usr %system  %guest   %wait    %CPU   CPU  Command
10:41:16 AM  1000     22676    8.00    6.00    0.00    0.00   14.00    14  listener
10:41:16 AM  1000     22678    9.00    6.00    0.00    0.00   15.00    17  listener
10:41:16 AM  1000     22680    4.00    8.00    0.00    0.00   12.00    13  listener
10:41:16 AM  1000     22682    5.00   10.00    0.00    0.00   15.00    12  listener
10:41:16 AM  1000     22684    4.00   11.00    0.00    0.00   15.00    17  listener
10:41:16 AM  1000     22686    8.00    7.00    0.00    0.00   15.00    17  listener
10:41:16 AM  1000     22688    8.00    6.00    0.00    0.00   14.00     2  listener
10:41:16 AM  1000     22690    5.00   11.00    0.00    0.00   16.00     8  listener
10:41:16 AM  1000     22692    0.00   17.00    0.00    0.00   17.00     8  listener
10:41:16 AM  1000     22694    3.00   10.00    0.00    0.00   13.00     0  listener
10:41:16 AM  1000     22696    0.00    0.00    0.00    0.00    0.00     9  listener
10:41:16 AM  1000     22697    5.00   11.00    0.00    0.00   16.00     4  listener
10:41:16 AM  1000     22700    0.00   12.00    0.00    0.00   12.00    18  listener

10:41:16 AM   UID       PID    %usr %system  %guest   %wait    %CPU   CPU  Command
10:41:17 AM  1000     22676   12.00    1.00    0.00    0.00   13.00     3  listener
10:41:17 AM  1000     22678   10.00    6.00    0.00    0.00   16.00    19  listener
10:41:17 AM  1000     22680    4.00    8.00    0.00    0.00   12.00    18  listener
10:41:17 AM  1000     22682    6.00    8.00    0.00    0.00   14.00    12  listener
10:41:17 AM  1000     22684    3.00   11.00    0.00    0.00   14.00    13  listener
10:41:17 AM  1000     22686    6.00    8.00    0.00    0.00   14.00    17  listener
10:41:17 AM  1000     22688    6.00    9.00    0.00    0.00   15.00     0  listener
10:41:17 AM  1000     22690    4.00   11.00    0.00    0.00   15.00     5  listener
10:41:17 AM  1000     22692    0.00   17.00    0.00    0.00   17.00     9  listener
10:41:17 AM  1000     22694    5.00    9.00    0.00    0.00   14.00    10  listener
10:41:17 AM  1000     22696    0.00    0.00    0.00    0.00    0.00     9  listener
10:41:17 AM  1000     22697    4.00   11.00    0.00    0.00   15.00     2  listener
10:41:17 AM  1000     22700    0.00   13.00    0.00    0.00   13.00     6  listener

10:41:17 AM   UID       PID    %usr %system  %guest   %wait    %CPU   CPU  Command
10:41:18 AM  1000     22676   12.00    1.00    0.00    0.00   13.00     3  listener
10:41:18 AM  1000     22678    9.00    6.00    0.00    0.00   15.00     3  listener
10:41:18 AM  1000     22680    4.00    8.00    0.00    0.00   12.00    17  listener
10:41:18 AM  1000     22682    5.00    9.00    0.00    0.00   14.00    17  listener
10:41:18 AM  1000     22684    4.00   10.00    0.00    0.00   14.00    15  listener
10:41:18 AM  1000     22686    7.00    7.00    0.00    0.00   14.00    16  listener
10:41:18 AM  1000     22688   11.00    5.00    0.00    0.00   16.00    17  listener
10:41:18 AM  1000     22690    4.00   12.00    0.00    0.00   16.00     5  listener
10:41:18 AM  1000     22692    0.00   17.00    0.00    0.00   17.00    10  listener
10:41:18 AM  1000     22694    4.00   10.00    0.00    0.00   14.00    10  listener
10:41:18 AM  1000     22696    0.00    0.00    0.00    0.00    0.00     9  listener
10:41:18 AM  1000     22697    5.00   11.00    0.00    0.00   16.00     2  listener
10:41:18 AM  1000     22700    0.00   12.00    0.00    0.00   12.00    12  listener

10:41:18 AM   UID       PID    %usr %system  %guest   %wait    %CPU   CPU  Command
10:41:19 AM  1000     22676   11.00    3.00    0.00    0.00   14.00    19  listener
10:41:19 AM  1000     22678   10.00    7.00    0.00    0.00   17.00     3  listener
10:41:19 AM  1000     22680    3.00    8.00    0.00    0.00   11.00    17  listener
10:41:19 AM  1000     22682    5.00   10.00    0.00    0.00   15.00    11  listener
10:41:19 AM  1000     22684    4.00   10.00    0.00    0.00   14.00     7  listener
10:41:19 AM  1000     22686    0.00   15.00    0.00    0.00   15.00    19  listener
10:41:19 AM  1000     22688    9.00    5.00    0.00    0.00   14.00    16  listener
10:41:19 AM  1000     22690    5.00   10.00    0.00    0.00   15.00    10  listener
10:41:19 AM  1000     22692    0.00   17.00    0.00    0.00   17.00    10  listener
10:41:19 AM  1000     22694    4.00   10.00    0.00    0.00   14.00    14  listener
10:41:19 AM  1000     22696    0.00    0.00    0.00    0.00    0.00     9  listener
10:41:19 AM  1000     22697    5.00   10.00    0.00    0.00   15.00     2  listener
10:41:19 AM  1000     22700    0.00   13.00    0.00    0.00   13.00     5  listener

10:41:19 AM   UID       PID    %usr %system  %guest   %wait    %CPU   CPU  Command
10:41:20 AM  1000     22676   12.00    2.00    0.00    0.00   14.00     6  listener
10:41:20 AM  1000     22678   11.00    4.00    0.00    0.00   15.00     3  listener
10:41:20 AM  1000     22680    4.00    8.00    0.00    0.00   12.00     4  listener
10:41:20 AM  1000     22682    4.00   11.00    0.00    0.00   15.00     1  listener
10:41:20 AM  1000     22684    6.00    8.00    0.00    0.00   14.00     7  listener
10:41:20 AM  1000     22686    0.00   14.00    0.00    0.00   14.00    19  listener
10:41:20 AM  1000     22688   10.00    6.00    0.00    0.00   16.00    16  listener
10:41:20 AM  1000     22690    4.00   11.00    0.00    0.00   15.00     6  listener
10:41:20 AM  1000     22692    0.00   17.00    0.00    0.00   17.00    10  listener
10:41:20 AM  1000     22694    4.00    9.00    0.00    0.00   13.00    14  listener
10:41:20 AM  1000     22696    0.00    0.00    0.00    0.00    0.00     9  listener
10:41:20 AM  1000     22697    4.00   11.00    0.00    0.00   15.00    19  listener
10:41:20 AM  1000     22700    0.00   12.00    0.00    0.00   12.00     5  listener

10:41:20 AM   UID       PID    %usr %system  %guest   %wait    %CPU   CPU  Command
10:41:21 AM  1000     22676   11.00    2.00    0.00    0.00   13.00     7  listener
10:41:21 AM  1000     22678   10.00    5.00    0.00    0.00   15.00     8  listener
10:41:21 AM  1000     22680    3.00    9.00    0.00    0.00   12.00     4  listener
10:41:21 AM  1000     22682    5.00    9.00    0.00    0.00   14.00     1  listener
10:41:21 AM  1000     22684    4.00   10.00    0.00    0.00   14.00    17  listener
10:41:21 AM  1000     22686    0.00   14.00    0.00    0.00   14.00    19  listener
10:41:21 AM  1000     22688   12.00    3.00    0.00    0.00   15.00     3  listener
10:41:21 AM  1000     22690    4.00   12.00    0.00    0.00   16.00     6  listener
10:41:21 AM  1000     22692    0.00   17.00    0.00    0.00   17.00     8  listener
10:41:21 AM  1000     22694    4.00   10.00    0.00    0.00   14.00    10  listener
10:41:21 AM  1000     22696    0.00    0.00    0.00    0.00    0.00     9  listener
10:41:21 AM  1000     22697    5.00   11.00    0.00    0.00   16.00     2  listener
10:41:21 AM  1000     22700    0.00   13.00    0.00    0.00   13.00     6  listener

10:41:21 AM   UID       PID    %usr %system  %guest   %wait    %CPU   CPU  Command
10:41:22 AM  1000     22676    6.00    8.00    0.00    0.00   14.00    15  listener
10:41:22 AM  1000     22678   12.00    4.00    0.00    0.00   16.00     7  listener
10:41:22 AM  1000     22680    4.00    8.00    0.00    0.00   12.00    19  listener
10:41:22 AM  1000     22682    5.00   10.00    0.00    0.00   15.00    15  listener
10:41:22 AM  1000     22684    5.00    9.00    0.00    0.00   14.00    17  listener
10:41:22 AM  1000     22686    0.00   15.00    0.00    0.00   15.00    19  listener
10:41:22 AM  1000     22688   15.00    0.00    0.00    0.00   15.00     3  listener
10:41:22 AM  1000     22690    5.00   11.00    0.00    0.00   16.00     6  listener
10:41:22 AM  1000     22692    0.00   17.00    0.00    0.00   17.00     0  listener
10:41:22 AM  1000     22694    5.00    9.00    0.00    0.00   14.00    19  listener
10:41:22 AM  1000     22696    0.00    0.00    0.00    0.00    0.00     9  listener
10:41:22 AM  1000     22697    4.00   11.00    0.00    0.00   15.00     3  listener
10:41:22 AM  1000     22700    0.00   12.00    0.00    0.00   12.00     6  listener

10:41:22 AM   UID       PID    %usr %system  %guest   %wait    %CPU   CPU  Command
10:41:23 AM  1000     22676   10.00    3.00    0.00    0.00   13.00    15  listener
10:41:23 AM  1000     22678    9.00    7.00    0.00    0.00   16.00     7  listener
10:41:23 AM  1000     22680    4.00    8.00    0.00    0.00   12.00    10  listener
10:41:23 AM  1000     22682    4.00   11.00    0.00    0.00   15.00    10  listener
10:41:23 AM  1000     22684    5.00    9.00    0.00    0.00   14.00     3  listener
10:41:23 AM  1000     22686    0.00   14.00    0.00    0.00   14.00    17  listener
10:41:23 AM  1000     22688   14.00    1.00    0.00    0.00   15.00    10  listener
10:41:23 AM  1000     22690    4.00   11.00    0.00    0.00   15.00     6  listener
10:41:23 AM  1000     22692    0.00   17.00    0.00    0.00   17.00     8  listener
10:41:23 AM  1000     22694    4.00   10.00    0.00    0.00   14.00    13  listener
10:41:23 AM  1000     22696    0.00    0.00    0.00    0.00    0.00     9  listener
10:41:23 AM  1000     22697    5.00   11.00    0.00    0.00   16.00    10  listener
10:41:23 AM  1000     22700    0.00   13.00    0.00    0.00   13.00     5  listener

10:41:23 AM   UID       PID    %usr %system  %guest   %wait    %CPU   CPU  Command
10:41:24 AM  1000     22676   12.00    1.00    0.00    0.00   13.00    15  listener
10:41:24 AM  1000     22678   10.00    6.00    0.00    0.00   16.00    14  listener
10:41:24 AM  1000     22680    3.00    8.00    0.00    0.00   11.00     3  listener
10:41:24 AM  1000     22682    5.00   10.00    0.00    0.00   15.00     9  listener
10:41:24 AM  1000     22684    6.00    9.00    0.00    0.00   15.00     6  listener
10:41:24 AM  1000     22686    0.00   15.00    0.00    0.00   15.00    12  listener
10:41:24 AM  1000     22688   11.00    5.00    0.00    0.00   16.00     3  listener
10:41:24 AM  1000     22690    5.00   12.00    0.00    0.00   17.00     3  listener
10:41:24 AM  1000     22692    0.00   17.00    0.00    0.00   17.00     0  listener
10:41:24 AM  1000     22694    3.00   10.00    0.00    0.00   13.00     1  listener
10:41:24 AM  1000     22696    0.00    0.00    0.00    0.00    0.00     9  listener
10:41:24 AM  1000     22697    4.00   10.00    0.00    0.00   14.00    10  listener
10:41:24 AM  1000     22700    0.00   12.00    0.00    0.00   12.00    17  listener

10:41:24 AM   UID       PID    %usr %system  %guest   %wait    %CPU   CPU  Command
10:41:25 AM  1000     22676   11.00    2.00    0.00    0.00   13.00    18  listener
10:41:25 AM  1000     22678    9.00    7.00    0.00    0.00   16.00    15  listener
10:41:25 AM  1000     22680    4.00    9.00    0.00    0.00   13.00     0  listener
10:41:25 AM  1000     22682    4.00   10.00    0.00    0.00   14.00     9  listener
10:41:25 AM  1000     22684   10.00    4.00    0.00    0.00   14.00     3  listener
10:41:25 AM  1000     22686    0.00   14.00    0.00    0.00   14.00    11  listener
10:41:25 AM  1000     22688    7.00    9.00    0.00    0.00   16.00    15  listener
10:41:25 AM  1000     22690    4.00   11.00    0.00    0.00   15.00    16  listener
10:41:25 AM  1000     22692    0.00   17.00    0.00    0.00   17.00     8  listener
10:41:25 AM  1000     22694    4.00    9.00    0.00    0.00   13.00    13  listener
10:41:25 AM  1000     22696    0.00    0.00    0.00    0.00    0.00     9  listener
10:41:25 AM  1000     22697    5.00   11.00    0.00    0.00   16.00     5  listener
10:41:25 AM  1000     22700    0.00   13.00    0.00    0.00   13.00    19  listener

10:41:25 AM   UID       PID    %usr %system  %guest   %wait    %CPU   CPU  Command
10:41:26 AM  1000     22676    7.00    6.00    0.00    0.00   13.00    19  listener
10:41:26 AM  1000     22678   10.00    5.00    0.00    0.00   15.00    15  listener
10:41:26 AM  1000     22680    3.00    8.00    0.00    0.00   11.00    12  listener
10:41:26 AM  1000     22682    4.00   11.00    0.00    0.00   15.00     3  listener
10:41:26 AM  1000     22684    5.00    9.00    0.00    0.00   14.00     3  listener
10:41:26 AM  1000     22686    0.00   15.00    0.00    0.00   15.00    17  listener
10:41:26 AM  1000     22688    3.00   11.00    0.00    0.00   14.00    12  listener
10:41:26 AM  1000     22690    5.00   11.00    0.00    0.00   16.00     4  listener
10:41:26 AM  1000     22692    0.00   17.00    0.00    0.00   17.00     9  listener
10:41:26 AM  1000     22694    4.00   10.00    0.00    0.00   14.00    16  listener
10:41:26 AM  1000     22696    0.00    0.00    0.00    0.00    0.00     9  listener
10:41:26 AM  1000     22697    5.00   11.00    0.00    0.00   16.00    19  listener
10:41:26 AM  1000     22700    0.00   12.00    0.00    0.00   12.00     3  listener

10:41:26 AM   UID       PID    %usr %system  %guest   %wait    %CPU   CPU  Command
10:41:27 AM  1000     22676   13.00    1.00    0.00    0.00   14.00    18  listener
10:41:27 AM  1000     22678   10.00    7.00    0.00    0.00   17.00     1  listener
10:41:27 AM  1000     22680    4.00    9.00    0.00    0.00   13.00     3  listener
10:41:27 AM  1000     22682    5.00   10.00    0.00    0.00   15.00    13  listener
10:41:27 AM  1000     22684    8.00    7.00    0.00    0.00   15.00     3  listener
10:41:27 AM  1000     22686    0.00   14.00    0.00    0.00   14.00    18  listener
10:41:27 AM  1000     22688    3.00   13.00    0.00    0.00   16.00    17  listener
10:41:27 AM  1000     22690    5.00   12.00    0.00    0.00   17.00     4  listener
10:41:27 AM  1000     22692    0.00   17.00    0.00    0.00   17.00    17  listener
10:41:27 AM  1000     22694    4.00   10.00    0.00    0.00   14.00     5  listener
10:41:27 AM  1000     22696    0.00    0.00    0.00    0.00    0.00     9  listener
10:41:27 AM  1000     22697    4.00   11.00    0.00    0.00   15.00    16  listener
10:41:27 AM  1000     22700    0.00   13.00    0.00    0.00   13.00    12  listener

10:41:27 AM   UID       PID    %usr %system  %guest   %wait    %CPU   CPU  Command
10:41:28 AM  1000     22676    8.00    5.00    0.00    0.00   13.00     1  listener
10:41:28 AM  1000     22678    9.00    6.00    0.00    0.00   15.00    15  listener
10:41:28 AM  1000     22680    3.00    8.00    0.00    0.00   11.00     3  listener
10:41:28 AM  1000     22682    5.00    9.00    0.00    0.00   14.00    18  listener
10:41:28 AM  1000     22684    7.00    7.00    0.00    0.00   14.00    13  listener
10:41:28 AM  1000     22686    0.00   15.00    0.00    0.00   15.00    18  listener
10:41:28 AM  1000     22688    0.00   15.00    0.00    0.00   15.00    12  listener
10:41:28 AM  1000     22690    4.00   11.00    0.00    0.00   15.00    15  listener
10:41:28 AM  1000     22692    0.00   17.00    0.00    0.00   17.00    12  listener
10:41:28 AM  1000     22694    4.00   10.00    0.00    0.00   14.00    18  listener
10:41:28 AM  1000     22696    0.00    0.00    0.00    0.00    0.00     9  listener
10:41:28 AM  1000     22697    4.00   11.00    0.00    0.00   15.00    16  listener
10:41:28 AM  1000     22700    0.00   12.00    0.00    0.00   12.00    12  listener

10:41:28 AM   UID       PID    %usr %system  %guest   %wait    %CPU   CPU  Command
10:41:29 AM  1000     22676   12.00    2.00    0.00    0.00   14.00     1  listener
10:41:29 AM  1000     22678   10.00    7.00    0.00    0.00   17.00     1  listener
10:41:29 AM  1000     22680    4.00    8.00    0.00    0.00   12.00     3  listener
10:41:29 AM  1000     22682    4.00   11.00    0.00    0.00   15.00    18  listener
10:41:29 AM  1000     22684   10.00    4.00    0.00    0.00   14.00    13  listener
10:41:29 AM  1000     22686    0.00   14.00    0.00    0.00   14.00    18  listener
10:41:29 AM  1000     22688    0.00   15.00    0.00    0.00   15.00    17  listener
10:41:29 AM  1000     22690    4.00   11.00    0.00    0.00   15.00    15  listener
10:41:29 AM  1000     22692    0.00   18.00    0.00    0.00   18.00    12  listener
10:41:29 AM  1000     22694    5.00    9.00    0.00    0.00   14.00    16  listener
10:41:29 AM  1000     22696    0.00    0.00    0.00    0.00    0.00     9  listener
10:41:29 AM  1000     22697    5.00   11.00    0.00    0.00   16.00    19  listener
10:41:29 AM  1000     22700    0.00   13.00    0.00    0.00   13.00    12  listener

10:41:29 AM   UID       PID    %usr %system  %guest   %wait    %CPU   CPU  Command
10:41:30 AM  1000     22676   12.00    1.00    0.00    0.00   13.00     1  listener
10:41:30 AM  1000     22678   10.00    5.00    0.00    0.00   15.00    15  listener
10:41:30 AM  1000     22680    4.00    8.00    0.00    0.00   12.00     3  listener
10:41:30 AM  1000     22682    4.00   10.00    0.00    0.00   14.00    18  listener
10:41:30 AM  1000     22684    9.00    5.00    0.00    0.00   14.00    13  listener
10:41:30 AM  1000     22686    0.00   15.00    0.00    0.00   15.00    18  listener
10:41:30 AM  1000     22688    0.00   16.00    0.00    0.00   16.00    17  listener
10:41:30 AM  1000     22690    5.00   11.00    0.00    0.00   16.00    15  listener
10:41:30 AM  1000     22692    0.00   17.00    0.00    0.00   17.00    17  listener
10:41:30 AM  1000     22694    4.00   10.00    0.00    0.00   14.00    18  listener
10:41:30 AM  1000     22696    0.00    0.00    0.00    0.00    0.00     9  listener
10:41:30 AM  1000     22697    5.00   11.00    0.00    0.00   16.00    19  listener
10:41:30 AM  1000     22700    0.00   12.00    0.00    0.00   12.00     6  listener

10:41:30 AM   UID       PID    %usr %system  %guest   %wait    %CPU   CPU  Command
10:41:31 AM  1000     22676   12.00    2.00    0.00    0.00   14.00    13  listener
10:41:31 AM  1000     22678   13.00    3.00    0.00    0.00   16.00    17  listener
10:41:31 AM  1000     22680    4.00    8.00    0.00    0.00   12.00     8  listener
10:41:31 AM  1000     22682    6.00   10.00    0.00    0.00   16.00    10  listener
10:41:31 AM  1000     22684    8.00    7.00    0.00    0.00   15.00    12  listener
10:41:31 AM  1000     22686    0.00   14.00    0.00    0.00   14.00     9  listener
10:41:31 AM  1000     22688    0.00   15.00    0.00    0.00   15.00    14  listener
10:41:31 AM  1000     22690    4.00   11.00    0.00    0.00   15.00    15  listener
10:41:31 AM  1000     22692    0.00   17.00    0.00    0.00   17.00    17  listener
10:41:31 AM  1000     22694    4.00    9.00    0.00    0.00   13.00     0  listener
10:41:31 AM  1000     22696    0.00    0.00    0.00    0.00    0.00     9  listener
10:41:31 AM  1000     22697    4.00   11.00    0.00    0.00   15.00    19  listener
10:41:31 AM  1000     22700    0.00   13.00    0.00    0.00   13.00     5  listener

Average:      UID       PID    %usr %system  %guest   %wait    %CPU   CPU  Command
Average:     1000     22676   10.68    2.60    0.00    0.00   13.28     -  listener
Average:     1000     22678    9.23    6.55    0.00    0.00   15.78     -  listener
Average:     1000     22680    3.62    8.25    0.00    0.00   11.87     -  listener
Average:     1000     22682    4.88    9.85    0.00    0.00   14.73     -  listener
Average:     1000     22684    3.95   10.32    0.00    0.00   14.27     -  listener
Average:     1000     22686    2.05   12.38    0.00    0.00   14.43     -  listener
Average:     1000     22688    4.03   11.32    0.00    0.00   15.35     -  listener
Average:     1000     22690    4.35   11.17    0.00    0.00   15.52     -  listener
Average:     1000     22692    3.42   13.62    0.00    0.00   17.03     -  listener
Average:     1000     22694    3.98    9.85    0.00    0.00   13.83     -  listener
Average:     1000     22696    0.00    0.00    0.00    0.00    0.00     -  listener
Average:     1000     22697    4.27   11.37    0.00    0.00   15.63     -  listener
Average:     1000     22700    0.63   11.82    0.00    0.00   12.45     -  listener
