Linux 6.5.0-44-generic (npc2408016) 	06/20/2025 	_x86_64_	(22 CPU)

09:17:53 AM   UID       PID    %usr %system  %guest   %wait    %CPU   CPU  Command
09:17:54 AM  1000     56259   13.00   12.00    0.00    0.00   25.00     3  listener
09:17:54 AM  1000     56261    0.00    0.00    0.00    0.00    0.00     6  listener

09:17:54 AM   UID       PID    %usr %system  %guest   %wait    %CPU   CPU  Command
09:17:55 AM  1000     56259   11.00   14.00    0.00    0.00   25.00     3  listener
09:17:55 AM  1000     56261    0.00    0.00    0.00    0.00    0.00     6  listener

09:17:55 AM   UID       PID    %usr %system  %guest   %wait    %CPU   CPU  Command
09:17:56 AM  1000     56259   12.00   13.00    0.00    0.00   25.00     3  listener
09:17:56 AM  1000     56261    0.00    0.00    0.00    0.00    0.00     6  listener

09:17:56 AM   UID       PID    %usr %system  %guest   %wait    %CPU   CPU  Command
09:17:57 AM  1000     56259   12.00   13.00    0.00    0.00   25.00     3  listener
09:17:57 AM  1000     56261    0.00    0.00    0.00    0.00    0.00     6  listener

09:17:57 AM   UID       PID    %usr %system  %guest   %wait    %CPU   CPU  Command
09:17:58 AM  1000     56259   14.00   11.00    0.00    0.00   25.00     5  listener
09:17:58 AM  1000     56261    0.00    0.00    0.00    0.00    0.00     6  listener

09:17:58 AM   UID       PID    %usr %system  %guest   %wait    %CPU   CPU  Command
09:17:59 AM  1000     56259   14.00   12.00    0.00    0.00   26.00     3  listener
09:17:59 AM  1000     56261    0.00    0.00    0.00    0.00    0.00     6  listener

09:17:59 AM   UID       PID    %usr %system  %guest   %wait    %CPU   CPU  Command
09:18:00 AM  1000     56259   13.00   12.00    0.00    0.00   25.00     3  listener
09:18:00 AM  1000     56261    0.00    0.00    0.00    0.00    0.00     6  listener

09:18:00 AM   UID       PID    %usr %system  %guest   %wait    %CPU   CPU  Command
09:18:01 AM  1000     56259   11.00   13.00    0.00    0.00   24.00     1  listener
09:18:01 AM  1000     56261    0.00    0.00    0.00    0.00    0.00     6  listener

09:18:01 AM   UID       PID    %usr %system  %guest   %wait    %CPU   CPU  Command
09:18:02 AM  1000     56259   13.00   12.00    0.00    0.00   25.00     8  listener
09:18:02 AM  1000     56261    0.00    0.00    0.00    0.00    0.00     6  listener

09:18:02 AM   UID       PID    %usr %system  %guest   %wait    %CPU   CPU  Command
09:18:03 AM  1000     56259   13.00   11.00    0.00    0.00   24.00     1  listener
09:18:03 AM  1000     56261    0.00    0.00    0.00    0.00    0.00     6  listener

09:18:03 AM   UID       PID    %usr %system  %guest   %wait    %CPU   CPU  Command
09:18:04 AM  1000     56259   12.00   12.00    0.00    0.00   24.00     3  listener
09:18:04 AM  1000     56261    0.00    0.00    0.00    0.00    0.00     6  listener

09:18:04 AM   UID       PID    %usr %system  %guest   %wait    %CPU   CPU  Command
09:18:05 AM  1000     56259   12.00   12.00    0.00    0.00   24.00     5  listener
09:18:05 AM  1000     56261    0.00    0.00    0.00    0.00    0.00     6  listener

09:18:05 AM   UID       PID    %usr %system  %guest   %wait    %CPU   CPU  Command
09:18:06 AM  1000     56259   13.00   11.00    0.00    0.00   24.00     5  listener
09:18:06 AM  1000     56261    0.00    0.00    0.00    0.00    0.00     6  listener

09:18:06 AM   UID       PID    %usr %system  %guest   %wait    %CPU   CPU  Command
09:18:07 AM  1000     56259   12.00   13.00    0.00    0.00   25.00     3  listener
09:18:07 AM  1000     56261    0.00    0.00    0.00    0.00    0.00     6  listener

09:18:07 AM   UID       PID    %usr %system  %guest   %wait    %CPU   CPU  Command
09:18:08 AM  1000     56259   12.00   12.00    0.00    0.00   24.00     5  listener
09:18:08 AM  1000     56261    0.00    0.00    0.00    0.00    0.00     6  listener

09:18:08 AM   UID       PID    %usr %system  %guest   %wait    %CPU   CPU  Command
09:18:09 AM  1000     56259   14.00   11.00    0.00    0.00   25.00     0  listener
09:18:09 AM  1000     56261    0.00    0.00    0.00    0.00    0.00     6  listener

09:18:09 AM   UID       PID    %usr %system  %guest   %wait    %CPU   CPU  Command
09:18:10 AM  1000     56259   12.00   12.00    0.00    0.00   24.00     4  listener
09:18:10 AM  1000     56261    0.00    0.00    0.00    0.00    0.00     6  listener

09:18:10 AM   UID       PID    %usr %system  %guest   %wait    %CPU   CPU  Command
09:18:11 AM  1000     56259   14.00   12.00    0.00    0.00   26.00     3  listener
09:18:11 AM  1000     56261    0.00    0.00    0.00    0.00    0.00     6  listener

09:18:11 AM   UID       PID    %usr %system  %guest   %wait    %CPU   CPU  Command
09:18:12 AM  1000     56259   13.00   12.00    0.00    0.00   25.00     3  listener
09:18:12 AM  1000     56261    0.00    0.00    0.00    0.00    0.00     6  listener

09:18:12 AM   UID       PID    %usr %system  %guest   %wait    %CPU   CPU  Command
09:18:13 AM  1000     56259   13.00   12.00    0.00    0.00   25.00     3  listener
09:18:13 AM  1000     56261    0.00    0.00    0.00    0.00    0.00     6  listener

09:18:13 AM   UID       PID    %usr %system  %guest   %wait    %CPU   CPU  Command
09:18:14 AM  1000     56259   13.00   13.00    0.00    0.00   26.00     3  listener
09:18:14 AM  1000     56261    0.00    0.00    0.00    0.00    0.00     6  listener

09:18:14 AM   UID       PID    %usr %system  %guest   %wait    %CPU   CPU  Command
09:18:15 AM  1000     56259   12.00   13.00    0.00    0.00   25.00     3  listener
09:18:15 AM  1000     56261    0.00    0.00    0.00    0.00    0.00     6  listener

09:18:15 AM   UID       PID    %usr %system  %guest   %wait    %CPU   CPU  Command
09:18:16 AM  1000     56259   12.00   13.00    0.00    0.00   25.00     3  listener
09:18:16 AM  1000     56261    0.00    0.00    0.00    0.00    0.00     6  listener

09:18:16 AM   UID       PID    %usr %system  %guest   %wait    %CPU   CPU  Command
09:18:17 AM  1000     56259   16.00   10.00    0.00    0.00   26.00     3  listener
09:18:17 AM  1000     56261    0.00    0.00    0.00    0.00    0.00     6  listener

09:18:17 AM   UID       PID    %usr %system  %guest   %wait    %CPU   CPU  Command
09:18:18 AM  1000     56259   12.00   12.00    0.00    0.00   24.00     3  listener
09:18:18 AM  1000     56261    0.00    0.00    0.00    0.00    0.00     6  listener

09:18:18 AM   UID       PID    %usr %system  %guest   %wait    %CPU   CPU  Command
09:18:19 AM  1000     56259   12.00   13.00    0.00    0.00   25.00     4  listener
09:18:19 AM  1000     56261    0.00    0.00    0.00    0.00    0.00     6  listener

09:18:19 AM   UID       PID    %usr %system  %guest   %wait    %CPU   CPU  Command
09:18:20 AM  1000     56259   12.00   14.00    0.00    0.00   26.00    15  listener
09:18:20 AM  1000     56261    0.00    0.00    0.00    0.00    0.00     6  listener

09:18:20 AM   UID       PID    %usr %system  %guest   %wait    %CPU   CPU  Command
09:18:21 AM  1000     56259   13.00   12.00    0.00    0.00   25.00     3  listener
09:18:21 AM  1000     56261    0.00    0.00    0.00    0.00    0.00     6  listener

09:18:21 AM   UID       PID    %usr %system  %guest   %wait    %CPU   CPU  Command
09:18:22 AM  1000     56259   13.00   12.00    0.00    0.00   25.00     3  listener
09:18:22 AM  1000     56261    0.00    0.00    0.00    0.00    0.00     6  listener

09:18:22 AM   UID       PID    %usr %system  %guest   %wait    %CPU   CPU  Command
09:18:23 AM  1000     56259   12.00   13.00    0.00    0.00   25.00     8  listener
09:18:23 AM  1000     56261    0.00    0.00    0.00    0.00    0.00     6  listener

09:18:23 AM   UID       PID    %usr %system  %guest   %wait    %CPU   CPU  Command
09:18:24 AM  1000     56259   14.00   11.00    0.00    0.00   25.00     3  listener
09:18:24 AM  1000     56261    0.00    0.00    0.00    0.00    0.00     6  listener

09:18:24 AM   UID       PID    %usr %system  %guest   %wait    %CPU   CPU  Command
09:18:25 AM  1000     56259   12.00   14.00    0.00    0.00   26.00     1  listener
09:18:25 AM  1000     56261    0.00    0.00    0.00    0.00    0.00     6  listener

09:18:25 AM   UID       PID    %usr %system  %guest   %wait    %CPU   CPU  Command
09:18:26 AM  1000     56259   12.00   12.00    0.00    0.00   24.00     1  listener
09:18:26 AM  1000     56261    0.00    0.00    0.00    0.00    0.00     6  listener

09:18:26 AM   UID       PID    %usr %system  %guest   %wait    %CPU   CPU  Command
09:18:27 AM  1000     56259   11.00   14.00    0.00    0.00   25.00     5  listener
09:18:27 AM  1000     56261    0.00    0.00    0.00    0.00    0.00     6  listener

09:18:27 AM   UID       PID    %usr %system  %guest   %wait    %CPU   CPU  Command
09:18:28 AM  1000     56259   11.00   14.00    0.00    0.00   25.00     5  listener
09:18:28 AM  1000     56261    0.00    0.00    0.00    0.00    0.00     6  listener

09:18:28 AM   UID       PID    %usr %system  %guest   %wait    %CPU   CPU  Command
09:18:29 AM  1000     56259   14.00   10.00    0.00    0.00   24.00     1  listener
09:18:29 AM  1000     56261    0.00    0.00    0.00    0.00    0.00     6  listener

09:18:29 AM   UID       PID    %usr %system  %guest   %wait    %CPU   CPU  Command
09:18:30 AM  1000     56259   12.00   12.00    0.00    0.00   24.00     1  listener
09:18:30 AM  1000     56261    0.00    0.00    0.00    0.00    0.00     6  listener

09:18:30 AM   UID       PID    %usr %system  %guest   %wait    %CPU   CPU  Command
09:18:31 AM  1000     56259   12.00   12.00    0.00    0.00   24.00     1  listener
09:18:31 AM  1000     56261    0.00    0.00    0.00    0.00    0.00     6  listener

09:18:31 AM   UID       PID    %usr %system  %guest   %wait    %CPU   CPU  Command
09:18:32 AM  1000     56259   13.00   12.00    0.00    0.00   25.00     5  listener
09:18:32 AM  1000     56261    0.00    0.00    0.00    0.00    0.00     6  listener

09:18:32 AM   UID       PID    %usr %system  %guest   %wait    %CPU   CPU  Command
09:18:33 AM  1000     56259   12.00   12.00    0.00    0.00   24.00     5  listener
09:18:33 AM  1000     56261    0.00    0.00    0.00    0.00    0.00     6  listener

09:18:33 AM   UID       PID    %usr %system  %guest   %wait    %CPU   CPU  Command
09:18:34 AM  1000     56259   12.00   12.00    0.00    0.00   24.00     3  listener
09:18:34 AM  1000     56261    0.00    0.00    0.00    0.00    0.00     6  listener

09:18:34 AM   UID       PID    %usr %system  %guest   %wait    %CPU   CPU  Command
09:18:35 AM  1000     56259   14.00   10.00    0.00    0.00   24.00     3  listener
09:18:35 AM  1000     56261    0.00    0.00    0.00    0.00    0.00     6  listener

09:18:35 AM   UID       PID    %usr %system  %guest   %wait    %CPU   CPU  Command
09:18:36 AM  1000     56259   13.00   11.00    0.00    0.00   24.00     3  listener
09:18:36 AM  1000     56261    0.00    0.00    0.00    0.00    0.00     6  listener

09:18:36 AM   UID       PID    %usr %system  %guest   %wait    %CPU   CPU  Command
09:18:37 AM  1000     56259   12.00   12.00    0.00    0.00   24.00     3  listener
09:18:37 AM  1000     56261    0.00    0.00    0.00    0.00    0.00     6  listener

09:18:37 AM   UID       PID    %usr %system  %guest   %wait    %CPU   CPU  Command
09:18:38 AM  1000     56259   12.00   12.00    0.00    0.00   24.00     5  listener
09:18:38 AM  1000     56261    0.00    0.00    0.00    0.00    0.00     6  listener

09:18:38 AM   UID       PID    %usr %system  %guest   %wait    %CPU   CPU  Command
09:18:39 AM  1000     56259   13.00   11.00    0.00    0.00   24.00     3  listener
09:18:39 AM  1000     56261    0.00    0.00    0.00    0.00    0.00     6  listener

09:18:39 AM   UID       PID    %usr %system  %guest   %wait    %CPU   CPU  Command
09:18:40 AM  1000     56259   12.00   13.00    0.00    0.00   25.00     3  listener
09:18:40 AM  1000     56261    0.00    0.00    0.00    0.00    0.00     6  listener

09:18:40 AM   UID       PID    %usr %system  %guest   %wait    %CPU   CPU  Command
09:18:41 AM  1000     56259   13.00   10.00    0.00    0.00   23.00     5  listener
09:18:41 AM  1000     56261    0.00    0.00    0.00    0.00    0.00     6  listener

09:18:41 AM   UID       PID    %usr %system  %guest   %wait    %CPU   CPU  Command
09:18:42 AM  1000     56259   13.00   13.00    0.00    0.00   26.00     3  listener
09:18:42 AM  1000     56261    0.00    0.00    0.00    0.00    0.00     6  listener

09:18:42 AM   UID       PID    %usr %system  %guest   %wait    %CPU   CPU  Command
09:18:43 AM  1000     56259   10.00   13.00    0.00    0.00   23.00     5  listener
09:18:43 AM  1000     56261    0.00    0.00    0.00    0.00    0.00     6  listener

09:18:43 AM   UID       PID    %usr %system  %guest   %wait    %CPU   CPU  Command
09:18:44 AM  1000     56259   12.00   13.00    0.00    0.00   25.00     3  listener
09:18:44 AM  1000     56261    0.00    0.00    0.00    0.00    0.00     5  listener

09:18:44 AM   UID       PID    %usr %system  %guest   %wait    %CPU   CPU  Command
09:18:45 AM  1000     56259   12.00   12.00    0.00    0.00   24.00     5  listener
09:18:45 AM  1000     56261    0.00    0.00    0.00    0.00    0.00     6  listener

09:18:45 AM   UID       PID    %usr %system  %guest   %wait    %CPU   CPU  Command
09:18:46 AM  1000     56259   12.00   12.00    0.00    0.00   24.00     5  listener
09:18:46 AM  1000     56261    0.00    0.00    0.00    0.00    0.00     6  listener

09:18:46 AM   UID       PID    %usr %system  %guest   %wait    %CPU   CPU  Command
09:18:47 AM  1000     56259   13.00   12.00    0.00    0.00   25.00     3  listener
09:18:47 AM  1000     56261    0.00    0.00    0.00    0.00    0.00     6  listener

09:18:47 AM   UID       PID    %usr %system  %guest   %wait    %CPU   CPU  Command
09:18:48 AM  1000     56259   13.00   11.00    0.00    0.00   24.00     5  listener
09:18:48 AM  1000     56261    0.00    0.00    0.00    0.00    0.00     6  listener

09:18:48 AM   UID       PID    %usr %system  %guest   %wait    %CPU   CPU  Command
09:18:49 AM  1000     56259   12.00   11.00    0.00    0.00   23.00     5  listener
09:18:49 AM  1000     56261    0.00    0.00    0.00    0.00    0.00     6  listener

09:18:49 AM   UID       PID    %usr %system  %guest   %wait    %CPU   CPU  Command
09:18:50 AM  1000     56259   11.00   14.00    0.00    0.00   25.00     3  listener
09:18:50 AM  1000     56261    0.00    0.00    0.00    0.00    0.00     6  listener

09:18:50 AM   UID       PID    %usr %system  %guest   %wait    %CPU   CPU  Command
09:18:51 AM  1000     56259   12.00   13.00    0.00    0.00   25.00     6  listener
09:18:51 AM  1000     56261    0.00    0.00    0.00    0.00    0.00     6  listener

09:18:51 AM   UID       PID    %usr %system  %guest   %wait    %CPU   CPU  Command
09:18:52 AM  1000     56259   12.00   12.00    0.00    0.00   24.00     6  listener
09:18:52 AM  1000     56261    0.00    0.00    0.00    0.00    0.00     6  listener

09:18:52 AM   UID       PID    %usr %system  %guest   %wait    %CPU   CPU  Command
09:18:53 AM  1000     56259   13.00   12.00    0.00    0.00   25.00     1  listener
09:18:53 AM  1000     56261    0.00    0.00    0.00    0.00    0.00     6  listener

Average:      UID       PID    %usr %system  %guest   %wait    %CPU   CPU  Command
Average:     1000     56259   12.48   12.15    0.00    0.00   24.63     -  listener
Average:     1000     56261    0.00    0.00    0.00    0.00    0.00     -  listener
