Linux 6.5.0-44-generic (npc2408016) 	06/18/2025 	_x86_64_	(22 CPU)

10:09:12 AM   UID       PID    %usr %system  %guest   %wait    %CPU   CPU  Command
10:09:13 AM  1000     22789    7.00    8.00    0.00    0.00   15.00    17  listener
10:09:13 AM  1000     22791    0.00    0.00    0.00    0.00    0.00    10  listener

10:09:13 AM   UID       PID    %usr %system  %guest   %wait    %CPU   CPU  Command
10:09:14 AM  1000     22789    8.00    6.00    0.00    0.00   14.00    17  listener
10:09:14 AM  1000     22791    0.00    0.00    0.00    0.00    0.00    10  listener

10:09:14 AM   UID       PID    %usr %system  %guest   %wait    %CPU   CPU  Command
10:09:15 AM  1000     22789    9.00    7.00    0.00    0.00   16.00    17  listener
10:09:15 AM  1000     22791    0.00    0.00    0.00    0.00    0.00    10  listener

10:09:15 AM   UID       PID    %usr %system  %guest   %wait    %CPU   CPU  Command
10:09:16 AM  1000     22789    5.00   10.00    0.00    0.00   15.00    17  listener
10:09:16 AM  1000     22791    0.00    0.00    0.00    0.00    0.00    10  listener

10:09:16 AM   UID       PID    %usr %system  %guest   %wait    %CPU   CPU  Command
10:09:17 AM  1000     22789    4.00   12.00    0.00    0.00   16.00    17  listener
10:09:17 AM  1000     22791    0.00    0.00    0.00    0.00    0.00    10  listener

10:09:17 AM   UID       PID    %usr %system  %guest   %wait    %CPU   CPU  Command
10:09:18 AM  1000     22789    2.00   12.00    0.00    0.00   14.00    17  listener
10:09:18 AM  1000     22791    0.00    0.00    0.00    0.00    0.00    10  listener

10:09:18 AM   UID       PID    %usr %system  %guest   %wait    %CPU   CPU  Command
10:09:19 AM  1000     22789    7.00    8.00    0.00    0.00   15.00    17  listener
10:09:19 AM  1000     22791    0.00    0.00    0.00    0.00    0.00    10  listener

10:09:19 AM   UID       PID    %usr %system  %guest   %wait    %CPU   CPU  Command
10:09:20 AM  1000     22789    4.00   10.00    0.00    0.00   14.00    17  listener
10:09:20 AM  1000     22791    0.00    0.00    0.00    0.00    0.00    10  listener

10:09:20 AM   UID       PID    %usr %system  %guest   %wait    %CPU   CPU  Command
10:09:21 AM  1000     22789    7.00    8.00    0.00    0.00   15.00    17  listener
10:09:21 AM  1000     22791    0.00    0.00    0.00    0.00    0.00    10  listener

10:09:21 AM   UID       PID    %usr %system  %guest   %wait    %CPU   CPU  Command
10:09:22 AM  1000     22789    5.00    9.00    0.00    0.00   14.00    17  listener
10:09:22 AM  1000     22791    0.00    0.00    0.00    0.00    0.00    10  listener

10:09:22 AM   UID       PID    %usr %system  %guest   %wait    %CPU   CPU  Command
10:09:23 AM  1000     22789    5.00   11.00    0.00    0.00   16.00    17  listener
10:09:23 AM  1000     22791    0.00    0.00    0.00    0.00    0.00    10  listener

10:09:23 AM   UID       PID    %usr %system  %guest   %wait    %CPU   CPU  Command
10:09:24 AM  1000     22789    7.00    9.00    0.00    0.00   16.00    17  listener
10:09:24 AM  1000     22791    0.00    0.00    0.00    0.00    0.00    10  listener

10:09:24 AM   UID       PID    %usr %system  %guest   %wait    %CPU   CPU  Command
10:09:25 AM  1000     22789    5.00   11.00    0.00    0.00   16.00     5  listener
10:09:25 AM  1000     22791    0.00    0.00    0.00    0.00    0.00    10  listener

10:09:25 AM   UID       PID    %usr %system  %guest   %wait    %CPU   CPU  Command
10:09:26 AM  1000     22789    7.00    7.00    0.00    0.00   14.00     5  listener
10:09:26 AM  1000     22791    0.00    0.00    0.00    0.00    0.00    10  listener

10:09:26 AM   UID       PID    %usr %system  %guest   %wait    %CPU   CPU  Command
10:09:27 AM  1000     22789    6.00    9.00    0.00    0.00   15.00     5  listener
10:09:27 AM  1000     22791    0.00    0.00    0.00    0.00    0.00    10  listener

10:09:27 AM   UID       PID    %usr %system  %guest   %wait    %CPU   CPU  Command
10:09:28 AM  1000     22789    9.00    5.00    0.00    0.00   14.00    17  listener
10:09:28 AM  1000     22791    0.00    0.00    0.00    0.00    0.00    10  listener

10:09:28 AM   UID       PID    %usr %system  %guest   %wait    %CPU   CPU  Command
10:09:29 AM  1000     22789    8.00    8.00    0.00    0.00   16.00    17  listener
10:09:29 AM  1000     22791    0.00    0.00    0.00    0.00    0.00    10  listener

10:09:29 AM   UID       PID    %usr %system  %guest   %wait    %CPU   CPU  Command
10:09:30 AM  1000     22789    6.00    9.00    0.00    0.00   15.00    17  listener
10:09:30 AM  1000     22791    0.00    0.00    0.00    0.00    0.00    10  listener

10:09:30 AM   UID       PID    %usr %system  %guest   %wait    %CPU   CPU  Command
10:09:31 AM  1000     22789    5.00   10.00    0.00    0.00   15.00    17  listener
10:09:31 AM  1000     22791    0.00    0.00    0.00    0.00    0.00    10  listener

10:09:31 AM   UID       PID    %usr %system  %guest   %wait    %CPU   CPU  Command
10:09:32 AM  1000     22789   10.00    6.00    0.00    0.00   16.00    17  listener
10:09:32 AM  1000     22791    0.00    0.00    0.00    0.00    0.00    10  listener

10:09:32 AM   UID       PID    %usr %system  %guest   %wait    %CPU   CPU  Command
10:09:33 AM  1000     22789    6.00    9.00    0.00    0.00   15.00    17  listener
10:09:33 AM  1000     22791    0.00    0.00    0.00    0.00    0.00    10  listener

10:09:33 AM   UID       PID    %usr %system  %guest   %wait    %CPU   CPU  Command
10:09:34 AM  1000     22789    9.00    7.00    0.00    0.00   16.00    17  listener
10:09:34 AM  1000     22791    0.00    0.00    0.00    0.00    0.00     8  listener

10:09:34 AM   UID       PID    %usr %system  %guest   %wait    %CPU   CPU  Command
10:09:35 AM  1000     22789    1.00   14.00    0.00    0.00   15.00    17  listener
10:09:35 AM  1000     22791    0.00    0.00    0.00    0.00    0.00     8  listener

10:09:35 AM   UID       PID    %usr %system  %guest   %wait    %CPU   CPU  Command
10:09:36 AM  1000     22789    9.00    5.00    0.00    0.00   14.00    17  listener
10:09:36 AM  1000     22791    0.00    0.00    0.00    0.00    0.00     8  listener

10:09:36 AM   UID       PID    %usr %system  %guest   %wait    %CPU   CPU  Command
10:09:37 AM  1000     22789    6.00   11.00    0.00    0.00   17.00    17  listener
10:09:37 AM  1000     22791    0.00    0.00    0.00    0.00    0.00     8  listener

10:09:37 AM   UID       PID    %usr %system  %guest   %wait    %CPU   CPU  Command
10:09:38 AM  1000     22789    6.00    9.00    0.00    0.00   15.00    17  listener
10:09:38 AM  1000     22791    0.00    0.00    0.00    0.00    0.00     8  listener

10:09:38 AM   UID       PID    %usr %system  %guest   %wait    %CPU   CPU  Command
10:09:39 AM  1000     22789    9.00    6.00    0.00    0.00   15.00    17  listener
10:09:39 AM  1000     22791    0.00    0.00    0.00    0.00    0.00     8  listener

10:09:39 AM   UID       PID    %usr %system  %guest   %wait    %CPU   CPU  Command
10:09:40 AM  1000     22789    4.00   11.00    0.00    0.00   15.00    17  listener
10:09:40 AM  1000     22791    0.00    0.00    0.00    0.00    0.00     8  listener

10:09:40 AM   UID       PID    %usr %system  %guest   %wait    %CPU   CPU  Command
10:09:41 AM  1000     22789   11.00    5.00    0.00    0.00   16.00    19  listener
10:09:41 AM  1000     22791    0.00    0.00    0.00    0.00    0.00     8  listener

10:09:41 AM   UID       PID    %usr %system  %guest   %wait    %CPU   CPU  Command
10:09:42 AM  1000     22789    7.00   12.00    0.00    0.00   19.00    19  listener
10:09:42 AM  1000     22791    0.00    0.00    0.00    0.00    0.00     8  listener

10:09:42 AM   UID       PID    %usr %system  %guest   %wait    %CPU   CPU  Command
10:09:43 AM  1000     22789    6.00    8.00    0.00    0.00   14.00    19  listener
10:09:43 AM  1000     22791    0.00    0.00    0.00    0.00    0.00     8  listener

10:09:43 AM   UID       PID    %usr %system  %guest   %wait    %CPU   CPU  Command
10:09:44 AM  1000     22789    6.00    8.00    0.00    0.00   14.00    19  listener
10:09:44 AM  1000     22791    0.00    0.00    0.00    0.00    0.00     8  listener

10:09:44 AM   UID       PID    %usr %system  %guest   %wait    %CPU   CPU  Command
10:09:45 AM  1000     22789    8.00    8.00    0.00    0.00   16.00    19  listener
10:09:45 AM  1000     22791    0.00    0.00    0.00    0.00    0.00     8  listener

10:09:45 AM   UID       PID    %usr %system  %guest   %wait    %CPU   CPU  Command
10:09:46 AM  1000     22789    6.00    8.00    0.00    0.00   14.00    19  listener
10:09:46 AM  1000     22791    0.00    0.00    0.00    0.00    0.00     8  listener

10:09:46 AM   UID       PID    %usr %system  %guest   %wait    %CPU   CPU  Command
10:09:47 AM  1000     22789    8.00    7.00    0.00    0.00   15.00    19  listener
10:09:47 AM  1000     22791    0.00    0.00    0.00    0.00    0.00     8  listener

10:09:47 AM   UID       PID    %usr %system  %guest   %wait    %CPU   CPU  Command
10:09:48 AM  1000     22789    7.00    8.00    0.00    0.00   15.00    19  listener
10:09:48 AM  1000     22791    0.00    0.00    0.00    0.00    0.00     8  listener

10:09:48 AM   UID       PID    %usr %system  %guest   %wait    %CPU   CPU  Command
10:09:49 AM  1000     22789    6.00    9.00    0.00    0.00   15.00    19  listener
10:09:49 AM  1000     22791    0.00    0.00    0.00    0.00    0.00     8  listener

10:09:49 AM   UID       PID    %usr %system  %guest   %wait    %CPU   CPU  Command
10:09:50 AM  1000     22789    9.00    6.00    0.00    0.00   15.00    19  listener
10:09:50 AM  1000     22791    0.00    0.00    0.00    0.00    0.00     8  listener

10:09:50 AM   UID       PID    %usr %system  %guest   %wait    %CPU   CPU  Command
10:09:51 AM  1000     22789    7.00    8.00    0.00    0.00   15.00    19  listener
10:09:51 AM  1000     22791    0.00    0.00    0.00    0.00    0.00     8  listener

10:09:51 AM   UID       PID    %usr %system  %guest   %wait    %CPU   CPU  Command
10:09:52 AM  1000     22789    8.00    7.00    0.00    0.00   15.00    19  listener
10:09:52 AM  1000     22791    0.00    0.00    0.00    0.00    0.00     8  listener

10:09:52 AM   UID       PID    %usr %system  %guest   %wait    %CPU   CPU  Command
10:09:53 AM  1000     22789    6.00    9.00    0.00    0.00   15.00    19  listener
10:09:53 AM  1000     22791    0.00    0.00    0.00    0.00    0.00     8  listener

10:09:53 AM   UID       PID    %usr %system  %guest   %wait    %CPU   CPU  Command
10:09:54 AM  1000     22789    7.00    7.00    0.00    0.00   14.00    19  listener
10:09:54 AM  1000     22791    0.00    0.00    0.00    0.00    0.00     8  listener

10:09:54 AM   UID       PID    %usr %system  %guest   %wait    %CPU   CPU  Command
10:09:55 AM  1000     22789    5.00   11.00    0.00    0.00   16.00    19  listener
10:09:55 AM  1000     22791    0.00    0.00    0.00    0.00    0.00     8  listener

10:09:55 AM   UID       PID    %usr %system  %guest   %wait    %CPU   CPU  Command
10:09:56 AM  1000     22789    6.00    8.00    0.00    0.00   14.00    19  listener
10:09:56 AM  1000     22791    0.00    0.00    0.00    0.00    0.00     8  listener

10:09:56 AM   UID       PID    %usr %system  %guest   %wait    %CPU   CPU  Command
10:09:57 AM  1000     22789    9.00    6.00    0.00    0.00   15.00    19  listener
10:09:57 AM  1000     22791    0.00    0.00    0.00    0.00    0.00     8  listener

10:09:57 AM   UID       PID    %usr %system  %guest   %wait    %CPU   CPU  Command
10:09:58 AM  1000     22789    5.00    8.00    0.00    0.00   13.00    19  listener
10:09:58 AM  1000     22791    0.00    0.00    0.00    0.00    0.00     8  listener

10:09:58 AM   UID       PID    %usr %system  %guest   %wait    %CPU   CPU  Command
10:09:59 AM  1000     22789    7.00    9.00    0.00    0.00   16.00     1  listener
10:09:59 AM  1000     22791    0.00    0.00    0.00    0.00    0.00     8  listener

10:09:59 AM   UID       PID    %usr %system  %guest   %wait    %CPU   CPU  Command
10:10:00 AM  1000     22789    4.00    9.00    0.00    0.00   13.00     1  listener
10:10:00 AM  1000     22791    0.00    0.00    0.00    0.00    0.00     8  listener

10:10:00 AM   UID       PID    %usr %system  %guest   %wait    %CPU   CPU  Command
10:10:01 AM  1000     22789    4.00   10.00    0.00    0.00   14.00    17  listener
10:10:01 AM  1000     22791    0.00    0.00    0.00    0.00    0.00     8  listener

10:10:01 AM   UID       PID    %usr %system  %guest   %wait    %CPU   CPU  Command
10:10:02 AM  1000     22789    7.00    8.00    0.00    0.00   15.00    17  listener
10:10:02 AM  1000     22791    0.00    0.00    0.00    0.00    0.00     8  listener

10:10:02 AM   UID       PID    %usr %system  %guest   %wait    %CPU   CPU  Command
10:10:03 AM  1000     22789    8.00    8.00    0.00    0.00   16.00     1  listener
10:10:03 AM  1000     22791    0.00    0.00    0.00    0.00    0.00     8  listener

10:10:03 AM   UID       PID    %usr %system  %guest   %wait    %CPU   CPU  Command
10:10:04 AM  1000     22789    8.00    7.00    0.00    0.00   15.00     8  listener
10:10:04 AM  1000     22791    0.00    0.00    0.00    0.00    0.00     8  listener

10:10:04 AM   UID       PID    %usr %system  %guest   %wait    %CPU   CPU  Command
10:10:05 AM  1000     22789    6.00   10.00    0.00    0.00   16.00     8  listener
10:10:05 AM  1000     22791    0.00    0.00    0.00    0.00    0.00     8  listener

10:10:05 AM   UID       PID    %usr %system  %guest   %wait    %CPU   CPU  Command
10:10:06 AM  1000     22789    6.00    9.00    0.00    0.00   15.00     8  listener
10:10:06 AM  1000     22791    0.00    0.00    0.00    0.00    0.00     8  listener

10:10:06 AM   UID       PID    %usr %system  %guest   %wait    %CPU   CPU  Command
10:10:07 AM  1000     22789    6.00   10.00    0.00    0.00   16.00     8  listener
10:10:07 AM  1000     22791    0.00    0.00    0.00    0.00    0.00     8  listener

10:10:07 AM   UID       PID    %usr %system  %guest   %wait    %CPU   CPU  Command
10:10:08 AM  1000     22789    3.00   10.00    0.00    0.00   13.00     8  listener
10:10:08 AM  1000     22791    0.00    0.00    0.00    0.00    0.00     8  listener

10:10:08 AM   UID       PID    %usr %system  %guest   %wait    %CPU   CPU  Command
10:10:09 AM  1000     22789    5.00   10.00    0.00    0.00   15.00    17  listener
10:10:09 AM  1000     22791    0.00    0.00    0.00    0.00    0.00     8  listener

10:10:09 AM   UID       PID    %usr %system  %guest   %wait    %CPU   CPU  Command
10:10:10 AM  1000     22789    7.00    8.00    0.00    0.00   15.00    17  listener
10:10:10 AM  1000     22791    0.00    0.00    0.00    0.00    0.00     8  listener

10:10:10 AM   UID       PID    %usr %system  %guest   %wait    %CPU   CPU  Command
10:10:11 AM  1000     22789    5.00   11.00    0.00    0.00   16.00    17  listener
10:10:11 AM  1000     22791    0.00    0.00    0.00    0.00    0.00     8  listener

10:10:11 AM   UID       PID    %usr %system  %guest   %wait    %CPU   CPU  Command
10:10:12 AM  1000     22789    7.00    8.00    0.00    0.00   15.00    17  listener
10:10:12 AM  1000     22791    0.00    0.00    0.00    0.00    0.00     8  listener

Average:      UID       PID    %usr %system  %guest   %wait    %CPU   CPU  Command
Average:     1000     22789    6.43    8.62    0.00    0.00   15.05     -  listener
Average:     1000     22791    0.00    0.00    0.00    0.00    0.00     -  listener
