Linux 6.5.0-44-generic (npc2408016) 	06/17/2025 	_x86_64_	(22 CPU)

10:00:16 AM   UID       PID    %usr %system  %guest   %wait    %CPU   CPU  Command
10:00:17 AM  1000     13747    0.00   11.00    0.00    0.00   11.00     3  listener
10:00:17 AM  1000     13749    0.00   15.00    0.00    0.00   15.00    10  listener
10:00:17 AM  1000     13751    9.00    3.00    0.00    0.00   12.00     7  listener
10:00:17 AM  1000     13753    0.00    0.00    0.00    0.00    0.00     4  listener

10:00:17 AM   UID       PID    %usr %system  %guest   %wait    %CPU   CPU  Command
10:00:18 AM  1000     13747    7.00    5.00    0.00    0.00   12.00    17  listener
10:00:18 AM  1000     13749    0.00   13.00    0.00    0.00   13.00    10  listener
10:00:18 AM  1000     13751    5.00    9.00    0.00    0.00   14.00     8  listener
10:00:18 AM  1000     13753    0.00    0.00    0.00    0.00    0.00     4  listener

10:00:18 AM   UID       PID    %usr %system  %guest   %wait    %CPU   CPU  Command
10:00:19 AM  1000     13747    0.00   12.00    0.00    0.00   12.00    17  listener
10:00:19 AM  1000     13749    0.00   14.00    0.00    0.00   14.00    10  listener
10:00:19 AM  1000     13751   12.00    0.00    0.00    0.00   12.00     8  listener
10:00:19 AM  1000     13753    0.00    0.00    0.00    0.00    0.00     4  listener

10:00:19 AM   UID       PID    %usr %system  %guest   %wait    %CPU   CPU  Command
10:00:20 AM  1000     13747    0.00   12.00    0.00    0.00   12.00    17  listener
10:00:20 AM  1000     13749    0.00   15.00    0.00    0.00   15.00    10  listener
10:00:20 AM  1000     13751   11.00    2.00    0.00    0.00   13.00     8  listener
10:00:20 AM  1000     13753    0.00    0.00    0.00    0.00    0.00    18  listener

10:00:20 AM   UID       PID    %usr %system  %guest   %wait    %CPU   CPU  Command
10:00:21 AM  1000     13747    0.00   12.00    0.00    0.00   12.00    17  listener
10:00:21 AM  1000     13749    0.00   14.00    0.00    0.00   14.00    10  listener
10:00:21 AM  1000     13751    8.00    4.00    0.00    0.00   12.00     8  listener
10:00:21 AM  1000     13753    0.00    0.00    0.00    0.00    0.00    18  listener

10:00:21 AM   UID       PID    %usr %system  %guest   %wait    %CPU   CPU  Command
10:00:22 AM  1000     13747    0.00   11.00    0.00    0.00   11.00    19  listener
10:00:22 AM  1000     13749    0.00   14.00    0.00    0.00   14.00    10  listener
10:00:22 AM  1000     13751   11.00    2.00    0.00    0.00   13.00    14  listener
10:00:22 AM  1000     13753    0.00    0.00    0.00    0.00    0.00    18  listener

10:00:22 AM   UID       PID    %usr %system  %guest   %wait    %CPU   CPU  Command
10:00:23 AM  1000     13747    0.00   12.00    0.00    0.00   12.00    19  listener
10:00:23 AM  1000     13749    0.00   13.00    0.00    0.00   13.00    10  listener
10:00:23 AM  1000     13751   12.00    0.00    0.00    0.00   12.00    14  listener
10:00:23 AM  1000     13753    0.00    0.00    0.00    0.00    0.00    18  listener

10:00:23 AM   UID       PID    %usr %system  %guest   %wait    %CPU   CPU  Command
10:00:24 AM  1000     13747    0.00   11.00    0.00    0.00   11.00    19  listener
10:00:24 AM  1000     13749    3.00   12.00    0.00    0.00   15.00     8  listener
10:00:24 AM  1000     13751    9.00    4.00    0.00    0.00   13.00    18  listener
10:00:24 AM  1000     13753    0.00    0.00    0.00    0.00    0.00     4  listener

10:00:24 AM   UID       PID    %usr %system  %guest   %wait    %CPU   CPU  Command
10:00:25 AM  1000     13747    0.00   11.00    0.00    0.00   11.00    19  listener
10:00:25 AM  1000     13749    1.00   14.00    0.00    0.00   15.00     8  listener
10:00:25 AM  1000     13751   10.00    1.00    0.00    0.00   11.00    18  listener
10:00:25 AM  1000     13753    0.00    0.00    0.00    0.00    0.00     4  listener

10:00:25 AM   UID       PID    %usr %system  %guest   %wait    %CPU   CPU  Command
10:00:26 AM  1000     13747    0.00   12.00    0.00    0.00   12.00    19  listener
10:00:26 AM  1000     13749    1.00   13.00    0.00    0.00   14.00     8  listener
10:00:26 AM  1000     13751   11.00    2.00    0.00    0.00   13.00     3  listener
10:00:26 AM  1000     13753    0.00    0.00    0.00    0.00    0.00     4  listener

10:00:26 AM   UID       PID    %usr %system  %guest   %wait    %CPU   CPU  Command
10:00:27 AM  1000     13747    0.00   11.00    0.00    0.00   11.00    14  listener
10:00:27 AM  1000     13749    0.00   14.00    0.00    0.00   14.00     8  listener
10:00:27 AM  1000     13751   11.00    0.00    0.00    0.00   11.00    18  listener
10:00:27 AM  1000     13753    0.00    0.00    0.00    0.00    0.00     4  listener

10:00:27 AM   UID       PID    %usr %system  %guest   %wait    %CPU   CPU  Command
10:00:28 AM  1000     13747    0.00   12.00    0.00    0.00   12.00    14  listener
10:00:28 AM  1000     13749    0.00   14.00    0.00    0.00   14.00     8  listener
10:00:28 AM  1000     13751   10.00    4.00    0.00    0.00   14.00     8  listener
10:00:28 AM  1000     13753    0.00    0.00    0.00    0.00    0.00     4  listener

10:00:28 AM   UID       PID    %usr %system  %guest   %wait    %CPU   CPU  Command
10:00:29 AM  1000     13747    0.00   11.00    0.00    0.00   11.00    14  listener
10:00:29 AM  1000     13749    6.00    9.00    0.00    0.00   15.00    17  listener
10:00:29 AM  1000     13751   11.00    1.00    0.00    0.00   12.00     8  listener
10:00:29 AM  1000     13753    0.00    0.00    0.00    0.00    0.00     4  listener

10:00:29 AM   UID       PID    %usr %system  %guest   %wait    %CPU   CPU  Command
10:00:30 AM  1000     13747    0.00   11.00    0.00    0.00   11.00    16  listener
10:00:30 AM  1000     13749    2.00   12.00    0.00    0.00   14.00    17  listener
10:00:30 AM  1000     13751    9.00    4.00    0.00    0.00   13.00    15  listener
10:00:30 AM  1000     13753    0.00    0.00    0.00    0.00    0.00     4  listener

10:00:30 AM   UID       PID    %usr %system  %guest   %wait    %CPU   CPU  Command
10:00:31 AM  1000     13747    0.00   12.00    0.00    0.00   12.00     7  listener
10:00:31 AM  1000     13749    4.00   10.00    0.00    0.00   14.00    17  listener
10:00:31 AM  1000     13751    9.00    4.00    0.00    0.00   13.00    15  listener
10:00:31 AM  1000     13753    0.00    0.00    0.00    0.00    0.00     4  listener

10:00:31 AM   UID       PID    %usr %system  %guest   %wait    %CPU   CPU  Command
10:00:32 AM  1000     13747    0.00   11.00    0.00    0.00   11.00     7  listener
10:00:32 AM  1000     13749    5.00   10.00    0.00    0.00   15.00     8  listener
10:00:32 AM  1000     13751    6.00    6.00    0.00    0.00   12.00    15  listener
10:00:32 AM  1000     13753    0.00    0.00    0.00    0.00    0.00     4  listener

10:00:32 AM   UID       PID    %usr %system  %guest   %wait    %CPU   CPU  Command
10:00:33 AM  1000     13747    0.00   11.00    0.00    0.00   11.00    16  listener
10:00:33 AM  1000     13749    2.00   11.00    0.00    0.00   13.00     8  listener
10:00:33 AM  1000     13751   13.00    0.00    0.00    0.00   13.00    15  listener
10:00:33 AM  1000     13753    0.00    0.00    0.00    0.00    0.00     4  listener

10:00:33 AM   UID       PID    %usr %system  %guest   %wait    %CPU   CPU  Command
10:00:34 AM  1000     13747    0.00   12.00    0.00    0.00   12.00    16  listener
10:00:34 AM  1000     13749    4.00   10.00    0.00    0.00   14.00    17  listener
10:00:34 AM  1000     13751   12.00    0.00    0.00    0.00   12.00     8  listener
10:00:34 AM  1000     13753    0.00    0.00    0.00    0.00    0.00     4  listener

10:00:34 AM   UID       PID    %usr %system  %guest   %wait    %CPU   CPU  Command
10:00:35 AM  1000     13747    0.00   11.00    0.00    0.00   11.00    16  listener
10:00:35 AM  1000     13749    0.00   15.00    0.00    0.00   15.00    17  listener
10:00:35 AM  1000     13751    5.00    8.00    0.00    0.00   13.00     8  listener
10:00:35 AM  1000     13753    0.00    0.00    0.00    0.00    0.00     4  listener

10:00:35 AM   UID       PID    %usr %system  %guest   %wait    %CPU   CPU  Command
10:00:36 AM  1000     13747    0.00   12.00    0.00    0.00   12.00    16  listener
10:00:36 AM  1000     13749    3.00   12.00    0.00    0.00   15.00    17  listener
10:00:36 AM  1000     13751   13.00    0.00    0.00    0.00   13.00    10  listener
10:00:36 AM  1000     13753    0.00    0.00    0.00    0.00    0.00     4  listener

10:00:36 AM   UID       PID    %usr %system  %guest   %wait    %CPU   CPU  Command
10:00:37 AM  1000     13747    0.00   11.00    0.00    0.00   11.00    19  listener
10:00:37 AM  1000     13749    2.00   12.00    0.00    0.00   14.00    17  listener
10:00:37 AM  1000     13751    0.00   13.00    0.00    0.00   13.00    10  listener
10:00:37 AM  1000     13753    0.00    0.00    0.00    0.00    0.00     4  listener

10:00:37 AM   UID       PID    %usr %system  %guest   %wait    %CPU   CPU  Command
10:00:38 AM  1000     13747    0.00   12.00    0.00    0.00   12.00     3  listener
10:00:38 AM  1000     13749    4.00    9.00    0.00    0.00   13.00    17  listener
10:00:38 AM  1000     13751    0.00   12.00    0.00    0.00   12.00    10  listener
10:00:38 AM  1000     13753    0.00    0.00    0.00    0.00    0.00     4  listener

10:00:38 AM   UID       PID    %usr %system  %guest   %wait    %CPU   CPU  Command
10:00:39 AM  1000     13747    0.00   12.00    0.00    0.00   12.00     3  listener
10:00:39 AM  1000     13749    3.00   11.00    0.00    0.00   14.00    17  listener
10:00:39 AM  1000     13751    0.00   13.00    0.00    0.00   13.00    10  listener
10:00:39 AM  1000     13753    0.00    0.00    0.00    0.00    0.00     4  listener

10:00:39 AM   UID       PID    %usr %system  %guest   %wait    %CPU   CPU  Command
10:00:40 AM  1000     13747    0.00   11.00    0.00    0.00   11.00     3  listener
10:00:40 AM  1000     13749    5.00   10.00    0.00    0.00   15.00    18  listener
10:00:40 AM  1000     13751    0.00   12.00    0.00    0.00   12.00    10  listener
10:00:40 AM  1000     13753    0.00    0.00    0.00    0.00    0.00     4  listener

10:00:40 AM   UID       PID    %usr %system  %guest   %wait    %CPU   CPU  Command
10:00:41 AM  1000     13747    0.00   12.00    0.00    0.00   12.00    19  listener
10:00:41 AM  1000     13749    2.00   12.00    0.00    0.00   14.00    18  listener
10:00:41 AM  1000     13751    4.00    9.00    0.00    0.00   13.00    10  listener
10:00:41 AM  1000     13753    0.00    0.00    0.00    0.00    0.00     4  listener

10:00:41 AM   UID       PID    %usr %system  %guest   %wait    %CPU   CPU  Command
10:00:42 AM  1000     13747    0.00   12.00    0.00    0.00   12.00    19  listener
10:00:42 AM  1000     13749    3.00   12.00    0.00    0.00   15.00    17  listener
10:00:42 AM  1000     13751    9.00    4.00    0.00    0.00   13.00    10  listener
10:00:42 AM  1000     13753    0.00    0.00    0.00    0.00    0.00     4  listener

10:00:42 AM   UID       PID    %usr %system  %guest   %wait    %CPU   CPU  Command
10:00:43 AM  1000     13747    0.00   11.00    0.00    0.00   11.00     1  listener
10:00:43 AM  1000     13749    3.00   11.00    0.00    0.00   14.00    12  listener
10:00:43 AM  1000     13751    8.00    4.00    0.00    0.00   12.00    10  listener
10:00:43 AM  1000     13753    0.00    0.00    0.00    0.00    0.00     4  listener

10:00:43 AM   UID       PID    %usr %system  %guest   %wait    %CPU   CPU  Command
10:00:44 AM  1000     13747    0.00   12.00    0.00    0.00   12.00    19  listener
10:00:44 AM  1000     13749    5.00    9.00    0.00    0.00   14.00    17  listener
10:00:44 AM  1000     13751    9.00    4.00    0.00    0.00   13.00    10  listener
10:00:44 AM  1000     13753    0.00    0.00    0.00    0.00    0.00     4  listener

10:00:44 AM   UID       PID    %usr %system  %guest   %wait    %CPU   CPU  Command
10:00:45 AM  1000     13747    0.00   11.00    0.00    0.00   11.00    19  listener
10:00:45 AM  1000     13749    4.00   10.00    0.00    0.00   14.00    17  listener
10:00:45 AM  1000     13751    6.00    6.00    0.00    0.00   12.00    10  listener
10:00:45 AM  1000     13753    0.00    0.00    0.00    0.00    0.00     4  listener

10:00:45 AM   UID       PID    %usr %system  %guest   %wait    %CPU   CPU  Command
10:00:46 AM  1000     13747    0.00   12.00    0.00    0.00   12.00    14  listener
10:00:46 AM  1000     13749    3.00   10.00    0.00    0.00   13.00     6  listener
10:00:46 AM  1000     13751   10.00    2.00    0.00    0.00   12.00    10  listener
10:00:46 AM  1000     13753    0.00    0.00    0.00    0.00    0.00     4  listener

10:00:46 AM   UID       PID    %usr %system  %guest   %wait    %CPU   CPU  Command
10:00:47 AM  1000     13747    0.00   11.00    0.00    0.00   11.00    19  listener
10:00:47 AM  1000     13749    4.00   11.00    0.00    0.00   15.00     6  listener
10:00:47 AM  1000     13751    9.00    4.00    0.00    0.00   13.00    10  listener
10:00:47 AM  1000     13753    0.00    0.00    0.00    0.00    0.00     4  listener

10:00:47 AM   UID       PID    %usr %system  %guest   %wait    %CPU   CPU  Command
10:00:48 AM  1000     13747    0.00   12.00    0.00    0.00   12.00     1  listener
10:00:48 AM  1000     13749    2.00   12.00    0.00    0.00   14.00     6  listener
10:00:48 AM  1000     13751    8.00    4.00    0.00    0.00   12.00    12  listener
10:00:48 AM  1000     13753    0.00    0.00    0.00    0.00    0.00     4  listener

10:00:48 AM   UID       PID    %usr %system  %guest   %wait    %CPU   CPU  Command
10:00:49 AM  1000     13747    0.00   12.00    0.00    0.00   12.00    19  listener
10:00:49 AM  1000     13749    2.00   13.00    0.00    0.00   15.00    17  listener
10:00:49 AM  1000     13751   13.00    0.00    0.00    0.00   13.00    12  listener
10:00:49 AM  1000     13753    0.00    0.00    0.00    0.00    0.00     4  listener

10:00:49 AM   UID       PID    %usr %system  %guest   %wait    %CPU   CPU  Command
10:00:50 AM  1000     13747    0.00   11.00    0.00    0.00   11.00     4  listener
10:00:50 AM  1000     13749    2.00   12.00    0.00    0.00   14.00    17  listener
10:00:50 AM  1000     13751   13.00    0.00    0.00    0.00   13.00    10  listener
10:00:50 AM  1000     13753    0.00    0.00    0.00    0.00    0.00     4  listener

10:00:50 AM   UID       PID    %usr %system  %guest   %wait    %CPU   CPU  Command
10:00:51 AM  1000     13747    0.00   13.00    0.00    0.00   13.00     4  listener
10:00:51 AM  1000     13749    2.00   12.00    0.00    0.00   14.00    17  listener
10:00:51 AM  1000     13751   11.00    1.00    0.00    0.00   12.00    12  listener
10:00:51 AM  1000     13753    0.00    0.00    0.00    0.00    0.00     4  listener

10:00:51 AM   UID       PID    %usr %system  %guest   %wait    %CPU   CPU  Command
10:00:52 AM  1000     13747    0.00   11.00    0.00    0.00   11.00     4  listener
10:00:52 AM  1000     13749    1.00   13.00    0.00    0.00   14.00    17  listener
10:00:52 AM  1000     13751    4.00    9.00    0.00    0.00   13.00    12  listener
10:00:52 AM  1000     13753    0.00    0.00    0.00    0.00    0.00     4  listener

10:00:52 AM   UID       PID    %usr %system  %guest   %wait    %CPU   CPU  Command
10:00:53 AM  1000     13747    0.00   13.00    0.00    0.00   13.00     4  listener
10:00:53 AM  1000     13749    3.00   12.00    0.00    0.00   15.00    17  listener
10:00:53 AM  1000     13751    6.00    6.00    0.00    0.00   12.00    12  listener
10:00:53 AM  1000     13753    0.00    0.00    0.00    0.00    0.00     4  listener

10:00:53 AM   UID       PID    %usr %system  %guest   %wait    %CPU   CPU  Command
10:00:54 AM  1000     13747    0.00   11.00    0.00    0.00   11.00     4  listener
10:00:54 AM  1000     13749    2.00   12.00    0.00    0.00   14.00    17  listener
10:00:54 AM  1000     13751   10.00    2.00    0.00    0.00   12.00    12  listener
10:00:54 AM  1000     13753    0.00    0.00    0.00    0.00    0.00     4  listener

10:00:54 AM   UID       PID    %usr %system  %guest   %wait    %CPU   CPU  Command
10:00:55 AM  1000     13747    0.00   12.00    0.00    0.00   12.00     4  listener
10:00:55 AM  1000     13749    4.00   10.00    0.00    0.00   14.00    17  listener
10:00:55 AM  1000     13751   11.00    2.00    0.00    0.00   13.00    12  listener
10:00:55 AM  1000     13753    0.00    0.00    0.00    0.00    0.00     4  listener

10:00:55 AM   UID       PID    %usr %system  %guest   %wait    %CPU   CPU  Command
10:00:56 AM  1000     13747    0.00   12.00    0.00    0.00   12.00     4  listener
10:00:56 AM  1000     13749    5.00    9.00    0.00    0.00   14.00    17  listener
10:00:56 AM  1000     13751    9.00    4.00    0.00    0.00   13.00    10  listener
10:00:56 AM  1000     13753    0.00    0.00    0.00    0.00    0.00     4  listener

10:00:56 AM   UID       PID    %usr %system  %guest   %wait    %CPU   CPU  Command
10:00:57 AM  1000     13747    0.00   11.00    0.00    0.00   11.00     4  listener
10:00:57 AM  1000     13749    4.00   10.00    0.00    0.00   14.00    17  listener
10:00:57 AM  1000     13751   13.00    0.00    0.00    0.00   13.00    14  listener
10:00:57 AM  1000     13753    0.00    0.00    0.00    0.00    0.00     4  listener

10:00:57 AM   UID       PID    %usr %system  %guest   %wait    %CPU   CPU  Command
10:00:58 AM  1000     13747    0.00   12.00    0.00    0.00   12.00     4  listener
10:00:58 AM  1000     13749    6.00    9.00    0.00    0.00   15.00    17  listener
10:00:58 AM  1000     13751    9.00    3.00    0.00    0.00   12.00    14  listener
10:00:58 AM  1000     13753    0.00    0.00    0.00    0.00    0.00     4  listener

10:00:58 AM   UID       PID    %usr %system  %guest   %wait    %CPU   CPU  Command
10:00:59 AM  1000     13747    0.00   12.00    0.00    0.00   12.00    19  listener
10:00:59 AM  1000     13749    5.00    9.00    0.00    0.00   14.00     6  listener
10:00:59 AM  1000     13751   13.00    0.00    0.00    0.00   13.00    10  listener
10:00:59 AM  1000     13753    0.00    0.00    0.00    0.00    0.00     4  listener

10:00:59 AM   UID       PID    %usr %system  %guest   %wait    %CPU   CPU  Command
10:01:00 AM  1000     13747    0.00   11.00    0.00    0.00   11.00    19  listener
10:01:00 AM  1000     13749    5.00    9.00    0.00    0.00   14.00    17  listener
10:01:00 AM  1000     13751   11.00    1.00    0.00    0.00   12.00    13  listener
10:01:00 AM  1000     13753    0.00    0.00    0.00    0.00    0.00     4  listener

10:01:00 AM   UID       PID    %usr %system  %guest   %wait    %CPU   CPU  Command
10:01:01 AM  1000     13747    0.00   12.00    0.00    0.00   12.00     0  listener
10:01:01 AM  1000     13749    4.00   10.00    0.00    0.00   14.00    17  listener
10:01:01 AM  1000     13751   11.00    2.00    0.00    0.00   13.00    10  listener
10:01:01 AM  1000     13753    0.00    0.00    0.00    0.00    0.00     4  listener

10:01:01 AM   UID       PID    %usr %system  %guest   %wait    %CPU   CPU  Command
10:01:02 AM  1000     13747    0.00   12.00    0.00    0.00   12.00     0  listener
10:01:02 AM  1000     13749    2.00   12.00    0.00    0.00   14.00    19  listener
10:01:02 AM  1000     13751   11.00    1.00    0.00    0.00   12.00    10  listener
10:01:02 AM  1000     13753    0.00    0.00    0.00    0.00    0.00     4  listener

10:01:02 AM   UID       PID    %usr %system  %guest   %wait    %CPU   CPU  Command
10:01:03 AM  1000     13747    0.00   11.00    0.00    0.00   11.00     0  listener
10:01:03 AM  1000     13749    2.00   12.00    0.00    0.00   14.00     5  listener
10:01:03 AM  1000     13751    8.00    5.00    0.00    0.00   13.00     5  listener
10:01:03 AM  1000     13753    0.00    0.00    0.00    0.00    0.00     4  listener

10:01:03 AM   UID       PID    %usr %system  %guest   %wait    %CPU   CPU  Command
10:01:04 AM  1000     13747    0.00   12.00    0.00    0.00   12.00     0  listener
10:01:04 AM  1000     13749    0.00   14.00    0.00    0.00   14.00     5  listener
10:01:04 AM  1000     13751    8.00    4.00    0.00    0.00   12.00     4  listener
10:01:04 AM  1000     13753    0.00    0.00    0.00    0.00    0.00     4  listener

10:01:04 AM   UID       PID    %usr %system  %guest   %wait    %CPU   CPU  Command
10:01:05 AM  1000     13747    0.00   12.00    0.00    0.00   12.00    19  listener
10:01:05 AM  1000     13749    0.00   14.00    0.00    0.00   14.00     5  listener
10:01:05 AM  1000     13751    6.00    7.00    0.00    0.00   13.00     4  listener
10:01:05 AM  1000     13753    0.00    0.00    0.00    0.00    0.00     4  listener

10:01:05 AM   UID       PID    %usr %system  %guest   %wait    %CPU   CPU  Command
10:01:06 AM  1000     13747    0.00   11.00    0.00    0.00   11.00    19  listener
10:01:06 AM  1000     13749    0.00   14.00    0.00    0.00   14.00     5  listener
10:01:06 AM  1000     13751   11.00    1.00    0.00    0.00   12.00     4  listener
10:01:06 AM  1000     13753    0.00    0.00    0.00    0.00    0.00     4  listener

10:01:06 AM   UID       PID    %usr %system  %guest   %wait    %CPU   CPU  Command
10:01:07 AM  1000     13747    0.00   12.00    0.00    0.00   12.00    19  listener
10:01:07 AM  1000     13749    3.00   12.00    0.00    0.00   15.00     5  listener
10:01:07 AM  1000     13751   12.00    0.00    0.00    0.00   12.00     4  listener
10:01:07 AM  1000     13753    0.00    0.00    0.00    0.00    0.00     4  listener

10:01:07 AM   UID       PID    %usr %system  %guest   %wait    %CPU   CPU  Command
10:01:08 AM  1000     13747    0.00   12.00    0.00    0.00   12.00     0  listener
10:01:08 AM  1000     13749    3.00   10.00    0.00    0.00   13.00    12  listener
10:01:08 AM  1000     13751   12.00    0.00    0.00    0.00   12.00     7  listener
10:01:08 AM  1000     13753    0.00    0.00    0.00    0.00    0.00     4  listener

10:01:08 AM   UID       PID    %usr %system  %guest   %wait    %CPU   CPU  Command
10:01:09 AM  1000     13747    0.00   11.00    0.00    0.00   11.00     8  listener
10:01:09 AM  1000     13749    3.00   10.00    0.00    0.00   13.00     6  listener
10:01:09 AM  1000     13751   11.00    3.00    0.00    0.00   14.00     7  listener
10:01:09 AM  1000     13753    0.00    0.00    0.00    0.00    0.00     4  listener

10:01:09 AM   UID       PID    %usr %system  %guest   %wait    %CPU   CPU  Command
10:01:10 AM  1000     13747    0.00   12.00    0.00    0.00   12.00     8  listener
10:01:10 AM  1000     13749    4.00   10.00    0.00    0.00   14.00    12  listener
10:01:10 AM  1000     13751   11.00    2.00    0.00    0.00   13.00     7  listener
10:01:10 AM  1000     13753    0.00    0.00    0.00    0.00    0.00     4  listener

10:01:10 AM   UID       PID    %usr %system  %guest   %wait    %CPU   CPU  Command
10:01:11 AM  1000     13747    0.00   12.00    0.00    0.00   12.00     8  listener
10:01:11 AM  1000     13749    3.00   11.00    0.00    0.00   14.00    12  listener
10:01:11 AM  1000     13751    8.00    3.00    0.00    0.00   11.00     4  listener
10:01:11 AM  1000     13753    0.00    0.00    0.00    0.00    0.00     4  listener

10:01:11 AM   UID       PID    %usr %system  %guest   %wait    %CPU   CPU  Command
10:01:12 AM  1000     13747    0.00   13.00    0.00    0.00   13.00     8  listener
10:01:12 AM  1000     13749    3.00   11.00    0.00    0.00   14.00    12  listener
10:01:12 AM  1000     13751    9.00    4.00    0.00    0.00   13.00     7  listener
10:01:12 AM  1000     13753    0.00    0.00    0.00    0.00    0.00     4  listener

10:01:12 AM   UID       PID    %usr %system  %guest   %wait    %CPU   CPU  Command
10:01:13 AM  1000     13747    0.00   12.00    0.00    0.00   12.00     0  listener
10:01:13 AM  1000     13749    4.00   11.00    0.00    0.00   15.00     6  listener
10:01:13 AM  1000     13751   12.00    0.00    0.00    0.00   12.00     4  listener
10:01:13 AM  1000     13753    0.00    0.00    0.00    0.00    0.00     4  listener

10:01:13 AM   UID       PID    %usr %system  %guest   %wait    %CPU   CPU  Command
10:01:14 AM  1000     13747    0.00   12.00    0.00    0.00   12.00     3  listener
10:01:14 AM  1000     13749    3.00   10.00    0.00    0.00   13.00    14  listener
10:01:14 AM  1000     13751   12.00    1.00    0.00    0.00   13.00     7  listener
10:01:14 AM  1000     13753    0.00    0.00    0.00    0.00    0.00     4  listener

10:01:14 AM   UID       PID    %usr %system  %guest   %wait    %CPU   CPU  Command
10:01:15 AM  1000     13747    0.00   13.00    0.00    0.00   13.00     3  listener
10:01:15 AM  1000     13749    4.00   11.00    0.00    0.00   15.00    14  listener
10:01:15 AM  1000     13751    9.00    3.00    0.00    0.00   12.00     7  listener
10:01:15 AM  1000     13753    0.00    0.00    0.00    0.00    0.00     4  listener

10:01:15 AM   UID       PID    %usr %system  %guest   %wait    %CPU   CPU  Command
10:01:16 AM  1000     13747    0.00   12.00    0.00    0.00   12.00     3  listener
10:01:16 AM  1000     13749    3.00   11.00    0.00    0.00   14.00    16  listener
10:01:16 AM  1000     13751    9.00    4.00    0.00    0.00   13.00     7  listener
10:01:16 AM  1000     13753    0.00    0.00    0.00    0.00    0.00     4  listener

Average:      UID       PID    %usr %system  %guest   %wait    %CPU   CPU  Command
Average:     1000     13747    0.12   11.57    0.00    0.00   11.68     -  listener
Average:     1000     13749    2.55   11.60    0.00    0.00   14.15     -  listener
Average:     1000     13751    9.05    3.48    0.00    0.00   12.53     -  listener
Average:     1000     13753    0.00    0.00    0.00    0.00    0.00     -  listener
