Linux 6.5.0-44-generic (npc2408016) 	06/17/2025 	_x86_64_	(22 CPU)

10:20:43 AM   UID       PID    %usr %system  %guest   %wait    %CPU   CPU  Command
10:20:44 AM  1000     17346    9.00    4.00    0.00    0.00   13.00    18  listener
10:20:44 AM  1000     17348    6.00    7.00    0.00    0.00   13.00     3  listener
10:20:44 AM  1000     17350    7.00    8.00    0.00    0.00   15.00    13  listener
10:20:44 AM  1000     17352   17.00    0.00    0.00    0.00   17.00    19  listener
10:20:44 AM  1000     17354   11.00    7.00    0.00    0.00   18.00     8  listener
10:20:44 AM  1000     17356   15.00    1.00    0.00    0.00   16.00     9  listener
10:20:44 AM  1000     17358   10.00    1.00    0.00    0.00   11.00     6  listener
10:20:44 AM  1000     17360    0.00    0.00    0.00    0.00    0.00    13  listener

10:20:44 AM   UID       PID    %usr %system  %guest   %wait    %CPU   CPU  Command
10:20:45 AM  1000     17346    7.00    7.00    0.00    0.00   14.00    18  listener
10:20:45 AM  1000     17348    5.00   10.00    0.00    0.00   15.00     2  listener
10:20:45 AM  1000     17350    9.00    7.00    0.00    0.00   16.00    15  listener
10:20:45 AM  1000     17352   18.00    0.00    0.00    0.00   18.00     6  listener
10:20:45 AM  1000     17354   19.00    1.00    0.00    0.00   20.00    15  listener
10:20:45 AM  1000     17356   11.00    6.00    0.00    0.00   17.00     8  listener
10:20:45 AM  1000     17358   10.00    2.00    0.00    0.00   12.00     6  listener
10:20:45 AM  1000     17360    0.00    0.00    0.00    0.00    0.00    13  listener

10:20:45 AM   UID       PID    %usr %system  %guest   %wait    %CPU   CPU  Command
10:20:46 AM  1000     17346   11.00    3.00    0.00    0.00   14.00    18  listener
10:20:46 AM  1000     17348    4.00    9.00    0.00    0.00   13.00     2  listener
10:20:46 AM  1000     17350    6.00    9.00    0.00    0.00   15.00     3  listener
10:20:46 AM  1000     17352   15.00    2.00    0.00    0.00   17.00     6  listener
10:20:46 AM  1000     17354   16.00    2.00    0.00    0.00   18.00    15  listener
10:20:46 AM  1000     17356   15.00    1.00    0.00    0.00   16.00     9  listener
10:20:46 AM  1000     17358   12.00    1.00    0.00    0.00   13.00     6  listener
10:20:46 AM  1000     17360    0.00    0.00    0.00    0.00    0.00    13  listener

10:20:46 AM   UID       PID    %usr %system  %guest   %wait    %CPU   CPU  Command
10:20:47 AM  1000     17346    9.00    5.00    0.00    0.00   14.00    17  listener
10:20:47 AM  1000     17348    4.00   10.00    0.00    0.00   14.00     7  listener
10:20:47 AM  1000     17350   12.00    3.00    0.00    0.00   15.00     3  listener
10:20:47 AM  1000     17352   15.00    2.00    0.00    0.00   17.00    19  listener
10:20:47 AM  1000     17354   14.00    5.00    0.00    0.00   19.00    15  listener
10:20:47 AM  1000     17356   14.00    2.00    0.00    0.00   16.00     9  listener
10:20:47 AM  1000     17358   10.00    3.00    0.00    0.00   13.00    12  listener
10:20:47 AM  1000     17360    0.00    0.00    0.00    0.00    0.00    13  listener

10:20:47 AM   UID       PID    %usr %system  %guest   %wait    %CPU   CPU  Command
10:20:48 AM  1000     17346    8.00    5.00    0.00    0.00   13.00    17  listener
10:20:48 AM  1000     17348    3.00   11.00    0.00    0.00   14.00     7  listener
10:20:48 AM  1000     17350    8.00    7.00    0.00    0.00   15.00    13  listener
10:20:48 AM  1000     17352   18.00    0.00    0.00    0.00   18.00    12  listener
10:20:48 AM  1000     17354   14.00    4.00    0.00    0.00   18.00    16  listener
10:20:48 AM  1000     17356   16.00    1.00    0.00    0.00   17.00    14  listener
10:20:48 AM  1000     17358   10.00    1.00    0.00    0.00   11.00     6  listener
10:20:48 AM  1000     17360    0.00    0.00    0.00    0.00    0.00    13  listener

10:20:48 AM   UID       PID    %usr %system  %guest   %wait    %CPU   CPU  Command
10:20:49 AM  1000     17346    8.00    6.00    0.00    0.00   14.00    17  listener
10:20:49 AM  1000     17348    4.00    9.00    0.00    0.00   13.00    11  listener
10:20:49 AM  1000     17350    1.00   14.00    0.00    0.00   15.00     3  listener
10:20:49 AM  1000     17352   17.00    0.00    0.00    0.00   17.00    12  listener
10:20:49 AM  1000     17354   14.00    4.00    0.00    0.00   18.00    17  listener
10:20:49 AM  1000     17356   15.00    2.00    0.00    0.00   17.00    14  listener
10:20:49 AM  1000     17358   12.00    1.00    0.00    0.00   13.00    14  listener
10:20:49 AM  1000     17360    0.00    0.00    0.00    0.00    0.00    13  listener

10:20:49 AM   UID       PID    %usr %system  %guest   %wait    %CPU   CPU  Command
10:20:50 AM  1000     17346   12.00    2.00    0.00    0.00   14.00    18  listener
10:20:50 AM  1000     17348    4.00   10.00    0.00    0.00   14.00    11  listener
10:20:50 AM  1000     17350    0.00   15.00    0.00    0.00   15.00     3  listener
10:20:50 AM  1000     17352   16.00    0.00    0.00    0.00   16.00     6  listener
10:20:50 AM  1000     17354   11.00    7.00    0.00    0.00   18.00    17  listener
10:20:50 AM  1000     17356   13.00    3.00    0.00    0.00   16.00    14  listener
10:20:50 AM  1000     17358   11.00    2.00    0.00    0.00   13.00    12  listener
10:20:50 AM  1000     17360    0.00    0.00    0.00    0.00    0.00    13  listener

10:20:50 AM   UID       PID    %usr %system  %guest   %wait    %CPU   CPU  Command
10:20:51 AM  1000     17346    8.00    5.00    0.00    0.00   13.00    17  listener
10:20:51 AM  1000     17348    4.00    9.00    0.00    0.00   13.00    11  listener
10:20:51 AM  1000     17350    0.00   15.00    0.00    0.00   15.00     3  listener
10:20:51 AM  1000     17352   15.00    2.00    0.00    0.00   17.00     5  listener
10:20:51 AM  1000     17354   19.00    0.00    0.00    0.00   19.00    17  listener
10:20:51 AM  1000     17356   14.00    3.00    0.00    0.00   17.00     9  listener
10:20:51 AM  1000     17358   10.00    2.00    0.00    0.00   12.00    14  listener
10:20:51 AM  1000     17360    0.00    0.00    0.00    0.00    0.00    13  listener

10:20:51 AM   UID       PID    %usr %system  %guest   %wait    %CPU   CPU  Command
10:20:52 AM  1000     17346   12.00    2.00    0.00    0.00   14.00    17  listener
10:20:52 AM  1000     17348    5.00   10.00    0.00    0.00   15.00     0  listener
10:20:52 AM  1000     17350    0.00   16.00    0.00    0.00   16.00    13  listener
10:20:52 AM  1000     17352   16.00    1.00    0.00    0.00   17.00     4  listener
10:20:52 AM  1000     17354    6.00   13.00    0.00    0.00   19.00     2  listener
10:20:52 AM  1000     17356   14.00    2.00    0.00    0.00   16.00     9  listener
10:20:52 AM  1000     17358   10.00    3.00    0.00    0.00   13.00    14  listener
10:20:52 AM  1000     17360    0.00    0.00    0.00    0.00    0.00    13  listener

10:20:52 AM   UID       PID    %usr %system  %guest   %wait    %CPU   CPU  Command
10:20:53 AM  1000     17346    8.00    6.00    0.00    0.00   14.00    18  listener
10:20:53 AM  1000     17348    4.00    9.00    0.00    0.00   13.00    11  listener
10:20:53 AM  1000     17350    0.00   15.00    0.00    0.00   15.00    13  listener
10:20:53 AM  1000     17352   14.00    5.00    0.00    0.00   19.00     5  listener
10:20:53 AM  1000     17354    4.00   14.00    0.00    0.00   18.00     8  listener
10:20:53 AM  1000     17356   17.00    0.00    0.00    0.00   17.00     0  listener
10:20:53 AM  1000     17358   11.00    0.00    0.00    0.00   11.00    19  listener
10:20:53 AM  1000     17360    0.00    0.00    0.00    0.00    0.00    13  listener

10:20:53 AM   UID       PID    %usr %system  %guest   %wait    %CPU   CPU  Command
10:20:54 AM  1000     17346   12.00    2.00    0.00    0.00   14.00    17  listener
10:20:54 AM  1000     17348    5.00   10.00    0.00    0.00   15.00    11  listener
10:20:54 AM  1000     17350    0.00   15.00    0.00    0.00   15.00    16  listener
10:20:54 AM  1000     17352   15.00    1.00    0.00    0.00   16.00     4  listener
10:20:54 AM  1000     17354   14.00    4.00    0.00    0.00   18.00    13  listener
10:20:54 AM  1000     17356   13.00    3.00    0.00    0.00   16.00     0  listener
10:20:54 AM  1000     17358    9.00    5.00    0.00    0.00   14.00    14  listener
10:20:54 AM  1000     17360    0.00    0.00    0.00    0.00    0.00    13  listener

10:20:54 AM   UID       PID    %usr %system  %guest   %wait    %CPU   CPU  Command
10:20:55 AM  1000     17346   10.00    4.00    0.00    0.00   14.00    17  listener
10:20:55 AM  1000     17348    4.00   10.00    0.00    0.00   14.00    11  listener
10:20:55 AM  1000     17350    0.00   15.00    0.00    0.00   15.00    16  listener
10:20:55 AM  1000     17352   15.00    3.00    0.00    0.00   18.00     5  listener
10:20:55 AM  1000     17354   16.00    3.00    0.00    0.00   19.00    14  listener
10:20:55 AM  1000     17356   16.00    1.00    0.00    0.00   17.00     0  listener
10:20:55 AM  1000     17358    9.00    2.00    0.00    0.00   11.00    14  listener
10:20:55 AM  1000     17360    0.00    0.00    0.00    0.00    0.00    13  listener

10:20:55 AM   UID       PID    %usr %system  %guest   %wait    %CPU   CPU  Command
10:20:56 AM  1000     17346   10.00    3.00    0.00    0.00   13.00     9  listener
10:20:56 AM  1000     17348    4.00    9.00    0.00    0.00   13.00    11  listener
10:20:56 AM  1000     17350    2.00   13.00    0.00    0.00   15.00    16  listener
10:20:56 AM  1000     17352   16.00    1.00    0.00    0.00   17.00     5  listener
10:20:56 AM  1000     17354   12.00    6.00    0.00    0.00   18.00    17  listener
10:20:56 AM  1000     17356   14.00    3.00    0.00    0.00   17.00     9  listener
10:20:56 AM  1000     17358   12.00    1.00    0.00    0.00   13.00    14  listener
10:20:56 AM  1000     17360    0.00    0.00    0.00    0.00    0.00    13  listener

10:20:56 AM   UID       PID    %usr %system  %guest   %wait    %CPU   CPU  Command
10:20:57 AM  1000     17346   11.00    3.00    0.00    0.00   14.00     9  listener
10:20:57 AM  1000     17348    4.00   10.00    0.00    0.00   14.00    11  listener
10:20:57 AM  1000     17350    5.00   11.00    0.00    0.00   16.00     2  listener
10:20:57 AM  1000     17352   17.00    0.00    0.00    0.00   17.00     5  listener
10:20:57 AM  1000     17354   15.00    5.00    0.00    0.00   20.00    17  listener
10:20:57 AM  1000     17356   14.00    2.00    0.00    0.00   16.00    13  listener
10:20:57 AM  1000     17358    4.00    8.00    0.00    0.00   12.00     0  listener
10:20:57 AM  1000     17360    0.00    0.00    0.00    0.00    0.00    13  listener

10:20:57 AM   UID       PID    %usr %system  %guest   %wait    %CPU   CPU  Command
10:20:58 AM  1000     17346    8.00    5.00    0.00    0.00   13.00    12  listener
10:20:58 AM  1000     17348    4.00    9.00    0.00    0.00   13.00     1  listener
10:20:58 AM  1000     17350    4.00   11.00    0.00    0.00   15.00     2  listener
10:20:58 AM  1000     17352   17.00    1.00    0.00    0.00   18.00     4  listener
10:20:58 AM  1000     17354    0.00   18.00    0.00    0.00   18.00     6  listener
10:20:58 AM  1000     17356   17.00    0.00    0.00    0.00   17.00    13  listener
10:20:58 AM  1000     17358   11.00    2.00    0.00    0.00   13.00     8  listener
10:20:58 AM  1000     17360    0.00    0.00    0.00    0.00    0.00    13  listener

10:20:58 AM   UID       PID    %usr %system  %guest   %wait    %CPU   CPU  Command
10:20:59 AM  1000     17346   10.00    4.00    0.00    0.00   14.00     9  listener
10:20:59 AM  1000     17348    4.00   10.00    0.00    0.00   14.00    11  listener
10:20:59 AM  1000     17350    4.00   11.00    0.00    0.00   15.00    16  listener
10:20:59 AM  1000     17352    5.00   12.00    0.00    0.00   17.00     4  listener
10:20:59 AM  1000     17354    0.00   19.00    0.00    0.00   19.00    17  listener
10:20:59 AM  1000     17356   11.00    5.00    0.00    0.00   16.00    11  listener
10:20:59 AM  1000     17358   11.00    1.00    0.00    0.00   12.00     0  listener
10:20:59 AM  1000     17360    0.00    0.00    0.00    0.00    0.00    13  listener

10:20:59 AM   UID       PID    %usr %system  %guest   %wait    %CPU   CPU  Command
10:21:00 AM  1000     17346    9.00    4.00    0.00    0.00   13.00    10  listener
10:21:00 AM  1000     17348    4.00    9.00    0.00    0.00   13.00     1  listener
10:21:00 AM  1000     17350    4.00   10.00    0.00    0.00   14.00    13  listener
10:21:00 AM  1000     17352   16.00    1.00    0.00    0.00   17.00     4  listener
10:21:00 AM  1000     17354    0.00   17.00    0.00    0.00   17.00     2  listener
10:21:00 AM  1000     17356   16.00    0.00    0.00    0.00   16.00    11  listener
10:21:00 AM  1000     17358   12.00    0.00    0.00    0.00   12.00    11  listener
10:21:00 AM  1000     17360    0.00    0.00    0.00    0.00    0.00    13  listener

10:21:00 AM   UID       PID    %usr %system  %guest   %wait    %CPU   CPU  Command
10:21:01 AM  1000     17346    8.00    6.00    0.00    0.00   14.00     9  listener
10:21:01 AM  1000     17348    4.00   10.00    0.00    0.00   14.00    12  listener
10:21:01 AM  1000     17350    4.00   12.00    0.00    0.00   16.00     3  listener
10:21:01 AM  1000     17352   16.00    0.00    0.00    0.00   16.00     4  listener
10:21:01 AM  1000     17354    0.00   20.00    0.00    0.00   20.00    17  listener
10:21:01 AM  1000     17356    0.00   17.00    0.00    0.00   17.00    11  listener
10:21:01 AM  1000     17358    9.00    3.00    0.00    0.00   12.00    11  listener
10:21:01 AM  1000     17360    0.00    0.00    0.00    0.00    0.00    13  listener

10:21:01 AM   UID       PID    %usr %system  %guest   %wait    %CPU   CPU  Command
10:21:02 AM  1000     17346    8.00    5.00    0.00    0.00   13.00     9  listener
10:21:02 AM  1000     17348    4.00    9.00    0.00    0.00   13.00    16  listener
10:21:02 AM  1000     17350    4.00   11.00    0.00    0.00   15.00    11  listener
10:21:02 AM  1000     17352   17.00    1.00    0.00    0.00   18.00     4  listener
10:21:02 AM  1000     17354    0.00   18.00    0.00    0.00   18.00    15  listener
10:21:02 AM  1000     17356    0.00   17.00    0.00    0.00   17.00    11  listener
10:21:02 AM  1000     17358   12.00    1.00    0.00    0.00   13.00    11  listener
10:21:02 AM  1000     17360    0.00    0.00    0.00    0.00    0.00    13  listener

10:21:02 AM   UID       PID    %usr %system  %guest   %wait    %CPU   CPU  Command
10:21:03 AM  1000     17346    8.00    5.00    0.00    0.00   13.00     2  listener
10:21:03 AM  1000     17348    4.00   10.00    0.00    0.00   14.00    19  listener
10:21:03 AM  1000     17350    4.00   11.00    0.00    0.00   15.00    11  listener
10:21:03 AM  1000     17352    0.00   17.00    0.00    0.00   17.00     4  listener
10:21:03 AM  1000     17354    0.00   19.00    0.00    0.00   19.00    15  listener
10:21:03 AM  1000     17356    0.00   16.00    0.00    0.00   16.00    12  listener
10:21:03 AM  1000     17358    8.00    4.00    0.00    0.00   12.00    11  listener
10:21:03 AM  1000     17360    0.00    0.00    0.00    0.00    0.00    13  listener

10:21:03 AM   UID       PID    %usr %system  %guest   %wait    %CPU   CPU  Command
10:21:04 AM  1000     17346   11.00    3.00    0.00    0.00   14.00    15  listener
10:21:04 AM  1000     17348    4.00    9.00    0.00    0.00   13.00    15  listener
10:21:04 AM  1000     17350    4.00   11.00    0.00    0.00   15.00    11  listener
10:21:04 AM  1000     17352    0.00   17.00    0.00    0.00   17.00     4  listener
10:21:04 AM  1000     17354    0.00   18.00    0.00    0.00   18.00    15  listener
10:21:04 AM  1000     17356    0.00   17.00    0.00    0.00   17.00    12  listener
10:21:04 AM  1000     17358   11.00    2.00    0.00    0.00   13.00    10  listener
10:21:04 AM  1000     17360    0.00    0.00    0.00    0.00    0.00    13  listener

10:21:04 AM   UID       PID    %usr %system  %guest   %wait    %CPU   CPU  Command
10:21:05 AM  1000     17346   11.00    2.00    0.00    0.00   13.00     7  listener
10:21:05 AM  1000     17348    4.00   10.00    0.00    0.00   14.00    16  listener
10:21:05 AM  1000     17350    4.00   11.00    0.00    0.00   15.00    11  listener
10:21:05 AM  1000     17352    0.00   17.00    0.00    0.00   17.00    10  listener
10:21:05 AM  1000     17354    0.00   18.00    0.00    0.00   18.00     6  listener
10:21:05 AM  1000     17356    0.00   16.00    0.00    0.00   16.00    13  listener
10:21:05 AM  1000     17358    5.00    6.00    0.00    0.00   11.00     0  listener
10:21:05 AM  1000     17360    0.00    0.00    0.00    0.00    0.00    13  listener

10:21:05 AM   UID       PID    %usr %system  %guest   %wait    %CPU   CPU  Command
10:21:06 AM  1000     17346    8.00    6.00    0.00    0.00   14.00     1  listener
10:21:06 AM  1000     17348    4.00    9.00    0.00    0.00   13.00    16  listener
10:21:06 AM  1000     17350    4.00   11.00    0.00    0.00   15.00    11  listener
10:21:06 AM  1000     17352    0.00   17.00    0.00    0.00   17.00     4  listener
10:21:06 AM  1000     17354    0.00   19.00    0.00    0.00   19.00     6  listener
10:21:06 AM  1000     17356    0.00   16.00    0.00    0.00   16.00    13  listener
10:21:06 AM  1000     17358    5.00    8.00    0.00    0.00   13.00     0  listener
10:21:06 AM  1000     17360    0.00    0.00    0.00    0.00    0.00    13  listener

10:21:06 AM   UID       PID    %usr %system  %guest   %wait    %CPU   CPU  Command
10:21:07 AM  1000     17346    5.00    8.00    0.00    0.00   13.00    14  listener
10:21:07 AM  1000     17348    5.00   10.00    0.00    0.00   15.00    16  listener
10:21:07 AM  1000     17350    4.00   10.00    0.00    0.00   14.00    12  listener
10:21:07 AM  1000     17352    0.00   17.00    0.00    0.00   17.00     6  listener
10:21:07 AM  1000     17354    0.00   18.00    0.00    0.00   18.00     6  listener
10:21:07 AM  1000     17356    0.00   17.00    0.00    0.00   17.00     1  listener
10:21:07 AM  1000     17358   12.00    0.00    0.00    0.00   12.00    18  listener
10:21:07 AM  1000     17360    0.00    0.00    0.00    0.00    0.00    13  listener

10:21:07 AM   UID       PID    %usr %system  %guest   %wait    %CPU   CPU  Command
10:21:08 AM  1000     17346   12.00    1.00    0.00    0.00   13.00     5  listener
10:21:08 AM  1000     17348    4.00    9.00    0.00    0.00   13.00     3  listener
10:21:08 AM  1000     17350    4.00   12.00    0.00    0.00   16.00    12  listener
10:21:08 AM  1000     17352    0.00   17.00    0.00    0.00   17.00     6  listener
10:21:08 AM  1000     17354    0.00   19.00    0.00    0.00   19.00    13  listener
10:21:08 AM  1000     17356    0.00   16.00    0.00    0.00   16.00    13  listener
10:21:08 AM  1000     17358    0.00   12.00    0.00    0.00   12.00     0  listener
10:21:08 AM  1000     17360    0.00    0.00    0.00    0.00    0.00     1  listener

10:21:08 AM   UID       PID    %usr %system  %guest   %wait    %CPU   CPU  Command
10:21:09 AM  1000     17346    8.00    6.00    0.00    0.00   14.00     0  listener
10:21:09 AM  1000     17348    5.00    9.00    0.00    0.00   14.00     3  listener
10:21:09 AM  1000     17350    4.00   11.00    0.00    0.00   15.00    11  listener
10:21:09 AM  1000     17352    0.00   17.00    0.00    0.00   17.00     8  listener
10:21:09 AM  1000     17354    0.00   18.00    0.00    0.00   18.00    13  listener
10:21:09 AM  1000     17356    0.00   16.00    0.00    0.00   16.00     1  listener
10:21:09 AM  1000     17358    0.00   13.00    0.00    0.00   13.00    19  listener
10:21:09 AM  1000     17360    0.00    0.00    0.00    0.00    0.00     1  listener

10:21:09 AM   UID       PID    %usr %system  %guest   %wait    %CPU   CPU  Command
10:21:10 AM  1000     17346   10.00    4.00    0.00    0.00   14.00    15  listener
10:21:10 AM  1000     17348    4.00    9.00    0.00    0.00   13.00    19  listener
10:21:10 AM  1000     17350    4.00   10.00    0.00    0.00   14.00    11  listener
10:21:10 AM  1000     17352    0.00   17.00    0.00    0.00   17.00    18  listener
10:21:10 AM  1000     17354    0.00   19.00    0.00    0.00   19.00     6  listener
10:21:10 AM  1000     17356    0.00   17.00    0.00    0.00   17.00     1  listener
10:21:10 AM  1000     17358    0.00   12.00    0.00    0.00   12.00    19  listener
10:21:10 AM  1000     17360    0.00    0.00    0.00    0.00    0.00     1  listener

10:21:10 AM   UID       PID    %usr %system  %guest   %wait    %CPU   CPU  Command
10:21:11 AM  1000     17346    8.00    6.00    0.00    0.00   14.00     8  listener
10:21:11 AM  1000     17348    5.00    9.00    0.00    0.00   14.00    10  listener
10:21:11 AM  1000     17350    5.00   11.00    0.00    0.00   16.00    11  listener
10:21:11 AM  1000     17352    0.00   17.00    0.00    0.00   17.00    18  listener
10:21:11 AM  1000     17354    0.00   18.00    0.00    0.00   18.00    14  listener
10:21:11 AM  1000     17356    0.00   17.00    0.00    0.00   17.00    12  listener
10:21:11 AM  1000     17358    0.00   12.00    0.00    0.00   12.00     3  listener
10:21:11 AM  1000     17360    0.00    0.00    0.00    0.00    0.00     1  listener

10:21:11 AM   UID       PID    %usr %system  %guest   %wait    %CPU   CPU  Command
10:21:12 AM  1000     17346    9.00    3.00    0.00    0.00   12.00    11  listener
10:21:12 AM  1000     17348    4.00    9.00    0.00    0.00   13.00    10  listener
10:21:12 AM  1000     17350    4.00   11.00    0.00    0.00   15.00    12  listener
10:21:12 AM  1000     17352    0.00   17.00    0.00    0.00   17.00    18  listener
10:21:12 AM  1000     17354    0.00   19.00    0.00    0.00   19.00    14  listener
10:21:12 AM  1000     17356    0.00   16.00    0.00    0.00   16.00    12  listener
10:21:12 AM  1000     17358    0.00   13.00    0.00    0.00   13.00    17  listener
10:21:12 AM  1000     17360    0.00    0.00    0.00    0.00    0.00     1  listener

10:21:12 AM   UID       PID    %usr %system  %guest   %wait    %CPU   CPU  Command
10:21:13 AM  1000     17346    9.00    5.00    0.00    0.00   14.00    11  listener
10:21:13 AM  1000     17348    5.00    9.00    0.00    0.00   14.00    13  listener
10:21:13 AM  1000     17350    5.00   10.00    0.00    0.00   15.00    15  listener
10:21:13 AM  1000     17352    0.00   17.00    0.00    0.00   17.00    18  listener
10:21:13 AM  1000     17354    0.00   18.00    0.00    0.00   18.00    14  listener
10:21:13 AM  1000     17356    0.00   17.00    0.00    0.00   17.00    12  listener
10:21:13 AM  1000     17358    0.00   12.00    0.00    0.00   12.00    17  listener
10:21:13 AM  1000     17360    0.00    0.00    0.00    0.00    0.00     1  listener

10:21:13 AM   UID       PID    %usr %system  %guest   %wait    %CPU   CPU  Command
10:21:14 AM  1000     17346   12.00    1.00    0.00    0.00   13.00     8  listener
10:21:14 AM  1000     17348    4.00    9.00    0.00    0.00   13.00    13  listener
10:21:14 AM  1000     17350    3.00   11.00    0.00    0.00   14.00     2  listener
10:21:14 AM  1000     17352    0.00   17.00    0.00    0.00   17.00    18  listener
10:21:14 AM  1000     17354    0.00   19.00    0.00    0.00   19.00    14  listener
10:21:14 AM  1000     17356    0.00   17.00    0.00    0.00   17.00    12  listener
10:21:14 AM  1000     17358    0.00   13.00    0.00    0.00   13.00    17  listener
10:21:14 AM  1000     17360    0.00    0.00    0.00    0.00    0.00     1  listener

10:21:14 AM   UID       PID    %usr %system  %guest   %wait    %CPU   CPU  Command
10:21:15 AM  1000     17346   12.00    2.00    0.00    0.00   14.00     8  listener
10:21:15 AM  1000     17348    4.00    9.00    0.00    0.00   13.00    13  listener
10:21:15 AM  1000     17350    5.00   11.00    0.00    0.00   16.00    15  listener
10:21:15 AM  1000     17352    0.00   17.00    0.00    0.00   17.00     8  listener
10:21:15 AM  1000     17354    0.00   19.00    0.00    0.00   19.00    14  listener
10:21:15 AM  1000     17356    0.00   16.00    0.00    0.00   16.00     9  listener
10:21:15 AM  1000     17358    0.00   12.00    0.00    0.00   12.00    13  listener
10:21:15 AM  1000     17360    0.00    0.00    0.00    0.00    0.00     1  listener

10:21:15 AM   UID       PID    %usr %system  %guest   %wait    %CPU   CPU  Command
10:21:16 AM  1000     17346    8.00    6.00    0.00    0.00   14.00    18  listener
10:21:16 AM  1000     17348    4.00   10.00    0.00    0.00   14.00    15  listener
10:21:16 AM  1000     17350    4.00   11.00    0.00    0.00   15.00    12  listener
10:21:16 AM  1000     17352    0.00   17.00    0.00    0.00   17.00     8  listener
10:21:16 AM  1000     17354    0.00   18.00    0.00    0.00   18.00    14  listener
10:21:16 AM  1000     17356    0.00   17.00    0.00    0.00   17.00     1  listener
10:21:16 AM  1000     17358    0.00   12.00    0.00    0.00   12.00    19  listener
10:21:16 AM  1000     17360    0.00    0.00    0.00    0.00    0.00     1  listener

10:21:16 AM   UID       PID    %usr %system  %guest   %wait    %CPU   CPU  Command
10:21:17 AM  1000     17346   11.00    2.00    0.00    0.00   13.00    18  listener
10:21:17 AM  1000     17348    5.00    9.00    0.00    0.00   14.00    16  listener
10:21:17 AM  1000     17350    4.00   11.00    0.00    0.00   15.00    18  listener
10:21:17 AM  1000     17352    0.00   18.00    0.00    0.00   18.00     3  listener
10:21:17 AM  1000     17354    0.00   19.00    0.00    0.00   19.00    11  listener
10:21:17 AM  1000     17356    0.00   17.00    0.00    0.00   17.00     1  listener
10:21:17 AM  1000     17358    0.00   13.00    0.00    0.00   13.00    19  listener
10:21:17 AM  1000     17360    0.00    0.00    0.00    0.00    0.00     1  listener

10:21:17 AM   UID       PID    %usr %system  %guest   %wait    %CPU   CPU  Command
10:21:18 AM  1000     17346    4.00    9.00    0.00    0.00   13.00    18  listener
10:21:18 AM  1000     17348    4.00   10.00    0.00    0.00   14.00    16  listener
10:21:18 AM  1000     17350    4.00   11.00    0.00    0.00   15.00    18  listener
10:21:18 AM  1000     17352    0.00   17.00    0.00    0.00   17.00    13  listener
10:21:18 AM  1000     17354    0.00   18.00    0.00    0.00   18.00    15  listener
10:21:18 AM  1000     17356    0.00   17.00    0.00    0.00   17.00     9  listener
10:21:18 AM  1000     17358    0.00   13.00    0.00    0.00   13.00     3  listener
10:21:18 AM  1000     17360    0.00    0.00    0.00    0.00    0.00     1  listener

10:21:18 AM   UID       PID    %usr %system  %guest   %wait    %CPU   CPU  Command
10:21:19 AM  1000     17346   11.00    3.00    0.00    0.00   14.00     0  listener
10:21:19 AM  1000     17348    4.00    9.00    0.00    0.00   13.00    15  listener
10:21:19 AM  1000     17350    4.00   10.00    0.00    0.00   14.00     2  listener
10:21:19 AM  1000     17352    0.00   17.00    0.00    0.00   17.00     8  listener
10:21:19 AM  1000     17354    0.00   19.00    0.00    0.00   19.00    13  listener
10:21:19 AM  1000     17356    0.00   17.00    0.00    0.00   17.00     9  listener
10:21:19 AM  1000     17358    0.00   12.00    0.00    0.00   12.00     4  listener
10:21:19 AM  1000     17360    0.00    0.00    0.00    0.00    0.00     1  listener

10:21:19 AM   UID       PID    %usr %system  %guest   %wait    %CPU   CPU  Command
10:21:20 AM  1000     17346   11.00    2.00    0.00    0.00   13.00     0  listener
10:21:20 AM  1000     17348    5.00    8.00    0.00    0.00   13.00    16  listener
10:21:20 AM  1000     17350    4.00   12.00    0.00    0.00   16.00     2  listener
10:21:20 AM  1000     17352    0.00   17.00    0.00    0.00   17.00     8  listener
10:21:20 AM  1000     17354    0.00   18.00    0.00    0.00   18.00    13  listener
10:21:20 AM  1000     17356    0.00   16.00    0.00    0.00   16.00     9  listener
10:21:20 AM  1000     17358    0.00   12.00    0.00    0.00   12.00     3  listener
10:21:20 AM  1000     17360    0.00    0.00    0.00    0.00    0.00     1  listener

10:21:20 AM   UID       PID    %usr %system  %guest   %wait    %CPU   CPU  Command
10:21:21 AM  1000     17346   10.00    4.00    0.00    0.00   14.00     0  listener
10:21:21 AM  1000     17348    5.00    9.00    0.00    0.00   14.00     1  listener
10:21:21 AM  1000     17350    4.00   11.00    0.00    0.00   15.00     1  listener
10:21:21 AM  1000     17352    0.00   17.00    0.00    0.00   17.00    10  listener
10:21:21 AM  1000     17354    0.00   19.00    0.00    0.00   19.00    10  listener
10:21:21 AM  1000     17356    0.00   17.00    0.00    0.00   17.00     9  listener
10:21:21 AM  1000     17358    0.00   12.00    0.00    0.00   12.00    19  listener
10:21:21 AM  1000     17360    0.00    0.00    0.00    0.00    0.00    13  listener

10:21:21 AM   UID       PID    %usr %system  %guest   %wait    %CPU   CPU  Command
10:21:22 AM  1000     17346    4.00    9.00    0.00    0.00   13.00     0  listener
10:21:22 AM  1000     17348    5.00    9.00    0.00    0.00   14.00    16  listener
10:21:22 AM  1000     17350    5.00   10.00    0.00    0.00   15.00     1  listener
10:21:22 AM  1000     17352    0.00   17.00    0.00    0.00   17.00    10  listener
10:21:22 AM  1000     17354    0.00   18.00    0.00    0.00   18.00    10  listener
10:21:22 AM  1000     17356    0.00   17.00    0.00    0.00   17.00     9  listener
10:21:22 AM  1000     17358    0.00   13.00    0.00    0.00   13.00    19  listener
10:21:22 AM  1000     17360    0.00    0.00    0.00    0.00    0.00    13  listener

10:21:22 AM   UID       PID    %usr %system  %guest   %wait    %CPU   CPU  Command
10:21:23 AM  1000     17346    8.00    5.00    0.00    0.00   13.00    13  listener
10:21:23 AM  1000     17348    4.00   10.00    0.00    0.00   14.00    16  listener
10:21:23 AM  1000     17350    4.00   11.00    0.00    0.00   15.00     1  listener
10:21:23 AM  1000     17352    0.00   17.00    0.00    0.00   17.00     8  listener
10:21:23 AM  1000     17354    0.00   19.00    0.00    0.00   19.00    10  listener
10:21:23 AM  1000     17356    0.00   16.00    0.00    0.00   16.00    12  listener
10:21:23 AM  1000     17358    0.00   12.00    0.00    0.00   12.00     1  listener
10:21:23 AM  1000     17360    0.00    0.00    0.00    0.00    0.00    13  listener

10:21:23 AM   UID       PID    %usr %system  %guest   %wait    %CPU   CPU  Command
10:21:24 AM  1000     17346    9.00    5.00    0.00    0.00   14.00     0  listener
10:21:24 AM  1000     17348    4.00    9.00    0.00    0.00   13.00    13  listener
10:21:24 AM  1000     17350    4.00   11.00    0.00    0.00   15.00    13  listener
10:21:24 AM  1000     17352    0.00   17.00    0.00    0.00   17.00    10  listener
10:21:24 AM  1000     17354    0.00   19.00    0.00    0.00   19.00    10  listener
10:21:24 AM  1000     17356    0.00   17.00    0.00    0.00   17.00     9  listener
10:21:24 AM  1000     17358    0.00   13.00    0.00    0.00   13.00     1  listener
10:21:24 AM  1000     17360    0.00    0.00    0.00    0.00    0.00    13  listener

10:21:24 AM   UID       PID    %usr %system  %guest   %wait    %CPU   CPU  Command
10:21:25 AM  1000     17346   10.00    4.00    0.00    0.00   14.00     0  listener
10:21:25 AM  1000     17348    5.00    9.00    0.00    0.00   14.00    13  listener
10:21:25 AM  1000     17350    5.00   10.00    0.00    0.00   15.00     2  listener
10:21:25 AM  1000     17352    0.00   17.00    0.00    0.00   17.00     8  listener
10:21:25 AM  1000     17354    0.00   19.00    0.00    0.00   19.00    10  listener
10:21:25 AM  1000     17356    0.00   17.00    0.00    0.00   17.00     9  listener
10:21:25 AM  1000     17358    0.00   13.00    0.00    0.00   13.00     1  listener
10:21:25 AM  1000     17360    0.00    0.00    0.00    0.00    0.00    13  listener

10:21:25 AM   UID       PID    %usr %system  %guest   %wait    %CPU   CPU  Command
10:21:26 AM  1000     17346    9.00    4.00    0.00    0.00   13.00    10  listener
10:21:26 AM  1000     17348    5.00    9.00    0.00    0.00   14.00     9  listener
10:21:26 AM  1000     17350    4.00   11.00    0.00    0.00   15.00    12  listener
10:21:26 AM  1000     17352    0.00   17.00    0.00    0.00   17.00     8  listener
10:21:26 AM  1000     17354    0.00   18.00    0.00    0.00   18.00     9  listener
10:21:26 AM  1000     17356    0.00   16.00    0.00    0.00   16.00     9  listener
10:21:26 AM  1000     17358    0.00   12.00    0.00    0.00   12.00    19  listener
10:21:26 AM  1000     17360    0.00    0.00    0.00    0.00    0.00    13  listener

10:21:26 AM   UID       PID    %usr %system  %guest   %wait    %CPU   CPU  Command
10:21:27 AM  1000     17346   11.00    2.00    0.00    0.00   13.00     3  listener
10:21:27 AM  1000     17348    4.00    9.00    0.00    0.00   13.00     9  listener
10:21:27 AM  1000     17350    5.00   11.00    0.00    0.00   16.00    19  listener
10:21:27 AM  1000     17352    0.00   17.00    0.00    0.00   17.00    17  listener
10:21:27 AM  1000     17354    0.00   19.00    0.00    0.00   19.00     9  listener
10:21:27 AM  1000     17356    0.00   16.00    0.00    0.00   16.00     9  listener
10:21:27 AM  1000     17358    0.00   12.00    0.00    0.00   12.00    19  listener
10:21:27 AM  1000     17360    0.00    0.00    0.00    0.00    0.00    13  listener

10:21:27 AM   UID       PID    %usr %system  %guest   %wait    %CPU   CPU  Command
10:21:28 AM  1000     17346   10.00    3.00    0.00    0.00   13.00    16  listener
10:21:28 AM  1000     17348    4.00    9.00    0.00    0.00   13.00    14  listener
10:21:28 AM  1000     17350    3.00   11.00    0.00    0.00   14.00    12  listener
10:21:28 AM  1000     17352    0.00   17.00    0.00    0.00   17.00    10  listener
10:21:28 AM  1000     17354    0.00   19.00    0.00    0.00   19.00     5  listener
10:21:28 AM  1000     17356    0.00   17.00    0.00    0.00   17.00     9  listener
10:21:28 AM  1000     17358    0.00   13.00    0.00    0.00   13.00     0  listener
10:21:28 AM  1000     17360    0.00    0.00    0.00    0.00    0.00    13  listener

10:21:28 AM   UID       PID    %usr %system  %guest   %wait    %CPU   CPU  Command
10:21:29 AM  1000     17346   10.00    4.00    0.00    0.00   14.00    16  listener
10:21:29 AM  1000     17348    5.00    9.00    0.00    0.00   14.00     3  listener
10:21:29 AM  1000     17350    5.00   10.00    0.00    0.00   15.00    14  listener
10:21:29 AM  1000     17352    0.00   18.00    0.00    0.00   18.00    13  listener
10:21:29 AM  1000     17354    0.00   18.00    0.00    0.00   18.00     5  listener
10:21:29 AM  1000     17356    0.00   16.00    0.00    0.00   16.00     9  listener
10:21:29 AM  1000     17358    0.00   12.00    0.00    0.00   12.00     8  listener
10:21:29 AM  1000     17360    0.00    0.00    0.00    0.00    0.00    13  listener

10:21:29 AM   UID       PID    %usr %system  %guest   %wait    %CPU   CPU  Command
10:21:30 AM  1000     17346    8.00    6.00    0.00    0.00   14.00     3  listener
10:21:30 AM  1000     17348    4.00    9.00    0.00    0.00   13.00     3  listener
10:21:30 AM  1000     17350    5.00   10.00    0.00    0.00   15.00    14  listener
10:21:30 AM  1000     17352    0.00   17.00    0.00    0.00   17.00    10  listener
10:21:30 AM  1000     17354    0.00   19.00    0.00    0.00   19.00     5  listener
10:21:30 AM  1000     17356    0.00   17.00    0.00    0.00   17.00     0  listener
10:21:30 AM  1000     17358    0.00   13.00    0.00    0.00   13.00    12  listener
10:21:30 AM  1000     17360    0.00    0.00    0.00    0.00    0.00    13  listener

10:21:30 AM   UID       PID    %usr %system  %guest   %wait    %CPU   CPU  Command
10:21:31 AM  1000     17346    8.00    6.00    0.00    0.00   14.00     3  listener
10:21:31 AM  1000     17348    6.00    8.00    0.00    0.00   14.00     8  listener
10:21:31 AM  1000     17350    7.00    8.00    0.00    0.00   15.00    16  listener
10:21:31 AM  1000     17352    0.00   17.00    0.00    0.00   17.00    12  listener
10:21:31 AM  1000     17354    0.00   19.00    0.00    0.00   19.00     3  listener
10:21:31 AM  1000     17356    0.00   16.00    0.00    0.00   16.00    14  listener
10:21:31 AM  1000     17358    0.00   12.00    0.00    0.00   12.00    13  listener
10:21:31 AM  1000     17360    0.00    0.00    0.00    0.00    0.00    13  listener

10:21:31 AM   UID       PID    %usr %system  %guest   %wait    %CPU   CPU  Command
10:21:32 AM  1000     17346   10.00    4.00    0.00    0.00   14.00    19  listener
10:21:32 AM  1000     17348    4.00   10.00    0.00    0.00   14.00    15  listener
10:21:32 AM  1000     17350    6.00    9.00    0.00    0.00   15.00    16  listener
10:21:32 AM  1000     17352    0.00   17.00    0.00    0.00   17.00    11  listener
10:21:32 AM  1000     17354    0.00   19.00    0.00    0.00   19.00     3  listener
10:21:32 AM  1000     17356    0.00   16.00    0.00    0.00   16.00    14  listener
10:21:32 AM  1000     17358    0.00   13.00    0.00    0.00   13.00     2  listener
10:21:32 AM  1000     17360    0.00    0.00    0.00    0.00    0.00    13  listener

10:21:32 AM   UID       PID    %usr %system  %guest   %wait    %CPU   CPU  Command
10:21:33 AM  1000     17346   11.00    2.00    0.00    0.00   13.00    19  listener
10:21:33 AM  1000     17348    5.00    8.00    0.00    0.00   13.00     8  listener
10:21:33 AM  1000     17350    3.00   12.00    0.00    0.00   15.00    13  listener
10:21:33 AM  1000     17352    0.00   17.00    0.00    0.00   17.00    11  listener
10:21:33 AM  1000     17354    0.00   18.00    0.00    0.00   18.00     3  listener
10:21:33 AM  1000     17356    0.00   16.00    0.00    0.00   16.00     4  listener
10:21:33 AM  1000     17358    0.00   12.00    0.00    0.00   12.00     1  listener
10:21:33 AM  1000     17360    0.00    0.00    0.00    0.00    0.00     0  listener

10:21:33 AM   UID       PID    %usr %system  %guest   %wait    %CPU   CPU  Command
10:21:34 AM  1000     17346    6.00    7.00    0.00    0.00   13.00    11  listener
10:21:34 AM  1000     17348    3.00   11.00    0.00    0.00   14.00    16  listener
10:21:34 AM  1000     17350    5.00   10.00    0.00    0.00   15.00     6  listener
10:21:34 AM  1000     17352    0.00   17.00    0.00    0.00   17.00    11  listener
10:21:34 AM  1000     17354    0.00   19.00    0.00    0.00   19.00    11  listener
10:21:34 AM  1000     17356    0.00   17.00    0.00    0.00   17.00     4  listener
10:21:34 AM  1000     17358    0.00   13.00    0.00    0.00   13.00     2  listener
10:21:34 AM  1000     17360    0.00    0.00    0.00    0.00    0.00    13  listener

10:21:34 AM   UID       PID    %usr %system  %guest   %wait    %CPU   CPU  Command
10:21:35 AM  1000     17346    7.00    7.00    0.00    0.00   14.00    11  listener
10:21:35 AM  1000     17348    6.00    8.00    0.00    0.00   14.00     5  listener
10:21:35 AM  1000     17350    5.00   10.00    0.00    0.00   15.00    18  listener
10:21:35 AM  1000     17352    0.00   18.00    0.00    0.00   18.00     3  listener
10:21:35 AM  1000     17354    0.00   19.00    0.00    0.00   19.00    11  listener
10:21:35 AM  1000     17356    0.00   16.00    0.00    0.00   16.00     4  listener
10:21:35 AM  1000     17358    0.00   13.00    0.00    0.00   13.00     1  listener
10:21:35 AM  1000     17360    0.00    0.00    0.00    0.00    0.00    13  listener

10:21:35 AM   UID       PID    %usr %system  %guest   %wait    %CPU   CPU  Command
10:21:36 AM  1000     17346   10.00    4.00    0.00    0.00   14.00    11  listener
10:21:36 AM  1000     17348    2.00   12.00    0.00    0.00   14.00     5  listener
10:21:36 AM  1000     17350    4.00   11.00    0.00    0.00   15.00     5  listener
10:21:36 AM  1000     17352    0.00   17.00    0.00    0.00   17.00     3  listener
10:21:36 AM  1000     17354    0.00   18.00    0.00    0.00   18.00     5  listener
10:21:36 AM  1000     17356    0.00   17.00    0.00    0.00   17.00     1  listener
10:21:36 AM  1000     17358    0.00   12.00    0.00    0.00   12.00     1  listener
10:21:36 AM  1000     17360    0.00    0.00    0.00    0.00    0.00    13  listener

10:21:36 AM   UID       PID    %usr %system  %guest   %wait    %CPU   CPU  Command
10:21:37 AM  1000     17346    8.00    5.00    0.00    0.00   13.00    12  listener
10:21:37 AM  1000     17348    2.00   12.00    0.00    0.00   14.00     5  listener
10:21:37 AM  1000     17350    8.00    7.00    0.00    0.00   15.00     5  listener
10:21:37 AM  1000     17352    0.00   17.00    0.00    0.00   17.00     3  listener
10:21:37 AM  1000     17354    0.00   19.00    0.00    0.00   19.00     5  listener
10:21:37 AM  1000     17356    0.00   16.00    0.00    0.00   16.00     1  listener
10:21:37 AM  1000     17358    0.00   13.00    0.00    0.00   13.00     1  listener
10:21:37 AM  1000     17360    0.00    0.00    0.00    0.00    0.00    14  listener

10:21:37 AM   UID       PID    %usr %system  %guest   %wait    %CPU   CPU  Command
10:21:38 AM  1000     17346   10.00    3.00    0.00    0.00   13.00    13  listener
10:21:38 AM  1000     17348    1.00   12.00    0.00    0.00   13.00     5  listener
10:21:38 AM  1000     17350    5.00   10.00    0.00    0.00   15.00    14  listener
10:21:38 AM  1000     17352    0.00   17.00    0.00    0.00   17.00    11  listener
10:21:38 AM  1000     17354    0.00   18.00    0.00    0.00   18.00     5  listener
10:21:38 AM  1000     17356    0.00   16.00    0.00    0.00   16.00     4  listener
10:21:38 AM  1000     17358    0.00   12.00    0.00    0.00   12.00    12  listener
10:21:38 AM  1000     17360    0.00    0.00    0.00    0.00    0.00    14  listener

10:21:38 AM   UID       PID    %usr %system  %guest   %wait    %CPU   CPU  Command
10:21:39 AM  1000     17346    9.00    5.00    0.00    0.00   14.00     0  listener
10:21:39 AM  1000     17348    5.00    9.00    0.00    0.00   14.00    10  listener
10:21:39 AM  1000     17350    6.00    9.00    0.00    0.00   15.00     0  listener
10:21:39 AM  1000     17352    0.00   18.00    0.00    0.00   18.00     4  listener
10:21:39 AM  1000     17354    0.00   19.00    0.00    0.00   19.00     5  listener
10:21:39 AM  1000     17356    0.00   17.00    0.00    0.00   17.00    13  listener
10:21:39 AM  1000     17358    0.00   13.00    0.00    0.00   13.00     1  listener
10:21:39 AM  1000     17360    0.00    0.00    0.00    0.00    0.00    14  listener

10:21:39 AM   UID       PID    %usr %system  %guest   %wait    %CPU   CPU  Command
10:21:40 AM  1000     17346   10.00    4.00    0.00    0.00   14.00    11  listener
10:21:40 AM  1000     17348    4.00    9.00    0.00    0.00   13.00    10  listener
10:21:40 AM  1000     17350    2.00   12.00    0.00    0.00   14.00    19  listener
10:21:40 AM  1000     17352    0.00   17.00    0.00    0.00   17.00    11  listener
10:21:40 AM  1000     17354    0.00   19.00    0.00    0.00   19.00     5  listener
10:21:40 AM  1000     17356    0.00   16.00    0.00    0.00   16.00     6  listener
10:21:40 AM  1000     17358    0.00   13.00    0.00    0.00   13.00    12  listener
10:21:40 AM  1000     17360    0.00    0.00    0.00    0.00    0.00    14  listener

10:21:40 AM   UID       PID    %usr %system  %guest   %wait    %CPU   CPU  Command
10:21:41 AM  1000     17346    8.00    5.00    0.00    0.00   13.00     0  listener
10:21:41 AM  1000     17348    5.00    9.00    0.00    0.00   14.00    10  listener
10:21:41 AM  1000     17350    1.00   15.00    0.00    0.00   16.00    19  listener
10:21:41 AM  1000     17352    0.00   17.00    0.00    0.00   17.00     4  listener
10:21:41 AM  1000     17354    0.00   19.00    0.00    0.00   19.00     5  listener
10:21:41 AM  1000     17356    0.00   17.00    0.00    0.00   17.00     5  listener
10:21:41 AM  1000     17358    0.00   12.00    0.00    0.00   12.00    13  listener
10:21:41 AM  1000     17360    0.00    0.00    0.00    0.00    0.00     1  listener

10:21:41 AM   UID       PID    %usr %system  %guest   %wait    %CPU   CPU  Command
10:21:42 AM  1000     17346    9.00    5.00    0.00    0.00   14.00    11  listener
10:21:42 AM  1000     17348    3.00   11.00    0.00    0.00   14.00    12  listener
10:21:42 AM  1000     17350    1.00   15.00    0.00    0.00   16.00    14  listener
10:21:42 AM  1000     17352    0.00   18.00    0.00    0.00   18.00     4  listener
10:21:42 AM  1000     17354    0.00   18.00    0.00    0.00   18.00     6  listener
10:21:42 AM  1000     17356    0.00   16.00    0.00    0.00   16.00    15  listener
10:21:42 AM  1000     17358    0.00   13.00    0.00    0.00   13.00    13  listener
10:21:42 AM  1000     17360    0.00    0.00    0.00    0.00    0.00     1  listener

10:21:42 AM   UID       PID    %usr %system  %guest   %wait    %CPU   CPU  Command
10:21:43 AM  1000     17346   10.00    3.00    0.00    0.00   13.00    11  listener
10:21:43 AM  1000     17348    4.00    9.00    0.00    0.00   13.00    13  listener
10:21:43 AM  1000     17350    0.00   14.00    0.00    0.00   14.00    14  listener
10:21:43 AM  1000     17352    0.00   16.00    0.00    0.00   16.00    19  listener
10:21:43 AM  1000     17354    0.00   19.00    0.00    0.00   19.00     6  listener
10:21:43 AM  1000     17356    0.00   16.00    0.00    0.00   16.00     5  listener
10:21:43 AM  1000     17358    0.00   12.00    0.00    0.00   12.00    13  listener
10:21:43 AM  1000     17360    0.00    0.00    0.00    0.00    0.00    18  listener

Average:      UID       PID    %usr %system  %guest   %wait    %CPU   CPU  Command
Average:     1000     17346    9.18    4.35    0.00    0.00   13.53     -  listener
Average:     1000     17348    4.22    9.42    0.00    0.00   13.63     -  listener
Average:     1000     17350    4.02   11.03    0.00    0.00   15.05     -  listener
Average:     1000     17352    4.92   12.22    0.00    0.00   17.13     -  listener
Average:     1000     17354    3.08   15.50    0.00    0.00   18.58     -  listener
Average:     1000     17356    4.08   12.42    0.00    0.00   16.50     -  listener
Average:     1000     17358    3.93    8.47    0.00    0.00   12.40     -  listener
Average:     1000     17360    0.00    0.00    0.00    0.00    0.00     -  listener
