Linux 6.5.0-44-generic (npc2408016) 	06/20/2025 	_x86_64_	(22 CPU)

09:12:38 AM   UID       PID    %usr %system  %guest   %wait    %CPU   CPU  Command
09:12:39 AM  1000     55741   20.00   38.00    0.00    0.00   58.00     5  listener
09:12:39 AM  1000     55743    0.00    0.00    0.00    0.00    0.00     6  listener

09:12:39 AM   UID       PID    %usr %system  %guest   %wait    %CPU   CPU  Command
09:12:40 AM  1000     55741   17.00   42.00    0.00    0.00   59.00     6  listener
09:12:40 AM  1000     55743    0.00    0.00    0.00    0.00    0.00     6  listener

09:12:40 AM   UID       PID    %usr %system  %guest   %wait    %CPU   CPU  Command
09:12:41 AM  1000     55741   25.00   35.00    0.00    0.00   60.00     7  listener
09:12:41 AM  1000     55743    0.00    0.00    0.00    0.00    0.00     6  listener

09:12:41 AM   UID       PID    %usr %system  %guest   %wait    %CPU   CPU  Command
09:12:42 AM  1000     55741   20.00   41.00    0.00    0.00   61.00     8  listener
09:12:42 AM  1000     55743    0.00    0.00    0.00    0.00    0.00     6  listener

09:12:42 AM   UID       PID    %usr %system  %guest   %wait    %CPU   CPU  Command
09:12:43 AM  1000     55741   19.00   39.00    0.00    0.00   58.00    10  listener
09:12:43 AM  1000     55743    0.00    0.00    0.00    0.00    0.00     6  listener

09:12:43 AM   UID       PID    %usr %system  %guest   %wait    %CPU   CPU  Command
09:12:44 AM  1000     55741   18.00   40.00    0.00    0.00   58.00    10  listener
09:12:44 AM  1000     55743    0.00    0.00    0.00    0.00    0.00     6  listener

09:12:44 AM   UID       PID    %usr %system  %guest   %wait    %CPU   CPU  Command
09:12:45 AM  1000     55741   18.00   42.00    0.00    0.00   60.00     2  listener
09:12:45 AM  1000     55743    0.00    0.00    0.00    0.00    0.00     6  listener

09:12:45 AM   UID       PID    %usr %system  %guest   %wait    %CPU   CPU  Command
09:12:46 AM  1000     55741   19.00   40.00    0.00    0.00   59.00     2  listener
09:12:46 AM  1000     55743    0.00    0.00    0.00    0.00    0.00     6  listener

09:12:46 AM   UID       PID    %usr %system  %guest   %wait    %CPU   CPU  Command
09:12:47 AM  1000     55741   21.00   37.00    0.00    0.00   58.00     2  listener
09:12:47 AM  1000     55743    0.00    0.00    0.00    0.00    0.00     6  listener

09:12:47 AM   UID       PID    %usr %system  %guest   %wait    %CPU   CPU  Command
09:12:48 AM  1000     55741   18.00   42.00    0.00    0.00   60.00     2  listener
09:12:48 AM  1000     55743    0.00    0.00    0.00    0.00    0.00     6  listener

09:12:48 AM   UID       PID    %usr %system  %guest   %wait    %CPU   CPU  Command
09:12:49 AM  1000     55741   17.00   41.00    0.00    0.00   58.00     5  listener
09:12:49 AM  1000     55743    0.00    0.00    0.00    0.00    0.00     6  listener

09:12:49 AM   UID       PID    %usr %system  %guest   %wait    %CPU   CPU  Command
09:12:50 AM  1000     55741   19.00   39.00    0.00    0.00   58.00     2  listener
09:12:50 AM  1000     55743    0.00    0.00    0.00    0.00    0.00     6  listener

09:12:50 AM   UID       PID    %usr %system  %guest   %wait    %CPU   CPU  Command
09:12:51 AM  1000     55741   18.00   40.00    0.00    0.00   58.00     2  listener
09:12:51 AM  1000     55743    0.00    0.00    0.00    0.00    0.00     6  listener

09:12:51 AM   UID       PID    %usr %system  %guest   %wait    %CPU   CPU  Command
09:12:52 AM  1000     55741   21.00   38.00    0.00    0.00   59.00     2  listener
09:12:52 AM  1000     55743    0.00    0.00    0.00    0.00    0.00     6  listener

09:12:52 AM   UID       PID    %usr %system  %guest   %wait    %CPU   CPU  Command
09:12:53 AM  1000     55741   16.00   44.00    0.00    0.00   60.00     2  listener
09:12:53 AM  1000     55743    0.00    0.00    0.00    0.00    0.00     6  listener

09:12:53 AM   UID       PID    %usr %system  %guest   %wait    %CPU   CPU  Command
09:12:54 AM  1000     55741   17.00   41.00    0.00    0.00   58.00     2  listener
09:12:54 AM  1000     55743    0.00    0.00    0.00    0.00    0.00     6  listener

09:12:54 AM   UID       PID    %usr %system  %guest   %wait    %CPU   CPU  Command
09:12:55 AM  1000     55741   14.00   45.00    0.00    0.00   59.00     3  listener
09:12:55 AM  1000     55743    0.00    0.00    0.00    0.00    0.00     6  listener

09:12:55 AM   UID       PID    %usr %system  %guest   %wait    %CPU   CPU  Command
09:12:56 AM  1000     55741   19.00   40.00    0.00    0.00   59.00     1  listener
09:12:56 AM  1000     55743    0.00    0.00    0.00    0.00    0.00     6  listener

09:12:56 AM   UID       PID    %usr %system  %guest   %wait    %CPU   CPU  Command
09:12:57 AM  1000     55741   17.00   46.00    0.00    0.00   63.00     1  listener
09:12:57 AM  1000     55743    0.00    0.00    0.00    0.00    0.00     6  listener

09:12:57 AM   UID       PID    %usr %system  %guest   %wait    %CPU   CPU  Command
09:12:58 AM  1000     55741   19.00   43.00    0.00    0.00   62.00     5  listener
09:12:58 AM  1000     55743    0.00    0.00    0.00    0.00    0.00     6  listener

09:12:58 AM   UID       PID    %usr %system  %guest   %wait    %CPU   CPU  Command
09:12:59 AM  1000     55741   19.00   42.00    0.00    0.00   61.00     3  listener
09:12:59 AM  1000     55743    0.00    0.00    0.00    0.00    0.00    10  listener

09:12:59 AM   UID       PID    %usr %system  %guest   %wait    %CPU   CPU  Command
09:13:00 AM  1000     55741   20.00   41.00    0.00    0.00   61.00     3  listener
09:13:00 AM  1000     55743    0.00    0.00    0.00    0.00    0.00    10  listener

09:13:00 AM   UID       PID    %usr %system  %guest   %wait    %CPU   CPU  Command
09:13:01 AM  1000     55741   15.00   42.00    0.00    0.00   57.00     0  listener
09:13:01 AM  1000     55743    0.00    0.00    0.00    0.00    0.00    10  listener

09:13:01 AM   UID       PID    %usr %system  %guest   %wait    %CPU   CPU  Command
09:13:02 AM  1000     55741   19.00   42.00    0.00    0.00   61.00     3  listener
09:13:02 AM  1000     55743    0.00    0.00    0.00    0.00    0.00    10  listener

09:13:02 AM   UID       PID    %usr %system  %guest   %wait    %CPU   CPU  Command
09:13:03 AM  1000     55741   20.00   41.00    0.00    0.00   61.00     3  listener
09:13:03 AM  1000     55743    0.00    0.00    0.00    0.00    0.00    10  listener

09:13:03 AM   UID       PID    %usr %system  %guest   %wait    %CPU   CPU  Command
09:13:04 AM  1000     55741   19.00   39.00    0.00    0.00   58.00     6  listener
09:13:04 AM  1000     55743    0.00    0.00    0.00    0.00    0.00    10  listener

09:13:04 AM   UID       PID    %usr %system  %guest   %wait    %CPU   CPU  Command
09:13:05 AM  1000     55741   16.00   43.00    0.00    0.00   59.00     6  listener
09:13:05 AM  1000     55743    0.00    0.00    0.00    0.00    0.00    10  listener

09:13:05 AM   UID       PID    %usr %system  %guest   %wait    %CPU   CPU  Command
09:13:06 AM  1000     55741   12.00   47.00    0.00    0.00   59.00     0  listener
09:13:06 AM  1000     55743    0.00    0.00    0.00    0.00    0.00    10  listener

09:13:06 AM   UID       PID    %usr %system  %guest   %wait    %CPU   CPU  Command
09:13:07 AM  1000     55741   21.00   43.00    0.00    0.00   64.00     3  listener
09:13:07 AM  1000     55743    0.00    0.00    0.00    0.00    0.00    10  listener

09:13:07 AM   UID       PID    %usr %system  %guest   %wait    %CPU   CPU  Command
09:13:08 AM  1000     55741   15.00   44.00    0.00    0.00   59.00    10  listener
09:13:08 AM  1000     55743    0.00    0.00    0.00    0.00    0.00    10  listener

09:13:08 AM   UID       PID    %usr %system  %guest   %wait    %CPU   CPU  Command
09:13:09 AM  1000     55741   17.00   44.00    0.00    0.00   61.00    10  listener
09:13:09 AM  1000     55743    0.00    0.00    0.00    0.00    0.00    10  listener

09:13:09 AM   UID       PID    %usr %system  %guest   %wait    %CPU   CPU  Command
09:13:10 AM  1000     55741   11.00   48.00    0.00    0.00   59.00    12  listener
09:13:10 AM  1000     55743    0.00    0.00    0.00    0.00    0.00    10  listener

09:13:10 AM   UID       PID    %usr %system  %guest   %wait    %CPU   CPU  Command
09:13:11 AM  1000     55741   14.00   46.00    0.00    0.00   60.00     1  listener
09:13:11 AM  1000     55743    0.00    0.00    0.00    0.00    0.00    10  listener

09:13:11 AM   UID       PID    %usr %system  %guest   %wait    %CPU   CPU  Command
09:13:12 AM  1000     55741   16.00   47.00    0.00    0.00   63.00     2  listener
09:13:12 AM  1000     55743    0.00    0.00    0.00    0.00    0.00    10  listener

09:13:12 AM   UID       PID    %usr %system  %guest   %wait    %CPU   CPU  Command
09:13:13 AM  1000     55741   13.00   47.00    0.00    0.00   60.00     3  listener
09:13:13 AM  1000     55743    0.00    0.00    0.00    0.00    0.00    10  listener

09:13:13 AM   UID       PID    %usr %system  %guest   %wait    %CPU   CPU  Command
09:13:14 AM  1000     55741   16.00   45.00    0.00    0.00   61.00     1  listener
09:13:14 AM  1000     55743    0.00    0.00    0.00    0.00    0.00    10  listener

09:13:14 AM   UID       PID    %usr %system  %guest   %wait    %CPU   CPU  Command
09:13:15 AM  1000     55741   14.00   49.00    0.00    0.00   63.00     3  listener
09:13:15 AM  1000     55743    0.00    0.00    0.00    0.00    0.00    10  listener

09:13:15 AM   UID       PID    %usr %system  %guest   %wait    %CPU   CPU  Command
09:13:16 AM  1000     55741   13.00   49.00    0.00    0.00   62.00     3  listener
09:13:16 AM  1000     55743    0.00    0.00    0.00    0.00    0.00    10  listener

09:13:16 AM   UID       PID    %usr %system  %guest   %wait    %CPU   CPU  Command
09:13:17 AM  1000     55741   14.00   47.00    0.00    0.00   61.00     3  listener
09:13:17 AM  1000     55743    0.00    0.00    0.00    0.00    0.00    10  listener

09:13:17 AM   UID       PID    %usr %system  %guest   %wait    %CPU   CPU  Command
09:13:18 AM  1000     55741   13.00   46.00    0.00    0.00   59.00    10  listener
09:13:18 AM  1000     55743    0.00    0.00    0.00    0.00    0.00    10  listener

09:13:18 AM   UID       PID    %usr %system  %guest   %wait    %CPU   CPU  Command
09:13:19 AM  1000     55741   18.00   44.00    0.00    0.00   62.00     1  listener
09:13:19 AM  1000     55743    0.00    0.00    0.00    0.00    0.00    10  listener

09:13:19 AM   UID       PID    %usr %system  %guest   %wait    %CPU   CPU  Command
09:13:20 AM  1000     55741   16.00   45.00    0.00    0.00   61.00     5  listener
09:13:20 AM  1000     55743    0.00    0.00    0.00    0.00    0.00    10  listener

09:13:20 AM   UID       PID    %usr %system  %guest   %wait    %CPU   CPU  Command
09:13:21 AM  1000     55741   18.00   41.00    0.00    0.00   59.00     0  listener
09:13:21 AM  1000     55743    0.00    0.00    0.00    0.00    0.00    10  listener

09:13:21 AM   UID       PID    %usr %system  %guest   %wait    %CPU   CPU  Command
09:13:22 AM  1000     55741   15.00   44.00    0.00    0.00   59.00     3  listener
09:13:22 AM  1000     55743    0.00    0.00    0.00    0.00    0.00    10  listener

09:13:22 AM   UID       PID    %usr %system  %guest   %wait    %CPU   CPU  Command
09:13:23 AM  1000     55741   16.00   45.00    0.00    0.00   61.00     6  listener
09:13:23 AM  1000     55743    0.00    0.00    0.00    0.00    0.00    10  listener

09:13:23 AM   UID       PID    %usr %system  %guest   %wait    %CPU   CPU  Command
09:13:24 AM  1000     55741   12.00   47.00    0.00    0.00   59.00     3  listener
09:13:24 AM  1000     55743    0.00    0.00    0.00    0.00    0.00    10  listener

09:13:24 AM   UID       PID    %usr %system  %guest   %wait    %CPU   CPU  Command
09:13:25 AM  1000     55741    8.00   52.00    0.00    0.00   60.00     1  listener
09:13:25 AM  1000     55743    0.00    0.00    0.00    0.00    0.00    10  listener

09:13:25 AM   UID       PID    %usr %system  %guest   %wait    %CPU   CPU  Command
09:13:26 AM  1000     55741   11.00   46.00    0.00    0.00   57.00     1  listener
09:13:26 AM  1000     55743    0.00    0.00    0.00    0.00    0.00    10  listener

09:13:26 AM   UID       PID    %usr %system  %guest   %wait    %CPU   CPU  Command
09:13:27 AM  1000     55741    6.00   51.00    0.00    0.00   57.00     3  listener
09:13:27 AM  1000     55743    0.00    0.00    0.00    0.00    0.00    10  listener

09:13:27 AM   UID       PID    %usr %system  %guest   %wait    %CPU   CPU  Command
09:13:28 AM  1000     55741    9.00   53.00    0.00    0.00   62.00     0  listener
09:13:28 AM  1000     55743    0.00    0.00    0.00    0.00    0.00    10  listener

09:13:28 AM   UID       PID    %usr %system  %guest   %wait    %CPU   CPU  Command
09:13:29 AM  1000     55741    6.00   54.00    0.00    0.00   60.00    10  listener
09:13:29 AM  1000     55743    0.00    0.00    0.00    0.00    0.00    10  listener

09:13:29 AM   UID       PID    %usr %system  %guest   %wait    %CPU   CPU  Command
09:13:30 AM  1000     55741    7.00   52.00    0.00    0.00   59.00    10  listener
09:13:30 AM  1000     55743    0.00    0.00    0.00    0.00    0.00    10  listener

09:13:30 AM   UID       PID    %usr %system  %guest   %wait    %CPU   CPU  Command
09:13:31 AM  1000     55741    7.00   51.00    0.00    0.00   58.00     3  listener
09:13:31 AM  1000     55743    0.00    0.00    0.00    0.00    0.00    10  listener

09:13:31 AM   UID       PID    %usr %system  %guest   %wait    %CPU   CPU  Command
09:13:32 AM  1000     55741   13.00   48.00    0.00    0.00   61.00     5  listener
09:13:32 AM  1000     55743    0.00    0.00    0.00    0.00    0.00    10  listener

09:13:32 AM   UID       PID    %usr %system  %guest   %wait    %CPU   CPU  Command
09:13:33 AM  1000     55741   12.00   47.00    0.00    0.00   59.00     6  listener
09:13:33 AM  1000     55743    0.00    0.00    0.00    0.00    0.00    10  listener

09:13:33 AM   UID       PID    %usr %system  %guest   %wait    %CPU   CPU  Command
09:13:34 AM  1000     55741   17.00   42.00    0.00    0.00   59.00     1  listener
09:13:34 AM  1000     55743    0.00    0.00    0.00    0.00    0.00    10  listener

09:13:34 AM   UID       PID    %usr %system  %guest   %wait    %CPU   CPU  Command
09:13:35 AM  1000     55741   20.00   40.00    0.00    0.00   60.00     3  listener
09:13:35 AM  1000     55743    0.00    0.00    0.00    0.00    0.00    10  listener

09:13:35 AM   UID       PID    %usr %system  %guest   %wait    %CPU   CPU  Command
09:13:36 AM  1000     55741   17.00   40.00    0.00    0.00   57.00     1  listener
09:13:36 AM  1000     55743    0.00    0.00    0.00    0.00    0.00    10  listener

09:13:36 AM   UID       PID    %usr %system  %guest   %wait    %CPU   CPU  Command
09:13:37 AM  1000     55741   18.00   41.00    0.00    0.00   59.00    10  listener
09:13:37 AM  1000     55743    0.00    0.00    0.00    0.00    0.00    10  listener

09:13:37 AM   UID       PID    %usr %system  %guest   %wait    %CPU   CPU  Command
09:13:38 AM  1000     55741   19.00   38.00    0.00    0.00   57.00     3  listener
09:13:38 AM  1000     55743    0.00    0.00    0.00    0.00    0.00    10  listener

Average:      UID       PID    %usr %system  %guest   %wait    %CPU   CPU  Command
Average:     1000     55741   15.90   43.77    0.00    0.00   59.67     -  listener
Average:     1000     55743    0.00    0.00    0.00    0.00    0.00     -  listener
