Linux 6.5.0-44-generic (npc2408016) 	06/17/2025 	_x86_64_	(22 CPU)

10:00:16 AM   UID       PID    %usr %system  %guest   %wait    %CPU   CPU  Command
10:00:17 AM  1000     13891    4.00    1.00    0.00    0.00    5.00     4  talker
10:00:17 AM  1000     13893    4.00    2.00    0.00    0.00    6.00     6  talker
10:00:17 AM  1000     13895    4.00    2.00    0.00    0.00    6.00     3  talker

10:00:17 AM   UID       PID    %usr %system  %guest   %wait    %CPU   CPU  Command
10:00:18 AM  1000     13891    5.00    0.00    0.00    0.00    5.00     9  talker
10:00:18 AM  1000     13893    4.00    1.00    0.00    0.00    5.00     8  talker
10:00:18 AM  1000     13895    1.00    4.00    0.00    0.00    5.00     8  talker

10:00:18 AM   UID       PID    %usr %system  %guest   %wait    %CPU   CPU  Command
10:00:19 AM  1000     13891    3.00    3.00    0.00    0.00    6.00     0  talker
10:00:19 AM  1000     13893    3.00    2.00    0.00    0.00    5.00     9  talker
10:00:19 AM  1000     13895    1.00    4.00    0.00    0.00    5.00    16  talker

10:00:19 AM   UID       PID    %usr %system  %guest   %wait    %CPU   CPU  Command
10:00:20 AM  1000     13891    5.00    0.00    0.00    0.00    5.00    18  talker
10:00:20 AM  1000     13893    3.00    3.00    0.00    0.00    6.00    19  talker
10:00:20 AM  1000     13895    2.00    4.00    0.00    0.00    6.00     6  talker

10:00:20 AM   UID       PID    %usr %system  %guest   %wait    %CPU   CPU  Command
10:00:21 AM  1000     13891    5.00    0.00    0.00    0.00    5.00    18  talker
10:00:21 AM  1000     13893    3.00    2.00    0.00    0.00    5.00     2  talker
10:00:21 AM  1000     13895    1.00    4.00    0.00    0.00    5.00     5  talker

10:00:21 AM   UID       PID    %usr %system  %guest   %wait    %CPU   CPU  Command
10:00:22 AM  1000     13891    5.00    0.00    0.00    0.00    5.00     9  talker
10:00:22 AM  1000     13893    3.00    3.00    0.00    0.00    6.00     2  talker
10:00:22 AM  1000     13895    3.00    3.00    0.00    0.00    6.00    15  talker

10:00:22 AM   UID       PID    %usr %system  %guest   %wait    %CPU   CPU  Command
10:00:23 AM  1000     13891    6.00    0.00    0.00    0.00    6.00    15  talker
10:00:23 AM  1000     13893    3.00    2.00    0.00    0.00    5.00     2  talker
10:00:23 AM  1000     13895    2.00    2.00    0.00    0.00    4.00    11  talker

10:00:23 AM   UID       PID    %usr %system  %guest   %wait    %CPU   CPU  Command
10:00:24 AM  1000     13891    5.00    0.00    0.00    0.00    5.00    12  talker
10:00:24 AM  1000     13893    1.00    5.00    0.00    0.00    6.00     2  talker
10:00:24 AM  1000     13895    1.00    5.00    0.00    0.00    6.00    18  talker

10:00:24 AM   UID       PID    %usr %system  %guest   %wait    %CPU   CPU  Command
10:00:25 AM  1000     13891    5.00    0.00    0.00    0.00    5.00     4  talker
10:00:25 AM  1000     13893    2.00    3.00    0.00    0.00    5.00    16  talker
10:00:25 AM  1000     13895    2.00    3.00    0.00    0.00    5.00     4  talker

10:00:25 AM   UID       PID    %usr %system  %guest   %wait    %CPU   CPU  Command
10:00:26 AM  1000     13891    5.00    0.00    0.00    0.00    5.00    15  talker
10:00:26 AM  1000     13893    3.00    3.00    0.00    0.00    6.00    17  talker
10:00:26 AM  1000     13895    5.00    1.00    0.00    0.00    6.00     8  talker

10:00:26 AM   UID       PID    %usr %system  %guest   %wait    %CPU   CPU  Command
10:00:27 AM  1000     13891    5.00    0.00    0.00    0.00    5.00     9  talker
10:00:27 AM  1000     13893    2.00    3.00    0.00    0.00    5.00    17  talker
10:00:27 AM  1000     13895    2.00    2.00    0.00    0.00    4.00     1  talker

10:00:27 AM   UID       PID    %usr %system  %guest   %wait    %CPU   CPU  Command
10:00:28 AM  1000     13891    6.00    0.00    0.00    0.00    6.00     5  talker
10:00:28 AM  1000     13893    1.00    4.00    0.00    0.00    5.00     5  talker
10:00:28 AM  1000     13895    3.00    3.00    0.00    0.00    6.00     1  talker

10:00:28 AM   UID       PID    %usr %system  %guest   %wait    %CPU   CPU  Command
10:00:29 AM  1000     13891    5.00    0.00    0.00    0.00    5.00     4  talker
10:00:29 AM  1000     13893    2.00    4.00    0.00    0.00    6.00     2  talker
10:00:29 AM  1000     13895    0.00    5.00    0.00    0.00    5.00    18  talker

10:00:29 AM   UID       PID    %usr %system  %guest   %wait    %CPU   CPU  Command
10:00:30 AM  1000     13891    5.00    0.00    0.00    0.00    5.00     8  talker
10:00:30 AM  1000     13893    5.00    0.00    0.00    0.00    5.00    11  talker
10:00:30 AM  1000     13895    1.00    4.00    0.00    0.00    5.00     5  talker

10:00:30 AM   UID       PID    %usr %system  %guest   %wait    %CPU   CPU  Command
10:00:31 AM  1000     13891    5.00    0.00    0.00    0.00    5.00    17  talker
10:00:31 AM  1000     13893    3.00    3.00    0.00    0.00    6.00    17  talker
10:00:31 AM  1000     13895    1.00    4.00    0.00    0.00    5.00     1  talker

10:00:31 AM   UID       PID    %usr %system  %guest   %wait    %CPU   CPU  Command
10:00:32 AM  1000     13891    5.00    0.00    0.00    0.00    5.00    16  talker
10:00:32 AM  1000     13893    3.00    2.00    0.00    0.00    5.00    11  talker
10:00:32 AM  1000     13895    2.00    4.00    0.00    0.00    6.00    13  talker

10:00:32 AM   UID       PID    %usr %system  %guest   %wait    %CPU   CPU  Command
10:00:33 AM  1000     13891    6.00    0.00    0.00    0.00    6.00     5  talker
10:00:33 AM  1000     13893    3.00    3.00    0.00    0.00    6.00     8  talker
10:00:33 AM  1000     13895    3.00    3.00    0.00    0.00    6.00     3  talker

10:00:33 AM   UID       PID    %usr %system  %guest   %wait    %CPU   CPU  Command
10:00:34 AM  1000     13891    5.00    0.00    0.00    0.00    5.00    16  talker
10:00:34 AM  1000     13893    3.00    2.00    0.00    0.00    5.00    12  talker
10:00:34 AM  1000     13895    0.00    4.00    0.00    0.00    4.00    19  talker

10:00:34 AM   UID       PID    %usr %system  %guest   %wait    %CPU   CPU  Command
10:00:35 AM  1000     13891    5.00    0.00    0.00    0.00    5.00     8  talker
10:00:35 AM  1000     13893    3.00    3.00    0.00    0.00    6.00    14  talker
10:00:35 AM  1000     13895    1.00    5.00    0.00    0.00    6.00    11  talker

10:00:35 AM   UID       PID    %usr %system  %guest   %wait    %CPU   CPU  Command
10:00:36 AM  1000     13891    5.00    0.00    0.00    0.00    5.00    12  talker
10:00:36 AM  1000     13893    3.00    2.00    0.00    0.00    5.00    16  talker
10:00:36 AM  1000     13895    2.00    3.00    0.00    0.00    5.00    13  talker

10:00:36 AM   UID       PID    %usr %system  %guest   %wait    %CPU   CPU  Command
10:00:37 AM  1000     13891    6.00    0.00    0.00    0.00    6.00    10  talker
10:00:37 AM  1000     13893    2.00    3.00    0.00    0.00    5.00    10  talker
10:00:37 AM  1000     13895    3.00    2.00    0.00    0.00    5.00     6  talker

10:00:37 AM   UID       PID    %usr %system  %guest   %wait    %CPU   CPU  Command
10:00:38 AM  1000     13891    5.00    0.00    0.00    0.00    5.00    18  talker
10:00:38 AM  1000     13893    3.00    3.00    0.00    0.00    6.00    13  talker
10:00:38 AM  1000     13895    3.00    4.00    0.00    0.00    7.00     8  talker

10:00:38 AM   UID       PID    %usr %system  %guest   %wait    %CPU   CPU  Command
10:00:39 AM  1000     13891    5.00    0.00    0.00    0.00    5.00     6  talker
10:00:39 AM  1000     13893    2.00    2.00    0.00    0.00    4.00    13  talker
10:00:39 AM  1000     13895    0.00    4.00    0.00    0.00    4.00    11  talker

10:00:39 AM   UID       PID    %usr %system  %guest   %wait    %CPU   CPU  Command
10:00:40 AM  1000     13891    6.00    0.00    0.00    0.00    6.00     5  talker
10:00:40 AM  1000     13893    3.00    3.00    0.00    0.00    6.00    13  talker
10:00:40 AM  1000     13895    0.00    5.00    0.00    0.00    5.00     4  talker

10:00:40 AM   UID       PID    %usr %system  %guest   %wait    %CPU   CPU  Command
10:00:41 AM  1000     13891    5.00    0.00    0.00    0.00    5.00    17  talker
10:00:41 AM  1000     13893    3.00    2.00    0.00    0.00    5.00     9  talker
10:00:41 AM  1000     13895    2.00    4.00    0.00    0.00    6.00     6  talker

10:00:41 AM   UID       PID    %usr %system  %guest   %wait    %CPU   CPU  Command
10:00:42 AM  1000     13891    5.00    0.00    0.00    0.00    5.00     8  talker
10:00:42 AM  1000     13893    4.00    2.00    0.00    0.00    6.00     6  talker
10:00:42 AM  1000     13895    0.00    5.00    0.00    0.00    5.00    16  talker

10:00:42 AM   UID       PID    %usr %system  %guest   %wait    %CPU   CPU  Command
10:00:43 AM  1000     13891    5.00    0.00    0.00    0.00    5.00    18  talker
10:00:43 AM  1000     13893    3.00    3.00    0.00    0.00    6.00     1  talker
10:00:43 AM  1000     13895    0.00    5.00    0.00    0.00    5.00     8  talker

10:00:43 AM   UID       PID    %usr %system  %guest   %wait    %CPU   CPU  Command
10:00:44 AM  1000     13891    6.00    0.00    0.00    0.00    6.00    16  talker
10:00:44 AM  1000     13893    3.00    2.00    0.00    0.00    5.00     4  talker
10:00:44 AM  1000     13895    3.00    3.00    0.00    0.00    6.00     0  talker

10:00:44 AM   UID       PID    %usr %system  %guest   %wait    %CPU   CPU  Command
10:00:45 AM  1000     13891    5.00    0.00    0.00    0.00    5.00     0  talker
10:00:45 AM  1000     13893    3.00    2.00    0.00    0.00    5.00     7  talker
10:00:45 AM  1000     13895    2.00    3.00    0.00    0.00    5.00     2  talker

10:00:45 AM   UID       PID    %usr %system  %guest   %wait    %CPU   CPU  Command
10:00:46 AM  1000     13891    5.00    0.00    0.00    0.00    5.00     8  talker
10:00:46 AM  1000     13893    3.00    2.00    0.00    0.00    5.00    17  talker
10:00:46 AM  1000     13895    4.00    2.00    0.00    0.00    6.00     0  talker

10:00:46 AM   UID       PID    %usr %system  %guest   %wait    %CPU   CPU  Command
10:00:47 AM  1000     13891    5.00    0.00    0.00    0.00    5.00    15  talker
10:00:47 AM  1000     13893    4.00    2.00    0.00    0.00    6.00    19  talker
10:00:47 AM  1000     13895    0.00    5.00    0.00    0.00    5.00    13  talker

10:00:47 AM   UID       PID    %usr %system  %guest   %wait    %CPU   CPU  Command
10:00:48 AM  1000     13891    6.00    0.00    0.00    0.00    6.00    12  talker
10:00:48 AM  1000     13893    3.00    3.00    0.00    0.00    6.00    12  talker
10:00:48 AM  1000     13895    0.00    5.00    0.00    0.00    5.00    15  talker

10:00:48 AM   UID       PID    %usr %system  %guest   %wait    %CPU   CPU  Command
10:00:49 AM  1000     13891    5.00    0.00    0.00    0.00    5.00    19  talker
10:00:49 AM  1000     13893    3.00    2.00    0.00    0.00    5.00     5  talker
10:00:49 AM  1000     13895    1.00    5.00    0.00    0.00    6.00     6  talker

10:00:49 AM   UID       PID    %usr %system  %guest   %wait    %CPU   CPU  Command
10:00:50 AM  1000     13891    5.00    0.00    0.00    0.00    5.00    16  talker
10:00:50 AM  1000     13893    3.00    2.00    0.00    0.00    5.00     8  talker
10:00:50 AM  1000     13895    4.00    1.00    0.00    0.00    5.00     2  talker

10:00:50 AM   UID       PID    %usr %system  %guest   %wait    %CPU   CPU  Command
10:00:51 AM  1000     13891    5.00    0.00    0.00    0.00    5.00    14  talker
10:00:51 AM  1000     13893    3.00    2.00    0.00    0.00    5.00     4  talker
10:00:51 AM  1000     13895    2.00    3.00    0.00    0.00    5.00     7  talker

10:00:51 AM   UID       PID    %usr %system  %guest   %wait    %CPU   CPU  Command
10:00:52 AM  1000     13891    6.00    0.00    0.00    0.00    6.00    15  talker
10:00:52 AM  1000     13893    2.00    4.00    0.00    0.00    6.00     4  talker
10:00:52 AM  1000     13895    2.00    4.00    0.00    0.00    6.00     8  talker

10:00:52 AM   UID       PID    %usr %system  %guest   %wait    %CPU   CPU  Command
10:00:53 AM  1000     13891    5.00    0.00    0.00    0.00    5.00    13  talker
10:00:53 AM  1000     13893    3.00    3.00    0.00    0.00    6.00    14  talker
10:00:53 AM  1000     13895    0.00    4.00    0.00    0.00    4.00     0  talker

10:00:53 AM   UID       PID    %usr %system  %guest   %wait    %CPU   CPU  Command
10:00:54 AM  1000     13891    5.00    0.00    0.00    0.00    5.00     3  talker
10:00:54 AM  1000     13893    2.00    3.00    0.00    0.00    5.00    14  talker
10:00:54 AM  1000     13895    3.00    3.00    0.00    0.00    6.00     1  talker

10:00:54 AM   UID       PID    %usr %system  %guest   %wait    %CPU   CPU  Command
10:00:55 AM  1000     13891    5.00    0.00    0.00    0.00    5.00     1  talker
10:00:55 AM  1000     13893    3.00    2.00    0.00    0.00    5.00     9  talker
10:00:55 AM  1000     13895    2.00    3.00    0.00    0.00    5.00     6  talker

10:00:55 AM   UID       PID    %usr %system  %guest   %wait    %CPU   CPU  Command
10:00:56 AM  1000     13891    6.00    0.00    0.00    0.00    6.00     6  talker
10:00:56 AM  1000     13893    3.00    3.00    0.00    0.00    6.00    12  talker
10:00:56 AM  1000     13895    0.00    5.00    0.00    0.00    5.00     6  talker

10:00:56 AM   UID       PID    %usr %system  %guest   %wait    %CPU   CPU  Command
10:00:57 AM  1000     13891    3.00    2.00    0.00    0.00    5.00    17  talker
10:00:57 AM  1000     13893    4.00    1.00    0.00    1.00    5.00    12  talker
10:00:57 AM  1000     13895    4.00    2.00    0.00    0.00    6.00     8  talker

10:00:57 AM   UID       PID    %usr %system  %guest   %wait    %CPU   CPU  Command
10:00:58 AM  1000     13891    0.00    5.00    0.00    0.00    5.00    15  talker
10:00:58 AM  1000     13893    5.00    1.00    0.00    0.00    6.00    12  talker
10:00:58 AM  1000     13895    2.00    3.00    0.00    0.00    5.00    11  talker

10:00:58 AM   UID       PID    %usr %system  %guest   %wait    %CPU   CPU  Command
10:00:59 AM  1000     13891    0.00    5.00    0.00    0.00    5.00     7  talker
10:00:59 AM  1000     13893    5.00    0.00    0.00    0.00    5.00     9  talker
10:00:59 AM  1000     13895    0.00    5.00    0.00    0.00    5.00    11  talker

10:00:59 AM   UID       PID    %usr %system  %guest   %wait    %CPU   CPU  Command
10:01:00 AM  1000     13891    0.00    6.00    0.00    0.00    6.00     2  talker
10:01:00 AM  1000     13893    4.00    1.00    0.00    0.00    5.00    16  talker
10:01:00 AM  1000     13895    1.00    5.00    0.00    0.00    6.00    12  talker

10:01:00 AM   UID       PID    %usr %system  %guest   %wait    %CPU   CPU  Command
10:01:01 AM  1000     13891    0.00    5.00    0.00    0.00    5.00     8  talker
10:01:01 AM  1000     13893    4.00    2.00    0.00    0.00    6.00     4  talker
10:01:01 AM  1000     13895    2.00    3.00    0.00    0.00    5.00    10  talker

10:01:01 AM   UID       PID    %usr %system  %guest   %wait    %CPU   CPU  Command
10:01:02 AM  1000     13891    0.00    5.00    0.00    0.00    5.00    13  talker
10:01:02 AM  1000     13893    1.00    3.00    0.00    0.00    4.00     5  talker
10:01:02 AM  1000     13895    2.00    3.00    0.00    0.00    5.00    10  talker

10:01:02 AM   UID       PID    %usr %system  %guest   %wait    %CPU   CPU  Command
10:01:03 AM  1000     13891    2.00    4.00    0.00    0.00    6.00     1  talker
10:01:03 AM  1000     13893    2.00    4.00    0.00    0.00    6.00    19  talker
10:01:03 AM  1000     13895    0.00    5.00    0.00    0.00    5.00    14  talker

10:01:03 AM   UID       PID    %usr %system  %guest   %wait    %CPU   CPU  Command
10:01:04 AM  1000     13891    3.00    2.00    0.00    0.00    5.00    15  talker
10:01:04 AM  1000     13893    3.00    3.00    0.00    0.00    6.00     3  talker
10:01:04 AM  1000     13895    1.00    5.00    0.00    0.00    6.00     0  talker

10:01:04 AM   UID       PID    %usr %system  %guest   %wait    %CPU   CPU  Command
10:01:05 AM  1000     13891    5.00    0.00    0.00    0.00    5.00    19  talker
10:01:05 AM  1000     13893    2.00    3.00    0.00    0.00    5.00    14  talker
10:01:05 AM  1000     13895    2.00    3.00    0.00    0.00    5.00     4  talker

10:01:05 AM   UID       PID    %usr %system  %guest   %wait    %CPU   CPU  Command
10:01:06 AM  1000     13891    5.00    0.00    0.00    0.00    5.00    16  talker
10:01:06 AM  1000     13893    2.00    4.00    0.00    0.00    6.00    15  talker
10:01:06 AM  1000     13895    0.00    5.00    0.00    0.00    5.00    16  talker

10:01:06 AM   UID       PID    %usr %system  %guest   %wait    %CPU   CPU  Command
10:01:07 AM  1000     13891    4.00    1.00    0.00    0.00    5.00     1  talker
10:01:07 AM  1000     13893    2.00    3.00    0.00    0.00    5.00    17  talker
10:01:07 AM  1000     13895    4.00    1.00    0.00    0.00    5.00    14  talker

10:01:07 AM   UID       PID    %usr %system  %guest   %wait    %CPU   CPU  Command
10:01:08 AM  1000     13891    5.00    0.00    0.00    0.00    5.00    16  talker
10:01:08 AM  1000     13893    4.00    1.00    0.00    0.00    5.00     9  talker
10:01:08 AM  1000     13895    1.00    4.00    0.00    0.00    5.00     5  talker

10:01:08 AM   UID       PID    %usr %system  %guest   %wait    %CPU   CPU  Command
10:01:09 AM  1000     13891    5.00    1.00    0.00    0.00    6.00    16  talker
10:01:09 AM  1000     13893    4.00    1.00    0.00    0.00    5.00     9  talker
10:01:09 AM  1000     13895    3.00    3.00    0.00    0.00    6.00     1  talker

10:01:09 AM   UID       PID    %usr %system  %guest   %wait    %CPU   CPU  Command
10:01:10 AM  1000     13891    3.00    2.00    0.00    0.00    5.00    15  talker
10:01:10 AM  1000     13893    3.00    2.00    0.00    0.00    5.00    17  talker
10:01:10 AM  1000     13895    0.00    5.00    0.00    0.00    5.00    11  talker

10:01:10 AM   UID       PID    %usr %system  %guest   %wait    %CPU   CPU  Command
10:01:11 AM  1000     13891    4.00    1.00    0.00    0.00    5.00    13  talker
10:01:11 AM  1000     13893    3.00    3.00    0.00    0.00    6.00    13  talker
10:01:11 AM  1000     13895    0.00    5.00    0.00    0.00    5.00    16  talker

10:01:11 AM   UID       PID    %usr %system  %guest   %wait    %CPU   CPU  Command
10:01:12 AM  1000     13891    3.00    2.00    0.00    0.00    5.00    19  talker
10:01:12 AM  1000     13893    3.00    2.00    0.00    0.00    5.00    13  talker
10:01:12 AM  1000     13895    3.00    3.00    0.00    0.00    6.00     7  talker

10:01:12 AM   UID       PID    %usr %system  %guest   %wait    %CPU   CPU  Command
10:01:13 AM  1000     13891    3.00    3.00    0.00    0.00    6.00    12  talker
10:01:13 AM  1000     13893    3.00    2.00    0.00    0.00    5.00    17  talker
10:01:13 AM  1000     13895    0.00    4.00    0.00    0.00    4.00     5  talker

10:01:13 AM   UID       PID    %usr %system  %guest   %wait    %CPU   CPU  Command
10:01:14 AM  1000     13891    3.00    3.00    0.00    0.00    6.00    12  talker
10:01:14 AM  1000     13893    4.00    1.00    0.00    0.00    5.00     7  talker
10:01:14 AM  1000     13895    1.00    5.00    0.00    0.00    6.00    10  talker

10:01:14 AM   UID       PID    %usr %system  %guest   %wait    %CPU   CPU  Command
10:01:15 AM  1000     13891    3.00    2.00    0.00    0.00    5.00     4  talker
10:01:15 AM  1000     13893    3.00    2.00    0.00    0.00    5.00     5  talker
10:01:15 AM  1000     13895    4.00    1.00    0.00    0.00    5.00    16  talker

10:01:15 AM   UID       PID    %usr %system  %guest   %wait    %CPU   CPU  Command
10:01:16 AM  1000     13891    4.00    1.00    0.00    0.00    5.00     5  talker
10:01:16 AM  1000     13893    4.00    2.00    0.00    0.00    6.00     7  talker
10:01:16 AM  1000     13895    4.00    1.00    0.00    0.00    5.00    16  talker

Average:      UID       PID    %usr %system  %guest   %wait    %CPU   CPU  Command
Average:     1000     13891    4.35    0.90    0.00    0.00    5.25     -  talker
Average:     1000     13893    3.00    2.38    0.00    0.02    5.38     -  talker
Average:     1000     13895    1.70    3.58    0.00    0.00    5.28     -  talker
