Linux 6.5.0-44-generic (npc2408016) 	06/20/2025 	_x86_64_	(22 CPU)

09:04:46 AM   UID       PID    %usr %system  %guest   %wait    %CPU   CPU  Command
09:04:47 AM  1000     54688   14.00   50.00    0.00    0.00   64.00     1  listener
09:04:47 AM  1000     54690    0.00    0.00    0.00    0.00    0.00     8  listener

09:04:47 AM   UID       PID    %usr %system  %guest   %wait    %CPU   CPU  Command
09:04:48 AM  1000     54688   16.00   51.00    0.00    0.00   67.00     1  listener
09:04:48 AM  1000     54690    0.00    0.00    0.00    0.00    0.00     8  listener

09:04:48 AM   UID       PID    %usr %system  %guest   %wait    %CPU   CPU  Command
09:04:49 AM  1000     54688   23.00   43.00    0.00    0.00   66.00     3  listener
09:04:49 AM  1000     54690    0.00    0.00    0.00    0.00    0.00     8  listener

09:04:49 AM   UID       PID    %usr %system  %guest   %wait    %CPU   CPU  Command
09:04:50 AM  1000     54688   20.00   47.00    0.00    0.00   67.00     1  listener
09:04:50 AM  1000     54690    0.00    0.00    0.00    0.00    0.00     8  listener

09:04:50 AM   UID       PID    %usr %system  %guest   %wait    %CPU   CPU  Command
09:04:51 AM  1000     54688   18.00   48.00    0.00    0.00   66.00    18  listener
09:04:51 AM  1000     54690    0.00    0.00    0.00    0.00    0.00     8  listener

09:04:51 AM   UID       PID    %usr %system  %guest   %wait    %CPU   CPU  Command
09:04:52 AM  1000     54688   24.00   43.00    0.00    0.00   67.00    12  listener
09:04:52 AM  1000     54690    0.00    0.00    0.00    0.00    0.00     8  listener

09:04:52 AM   UID       PID    %usr %system  %guest   %wait    %CPU   CPU  Command
09:04:53 AM  1000     54688   20.00   47.00    0.00    0.00   67.00     1  listener
09:04:53 AM  1000     54690    0.00    0.00    0.00    0.00    0.00     8  listener

09:04:53 AM   UID       PID    %usr %system  %guest   %wait    %CPU   CPU  Command
09:04:54 AM  1000     54688   16.00   49.00    0.00    0.00   65.00     5  listener
09:04:54 AM  1000     54690    0.00    0.00    0.00    0.00    0.00     8  listener

09:04:54 AM   UID       PID    %usr %system  %guest   %wait    %CPU   CPU  Command
09:04:55 AM  1000     54688   19.00   48.00    0.00    0.00   67.00     6  listener
09:04:55 AM  1000     54690    0.00    0.00    0.00    0.00    0.00     8  listener

09:04:55 AM   UID       PID    %usr %system  %guest   %wait    %CPU   CPU  Command
09:04:56 AM  1000     54688   17.00   48.00    0.00    0.00   65.00     6  listener
09:04:56 AM  1000     54690    0.00    0.00    0.00    0.00    0.00     8  listener

09:04:56 AM   UID       PID    %usr %system  %guest   %wait    %CPU   CPU  Command
09:04:57 AM  1000     54688   20.00   46.00    0.00    0.00   66.00     9  listener
09:04:57 AM  1000     54690    0.00    0.00    0.00    0.00    0.00     8  listener

09:04:57 AM   UID       PID    %usr %system  %guest   %wait    %CPU   CPU  Command
09:04:58 AM  1000     54688   17.00   49.00    0.00    0.00   66.00     0  listener
09:04:58 AM  1000     54690    0.00    0.00    0.00    0.00    0.00     8  listener

09:04:58 AM   UID       PID    %usr %system  %guest   %wait    %CPU   CPU  Command
09:04:59 AM  1000     54688   13.00   52.00    0.00    0.00   65.00    14  listener
09:04:59 AM  1000     54690    0.00    0.00    0.00    0.00    0.00     8  listener

09:04:59 AM   UID       PID    %usr %system  %guest   %wait    %CPU   CPU  Command
09:05:00 AM  1000     54688   13.00   54.00    0.00    0.00   67.00    10  listener
09:05:00 AM  1000     54690    0.00    0.00    0.00    0.00    0.00     8  listener

09:05:00 AM   UID       PID    %usr %system  %guest   %wait    %CPU   CPU  Command
09:05:01 AM  1000     54688   15.00   51.00    0.00    0.00   66.00     4  listener
09:05:01 AM  1000     54690    0.00    0.00    0.00    0.00    0.00     8  listener

09:05:01 AM   UID       PID    %usr %system  %guest   %wait    %CPU   CPU  Command
09:05:02 AM  1000     54688   17.00   49.00    0.00    0.00   66.00     1  listener
09:05:02 AM  1000     54690    0.00    0.00    0.00    0.00    0.00     8  listener

09:05:02 AM   UID       PID    %usr %system  %guest   %wait    %CPU   CPU  Command
09:05:03 AM  1000     54688   15.00   52.00    0.00    0.00   67.00     3  listener
09:05:03 AM  1000     54690    0.00    0.00    0.00    0.00    0.00     8  listener

09:05:03 AM   UID       PID    %usr %system  %guest   %wait    %CPU   CPU  Command
09:05:04 AM  1000     54688   12.00   54.00    0.00    0.00   66.00     1  listener
09:05:04 AM  1000     54690    0.00    0.00    0.00    0.00    0.00     8  listener

09:05:04 AM   UID       PID    %usr %system  %guest   %wait    %CPU   CPU  Command
09:05:05 AM  1000     54688   15.00   52.00    0.00    0.00   67.00    15  listener
09:05:05 AM  1000     54690    0.00    0.00    0.00    0.00    0.00     8  listener

09:05:05 AM   UID       PID    %usr %system  %guest   %wait    %CPU   CPU  Command
09:05:06 AM  1000     54688   16.00   51.00    0.00    0.00   67.00    10  listener
09:05:06 AM  1000     54690    0.00    0.00    0.00    0.00    0.00     8  listener

09:05:06 AM   UID       PID    %usr %system  %guest   %wait    %CPU   CPU  Command
09:05:07 AM  1000     54688   13.00   52.00    0.00    0.00   65.00     0  listener
09:05:07 AM  1000     54690    0.00    0.00    0.00    0.00    0.00     8  listener

09:05:07 AM   UID       PID    %usr %system  %guest   %wait    %CPU   CPU  Command
09:05:08 AM  1000     54688    7.00   61.00    0.00    0.00   68.00     3  listener
09:05:08 AM  1000     54690    0.00    0.00    0.00    0.00    0.00     8  listener

09:05:08 AM   UID       PID    %usr %system  %guest   %wait    %CPU   CPU  Command
09:05:09 AM  1000     54688   14.00   52.00    0.00    0.00   66.00    10  listener
09:05:09 AM  1000     54690    0.00    0.00    0.00    0.00    0.00     8  listener

09:05:09 AM   UID       PID    %usr %system  %guest   %wait    %CPU   CPU  Command
09:05:10 AM  1000     54688    9.00   58.00    0.00    0.00   67.00     4  listener
09:05:10 AM  1000     54690    0.00    0.00    0.00    0.00    0.00     8  listener

09:05:10 AM   UID       PID    %usr %system  %guest   %wait    %CPU   CPU  Command
09:05:11 AM  1000     54688   12.00   54.00    0.00    0.00   66.00     4  listener
09:05:11 AM  1000     54690    0.00    0.00    0.00    0.00    0.00     8  listener

09:05:11 AM   UID       PID    %usr %system  %guest   %wait    %CPU   CPU  Command
09:05:12 AM  1000     54688   19.00   46.00    0.00    0.00   65.00     1  listener
09:05:12 AM  1000     54690    0.00    0.00    0.00    0.00    0.00     8  listener

09:05:12 AM   UID       PID    %usr %system  %guest   %wait    %CPU   CPU  Command
09:05:13 AM  1000     54688   14.00   53.00    0.00    0.00   67.00     6  listener
09:05:13 AM  1000     54690    0.00    0.00    0.00    0.00    0.00     8  listener

09:05:13 AM   UID       PID    %usr %system  %guest   %wait    %CPU   CPU  Command
09:05:14 AM  1000     54688   10.00   56.00    0.00    0.00   66.00     2  listener
09:05:14 AM  1000     54690    0.00    0.00    0.00    0.00    0.00     8  listener

09:05:14 AM   UID       PID    %usr %system  %guest   %wait    %CPU   CPU  Command
09:05:15 AM  1000     54688   12.00   55.00    0.00    0.00   67.00     3  listener
09:05:15 AM  1000     54690    0.00    0.00    0.00    0.00    0.00     8  listener

09:05:15 AM   UID       PID    %usr %system  %guest   %wait    %CPU   CPU  Command
09:05:16 AM  1000     54688    1.00   65.00    0.00    0.00   66.00     1  listener
09:05:16 AM  1000     54690    0.00    0.00    0.00    0.00    0.00     8  listener

09:05:16 AM   UID       PID    %usr %system  %guest   %wait    %CPU   CPU  Command
09:05:17 AM  1000     54688   14.00   51.00    0.00    0.00   65.00     5  listener
09:05:17 AM  1000     54690    0.00    0.00    0.00    0.00    0.00     8  listener

09:05:17 AM   UID       PID    %usr %system  %guest   %wait    %CPU   CPU  Command
09:05:18 AM  1000     54688   11.00   54.00    0.00    0.00   65.00     8  listener
09:05:18 AM  1000     54690    0.00    0.00    0.00    0.00    0.00     8  listener

09:05:18 AM   UID       PID    %usr %system  %guest   %wait    %CPU   CPU  Command
09:05:19 AM  1000     54688   20.00   46.00    0.00    0.00   66.00     1  listener
09:05:19 AM  1000     54690    0.00    0.00    0.00    0.00    0.00     8  listener

09:05:19 AM   UID       PID    %usr %system  %guest   %wait    %CPU   CPU  Command
09:05:20 AM  1000     54688   18.00   49.00    0.00    0.00   67.00     8  listener
09:05:20 AM  1000     54690    0.00    0.00    0.00    0.00    0.00     8  listener

09:05:20 AM   UID       PID    %usr %system  %guest   %wait    %CPU   CPU  Command
09:05:21 AM  1000     54688   16.00   49.00    0.00    0.00   65.00     8  listener
09:05:21 AM  1000     54690    0.00    0.00    0.00    0.00    0.00     8  listener

09:05:21 AM   UID       PID    %usr %system  %guest   %wait    %CPU   CPU  Command
09:05:22 AM  1000     54688   18.00   49.00    0.00    0.00   67.00     6  listener
09:05:22 AM  1000     54690    0.00    0.00    0.00    0.00    0.00     8  listener

09:05:22 AM   UID       PID    %usr %system  %guest   %wait    %CPU   CPU  Command
09:05:23 AM  1000     54688   19.00   47.00    0.00    0.00   66.00     6  listener
09:05:23 AM  1000     54690    0.00    0.00    0.00    0.00    0.00     8  listener

09:05:23 AM   UID       PID    %usr %system  %guest   %wait    %CPU   CPU  Command
09:05:24 AM  1000     54688   20.00   45.00    0.00    0.00   65.00     0  listener
09:05:24 AM  1000     54690    0.00    0.00    0.00    0.00    0.00     8  listener

09:05:24 AM   UID       PID    %usr %system  %guest   %wait    %CPU   CPU  Command
09:05:25 AM  1000     54688   18.00   48.00    0.00    0.00   66.00     5  listener
09:05:25 AM  1000     54690    0.00    0.00    0.00    0.00    0.00     8  listener

09:05:25 AM   UID       PID    %usr %system  %guest   %wait    %CPU   CPU  Command
09:05:26 AM  1000     54688   16.00   50.00    0.00    0.00   66.00     6  listener
09:05:26 AM  1000     54690    0.00    0.00    0.00    0.00    0.00     8  listener

09:05:26 AM   UID       PID    %usr %system  %guest   %wait    %CPU   CPU  Command
09:05:27 AM  1000     54688   19.00   46.00    0.00    0.00   65.00     3  listener
09:05:27 AM  1000     54690    0.00    0.00    0.00    0.00    0.00     8  listener

09:05:27 AM   UID       PID    %usr %system  %guest   %wait    %CPU   CPU  Command
09:05:28 AM  1000     54688   19.00   48.00    0.00    0.00   67.00    10  listener
09:05:28 AM  1000     54690    0.00    0.00    0.00    0.00    0.00     8  listener

09:05:28 AM   UID       PID    %usr %system  %guest   %wait    %CPU   CPU  Command
09:05:29 AM  1000     54688   22.00   44.00    0.00    0.00   66.00     1  listener
09:05:29 AM  1000     54690    0.00    0.00    0.00    0.00    0.00     8  listener

09:05:29 AM   UID       PID    %usr %system  %guest   %wait    %CPU   CPU  Command
09:05:30 AM  1000     54688   18.00   47.00    0.00    0.00   65.00     6  listener
09:05:30 AM  1000     54690    0.00    0.00    0.00    0.00    0.00     8  listener

09:05:30 AM   UID       PID    %usr %system  %guest   %wait    %CPU   CPU  Command
09:05:31 AM  1000     54688   22.00   44.00    0.00    0.00   66.00     6  listener
09:05:31 AM  1000     54690    0.00    0.00    0.00    0.00    0.00     8  listener

09:05:31 AM   UID       PID    %usr %system  %guest   %wait    %CPU   CPU  Command
09:05:32 AM  1000     54688   22.00   43.00    0.00    0.00   65.00     2  listener
09:05:32 AM  1000     54690    0.00    0.00    0.00    0.00    0.00     8  listener

09:05:32 AM   UID       PID    %usr %system  %guest   %wait    %CPU   CPU  Command
09:05:33 AM  1000     54688   18.00   48.00    0.00    0.00   66.00     2  listener
09:05:33 AM  1000     54690    0.00    0.00    0.00    0.00    0.00     8  listener

09:05:33 AM   UID       PID    %usr %system  %guest   %wait    %CPU   CPU  Command
09:05:34 AM  1000     54688   19.00   49.00    0.00    0.00   68.00    13  listener
09:05:34 AM  1000     54690    0.00    0.00    0.00    0.00    0.00     8  listener

09:05:34 AM   UID       PID    %usr %system  %guest   %wait    %CPU   CPU  Command
09:05:35 AM  1000     54688   17.00   49.00    0.00    0.00   66.00     2  listener
09:05:35 AM  1000     54690    0.00    0.00    0.00    0.00    0.00     8  listener

09:05:35 AM   UID       PID    %usr %system  %guest   %wait    %CPU   CPU  Command
09:05:36 AM  1000     54688   20.00   45.00    0.00    0.00   65.00     3  listener
09:05:36 AM  1000     54690    0.00    0.00    0.00    0.00    0.00     8  listener

09:05:36 AM   UID       PID    %usr %system  %guest   %wait    %CPU   CPU  Command
09:05:37 AM  1000     54688   20.00   46.00    0.00    0.00   66.00     3  listener
09:05:37 AM  1000     54690    0.00    0.00    0.00    0.00    0.00    11  listener

09:05:37 AM   UID       PID    %usr %system  %guest   %wait    %CPU   CPU  Command
09:05:38 AM  1000     54688   17.00   48.00    0.00    0.00   65.00     5  listener
09:05:38 AM  1000     54690    0.00    0.00    0.00    0.00    0.00    11  listener

09:05:38 AM   UID       PID    %usr %system  %guest   %wait    %CPU   CPU  Command
09:05:39 AM  1000     54688   22.00   46.00    0.00    0.00   68.00     9  listener
09:05:39 AM  1000     54690    0.00    0.00    0.00    0.00    0.00    11  listener

09:05:39 AM   UID       PID    %usr %system  %guest   %wait    %CPU   CPU  Command
09:05:40 AM  1000     54688   18.00   48.00    0.00    0.00   66.00     3  listener
09:05:40 AM  1000     54690    0.00    0.00    0.00    0.00    0.00    11  listener

09:05:40 AM   UID       PID    %usr %system  %guest   %wait    %CPU   CPU  Command
09:05:41 AM  1000     54688   22.00   45.00    0.00    0.00   67.00     1  listener
09:05:41 AM  1000     54690    0.00    0.00    0.00    0.00    0.00    11  listener

09:05:41 AM   UID       PID    %usr %system  %guest   %wait    %CPU   CPU  Command
09:05:42 AM  1000     54688   19.00   46.00    0.00    0.00   65.00     3  listener
09:05:42 AM  1000     54690    0.00    0.00    0.00    0.00    0.00    11  listener

09:05:42 AM   UID       PID    %usr %system  %guest   %wait    %CPU   CPU  Command
09:05:43 AM  1000     54688   21.00   46.00    0.00    0.00   67.00    10  listener
09:05:43 AM  1000     54690    0.00    0.00    0.00    0.00    0.00    11  listener

09:05:43 AM   UID       PID    %usr %system  %guest   %wait    %CPU   CPU  Command
09:05:44 AM  1000     54688   17.00   48.00    0.00    0.00   65.00     1  listener
09:05:44 AM  1000     54690    0.00    0.00    0.00    0.00    0.00    11  listener

09:05:44 AM   UID       PID    %usr %system  %guest   %wait    %CPU   CPU  Command
09:05:45 AM  1000     54688   23.00   48.00    0.00    0.00   71.00    20  listener
09:05:45 AM  1000     54690    0.00    0.00    0.00    0.00    0.00    11  listener

09:05:45 AM   UID       PID    %usr %system  %guest   %wait    %CPU   CPU  Command
09:05:46 AM  1000     54688   24.00   42.00    0.00    0.00   66.00     3  listener
09:05:46 AM  1000     54690    0.00    0.00    0.00    0.00    0.00    11  listener

Average:      UID       PID    %usr %system  %guest   %wait    %CPU   CPU  Command
Average:     1000     54688   17.00   49.17    0.00    0.00   66.17     -  listener
Average:     1000     54690    0.00    0.00    0.00    0.00    0.00     -  listener
