Linux 6.5.0-44-generic (npc2408016) 	06/17/2025 	_x86_64_	(22 CPU)

10:18:01 AM   UID       PID    %usr %system  %guest   %wait    %CPU   CPU  Command
10:18:02 AM  1000     16821    6.00    0.00    0.00    0.00    6.00    11  talker
10:18:02 AM  1000     16823    4.00    2.00    0.00    0.00    6.00     3  talker
10:18:02 AM  1000     16825    4.00    3.00    0.00    0.00    7.00     1  talker
10:18:02 AM  1000     16827    1.00    6.00    0.00    0.00    7.00    15  talker
10:18:02 AM  1000     16829    1.00    4.00    0.00    0.00    5.00     2  talker
10:18:02 AM  1000     16831    2.00    4.00    0.00    0.00    6.00    10  talker

10:18:02 AM   UID       PID    %usr %system  %guest   %wait    %CPU   CPU  Command
10:18:03 AM  1000     16821    1.00    5.00    0.00    0.00    6.00     1  talker
10:18:03 AM  1000     16823    6.00    0.00    0.00    0.00    6.00     2  talker
10:18:03 AM  1000     16825    4.00    2.00    0.00    0.00    6.00    15  talker
10:18:03 AM  1000     16827    4.00    1.00    0.00    0.00    5.00     3  talker
10:18:03 AM  1000     16829    4.00    2.00    0.00    0.00    6.00     5  talker
10:18:03 AM  1000     16831    1.00    4.00    0.00    0.00    5.00     9  talker

10:18:03 AM   UID       PID    %usr %system  %guest   %wait    %CPU   CPU  Command
10:18:04 AM  1000     16821    3.00    2.00    0.00    0.00    5.00     1  talker
10:18:04 AM  1000     16823    6.00    0.00    0.00    1.00    6.00     2  talker
10:18:04 AM  1000     16825    2.00    3.00    0.00    0.00    5.00     1  talker
10:18:04 AM  1000     16827    0.00    6.00    0.00    0.00    6.00     8  talker
10:18:04 AM  1000     16829    1.00    4.00    0.00    0.00    5.00     7  talker
10:18:04 AM  1000     16831    3.00    3.00    0.00    0.00    6.00     6  talker

10:18:04 AM   UID       PID    %usr %system  %guest   %wait    %CPU   CPU  Command
10:18:05 AM  1000     16821    2.00    5.00    0.00    0.00    7.00     0  talker
10:18:05 AM  1000     16823    5.00    0.00    0.00    0.00    5.00     8  talker
10:18:05 AM  1000     16825    4.00    3.00    0.00    0.00    7.00    10  talker
10:18:05 AM  1000     16827    2.00    4.00    0.00    0.00    6.00     6  talker
10:18:05 AM  1000     16829    1.00    5.00    0.00    0.00    6.00     6  talker
10:18:05 AM  1000     16831    4.00    2.00    0.00    0.00    6.00     0  talker

10:18:05 AM   UID       PID    %usr %system  %guest   %wait    %CPU   CPU  Command
10:18:06 AM  1000     16821    3.00    2.00    0.00    0.00    5.00     0  talker
10:18:06 AM  1000     16823    6.00    0.00    0.00    0.00    6.00     8  talker
10:18:06 AM  1000     16825    3.00    2.00    0.00    0.00    5.00     2  talker
10:18:06 AM  1000     16827    5.00    1.00    0.00    0.00    6.00    10  talker
10:18:06 AM  1000     16829    5.00    1.00    0.00    0.00    6.00     6  talker
10:18:06 AM  1000     16831    2.00    3.00    0.00    0.00    5.00    13  talker

10:18:06 AM   UID       PID    %usr %system  %guest   %wait    %CPU   CPU  Command
10:18:07 AM  1000     16821    4.00    2.00    0.00    0.00    6.00     0  talker
10:18:07 AM  1000     16823    6.00    0.00    0.00    0.00    6.00    16  talker
10:18:07 AM  1000     16825    3.00    3.00    0.00    0.00    6.00     7  talker
10:18:07 AM  1000     16827    5.00    1.00    0.00    0.00    6.00     1  talker
10:18:07 AM  1000     16829    4.00    1.00    0.00    0.00    5.00     4  talker
10:18:07 AM  1000     16831    1.00    6.00    0.00    0.00    7.00     3  talker

10:18:07 AM   UID       PID    %usr %system  %guest   %wait    %CPU   CPU  Command
10:18:08 AM  1000     16821    0.00    6.00    0.00    0.00    6.00    16  talker
10:18:08 AM  1000     16823    6.00    0.00    0.00    0.00    6.00     1  talker
10:18:08 AM  1000     16825    4.00    2.00    0.00    0.00    6.00     4  talker
10:18:08 AM  1000     16827    1.00    5.00    0.00    0.00    6.00     0  talker
10:18:08 AM  1000     16829    5.00    2.00    0.00    0.00    7.00     6  talker
10:18:08 AM  1000     16831    2.00    3.00    0.00    0.00    5.00     5  talker

10:18:08 AM   UID       PID    %usr %system  %guest   %wait    %CPU   CPU  Command
10:18:09 AM  1000     16821    1.00    4.00    0.00    0.00    5.00     4  talker
10:18:09 AM  1000     16823    6.00    0.00    0.00    0.00    6.00     6  talker
10:18:09 AM  1000     16825    3.00    3.00    0.00    0.00    6.00    15  talker
10:18:09 AM  1000     16827    5.00    1.00    0.00    0.00    6.00     0  talker
10:18:09 AM  1000     16829    2.00    3.00    0.00    0.00    5.00    10  talker
10:18:09 AM  1000     16831    2.00    4.00    0.00    0.00    6.00     1  talker

10:18:09 AM   UID       PID    %usr %system  %guest   %wait    %CPU   CPU  Command
10:18:10 AM  1000     16821    2.00    4.00    0.00    0.00    6.00     4  talker
10:18:10 AM  1000     16823    6.00    0.00    0.00    0.00    6.00     9  talker
10:18:10 AM  1000     16825    4.00    2.00    0.00    0.00    6.00     5  talker
10:18:10 AM  1000     16827    0.00    6.00    0.00    0.00    6.00     3  talker
10:18:10 AM  1000     16829    3.00    3.00    0.00    0.00    6.00     2  talker
10:18:10 AM  1000     16831    2.00    3.00    0.00    0.00    5.00     9  talker

10:18:10 AM   UID       PID    %usr %system  %guest   %wait    %CPU   CPU  Command
10:18:11 AM  1000     16821    2.00    4.00    0.00    0.00    6.00     4  talker
10:18:11 AM  1000     16823    6.00    0.00    0.00    0.00    6.00     3  talker
10:18:11 AM  1000     16825    3.00    3.00    0.00    0.00    6.00     3  talker
10:18:11 AM  1000     16827    1.00    4.00    0.00    0.00    5.00     3  talker
10:18:11 AM  1000     16829    3.00    3.00    0.00    0.00    6.00     5  talker
10:18:11 AM  1000     16831    1.00    6.00    0.00    0.00    7.00     2  talker

10:18:11 AM   UID       PID    %usr %system  %guest   %wait    %CPU   CPU  Command
10:18:12 AM  1000     16821    1.00    5.00    0.00    0.00    6.00     0  talker
10:18:12 AM  1000     16823    5.00    0.00    0.00    0.00    5.00     2  talker
10:18:12 AM  1000     16825    3.00    2.00    0.00    0.00    5.00    12  talker
10:18:12 AM  1000     16827    5.00    2.00    0.00    0.00    7.00    11  talker
10:18:12 AM  1000     16829    2.00    3.00    0.00    0.00    5.00    10  talker
10:18:12 AM  1000     16831    1.00    5.00    0.00    0.00    6.00     1  talker

10:18:12 AM   UID       PID    %usr %system  %guest   %wait    %CPU   CPU  Command
10:18:13 AM  1000     16821    4.00    1.00    0.00    0.00    5.00     0  talker
10:18:13 AM  1000     16823    6.00    0.00    0.00    0.00    6.00     3  talker
10:18:13 AM  1000     16825    4.00    3.00    0.00    0.00    7.00     1  talker
10:18:13 AM  1000     16827    4.00    1.00    0.00    0.00    5.00     8  talker
10:18:13 AM  1000     16829    6.00    0.00    0.00    0.00    6.00    10  talker
10:18:13 AM  1000     16831    4.00    1.00    0.00    0.00    5.00     9  talker

10:18:13 AM   UID       PID    %usr %system  %guest   %wait    %CPU   CPU  Command
10:18:14 AM  1000     16821    3.00    3.00    0.00    0.00    6.00     4  talker
10:18:14 AM  1000     16823    6.00    0.00    0.00    0.00    6.00     5  talker
10:18:14 AM  1000     16825    3.00    3.00    0.00    0.00    6.00    13  talker
10:18:14 AM  1000     16827    3.00    3.00    0.00    0.00    6.00     5  talker
10:18:14 AM  1000     16829    5.00    1.00    0.00    0.00    6.00    10  talker
10:18:14 AM  1000     16831    5.00    1.00    0.00    0.00    6.00     7  talker

10:18:14 AM   UID       PID    %usr %system  %guest   %wait    %CPU   CPU  Command
10:18:15 AM  1000     16821    3.00    3.00    0.00    0.00    6.00    16  talker
10:18:15 AM  1000     16823    6.00    0.00    0.00    0.00    6.00     5  talker
10:18:15 AM  1000     16825    4.00    2.00    0.00    0.00    6.00    12  talker
10:18:15 AM  1000     16827    0.00    6.00    0.00    0.00    6.00    10  talker
10:18:15 AM  1000     16829    1.00    4.00    0.00    0.00    5.00    14  talker
10:18:15 AM  1000     16831    2.00    4.00    0.00    0.00    6.00    16  talker

10:18:15 AM   UID       PID    %usr %system  %guest   %wait    %CPU   CPU  Command
10:18:16 AM  1000     16821    2.00    4.00    0.00    0.00    6.00     3  talker
10:18:16 AM  1000     16823    6.00    0.00    0.00    0.00    6.00     1  talker
10:18:16 AM  1000     16825    3.00    2.00    0.00    0.00    5.00    11  talker
10:18:16 AM  1000     16827    1.00    5.00    0.00    0.00    6.00     9  talker
10:18:16 AM  1000     16829    2.00    3.00    0.00    0.00    5.00    13  talker
10:18:16 AM  1000     16831    0.00    6.00    0.00    0.00    6.00     2  talker

10:18:16 AM   UID       PID    %usr %system  %guest   %wait    %CPU   CPU  Command
10:18:17 AM  1000     16821    0.00    6.00    0.00    0.00    6.00    12  talker
10:18:17 AM  1000     16823    6.00    0.00    0.00    0.00    6.00     1  talker
10:18:17 AM  1000     16825    2.00    4.00    0.00    0.00    6.00     7  talker
10:18:17 AM  1000     16827    0.00    6.00    0.00    0.00    6.00     3  talker
10:18:17 AM  1000     16829    2.00    5.00    0.00    0.00    7.00     4  talker
10:18:17 AM  1000     16831    0.00    6.00    0.00    0.00    6.00     4  talker

10:18:17 AM   UID       PID    %usr %system  %guest   %wait    %CPU   CPU  Command
10:18:18 AM  1000     16821    1.00    4.00    0.00    0.00    5.00     5  talker
10:18:18 AM  1000     16823    6.00    0.00    0.00    0.00    6.00     3  talker
10:18:18 AM  1000     16825    4.00    3.00    0.00    0.00    7.00    15  talker
10:18:18 AM  1000     16827    3.00    3.00    0.00    0.00    6.00    14  talker
10:18:18 AM  1000     16829    1.00    4.00    0.00    0.00    5.00     1  talker
10:18:18 AM  1000     16831    2.00    3.00    0.00    0.00    5.00     5  talker

10:18:18 AM   UID       PID    %usr %system  %guest   %wait    %CPU   CPU  Command
10:18:19 AM  1000     16821    2.00    4.00    0.00    0.00    6.00     5  talker
10:18:19 AM  1000     16823    5.00    0.00    0.00    0.00    5.00    12  talker
10:18:19 AM  1000     16825    4.00    2.00    0.00    0.00    6.00    11  talker
10:18:19 AM  1000     16827    3.00    3.00    0.00    0.00    6.00     5  talker
10:18:19 AM  1000     16829    2.00    3.00    0.00    0.00    5.00     7  talker
10:18:19 AM  1000     16831    4.00    2.00    0.00    0.00    6.00     3  talker

10:18:19 AM   UID       PID    %usr %system  %guest   %wait    %CPU   CPU  Command
10:18:20 AM  1000     16821    3.00    3.00    0.00    0.00    6.00     5  talker
10:18:20 AM  1000     16823    6.00    0.00    0.00    0.00    6.00     8  talker
10:18:20 AM  1000     16825    3.00    3.00    0.00    0.00    6.00     4  talker
10:18:20 AM  1000     16827    3.00    3.00    0.00    0.00    6.00    11  talker
10:18:20 AM  1000     16829    0.00    6.00    0.00    0.00    6.00     7  talker
10:18:20 AM  1000     16831    3.00    3.00    0.00    0.00    6.00     6  talker

10:18:20 AM   UID       PID    %usr %system  %guest   %wait    %CPU   CPU  Command
10:18:21 AM  1000     16821    3.00    3.00    0.00    0.00    6.00    10  talker
10:18:21 AM  1000     16823    6.00    0.00    0.00    0.00    6.00    12  talker
10:18:21 AM  1000     16825    3.00    2.00    0.00    0.00    5.00    12  talker
10:18:21 AM  1000     16827    3.00    3.00    0.00    0.00    6.00     3  talker
10:18:21 AM  1000     16829    4.00    1.00    0.00    0.00    5.00     2  talker
10:18:21 AM  1000     16831    1.00    5.00    0.00    0.00    6.00    12  talker

10:18:21 AM   UID       PID    %usr %system  %guest   %wait    %CPU   CPU  Command
10:18:22 AM  1000     16821    5.00    0.00    0.00    0.00    5.00     6  talker
10:18:22 AM  1000     16823    6.00    0.00    0.00    0.00    6.00     6  talker
10:18:22 AM  1000     16825    3.00    3.00    0.00    0.00    6.00     1  talker
10:18:22 AM  1000     16827    0.00    5.00    0.00    0.00    5.00     4  talker
10:18:22 AM  1000     16829    3.00    3.00    0.00    0.00    6.00     6  talker
10:18:22 AM  1000     16831    3.00    3.00    0.00    0.00    6.00    13  talker

10:18:22 AM   UID       PID    %usr %system  %guest   %wait    %CPU   CPU  Command
10:18:23 AM  1000     16821    0.00    6.00    0.00    0.00    6.00     0  talker
10:18:23 AM  1000     16823    6.00    0.00    0.00    0.00    6.00    13  talker
10:18:23 AM  1000     16825    3.00    3.00    0.00    0.00    6.00     1  talker
10:18:23 AM  1000     16827    4.00    2.00    0.00    0.00    6.00     4  talker
10:18:23 AM  1000     16829    4.00    2.00    0.00    0.00    6.00    11  talker
10:18:23 AM  1000     16831    2.00    4.00    0.00    0.00    6.00    16  talker

10:18:23 AM   UID       PID    %usr %system  %guest   %wait    %CPU   CPU  Command
10:18:24 AM  1000     16821    1.00    6.00    0.00    0.00    7.00     3  talker
10:18:24 AM  1000     16823    6.00    0.00    0.00    0.00    6.00     9  talker
10:18:24 AM  1000     16825    3.00    3.00    0.00    0.00    6.00    10  talker
10:18:24 AM  1000     16827    1.00    6.00    0.00    0.00    7.00     7  talker
10:18:24 AM  1000     16829    3.00    3.00    0.00    0.00    6.00    11  talker
10:18:24 AM  1000     16831    2.00    3.00    0.00    0.00    5.00     4  talker

10:18:24 AM   UID       PID    %usr %system  %guest   %wait    %CPU   CPU  Command
10:18:25 AM  1000     16821    2.00    3.00    0.00    0.00    5.00     6  talker
10:18:25 AM  1000     16823    5.00    0.00    0.00    0.00    5.00    15  talker
10:18:25 AM  1000     16825    4.00    3.00    0.00    0.00    7.00    11  talker
10:18:25 AM  1000     16827    2.00    3.00    0.00    0.00    5.00     4  talker
10:18:25 AM  1000     16829    3.00    3.00    0.00    0.00    6.00    13  talker
10:18:25 AM  1000     16831    2.00    5.00    0.00    0.00    7.00     9  talker

10:18:25 AM   UID       PID    %usr %system  %guest   %wait    %CPU   CPU  Command
10:18:26 AM  1000     16821    4.00    1.00    0.00    0.00    5.00    10  talker
10:18:26 AM  1000     16823    6.00    0.00    0.00    0.00    6.00    10  talker
10:18:26 AM  1000     16825    3.00    2.00    0.00    0.00    5.00    12  talker
10:18:26 AM  1000     16827    2.00    4.00    0.00    0.00    6.00     2  talker
10:18:26 AM  1000     16829    1.00    4.00    0.00    0.00    5.00     4  talker
10:18:26 AM  1000     16831    2.00    3.00    0.00    0.00    5.00    14  talker

10:18:26 AM   UID       PID    %usr %system  %guest   %wait    %CPU   CPU  Command
10:18:27 AM  1000     16821    5.00    2.00    0.00    0.00    7.00     5  talker
10:18:27 AM  1000     16823    6.00    0.00    0.00    0.00    6.00     1  talker
10:18:27 AM  1000     16825    4.00    3.00    0.00    0.00    7.00    11  talker
10:18:27 AM  1000     16827    3.00    3.00    0.00    0.00    6.00     1  talker
10:18:27 AM  1000     16829    2.00    3.00    0.00    0.00    5.00    12  talker
10:18:27 AM  1000     16831    2.00    4.00    0.00    0.00    6.00     1  talker

10:18:27 AM   UID       PID    %usr %system  %guest   %wait    %CPU   CPU  Command
10:18:28 AM  1000     16821    0.00    5.00    0.00    0.00    5.00    10  talker
10:18:28 AM  1000     16823    6.00    0.00    0.00    0.00    6.00     1  talker
10:18:28 AM  1000     16825    3.00    2.00    0.00    0.00    5.00    11  talker
10:18:28 AM  1000     16827    0.00    6.00    0.00    0.00    6.00     4  talker
10:18:28 AM  1000     16829    5.00    1.00    0.00    0.00    6.00     3  talker
10:18:28 AM  1000     16831    4.00    2.00    0.00    0.00    6.00     2  talker

10:18:28 AM   UID       PID    %usr %system  %guest   %wait    %CPU   CPU  Command
10:18:29 AM  1000     16821    4.00    2.00    0.00    0.00    6.00     1  talker
10:18:29 AM  1000     16823    3.00    3.00    0.00    0.00    6.00     8  talker
10:18:29 AM  1000     16825    4.00    3.00    0.00    1.00    7.00    11  talker
10:18:29 AM  1000     16827    1.00    5.00    0.00    0.00    6.00     4  talker
10:18:29 AM  1000     16829    3.00    3.00    0.00    0.00    6.00     6  talker
10:18:29 AM  1000     16831    1.00    5.00    0.00    0.00    6.00    11  talker

10:18:29 AM   UID       PID    %usr %system  %guest   %wait    %CPU   CPU  Command
10:18:30 AM  1000     16821    0.00    6.00    0.00    0.00    6.00     8  talker
10:18:30 AM  1000     16823    1.00    6.00    0.00    0.00    7.00     6  talker
10:18:30 AM  1000     16825    3.00    2.00    0.00    0.00    5.00    11  talker
10:18:30 AM  1000     16827    2.00    4.00    0.00    0.00    6.00    14  talker
10:18:30 AM  1000     16829    6.00    0.00    0.00    0.00    6.00    10  talker
10:18:30 AM  1000     16831    3.00    2.00    0.00    0.00    5.00     3  talker

10:18:30 AM   UID       PID    %usr %system  %guest   %wait    %CPU   CPU  Command
10:18:31 AM  1000     16821    2.00    4.00    0.00    0.00    6.00    10  talker
10:18:31 AM  1000     16823    2.00    4.00    0.00    0.00    6.00     5  talker
10:18:31 AM  1000     16825    3.00    4.00    0.00    0.00    7.00    11  talker
10:18:31 AM  1000     16827    0.00    6.00    0.00    0.00    6.00    12  talker
10:18:31 AM  1000     16829    3.00    2.00    0.00    0.00    5.00     2  talker
10:18:31 AM  1000     16831    3.00    3.00    0.00    0.00    6.00    12  talker

10:18:31 AM   UID       PID    %usr %system  %guest   %wait    %CPU   CPU  Command
10:18:32 AM  1000     16821    3.00    3.00    0.00    0.00    6.00     4  talker
10:18:32 AM  1000     16823    0.00    6.00    0.00    0.00    6.00    13  talker
10:18:32 AM  1000     16825    3.00    3.00    0.00    0.00    6.00     5  talker
10:18:32 AM  1000     16827    1.00    4.00    0.00    0.00    5.00     8  talker
10:18:32 AM  1000     16829    0.00    6.00    0.00    0.00    6.00     4  talker
10:18:32 AM  1000     16831    4.00    2.00    0.00    0.00    6.00    14  talker

10:18:32 AM   UID       PID    %usr %system  %guest   %wait    %CPU   CPU  Command
10:18:33 AM  1000     16821    0.00    6.00    0.00    0.00    6.00     4  talker
10:18:33 AM  1000     16823    0.00    6.00    0.00    0.00    6.00    10  talker
10:18:33 AM  1000     16825    2.00    4.00    0.00    0.00    6.00     3  talker
10:18:33 AM  1000     16827    5.00    2.00    0.00    0.00    7.00     6  talker
10:18:33 AM  1000     16829    2.00    4.00    0.00    0.00    6.00    14  talker
10:18:33 AM  1000     16831    2.00    4.00    0.00    0.00    6.00     3  talker

10:18:33 AM   UID       PID    %usr %system  %guest   %wait    %CPU   CPU  Command
10:18:34 AM  1000     16821    4.00    1.00    0.00    0.00    5.00    15  talker
10:18:34 AM  1000     16823    3.00    3.00    0.00    0.00    6.00    10  talker
10:18:34 AM  1000     16825    4.00    2.00    0.00    0.00    6.00     5  talker
10:18:34 AM  1000     16827    3.00    2.00    0.00    0.00    5.00     7  talker
10:18:34 AM  1000     16829    3.00    3.00    0.00    0.00    6.00    13  talker
10:18:34 AM  1000     16831    1.00    5.00    0.00    0.00    6.00     7  talker

10:18:34 AM   UID       PID    %usr %system  %guest   %wait    %CPU   CPU  Command
10:18:35 AM  1000     16821    1.00    4.00    0.00    0.00    5.00     0  talker
10:18:35 AM  1000     16823    0.00    6.00    0.00    0.00    6.00    16  talker
10:18:35 AM  1000     16825    3.00    3.00    0.00    0.00    6.00     1  talker
10:18:35 AM  1000     16827    4.00    2.00    0.00    0.00    6.00    10  talker
10:18:35 AM  1000     16829    2.00    3.00    0.00    0.00    5.00     2  talker
10:18:35 AM  1000     16831    1.00    5.00    0.00    0.00    6.00    12  talker

10:18:35 AM   UID       PID    %usr %system  %guest   %wait    %CPU   CPU  Command
10:18:36 AM  1000     16821    3.00    3.00    0.00    0.00    6.00     6  talker
10:18:36 AM  1000     16823    5.00    1.00    0.00    0.00    6.00     9  talker
10:18:36 AM  1000     16825    4.00    2.00    0.00    0.00    6.00     2  talker
10:18:36 AM  1000     16827    0.00    6.00    0.00    0.00    6.00     5  talker
10:18:36 AM  1000     16829    3.00    3.00    0.00    0.00    6.00     8  talker
10:18:36 AM  1000     16831    0.00    6.00    0.00    0.00    6.00    18  talker

10:18:36 AM   UID       PID    %usr %system  %guest   %wait    %CPU   CPU  Command
10:18:37 AM  1000     16821    2.00    5.00    0.00    0.00    7.00    13  talker
10:18:37 AM  1000     16823    5.00    1.00    0.00    0.00    6.00    10  talker
10:18:37 AM  1000     16825    3.00    3.00    0.00    0.00    6.00     6  talker
10:18:37 AM  1000     16827    3.00    3.00    0.00    0.00    6.00     5  talker
10:18:37 AM  1000     16829    3.00    3.00    0.00    0.00    6.00    18  talker
10:18:37 AM  1000     16831    4.00    1.00    0.00    0.00    5.00     3  talker

10:18:37 AM   UID       PID    %usr %system  %guest   %wait    %CPU   CPU  Command
10:18:38 AM  1000     16821    4.00    1.00    0.00    0.00    5.00     2  talker
10:18:38 AM  1000     16823    5.00    0.00    0.00    0.00    5.00     6  talker
10:18:38 AM  1000     16825    4.00    2.00    0.00    0.00    6.00    10  talker
10:18:38 AM  1000     16827    2.00    4.00    0.00    0.00    6.00     6  talker
10:18:38 AM  1000     16829    0.00    5.00    0.00    0.00    5.00     3  talker
10:18:38 AM  1000     16831    3.00    4.00    0.00    0.00    7.00     6  talker

10:18:38 AM   UID       PID    %usr %system  %guest   %wait    %CPU   CPU  Command
10:18:39 AM  1000     16821    2.00    3.00    0.00    0.00    5.00     2  talker
10:18:39 AM  1000     16823    5.00    1.00    0.00    0.00    6.00     6  talker
10:18:39 AM  1000     16825    2.00    3.00    0.00    0.00    5.00    16  talker
10:18:39 AM  1000     16827    2.00    4.00    0.00    0.00    6.00    10  talker
10:18:39 AM  1000     16829    1.00    5.00    0.00    0.00    6.00     5  talker
10:18:39 AM  1000     16831    1.00    5.00    0.00    0.00    6.00     5  talker

10:18:39 AM   UID       PID    %usr %system  %guest   %wait    %CPU   CPU  Command
10:18:40 AM  1000     16821    3.00    3.00    0.00    0.00    6.00     2  talker
10:18:40 AM  1000     16823    5.00    1.00    0.00    0.00    6.00     2  talker
10:18:40 AM  1000     16825    3.00    4.00    0.00    0.00    7.00     5  talker
10:18:40 AM  1000     16827    0.00    5.00    0.00    0.00    5.00     7  talker
10:18:40 AM  1000     16829    0.00    5.00    0.00    0.00    5.00     1  talker
10:18:40 AM  1000     16831    3.00    2.00    0.00    0.00    5.00     3  talker

10:18:40 AM   UID       PID    %usr %system  %guest   %wait    %CPU   CPU  Command
10:18:41 AM  1000     16821    3.00    3.00    0.00    0.00    6.00    16  talker
10:18:41 AM  1000     16823    3.00    3.00    0.00    0.00    6.00     8  talker
10:18:41 AM  1000     16825    2.00    3.00    0.00    0.00    5.00     6  talker
10:18:41 AM  1000     16827    3.00    3.00    0.00    0.00    6.00     7  talker
10:18:41 AM  1000     16829    5.00    0.00    0.00    0.00    5.00     8  talker
10:18:41 AM  1000     16831    3.00    3.00    0.00    0.00    6.00     3  talker

10:18:41 AM   UID       PID    %usr %system  %guest   %wait    %CPU   CPU  Command
10:18:42 AM  1000     16821    4.00    2.00    0.00    0.00    6.00     9  talker
10:18:42 AM  1000     16823    5.00    2.00    0.00    0.00    7.00    12  talker
10:18:42 AM  1000     16825    4.00    3.00    0.00    0.00    7.00     2  talker
10:18:42 AM  1000     16827    6.00    0.00    0.00    0.00    6.00     6  talker
10:18:42 AM  1000     16829    0.00    6.00    0.00    0.00    6.00     4  talker
10:18:42 AM  1000     16831    1.00    5.00    0.00    0.00    6.00    12  talker

10:18:42 AM   UID       PID    %usr %system  %guest   %wait    %CPU   CPU  Command
10:18:43 AM  1000     16821    1.00    4.00    0.00    0.00    5.00     9  talker
10:18:43 AM  1000     16823    2.00    3.00    0.00    0.00    5.00    11  talker
10:18:43 AM  1000     16825    3.00    2.00    0.00    0.00    5.00    19  talker
10:18:43 AM  1000     16827    4.00    2.00    0.00    0.00    6.00    12  talker
10:18:43 AM  1000     16829    0.00    6.00    0.00    0.00    6.00     5  talker
10:18:43 AM  1000     16831    1.00    5.00    0.00    0.00    6.00     5  talker

10:18:43 AM   UID       PID    %usr %system  %guest   %wait    %CPU   CPU  Command
10:18:44 AM  1000     16821    3.00    3.00    0.00    0.00    6.00    13  talker
10:18:44 AM  1000     16823    3.00    3.00    0.00    0.00    6.00     4  talker
10:18:44 AM  1000     16825    3.00    3.00    0.00    0.00    6.00     7  talker
10:18:44 AM  1000     16827    4.00    1.00    0.00    0.00    5.00     6  talker
10:18:44 AM  1000     16829    0.00    5.00    0.00    0.00    5.00     6  talker
10:18:44 AM  1000     16831    4.00    1.00    0.00    0.00    5.00     3  talker

10:18:44 AM   UID       PID    %usr %system  %guest   %wait    %CPU   CPU  Command
10:18:45 AM  1000     16821    1.00    5.00    0.00    0.00    6.00    15  talker
10:18:45 AM  1000     16823    4.00    2.00    0.00    0.00    6.00    15  talker
10:18:45 AM  1000     16825    4.00    3.00    0.00    0.00    7.00     2  talker
10:18:45 AM  1000     16827    2.00    5.00    0.00    0.00    7.00    13  talker
10:18:45 AM  1000     16829    0.00    6.00    0.00    0.00    6.00    13  talker
10:18:45 AM  1000     16831    1.00    5.00    0.00    0.00    6.00    14  talker

10:18:45 AM   UID       PID    %usr %system  %guest   %wait    %CPU   CPU  Command
10:18:46 AM  1000     16821    1.00    4.00    0.00    0.00    5.00     1  talker
10:18:46 AM  1000     16823    2.00    3.00    0.00    0.00    5.00    11  talker
10:18:46 AM  1000     16825    3.00    3.00    0.00    0.00    6.00     2  talker
10:18:46 AM  1000     16827    5.00    0.00    0.00    0.00    5.00     1  talker
10:18:46 AM  1000     16829    3.00    3.00    0.00    0.00    6.00     3  talker
10:18:46 AM  1000     16831    4.00    2.00    0.00    0.00    6.00     8  talker

10:18:46 AM   UID       PID    %usr %system  %guest   %wait    %CPU   CPU  Command
10:18:47 AM  1000     16821    0.00    6.00    0.00    0.00    6.00    17  talker
10:18:47 AM  1000     16823    5.00    2.00    0.00    0.00    7.00    12  talker
10:18:47 AM  1000     16825    3.00    3.00    0.00    0.00    6.00     7  talker
10:18:47 AM  1000     16827    6.00    0.00    0.00    0.00    6.00     3  talker
10:18:47 AM  1000     16829    4.00    1.00    0.00    0.00    5.00    10  talker
10:18:47 AM  1000     16831    2.00    4.00    0.00    0.00    6.00    15  talker

10:18:47 AM   UID       PID    %usr %system  %guest   %wait    %CPU   CPU  Command
10:18:48 AM  1000     16821    5.00    1.00    0.00    0.00    6.00     1  talker
10:18:48 AM  1000     16823    3.00    3.00    0.00    0.00    6.00     5  talker
10:18:48 AM  1000     16825    4.00    2.00    0.00    0.00    6.00     7  talker
10:18:48 AM  1000     16827    6.00    0.00    0.00    0.00    6.00     5  talker
10:18:48 AM  1000     16829    3.00    3.00    0.00    0.00    6.00    11  talker
10:18:48 AM  1000     16831    4.00    1.00    0.00    0.00    5.00    15  talker

10:18:48 AM   UID       PID    %usr %system  %guest   %wait    %CPU   CPU  Command
10:18:49 AM  1000     16821    2.00    5.00    0.00    0.00    7.00     6  talker
10:18:49 AM  1000     16823    2.00    3.00    0.00    0.00    5.00     7  talker
10:18:49 AM  1000     16825    3.00    3.00    0.00    0.00    6.00     1  talker
10:18:49 AM  1000     16827    6.00    0.00    0.00    0.00    6.00     9  talker
10:18:49 AM  1000     16829    1.00    4.00    0.00    0.00    5.00    11  talker
10:18:49 AM  1000     16831    6.00    0.00    0.00    0.00    6.00    11  talker

10:18:49 AM   UID       PID    %usr %system  %guest   %wait    %CPU   CPU  Command
10:18:50 AM  1000     16821    1.00    4.00    0.00    0.00    5.00    15  talker
10:18:50 AM  1000     16823    4.00    2.00    0.00    0.00    6.00     6  talker
10:18:50 AM  1000     16825    3.00    3.00    0.00    0.00    6.00     2  talker
10:18:50 AM  1000     16827    6.00    0.00    0.00    0.00    6.00     2  talker
10:18:50 AM  1000     16829    0.00    6.00    0.00    0.00    6.00     8  talker
10:18:50 AM  1000     16831    5.00    2.00    0.00    0.00    7.00    14  talker

10:18:50 AM   UID       PID    %usr %system  %guest   %wait    %CPU   CPU  Command
10:18:51 AM  1000     16821    4.00    1.00    0.00    0.00    5.00     7  talker
10:18:51 AM  1000     16823    4.00    2.00    0.00    0.00    6.00     2  talker
10:18:51 AM  1000     16825    4.00    2.00    0.00    0.00    6.00    13  talker
10:18:51 AM  1000     16827    6.00    0.00    0.00    0.00    6.00     9  talker
10:18:51 AM  1000     16829    0.00    6.00    0.00    0.00    6.00    10  talker
10:18:51 AM  1000     16831    2.00    3.00    0.00    0.00    5.00    13  talker

10:18:51 AM   UID       PID    %usr %system  %guest   %wait    %CPU   CPU  Command
10:18:52 AM  1000     16821    1.00    5.00    0.00    0.00    6.00     7  talker
10:18:52 AM  1000     16823    4.00    2.00    0.00    0.00    6.00     2  talker
10:18:52 AM  1000     16825    3.00    3.00    0.00    0.00    6.00     5  talker
10:18:52 AM  1000     16827    6.00    0.00    0.00    0.00    6.00     2  talker
10:18:52 AM  1000     16829    1.00    5.00    0.00    0.00    6.00     6  talker
10:18:52 AM  1000     16831    2.00    4.00    0.00    0.00    6.00    10  talker

10:18:52 AM   UID       PID    %usr %system  %guest   %wait    %CPU   CPU  Command
10:18:53 AM  1000     16821    2.00    4.00    0.00    0.00    6.00     7  talker
10:18:53 AM  1000     16823    5.00    1.00    0.00    0.00    6.00    15  talker
10:18:53 AM  1000     16825    4.00    2.00    0.00    0.00    6.00    10  talker
10:18:53 AM  1000     16827    6.00    0.00    0.00    0.00    6.00     5  talker
10:18:53 AM  1000     16829    0.00    5.00    0.00    0.00    5.00     6  talker
10:18:53 AM  1000     16831    0.00    6.00    0.00    0.00    6.00     8  talker

10:18:53 AM   UID       PID    %usr %system  %guest   %wait    %CPU   CPU  Command
10:18:54 AM  1000     16821    3.00    3.00    0.00    0.00    6.00     7  talker
10:18:54 AM  1000     16823    4.00    2.00    0.00    0.00    6.00    19  talker
10:18:54 AM  1000     16825    2.00    3.00    0.00    0.00    5.00     8  talker
10:18:54 AM  1000     16827    5.00    0.00    0.00    0.00    5.00     6  talker
10:18:54 AM  1000     16829    0.00    6.00    0.00    0.00    6.00    10  talker
10:18:54 AM  1000     16831    2.00    3.00    0.00    0.00    5.00    10  talker

10:18:54 AM   UID       PID    %usr %system  %guest   %wait    %CPU   CPU  Command
10:18:55 AM  1000     16821    1.00    4.00    0.00    0.00    5.00     8  talker
10:18:55 AM  1000     16823    4.00    2.00    0.00    0.00    6.00     2  talker
10:18:55 AM  1000     16825    3.00    3.00    0.00    0.00    6.00    10  talker
10:18:55 AM  1000     16827    6.00    0.00    0.00    0.00    6.00    12  talker
10:18:55 AM  1000     16829    0.00    5.00    0.00    0.00    5.00    15  talker
10:18:55 AM  1000     16831    3.00    3.00    0.00    0.00    6.00     6  talker

10:18:55 AM   UID       PID    %usr %system  %guest   %wait    %CPU   CPU  Command
10:18:56 AM  1000     16821    1.00    4.00    0.00    0.00    5.00    14  talker
10:18:56 AM  1000     16823    4.00    1.00    0.00    0.00    5.00    14  talker
10:18:56 AM  1000     16825    4.00    2.00    0.00    0.00    6.00    14  talker
10:18:56 AM  1000     16827    6.00    0.00    0.00    0.00    6.00    14  talker
10:18:56 AM  1000     16829    1.00    5.00    0.00    0.00    6.00    10  talker
10:18:56 AM  1000     16831    3.00    3.00    0.00    0.00    6.00    13  talker

10:18:56 AM   UID       PID    %usr %system  %guest   %wait    %CPU   CPU  Command
10:18:57 AM  1000     16821    1.00    5.00    0.00    0.00    6.00    15  talker
10:18:57 AM  1000     16823    5.00    2.00    0.00    0.00    7.00    16  talker
10:18:57 AM  1000     16825    4.00    3.00    0.00    0.00    7.00     3  talker
10:18:57 AM  1000     16827    6.00    0.00    0.00    0.00    6.00     1  talker
10:18:57 AM  1000     16829    4.00    2.00    0.00    0.00    6.00     6  talker
10:18:57 AM  1000     16831    2.00    4.00    0.00    0.00    6.00     3  talker

10:18:57 AM   UID       PID    %usr %system  %guest   %wait    %CPU   CPU  Command
10:18:58 AM  1000     16821    5.00    1.00    0.00    0.00    6.00     3  talker
10:18:58 AM  1000     16823    4.00    1.00    0.00    0.00    5.00    10  talker
10:18:58 AM  1000     16825    3.00    3.00    0.00    0.00    6.00     1  talker
10:18:58 AM  1000     16827    6.00    0.00    0.00    0.00    6.00     0  talker
10:18:58 AM  1000     16829    5.00    0.00    0.00    0.00    5.00     8  talker
10:18:58 AM  1000     16831    1.00    5.00    0.00    0.00    6.00     6  talker

10:18:58 AM   UID       PID    %usr %system  %guest   %wait    %CPU   CPU  Command
10:18:59 AM  1000     16821    2.00    3.00    0.00    0.00    5.00     5  talker
10:18:59 AM  1000     16823    5.00    1.00    0.00    0.00    6.00     8  talker
10:18:59 AM  1000     16825    4.00    2.00    0.00    0.00    6.00    10  talker
10:18:59 AM  1000     16827    6.00    0.00    0.00    0.00    6.00     1  talker
10:18:59 AM  1000     16829    4.00    2.00    0.00    0.00    6.00     8  talker
10:18:59 AM  1000     16831    1.00    4.00    0.00    0.00    5.00     3  talker

10:18:59 AM   UID       PID    %usr %system  %guest   %wait    %CPU   CPU  Command
10:19:00 AM  1000     16821    2.00    5.00    0.00    0.00    7.00     2  talker
10:19:00 AM  1000     16823    2.00    4.00    0.00    0.00    6.00     4  talker
10:19:00 AM  1000     16825    2.00    4.00    0.00    0.00    6.00    12  talker
10:19:00 AM  1000     16827    5.00    0.00    0.00    0.00    5.00     9  talker
10:19:00 AM  1000     16829    5.00    1.00    0.00    0.00    6.00     3  talker
10:19:00 AM  1000     16831    3.00    4.00    0.00    0.00    7.00    12  talker

10:19:00 AM   UID       PID    %usr %system  %guest   %wait    %CPU   CPU  Command
10:19:01 AM  1000     16821    2.00    3.00    0.00    0.00    5.00     6  talker
10:19:01 AM  1000     16823    2.00    3.00    0.00    0.00    5.00    10  talker
10:19:01 AM  1000     16825    4.00    2.00    0.00    0.00    6.00    12  talker
10:19:01 AM  1000     16827    6.00    0.00    0.00    0.00    6.00     8  talker
10:19:01 AM  1000     16829    5.00    0.00    0.00    0.00    5.00     5  talker
10:19:01 AM  1000     16831    0.00    6.00    0.00    0.00    6.00     8  talker

Average:      UID       PID    %usr %system  %guest   %wait    %CPU   CPU  Command
Average:     1000     16821    2.27    3.48    0.00    0.00    5.75     -  talker
Average:     1000     16823    4.43    1.45    0.00    0.02    5.88     -  talker
Average:     1000     16825    3.28    2.72    0.00    0.02    6.00     -  talker
Average:     1000     16827    3.27    2.62    0.00    0.00    5.88     -  talker
Average:     1000     16829    2.37    3.27    0.00    0.00    5.63     -  talker
Average:     1000     16831    2.25    3.58    0.00    0.00    5.83     -  talker
