Linux 6.5.0-44-generic (npc2408016) 	06/17/2025 	_x86_64_	(22 CPU)

10:15:16 AM   UID       PID    %usr %system  %guest   %wait    %CPU   CPU  Command
10:15:17 AM  1000     15944    5.94    0.00    0.00    0.00    5.94    19  talker
10:15:17 AM  1000     15946    2.97    1.98    0.00    0.00    4.95     6  talker
10:15:17 AM  1000     15948    2.97    1.98    0.00    0.00    4.95     8  talker
10:15:17 AM  1000     15950    2.97    3.96    0.00    0.00    6.93     0  talker
10:15:17 AM  1000     15952    2.97    2.97    0.00    0.00    5.94    12  talker

10:15:17 AM   UID       PID    %usr %system  %guest   %wait    %CPU   CPU  Command
10:15:18 AM  1000     15944    7.00    0.00    0.00    0.00    7.00    15  talker
10:15:18 AM  1000     15946    3.00    3.00    0.00    0.00    6.00     1  talker
10:15:18 AM  1000     15948    4.00    3.00    0.00    0.00    7.00    12  talker
10:15:18 AM  1000     15950    3.00    2.00    0.00    0.00    5.00    10  talker
10:15:18 AM  1000     15952    4.00    2.00    0.00    0.00    6.00    16  talker

10:15:18 AM   UID       PID    %usr %system  %guest   %wait    %CPU   CPU  Command
10:15:19 AM  1000     15944    6.00    0.00    0.00    0.00    6.00     5  talker
10:15:19 AM  1000     15946    3.00    2.00    0.00    0.00    5.00     3  talker
10:15:19 AM  1000     15948    3.00    2.00    0.00    0.00    5.00     1  talker
10:15:19 AM  1000     15950    4.00    3.00    0.00    0.00    7.00     1  talker
10:15:19 AM  1000     15952    4.00    3.00    0.00    0.00    7.00    15  talker

10:15:19 AM   UID       PID    %usr %system  %guest   %wait    %CPU   CPU  Command
10:15:20 AM  1000     15944    7.00    0.00    0.00    0.00    7.00    13  talker
10:15:20 AM  1000     15946    3.00    3.00    0.00    0.00    6.00     6  talker
10:15:20 AM  1000     15948    3.00    3.00    0.00    0.00    6.00     1  talker
10:15:20 AM  1000     15950    3.00    3.00    0.00    0.00    6.00     9  talker
10:15:20 AM  1000     15952    3.00    3.00    0.00    0.00    6.00     7  talker

10:15:20 AM   UID       PID    %usr %system  %guest   %wait    %CPU   CPU  Command
10:15:21 AM  1000     15944    4.00    2.00    0.00    0.00    6.00    13  talker
10:15:21 AM  1000     15946    3.00    2.00    0.00    0.00    5.00     3  talker
10:15:21 AM  1000     15948    3.00    3.00    0.00    0.00    6.00     0  talker
10:15:21 AM  1000     15950    3.00    3.00    0.00    0.00    6.00    10  talker
10:15:21 AM  1000     15952    4.00    3.00    0.00    0.00    7.00    16  talker

10:15:21 AM   UID       PID    %usr %system  %guest   %wait    %CPU   CPU  Command
10:15:22 AM  1000     15944    0.00    6.00    0.00    0.00    6.00    17  talker
10:15:22 AM  1000     15946    2.00    3.00    0.00    0.00    5.00    16  talker
10:15:22 AM  1000     15948    4.00    2.00    0.00    0.00    6.00    14  talker
10:15:22 AM  1000     15950    4.00    2.00    0.00    0.00    6.00    10  talker
10:15:22 AM  1000     15952    4.00    2.00    0.00    0.00    6.00     9  talker

10:15:22 AM   UID       PID    %usr %system  %guest   %wait    %CPU   CPU  Command
10:15:23 AM  1000     15944    0.00    7.00    0.00    0.00    7.00    10  talker
10:15:23 AM  1000     15946    4.00    2.00    0.00    0.00    6.00    10  talker
10:15:23 AM  1000     15948    4.00    3.00    0.00    0.00    7.00     6  talker
10:15:23 AM  1000     15950    4.00    2.00    0.00    0.00    6.00     1  talker
10:15:23 AM  1000     15952    3.00    3.00    0.00    0.00    6.00     4  talker

10:15:23 AM   UID       PID    %usr %system  %guest   %wait    %CPU   CPU  Command
10:15:24 AM  1000     15944    0.00    6.00    0.00    0.00    6.00     0  talker
10:15:24 AM  1000     15946    2.00    3.00    0.00    0.00    5.00     7  talker
10:15:24 AM  1000     15948    3.00    2.00    0.00    0.00    5.00    10  talker
10:15:24 AM  1000     15950    3.00    2.00    0.00    0.00    5.00    10  talker
10:15:24 AM  1000     15952    4.00    3.00    0.00    0.00    7.00    15  talker

10:15:24 AM   UID       PID    %usr %system  %guest   %wait    %CPU   CPU  Command
10:15:25 AM  1000     15944    0.00    7.00    0.00    0.00    7.00    16  talker
10:15:25 AM  1000     15946    3.00    2.00    0.00    0.00    5.00     7  talker
10:15:25 AM  1000     15948    4.00    2.00    0.00    0.00    6.00     2  talker
10:15:25 AM  1000     15950    4.00    3.00    0.00    0.00    7.00     8  talker
10:15:25 AM  1000     15952    3.00    3.00    0.00    0.00    6.00    17  talker

10:15:25 AM   UID       PID    %usr %system  %guest   %wait    %CPU   CPU  Command
10:15:26 AM  1000     15944    0.00    6.00    0.00    0.00    6.00    18  talker
10:15:26 AM  1000     15946    3.00    2.00    0.00    0.00    5.00    12  talker
10:15:26 AM  1000     15948    3.00    3.00    0.00    0.00    6.00     2  talker
10:15:26 AM  1000     15950    3.00    3.00    0.00    0.00    6.00     6  talker
10:15:26 AM  1000     15952    4.00    3.00    0.00    0.00    7.00     6  talker

10:15:26 AM   UID       PID    %usr %system  %guest   %wait    %CPU   CPU  Command
10:15:27 AM  1000     15944    0.00    7.00    0.00    0.00    7.00     4  talker
10:15:27 AM  1000     15946    2.00    3.00    0.00    0.00    5.00     4  talker
10:15:27 AM  1000     15948    4.00    2.00    0.00    0.00    6.00     2  talker
10:15:27 AM  1000     15950    4.00    2.00    0.00    0.00    6.00     6  talker
10:15:27 AM  1000     15952    4.00    2.00    0.00    0.00    6.00    19  talker

10:15:27 AM   UID       PID    %usr %system  %guest   %wait    %CPU   CPU  Command
10:15:28 AM  1000     15944    0.00    6.00    0.00    0.00    6.00    13  talker
10:15:28 AM  1000     15946    3.00    3.00    0.00    0.00    6.00     4  talker
10:15:28 AM  1000     15948    3.00    3.00    0.00    0.00    6.00     1  talker
10:15:28 AM  1000     15950    4.00    2.00    0.00    0.00    6.00    13  talker
10:15:28 AM  1000     15952    4.00    2.00    0.00    0.00    6.00    15  talker

10:15:28 AM   UID       PID    %usr %system  %guest   %wait    %CPU   CPU  Command
10:15:29 AM  1000     15944    0.00    6.00    0.00    0.00    6.00    10  talker
10:15:29 AM  1000     15946    4.00    2.00    0.00    0.00    6.00     2  talker
10:15:29 AM  1000     15948    4.00    2.00    0.00    0.00    6.00    16  talker
10:15:29 AM  1000     15950    3.00    2.00    0.00    0.00    5.00     4  talker
10:15:29 AM  1000     15952    3.00    3.00    0.00    0.00    6.00    10  talker

10:15:29 AM   UID       PID    %usr %system  %guest   %wait    %CPU   CPU  Command
10:15:30 AM  1000     15944    0.00    7.00    0.00    0.00    7.00     7  talker
10:15:30 AM  1000     15946    2.00    2.00    0.00    0.00    4.00     8  talker
10:15:30 AM  1000     15948    2.00    3.00    0.00    1.00    5.00     0  talker
10:15:30 AM  1000     15950    4.00    2.00    0.00    0.00    6.00     4  talker
10:15:30 AM  1000     15952    3.00    3.00    0.00    0.00    6.00     3  talker

10:15:30 AM   UID       PID    %usr %system  %guest   %wait    %CPU   CPU  Command
10:15:31 AM  1000     15944    0.00    6.00    0.00    0.00    6.00    18  talker
10:15:31 AM  1000     15946    3.00    3.00    0.00    0.00    6.00    10  talker
10:15:31 AM  1000     15948    4.00    2.00    0.00    0.00    6.00     8  talker
10:15:31 AM  1000     15950    4.00    3.00    0.00    0.00    7.00    10  talker
10:15:31 AM  1000     15952    4.00    2.00    0.00    0.00    6.00     9  talker

10:15:31 AM   UID       PID    %usr %system  %guest   %wait    %CPU   CPU  Command
10:15:32 AM  1000     15944    0.00    7.00    0.00    0.00    7.00     0  talker
10:15:32 AM  1000     15946    3.00    2.00    0.00    0.00    5.00    10  talker
10:15:32 AM  1000     15948    3.00    3.00    0.00    0.00    6.00     6  talker
10:15:32 AM  1000     15950    4.00    2.00    0.00    0.00    6.00     1  talker
10:15:32 AM  1000     15952    3.00    3.00    0.00    0.00    6.00     5  talker

10:15:32 AM   UID       PID    %usr %system  %guest   %wait    %CPU   CPU  Command
10:15:33 AM  1000     15944    0.00    6.00    0.00    0.00    6.00    13  talker
10:15:33 AM  1000     15946    2.00    2.00    0.00    0.00    4.00    13  talker
10:15:33 AM  1000     15948    4.00    2.00    0.00    0.00    6.00    13  talker
10:15:33 AM  1000     15950    3.00    2.00    0.00    0.00    5.00     1  talker
10:15:33 AM  1000     15952    3.00    3.00    0.00    0.00    6.00     0  talker

10:15:33 AM   UID       PID    %usr %system  %guest   %wait    %CPU   CPU  Command
10:15:34 AM  1000     15944    0.00    7.00    0.00    0.00    7.00    14  talker
10:15:34 AM  1000     15946    4.00    3.00    0.00    0.00    7.00    11  talker
10:15:34 AM  1000     15948    4.00    2.00    0.00    0.00    6.00     6  talker
10:15:34 AM  1000     15950    3.00    3.00    0.00    0.00    6.00    10  talker
10:15:34 AM  1000     15952    4.00    2.00    0.00    0.00    6.00     5  talker

10:15:34 AM   UID       PID    %usr %system  %guest   %wait    %CPU   CPU  Command
10:15:35 AM  1000     15944    0.00    6.00    0.00    0.00    6.00    15  talker
10:15:35 AM  1000     15946    3.00    2.00    0.00    0.00    5.00    13  talker
10:15:35 AM  1000     15948    3.00    3.00    0.00    0.00    6.00    11  talker
10:15:35 AM  1000     15950    4.00    2.00    0.00    0.00    6.00     1  talker
10:15:35 AM  1000     15952    4.00    3.00    0.00    0.00    7.00     2  talker

10:15:35 AM   UID       PID    %usr %system  %guest   %wait    %CPU   CPU  Command
10:15:36 AM  1000     15944    0.00    6.00    0.00    0.00    6.00     2  talker
10:15:36 AM  1000     15946    3.00    2.00    0.00    0.00    5.00    11  talker
10:15:36 AM  1000     15948    4.00    2.00    0.00    0.00    6.00    13  talker
10:15:36 AM  1000     15950    3.00    3.00    0.00    0.00    6.00    19  talker
10:15:36 AM  1000     15952    3.00    3.00    0.00    0.00    6.00     7  talker

10:15:36 AM   UID       PID    %usr %system  %guest   %wait    %CPU   CPU  Command
10:15:37 AM  1000     15944    0.00    6.00    0.00    0.00    6.00    16  talker
10:15:37 AM  1000     15946    2.00    3.00    0.00    0.00    5.00     5  talker
10:15:37 AM  1000     15948    3.00    3.00    0.00    0.00    6.00     2  talker
10:15:37 AM  1000     15950    4.00    2.00    0.00    0.00    6.00     5  talker
10:15:37 AM  1000     15952    4.00    2.00    0.00    0.00    6.00     7  talker

10:15:37 AM   UID       PID    %usr %system  %guest   %wait    %CPU   CPU  Command
10:15:38 AM  1000     15944    3.00    4.00    0.00    0.00    7.00    15  talker
10:15:38 AM  1000     15946    3.00    3.00    0.00    0.00    6.00     8  talker
10:15:38 AM  1000     15948    4.00    2.00    0.00    0.00    6.00    11  talker
10:15:38 AM  1000     15950    4.00    3.00    0.00    0.00    7.00    12  talker
10:15:38 AM  1000     15952    3.00    3.00    0.00    0.00    6.00    12  talker

10:15:38 AM   UID       PID    %usr %system  %guest   %wait    %CPU   CPU  Command
10:15:39 AM  1000     15944    4.00    3.00    0.00    0.00    7.00    13  talker
10:15:39 AM  1000     15946    2.00    3.00    0.00    0.00    5.00    13  talker
10:15:39 AM  1000     15948    3.00    2.00    0.00    0.00    5.00     4  talker
10:15:39 AM  1000     15950    4.00    2.00    0.00    0.00    6.00     5  talker
10:15:39 AM  1000     15952    4.00    3.00    0.00    0.00    7.00    13  talker

10:15:39 AM   UID       PID    %usr %system  %guest   %wait    %CPU   CPU  Command
10:15:40 AM  1000     15944    4.00    2.00    0.00    0.00    6.00    12  talker
10:15:40 AM  1000     15946    4.00    2.00    0.00    0.00    6.00     4  talker
10:15:40 AM  1000     15948    4.00    2.00    0.00    0.00    6.00     2  talker
10:15:40 AM  1000     15950    3.00    2.00    0.00    0.00    5.00    10  talker
10:15:40 AM  1000     15952    4.00    2.00    0.00    0.00    6.00    13  talker

10:15:40 AM   UID       PID    %usr %system  %guest   %wait    %CPU   CPU  Command
10:15:41 AM  1000     15944    4.00    2.00    0.00    0.00    6.00    19  talker
10:15:41 AM  1000     15946    3.00    2.00    0.00    0.00    5.00     0  talker
10:15:41 AM  1000     15948    3.00    3.00    0.00    0.00    6.00    11  talker
10:15:41 AM  1000     15950    4.00    2.00    0.00    0.00    6.00    16  talker
10:15:41 AM  1000     15952    3.00    3.00    0.00    0.00    6.00     2  talker

10:15:41 AM   UID       PID    %usr %system  %guest   %wait    %CPU   CPU  Command
10:15:42 AM  1000     15944    4.00    3.00    0.00    0.00    7.00     6  talker
10:15:42 AM  1000     15946    3.00    3.00    0.00    0.00    6.00     6  talker
10:15:42 AM  1000     15948    4.00    2.00    0.00    0.00    6.00    14  talker
10:15:42 AM  1000     15950    3.00    3.00    0.00    0.00    6.00     6  talker
10:15:42 AM  1000     15952    4.00    2.00    0.00    0.00    6.00     4  talker

10:15:42 AM   UID       PID    %usr %system  %guest   %wait    %CPU   CPU  Command
10:15:43 AM  1000     15944    4.00    2.00    0.00    0.00    6.00    11  talker
10:15:43 AM  1000     15946    3.00    2.00    0.00    0.00    5.00    12  talker
10:15:43 AM  1000     15948    3.00    3.00    0.00    0.00    6.00    17  talker
10:15:43 AM  1000     15950    4.00    2.00    0.00    0.00    6.00     6  talker
10:15:43 AM  1000     15952    3.00    3.00    0.00    0.00    6.00    19  talker

10:15:43 AM   UID       PID    %usr %system  %guest   %wait    %CPU   CPU  Command
10:15:44 AM  1000     15944    4.00    2.00    0.00    0.00    6.00    14  talker
10:15:44 AM  1000     15946    3.00    2.00    0.00    0.00    5.00     0  talker
10:15:44 AM  1000     15948    4.00    2.00    0.00    0.00    6.00     9  talker
10:15:44 AM  1000     15950    3.00    3.00    0.00    0.00    6.00     6  talker
10:15:44 AM  1000     15952    4.00    2.00    0.00    0.00    6.00    14  talker

10:15:44 AM   UID       PID    %usr %system  %guest   %wait    %CPU   CPU  Command
10:15:45 AM  1000     15944    4.00    3.00    0.00    0.00    7.00     3  talker
10:15:45 AM  1000     15946    3.00    2.00    0.00    0.00    5.00     1  talker
10:15:45 AM  1000     15948    4.00    2.00    0.00    0.00    6.00    13  talker
10:15:45 AM  1000     15950    3.00    2.00    0.00    0.00    5.00    12  talker
10:15:45 AM  1000     15952    4.00    2.00    0.00    0.00    6.00    13  talker

10:15:45 AM   UID       PID    %usr %system  %guest   %wait    %CPU   CPU  Command
10:15:46 AM  1000     15944    3.00    2.00    0.00    0.00    5.00     6  talker
10:15:46 AM  1000     15946    3.00    2.00    0.00    0.00    5.00    17  talker
10:15:46 AM  1000     15948    3.00    2.00    0.00    0.00    5.00    10  talker
10:15:46 AM  1000     15950    4.00    3.00    0.00    0.00    7.00    13  talker
10:15:46 AM  1000     15952    3.00    3.00    0.00    0.00    6.00    11  talker

10:15:46 AM   UID       PID    %usr %system  %guest   %wait    %CPU   CPU  Command
10:15:47 AM  1000     15944    4.00    2.00    0.00    0.00    6.00    14  talker
10:15:47 AM  1000     15946    3.00    2.00    0.00    0.00    5.00    14  talker
10:15:47 AM  1000     15948    4.00    2.00    0.00    0.00    6.00    14  talker
10:15:47 AM  1000     15950    3.00    2.00    0.00    0.00    5.00    14  talker
10:15:47 AM  1000     15952    3.00    3.00    0.00    0.00    6.00     3  talker

10:15:47 AM   UID       PID    %usr %system  %guest   %wait    %CPU   CPU  Command
10:15:48 AM  1000     15944    4.00    3.00    0.00    0.00    7.00    17  talker
10:15:48 AM  1000     15946    3.00    2.00    0.00    0.00    5.00    11  talker
10:15:48 AM  1000     15948    3.00    2.00    0.00    0.00    5.00     8  talker
10:15:48 AM  1000     15950    4.00    2.00    0.00    0.00    6.00     2  talker
10:15:48 AM  1000     15952    4.00    2.00    0.00    0.00    6.00     5  talker

10:15:48 AM   UID       PID    %usr %system  %guest   %wait    %CPU   CPU  Command
10:15:49 AM  1000     15944    3.00    2.00    0.00    0.00    5.00    19  talker
10:15:49 AM  1000     15946    2.00    3.00    0.00    0.00    5.00     7  talker
10:15:49 AM  1000     15948    4.00    2.00    0.00    0.00    6.00    10  talker
10:15:49 AM  1000     15950    4.00    2.00    0.00    0.00    6.00     9  talker
10:15:49 AM  1000     15952    4.00    2.00    0.00    0.00    6.00     4  talker

10:15:49 AM   UID       PID    %usr %system  %guest   %wait    %CPU   CPU  Command
10:15:50 AM  1000     15944    4.00    2.00    0.00    0.00    6.00     8  talker
10:15:50 AM  1000     15946    3.00    2.00    0.00    0.00    5.00     7  talker
10:15:50 AM  1000     15948    3.00    2.00    0.00    0.00    5.00    11  talker
10:15:50 AM  1000     15950    3.00    2.00    0.00    0.00    5.00     2  talker
10:15:50 AM  1000     15952    3.00    3.00    0.00    0.00    6.00    17  talker

10:15:50 AM   UID       PID    %usr %system  %guest   %wait    %CPU   CPU  Command
10:15:51 AM  1000     15944    4.00    2.00    0.00    0.00    6.00    17  talker
10:15:51 AM  1000     15946    4.00    2.00    0.00    0.00    6.00     2  talker
10:15:51 AM  1000     15948    3.00    2.00    0.00    0.00    5.00     6  talker
10:15:51 AM  1000     15950    3.00    2.00    0.00    0.00    5.00    10  talker
10:15:51 AM  1000     15952    4.00    3.00    0.00    0.00    7.00     5  talker

10:15:51 AM   UID       PID    %usr %system  %guest   %wait    %CPU   CPU  Command
10:15:52 AM  1000     15944    4.00    3.00    0.00    0.00    7.00    12  talker
10:15:52 AM  1000     15946    3.00    3.00    0.00    0.00    6.00     6  talker
10:15:52 AM  1000     15948    3.00    3.00    0.00    0.00    6.00     8  talker
10:15:52 AM  1000     15950    4.00    3.00    0.00    0.00    7.00     8  talker
10:15:52 AM  1000     15952    3.00    2.00    0.00    0.00    5.00     3  talker

10:15:52 AM   UID       PID    %usr %system  %guest   %wait    %CPU   CPU  Command
10:15:53 AM  1000     15944    4.00    2.00    0.00    0.00    6.00    16  talker
10:15:53 AM  1000     15946    2.00    2.00    0.00    0.00    4.00     6  talker
10:15:53 AM  1000     15948    4.00    2.00    0.00    0.00    6.00    14  talker
10:15:53 AM  1000     15950    4.00    2.00    0.00    0.00    6.00    10  talker
10:15:53 AM  1000     15952    4.00    3.00    0.00    0.00    7.00     9  talker

10:15:53 AM   UID       PID    %usr %system  %guest   %wait    %CPU   CPU  Command
10:15:54 AM  1000     15944    4.00    2.00    0.00    0.00    6.00    13  talker
10:15:54 AM  1000     15946    4.00    2.00    0.00    0.00    6.00     8  talker
10:15:54 AM  1000     15948    3.00    2.00    0.00    0.00    5.00     1  talker
10:15:54 AM  1000     15950    4.00    2.00    0.00    0.00    6.00    10  talker
10:15:54 AM  1000     15952    3.00    3.00    0.00    0.00    6.00    15  talker

10:15:54 AM   UID       PID    %usr %system  %guest   %wait    %CPU   CPU  Command
10:15:55 AM  1000     15944    3.00    3.00    0.00    0.00    6.00     2  talker
10:15:55 AM  1000     15946    3.00    3.00    0.00    0.00    6.00    14  talker
10:15:55 AM  1000     15948    4.00    3.00    0.00    0.00    7.00    12  talker
10:15:55 AM  1000     15950    3.00    3.00    0.00    0.00    6.00     1  talker
10:15:55 AM  1000     15952    4.00    3.00    0.00    0.00    7.00     0  talker

10:15:55 AM   UID       PID    %usr %system  %guest   %wait    %CPU   CPU  Command
10:15:56 AM  1000     15944    4.00    2.00    0.00    0.00    6.00    10  talker
10:15:56 AM  1000     15946    3.00    2.00    0.00    0.00    5.00     3  talker
10:15:56 AM  1000     15948    3.00    2.00    0.00    0.00    5.00    10  talker
10:15:56 AM  1000     15950    4.00    2.00    0.00    0.00    6.00    14  talker
10:15:56 AM  1000     15952    3.00    3.00    0.00    0.00    6.00    13  talker

10:15:56 AM   UID       PID    %usr %system  %guest   %wait    %CPU   CPU  Command
10:15:57 AM  1000     15944    4.00    3.00    0.00    0.00    7.00    14  talker
10:15:57 AM  1000     15946    3.00    2.00    0.00    0.00    5.00     1  talker
10:15:57 AM  1000     15948    4.00    2.00    0.00    0.00    6.00     5  talker
10:15:57 AM  1000     15950    3.00    2.00    0.00    0.00    5.00     8  talker
10:15:57 AM  1000     15952    4.00    2.00    0.00    0.00    6.00    11  talker

10:15:57 AM   UID       PID    %usr %system  %guest   %wait    %CPU   CPU  Command
10:15:58 AM  1000     15944    4.00    2.00    0.00    0.00    6.00     8  talker
10:15:58 AM  1000     15946    2.00    3.00    0.00    0.00    5.00    10  talker
10:15:58 AM  1000     15948    3.00    3.00    0.00    0.00    6.00     5  talker
10:15:58 AM  1000     15950    4.00    2.00    0.00    0.00    6.00     8  talker
10:15:58 AM  1000     15952    4.00    3.00    0.00    0.00    7.00     2  talker

10:15:58 AM   UID       PID    %usr %system  %guest   %wait    %CPU   CPU  Command
10:15:59 AM  1000     15944    3.00    3.00    0.00    0.00    6.00     8  talker
10:15:59 AM  1000     15946    2.00    4.00    0.00    0.00    6.00     2  talker
10:15:59 AM  1000     15948    3.00    3.00    0.00    0.00    6.00     5  talker
10:15:59 AM  1000     15950    4.00    2.00    0.00    0.00    6.00     3  talker
10:15:59 AM  1000     15952    4.00    2.00    0.00    0.00    6.00    15  talker

10:15:59 AM   UID       PID    %usr %system  %guest   %wait    %CPU   CPU  Command
10:16:00 AM  1000     15944    4.00    2.00    0.00    0.00    6.00    15  talker
10:16:00 AM  1000     15946    3.00    2.00    0.00    0.00    5.00    10  talker
10:16:00 AM  1000     15948    4.00    1.00    0.00    0.00    5.00     3  talker
10:16:00 AM  1000     15950    3.00    3.00    0.00    0.00    6.00     8  talker
10:16:00 AM  1000     15952    3.00    3.00    0.00    0.00    6.00    17  talker

10:16:00 AM   UID       PID    %usr %system  %guest   %wait    %CPU   CPU  Command
10:16:01 AM  1000     15944    5.00    2.00    0.00    1.00    7.00    11  talker
10:16:01 AM  1000     15946    4.00    2.00    0.00    0.00    6.00    12  talker
10:16:01 AM  1000     15948    4.00    2.00    0.00    0.00    6.00     8  talker
10:16:01 AM  1000     15950    4.00    2.00    0.00    0.00    6.00    13  talker
10:16:01 AM  1000     15952    4.00    2.00    0.00    0.00    6.00     1  talker

10:16:01 AM   UID       PID    %usr %system  %guest   %wait    %CPU   CPU  Command
10:16:02 AM  1000     15944    3.00    3.00    0.00    0.00    6.00    18  talker
10:16:02 AM  1000     15946    3.00    2.00    0.00    0.00    5.00    12  talker
10:16:02 AM  1000     15948    4.00    2.00    0.00    0.00    6.00     2  talker
10:16:02 AM  1000     15950    4.00    2.00    0.00    0.00    6.00    13  talker
10:16:02 AM  1000     15952    4.00    2.00    0.00    0.00    6.00    18  talker

10:16:02 AM   UID       PID    %usr %system  %guest   %wait    %CPU   CPU  Command
10:16:03 AM  1000     15944    4.00    2.00    0.00    0.00    6.00    17  talker
10:16:03 AM  1000     15946    3.00    2.00    0.00    0.00    5.00     2  talker
10:16:03 AM  1000     15948    3.00    3.00    0.00    0.00    6.00    16  talker
10:16:03 AM  1000     15950    3.00    3.00    0.00    0.00    6.00    13  talker
10:16:03 AM  1000     15952    4.00    3.00    0.00    0.00    7.00    12  talker

10:16:03 AM   UID       PID    %usr %system  %guest   %wait    %CPU   CPU  Command
10:16:04 AM  1000     15944    3.00    3.00    0.00    0.00    6.00     4  talker
10:16:04 AM  1000     15946    3.00    2.00    0.00    0.00    5.00     2  talker
10:16:04 AM  1000     15948    4.00    2.00    0.00    0.00    6.00     5  talker
10:16:04 AM  1000     15950    4.00    2.00    0.00    0.00    6.00     9  talker
10:16:04 AM  1000     15952    4.00    3.00    0.00    0.00    7.00    15  talker

10:16:04 AM   UID       PID    %usr %system  %guest   %wait    %CPU   CPU  Command
10:16:05 AM  1000     15944    4.00    3.00    0.00    0.00    7.00    16  talker
10:16:05 AM  1000     15946    3.00    3.00    0.00    0.00    6.00     9  talker
10:16:05 AM  1000     15948    3.00    2.00    0.00    0.00    5.00    10  talker
10:16:05 AM  1000     15950    4.00    2.00    0.00    0.00    6.00    16  talker
10:16:05 AM  1000     15952    4.00    2.00    0.00    0.00    6.00     5  talker

10:16:05 AM   UID       PID    %usr %system  %guest   %wait    %CPU   CPU  Command
10:16:06 AM  1000     15944    4.00    2.00    0.00    0.00    6.00    10  talker
10:16:06 AM  1000     15946    3.00    2.00    0.00    0.00    5.00     1  talker
10:16:06 AM  1000     15948    3.00    3.00    0.00    0.00    6.00     6  talker
10:16:06 AM  1000     15950    3.00    2.00    0.00    0.00    5.00    12  talker
10:16:06 AM  1000     15952    3.00    2.00    0.00    0.00    5.00    11  talker

10:16:06 AM   UID       PID    %usr %system  %guest   %wait    %CPU   CPU  Command
10:16:07 AM  1000     15944    4.00    2.00    0.00    0.00    6.00     8  talker
10:16:07 AM  1000     15946    4.00    2.00    0.00    0.00    6.00     1  talker
10:16:07 AM  1000     15948    3.00    3.00    0.00    0.00    6.00    18  talker
10:16:07 AM  1000     15950    4.00    3.00    0.00    0.00    7.00     1  talker
10:16:07 AM  1000     15952    4.00    3.00    0.00    0.00    7.00     7  talker

10:16:07 AM   UID       PID    %usr %system  %guest   %wait    %CPU   CPU  Command
10:16:08 AM  1000     15944    3.00    3.00    0.00    0.00    6.00     3  talker
10:16:08 AM  1000     15946    3.00    2.00    0.00    0.00    5.00    12  talker
10:16:08 AM  1000     15948    3.00    2.00    0.00    0.00    5.00     9  talker
10:16:08 AM  1000     15950    4.00    2.00    0.00    0.00    6.00     3  talker
10:16:08 AM  1000     15952    4.00    2.00    0.00    1.00    6.00    10  talker

10:16:08 AM   UID       PID    %usr %system  %guest   %wait    %CPU   CPU  Command
10:16:09 AM  1000     15944    4.00    2.00    0.00    0.00    6.00     8  talker
10:16:09 AM  1000     15946    3.00    2.00    0.00    0.00    5.00     3  talker
10:16:09 AM  1000     15948    3.00    3.00    0.00    0.00    6.00    13  talker
10:16:09 AM  1000     15950    3.00    3.00    0.00    0.00    6.00     2  talker
10:16:09 AM  1000     15952    4.00    3.00    0.00    0.00    7.00    11  talker

10:16:09 AM   UID       PID    %usr %system  %guest   %wait    %CPU   CPU  Command
10:16:10 AM  1000     15944    4.00    2.00    0.00    0.00    6.00    16  talker
10:16:10 AM  1000     15946    3.00    2.00    0.00    0.00    5.00     4  talker
10:16:10 AM  1000     15948    4.00    2.00    0.00    0.00    6.00    10  talker
10:16:10 AM  1000     15950    3.00    2.00    0.00    0.00    5.00     2  talker
10:16:10 AM  1000     15952    3.00    2.00    0.00    0.00    5.00     5  talker

10:16:10 AM   UID       PID    %usr %system  %guest   %wait    %CPU   CPU  Command
10:16:11 AM  1000     15944    4.00    2.00    0.00    0.00    6.00    11  talker
10:16:11 AM  1000     15946    3.00    3.00    0.00    0.00    6.00    17  talker
10:16:11 AM  1000     15948    2.00    3.00    0.00    0.00    5.00     5  talker
10:16:11 AM  1000     15950    4.00    2.00    0.00    0.00    6.00     3  talker
10:16:11 AM  1000     15952    4.00    3.00    0.00    0.00    7.00     5  talker

10:16:11 AM   UID       PID    %usr %system  %guest   %wait    %CPU   CPU  Command
10:16:12 AM  1000     15944    4.00    3.00    0.00    0.00    7.00    19  talker
10:16:12 AM  1000     15946    3.00    2.00    0.00    0.00    5.00    19  talker
10:16:12 AM  1000     15948    4.00    2.00    0.00    0.00    6.00     3  talker
10:16:12 AM  1000     15950    4.00    2.00    0.00    0.00    6.00     5  talker
10:16:12 AM  1000     15952    4.00    2.00    0.00    0.00    6.00     3  talker

10:16:12 AM   UID       PID    %usr %system  %guest   %wait    %CPU   CPU  Command
10:16:13 AM  1000     15944    4.00    2.00    0.00    0.00    6.00     8  talker
10:16:13 AM  1000     15946    4.00    2.00    0.00    0.00    6.00     1  talker
10:16:13 AM  1000     15948    3.00    3.00    0.00    0.00    6.00     6  talker
10:16:13 AM  1000     15950    3.00    3.00    0.00    0.00    6.00    16  talker
10:16:13 AM  1000     15952    3.00    3.00    0.00    0.00    6.00    16  talker

10:16:13 AM   UID       PID    %usr %system  %guest   %wait    %CPU   CPU  Command
10:16:14 AM  1000     15944    3.00    3.00    0.00    0.00    6.00    17  talker
10:16:14 AM  1000     15946    3.00    2.00    0.00    0.00    5.00    11  talker
10:16:14 AM  1000     15948    3.00    3.00    0.00    0.00    6.00    15  talker
10:16:14 AM  1000     15950    4.00    2.00    0.00    0.00    6.00     6  talker
10:16:14 AM  1000     15952    3.00    3.00    0.00    0.00    6.00    19  talker

10:16:14 AM   UID       PID    %usr %system  %guest   %wait    %CPU   CPU  Command
10:16:15 AM  1000     15944    4.00    3.00    0.00    0.00    7.00     7  talker
10:16:15 AM  1000     15946    3.00    2.00    0.00    0.00    5.00    15  talker
10:16:15 AM  1000     15948    4.00    2.00    0.00    0.00    6.00    16  talker
10:16:15 AM  1000     15950    4.00    2.00    0.00    0.00    6.00     7  talker
10:16:15 AM  1000     15952    4.00    3.00    0.00    0.00    7.00     4  talker

10:16:15 AM   UID       PID    %usr %system  %guest   %wait    %CPU   CPU  Command
10:16:16 AM  1000     15944    4.00    2.00    0.00    0.00    6.00    13  talker
10:16:16 AM  1000     15946    3.00    3.00    0.00    0.00    6.00     8  talker
10:16:16 AM  1000     15948    3.00    2.00    0.00    0.00    5.00    16  talker
10:16:16 AM  1000     15950    4.00    2.00    0.00    0.00    6.00    15  talker
10:16:16 AM  1000     15952    4.00    2.00    0.00    0.00    6.00    10  talker

Average:      UID       PID    %usr %system  %guest   %wait    %CPU   CPU  Command
Average:     1000     15944    2.97    3.32    0.00    0.02    6.28     -  talker
Average:     1000     15946    2.97    2.35    0.00    0.00    5.32     -  talker
Average:     1000     15948    3.42    2.37    0.00    0.02    5.78     -  talker
Average:     1000     15950    3.58    2.35    0.00    0.00    5.93     -  talker
Average:     1000     15952    3.62    2.60    0.00    0.02    6.22     -  talker
