Linux 6.5.0-44-generic (npc2408016) 	06/18/2025 	_x86_64_	(22 CPU)

10:02:41 AM   UID       PID    %usr %system  %guest   %wait    %CPU   CPU  Command
10:02:42 AM  1000     21730    4.00   20.00    0.00    0.00   24.00     8  listener
10:02:42 AM  1000     21732    0.00    0.00    0.00    0.00    0.00     6  listener

10:02:42 AM   UID       PID    %usr %system  %guest   %wait    %CPU   CPU  Command
10:02:43 AM  1000     21730    6.00   18.00    0.00    0.00   24.00     8  listener
10:02:43 AM  1000     21732    0.00    0.00    0.00    0.00    0.00     6  listener

10:02:43 AM   UID       PID    %usr %system  %guest   %wait    %CPU   CPU  Command
10:02:44 AM  1000     21730    5.00   19.00    0.00    0.00   24.00     8  listener
10:02:44 AM  1000     21732    0.00    0.00    0.00    0.00    0.00     6  listener

10:02:44 AM   UID       PID    %usr %system  %guest   %wait    %CPU   CPU  Command
10:02:45 AM  1000     21730    6.00   21.00    0.00    0.00   27.00     8  listener
10:02:45 AM  1000     21732    0.00    0.00    0.00    0.00    0.00     6  listener

10:02:45 AM   UID       PID    %usr %system  %guest   %wait    %CPU   CPU  Command
10:02:46 AM  1000     21730    6.00   19.00    0.00    0.00   25.00     8  listener
10:02:46 AM  1000     21732    0.00    0.00    0.00    0.00    0.00     6  listener

10:02:46 AM   UID       PID    %usr %system  %guest   %wait    %CPU   CPU  Command
10:02:47 AM  1000     21730    7.00   15.00    0.00    0.00   22.00     8  listener
10:02:47 AM  1000     21732    0.00    0.00    0.00    0.00    0.00     6  listener

10:02:47 AM   UID       PID    %usr %system  %guest   %wait    %CPU   CPU  Command
10:02:48 AM  1000     21730   12.00   14.00    0.00    0.00   26.00     8  listener
10:02:48 AM  1000     21732    0.00    0.00    0.00    0.00    0.00     6  listener

10:02:48 AM   UID       PID    %usr %system  %guest   %wait    %CPU   CPU  Command
10:02:49 AM  1000     21730    9.00   14.00    0.00    0.00   23.00     5  listener
10:02:49 AM  1000     21732    0.00    0.00    0.00    0.00    0.00     6  listener

10:02:49 AM   UID       PID    %usr %system  %guest   %wait    %CPU   CPU  Command
10:02:50 AM  1000     21730   12.00   11.00    0.00    0.00   23.00     5  listener
10:02:50 AM  1000     21732    0.00    0.00    0.00    0.00    0.00     6  listener

10:02:50 AM   UID       PID    %usr %system  %guest   %wait    %CPU   CPU  Command
10:02:51 AM  1000     21730    6.00   17.00    0.00    0.00   23.00     5  listener
10:02:51 AM  1000     21732    0.00    0.00    0.00    0.00    0.00     6  listener

10:02:51 AM   UID       PID    %usr %system  %guest   %wait    %CPU   CPU  Command
10:02:52 AM  1000     21730   10.00   16.00    0.00    0.00   26.00     5  listener
10:02:52 AM  1000     21732    0.00    0.00    0.00    0.00    0.00     6  listener

10:02:52 AM   UID       PID    %usr %system  %guest   %wait    %CPU   CPU  Command
10:02:53 AM  1000     21730   12.00   15.00    0.00    0.00   27.00     5  listener
10:02:53 AM  1000     21732    0.00    0.00    0.00    0.00    0.00     6  listener

10:02:53 AM   UID       PID    %usr %system  %guest   %wait    %CPU   CPU  Command
10:02:54 AM  1000     21730    9.00   16.00    0.00    0.00   25.00     5  listener
10:02:54 AM  1000     21732    0.00    0.00    0.00    0.00    0.00     6  listener

10:02:54 AM   UID       PID    %usr %system  %guest   %wait    %CPU   CPU  Command
10:02:55 AM  1000     21730    9.00   16.00    0.00    0.00   25.00     5  listener
10:02:55 AM  1000     21732    0.00    0.00    0.00    0.00    0.00     6  listener

10:02:55 AM   UID       PID    %usr %system  %guest   %wait    %CPU   CPU  Command
10:02:56 AM  1000     21730   12.00   11.00    0.00    0.00   23.00     5  listener
10:02:56 AM  1000     21732    0.00    0.00    0.00    0.00    0.00     6  listener

10:02:56 AM   UID       PID    %usr %system  %guest   %wait    %CPU   CPU  Command
10:02:57 AM  1000     21730    7.00   17.00    0.00    0.00   24.00     5  listener
10:02:57 AM  1000     21732    0.00    0.00    0.00    0.00    0.00     6  listener

10:02:57 AM   UID       PID    %usr %system  %guest   %wait    %CPU   CPU  Command
10:02:58 AM  1000     21730   10.00   14.00    0.00    0.00   24.00     5  listener
10:02:58 AM  1000     21732    0.00    0.00    0.00    0.00    0.00     6  listener

10:02:58 AM   UID       PID    %usr %system  %guest   %wait    %CPU   CPU  Command
10:02:59 AM  1000     21730    9.00   14.00    0.00    0.00   23.00     5  listener
10:02:59 AM  1000     21732    0.00    0.00    0.00    0.00    0.00     6  listener

10:02:59 AM   UID       PID    %usr %system  %guest   %wait    %CPU   CPU  Command
10:03:00 AM  1000     21730   11.00   12.00    0.00    0.00   23.00     8  listener
10:03:00 AM  1000     21732    0.00    0.00    0.00    0.00    0.00     6  listener

10:03:00 AM   UID       PID    %usr %system  %guest   %wait    %CPU   CPU  Command
10:03:01 AM  1000     21730   11.00   14.00    0.00    0.00   25.00     5  listener
10:03:01 AM  1000     21732    0.00    0.00    0.00    0.00    0.00    10  listener

10:03:01 AM   UID       PID    %usr %system  %guest   %wait    %CPU   CPU  Command
10:03:02 AM  1000     21730   11.00   14.00    0.00    0.00   25.00     5  listener
10:03:02 AM  1000     21732    0.00    0.00    0.00    0.00    0.00    10  listener

10:03:02 AM   UID       PID    %usr %system  %guest   %wait    %CPU   CPU  Command
10:03:03 AM  1000     21730   11.00   14.00    0.00    0.00   25.00    12  listener
10:03:03 AM  1000     21732    0.00    0.00    0.00    0.00    0.00    10  listener

10:03:03 AM   UID       PID    %usr %system  %guest   %wait    %CPU   CPU  Command
10:03:04 AM  1000     21730    7.00   16.00    0.00    0.00   23.00    12  listener
10:03:04 AM  1000     21732    0.00    0.00    0.00    0.00    0.00    10  listener

10:03:04 AM   UID       PID    %usr %system  %guest   %wait    %CPU   CPU  Command
10:03:05 AM  1000     21730   12.00   12.00    0.00    0.00   24.00     5  listener
10:03:05 AM  1000     21732    0.00    0.00    0.00    0.00    0.00    10  listener

10:03:05 AM   UID       PID    %usr %system  %guest   %wait    %CPU   CPU  Command
10:03:06 AM  1000     21730   12.00   11.00    0.00    0.00   23.00     5  listener
10:03:06 AM  1000     21732    0.00    0.00    0.00    0.00    0.00    10  listener

10:03:06 AM   UID       PID    %usr %system  %guest   %wait    %CPU   CPU  Command
10:03:07 AM  1000     21730   10.00   14.00    0.00    0.00   24.00     5  listener
10:03:07 AM  1000     21732    0.00    0.00    0.00    0.00    0.00    10  listener

10:03:07 AM   UID       PID    %usr %system  %guest   %wait    %CPU   CPU  Command
10:03:08 AM  1000     21730    7.00   20.00    0.00    0.00   27.00     5  listener
10:03:08 AM  1000     21732    0.00    0.00    0.00    0.00    0.00    10  listener

10:03:08 AM   UID       PID    %usr %system  %guest   %wait    %CPU   CPU  Command
10:03:09 AM  1000     21730    7.00   17.00    0.00    0.00   24.00    12  listener
10:03:09 AM  1000     21732    0.00    0.00    0.00    0.00    0.00    10  listener

10:03:09 AM   UID       PID    %usr %system  %guest   %wait    %CPU   CPU  Command
10:03:10 AM  1000     21730   11.00   17.00    0.00    0.00   28.00    12  listener
10:03:10 AM  1000     21732    0.00    0.00    0.00    0.00    0.00    10  listener

10:03:10 AM   UID       PID    %usr %system  %guest   %wait    %CPU   CPU  Command
10:03:11 AM  1000     21730   11.00   14.00    0.00    0.00   25.00    12  listener
10:03:11 AM  1000     21732    0.00    0.00    0.00    0.00    0.00    10  listener

10:03:11 AM   UID       PID    %usr %system  %guest   %wait    %CPU   CPU  Command
10:03:12 AM  1000     21730   10.00   13.00    0.00    0.00   23.00    12  listener
10:03:12 AM  1000     21732    0.00    0.00    0.00    0.00    0.00    10  listener

10:03:12 AM   UID       PID    %usr %system  %guest   %wait    %CPU   CPU  Command
10:03:13 AM  1000     21730   10.00   13.00    0.00    0.00   23.00    12  listener
10:03:13 AM  1000     21732    0.00    0.00    0.00    0.00    0.00    10  listener

10:03:13 AM   UID       PID    %usr %system  %guest   %wait    %CPU   CPU  Command
10:03:14 AM  1000     21730   12.00   15.00    0.00    0.00   27.00    12  listener
10:03:14 AM  1000     21732    0.00    0.00    0.00    0.00    0.00    10  listener

10:03:14 AM   UID       PID    %usr %system  %guest   %wait    %CPU   CPU  Command
10:03:15 AM  1000     21730   10.00   13.00    0.00    0.00   23.00    12  listener
10:03:15 AM  1000     21732    0.00    0.00    0.00    0.00    0.00    10  listener

10:03:15 AM   UID       PID    %usr %system  %guest   %wait    %CPU   CPU  Command
10:03:16 AM  1000     21730   12.00   14.00    0.00    0.00   26.00    12  listener
10:03:16 AM  1000     21732    0.00    0.00    0.00    0.00    0.00    10  listener

10:03:16 AM   UID       PID    %usr %system  %guest   %wait    %CPU   CPU  Command
10:03:17 AM  1000     21730    8.00   18.00    0.00    0.00   26.00    12  listener
10:03:17 AM  1000     21732    0.00    0.00    0.00    0.00    0.00    10  listener

10:03:17 AM   UID       PID    %usr %system  %guest   %wait    %CPU   CPU  Command
10:03:18 AM  1000     21730    7.00   20.00    0.00    0.00   27.00    12  listener
10:03:18 AM  1000     21732    0.00    0.00    0.00    0.00    0.00    10  listener

10:03:18 AM   UID       PID    %usr %system  %guest   %wait    %CPU   CPU  Command
10:03:19 AM  1000     21730    8.00   18.00    0.00    0.00   26.00    12  listener
10:03:19 AM  1000     21732    0.00    0.00    0.00    0.00    0.00    10  listener

10:03:19 AM   UID       PID    %usr %system  %guest   %wait    %CPU   CPU  Command
10:03:20 AM  1000     21730   12.00   14.00    0.00    0.00   26.00     5  listener
10:03:20 AM  1000     21732    0.00    0.00    0.00    0.00    0.00    10  listener

10:03:20 AM   UID       PID    %usr %system  %guest   %wait    %CPU   CPU  Command
10:03:21 AM  1000     21730   15.00   12.00    0.00    0.00   27.00    12  listener
10:03:21 AM  1000     21732    0.00    0.00    0.00    0.00    0.00    10  listener

10:03:21 AM   UID       PID    %usr %system  %guest   %wait    %CPU   CPU  Command
10:03:22 AM  1000     21730   13.00   13.00    0.00    0.00   26.00    12  listener
10:03:22 AM  1000     21732    0.00    0.00    0.00    0.00    0.00    10  listener

10:03:22 AM   UID       PID    %usr %system  %guest   %wait    %CPU   CPU  Command
10:03:23 AM  1000     21730   14.00   11.00    0.00    0.00   25.00     6  listener
10:03:23 AM  1000     21732    0.00    0.00    0.00    0.00    0.00    10  listener

10:03:23 AM   UID       PID    %usr %system  %guest   %wait    %CPU   CPU  Command
10:03:24 AM  1000     21730   11.00   12.00    0.00    0.00   23.00     8  listener
10:03:24 AM  1000     21732    0.00    0.00    0.00    0.00    0.00    10  listener

10:03:24 AM   UID       PID    %usr %system  %guest   %wait    %CPU   CPU  Command
10:03:25 AM  1000     21730   12.00   12.00    0.00    0.00   24.00     8  listener
10:03:25 AM  1000     21732    0.00    0.00    0.00    0.00    0.00    10  listener

10:03:25 AM   UID       PID    %usr %system  %guest   %wait    %CPU   CPU  Command
10:03:26 AM  1000     21730   13.00   11.00    0.00    0.00   24.00     6  listener
10:03:26 AM  1000     21732    0.00    0.00    0.00    0.00    0.00    10  listener

10:03:26 AM   UID       PID    %usr %system  %guest   %wait    %CPU   CPU  Command
10:03:27 AM  1000     21730   12.00   13.00    0.00    0.00   25.00    14  listener
10:03:27 AM  1000     21732    0.00    0.00    0.00    0.00    0.00    10  listener

10:03:27 AM   UID       PID    %usr %system  %guest   %wait    %CPU   CPU  Command
10:03:28 AM  1000     21730   14.00   11.00    0.00    0.00   25.00    12  listener
10:03:28 AM  1000     21732    0.00    0.00    0.00    0.00    0.00    10  listener

10:03:28 AM   UID       PID    %usr %system  %guest   %wait    %CPU   CPU  Command
10:03:29 AM  1000     21730   14.00   12.00    0.00    0.00   26.00    12  listener
10:03:29 AM  1000     21732    0.00    0.00    0.00    0.00    0.00    10  listener

10:03:29 AM   UID       PID    %usr %system  %guest   %wait    %CPU   CPU  Command
10:03:30 AM  1000     21730   14.00   10.00    0.00    0.00   24.00    12  listener
10:03:30 AM  1000     21732    0.00    0.00    0.00    0.00    0.00    10  listener

10:03:30 AM   UID       PID    %usr %system  %guest   %wait    %CPU   CPU  Command
10:03:31 AM  1000     21730   13.00   11.00    0.00    0.00   24.00    13  listener
10:03:31 AM  1000     21732    0.00    0.00    0.00    0.00    0.00    10  listener

10:03:31 AM   UID       PID    %usr %system  %guest   %wait    %CPU   CPU  Command
10:03:32 AM  1000     21730   15.00   11.00    0.00    0.00   26.00    18  listener
10:03:32 AM  1000     21732    0.00    0.00    0.00    0.00    0.00    10  listener

10:03:32 AM   UID       PID    %usr %system  %guest   %wait    %CPU   CPU  Command
10:03:33 AM  1000     21730   15.00   10.00    0.00    0.00   25.00    18  listener
10:03:33 AM  1000     21732    0.00    0.00    0.00    0.00    0.00    10  listener

10:03:33 AM   UID       PID    %usr %system  %guest   %wait    %CPU   CPU  Command
10:03:34 AM  1000     21730   13.00   10.00    0.00    0.00   23.00    10  listener
10:03:34 AM  1000     21732    0.00    0.00    0.00    0.00    0.00    10  listener

10:03:34 AM   UID       PID    %usr %system  %guest   %wait    %CPU   CPU  Command
10:03:35 AM  1000     21730   13.00   11.00    0.00    0.00   24.00    10  listener
10:03:35 AM  1000     21732    0.00    0.00    0.00    0.00    0.00    10  listener

10:03:35 AM   UID       PID    %usr %system  %guest   %wait    %CPU   CPU  Command
10:03:36 AM  1000     21730   13.00   10.00    0.00    0.00   23.00    10  listener
10:03:36 AM  1000     21732    0.00    0.00    0.00    0.00    0.00    10  listener

10:03:36 AM   UID       PID    %usr %system  %guest   %wait    %CPU   CPU  Command
10:03:37 AM  1000     21730   14.00   10.00    0.00    0.00   24.00    10  listener
10:03:37 AM  1000     21732    0.00    0.00    0.00    0.00    0.00    10  listener

10:03:37 AM   UID       PID    %usr %system  %guest   %wait    %CPU   CPU  Command
10:03:38 AM  1000     21730   15.00   10.00    0.00    0.00   25.00    10  listener
10:03:38 AM  1000     21732    0.00    0.00    0.00    0.00    0.00    10  listener

10:03:38 AM   UID       PID    %usr %system  %guest   %wait    %CPU   CPU  Command
10:03:39 AM  1000     21730   14.00    9.00    0.00    0.00   23.00    18  listener
10:03:39 AM  1000     21732    0.00    0.00    0.00    0.00    0.00    10  listener

10:03:39 AM   UID       PID    %usr %system  %guest   %wait    %CPU   CPU  Command
10:03:40 AM  1000     21730   13.00    9.00    0.00    0.00   22.00    18  listener
10:03:40 AM  1000     21732    0.00    0.00    0.00    0.00    0.00    10  listener

10:03:40 AM   UID       PID    %usr %system  %guest   %wait    %CPU   CPU  Command
10:03:41 AM  1000     21730   14.00   10.00    0.00    0.00   24.00    18  listener
10:03:41 AM  1000     21732    0.00    0.00    0.00    0.00    0.00    10  listener

Average:      UID       PID    %usr %system  %guest   %wait    %CPU   CPU  Command
Average:     1000     21730   10.75   13.80    0.00    0.00   24.55     -  listener
Average:     1000     21732    0.00    0.00    0.00    0.00    0.00     -  listener
