Linux 6.5.0-44-generic (npc2408016) 	06/17/2025 	_x86_64_	(22 CPU)

10:20:43 AM   UID       PID    %usr %system  %guest   %wait    %CPU   CPU  Command
10:20:44 AM  1000     17650    3.00    3.00    0.00    0.00    6.00     8  talker
10:20:44 AM  1000     17652    3.00    3.00    0.00    0.00    6.00     5  talker
10:20:44 AM  1000     17654    6.00    0.00    0.00    0.00    6.00    16  talker
10:20:44 AM  1000     17656    4.00    2.00    0.00    0.00    6.00    18  talker
10:20:44 AM  1000     17658    4.00    3.00    0.00    0.00    7.00    14  talker
10:20:44 AM  1000     17660    5.00    2.00    0.00    0.00    7.00    13  talker
10:20:44 AM  1000     17662    3.00    3.00    0.00    0.00    6.00     8  talker

10:20:44 AM   UID       PID    %usr %system  %guest   %wait    %CPU   CPU  Command
10:20:45 AM  1000     17650    1.00    4.00    0.00    0.00    5.00     1  talker
10:20:45 AM  1000     17652    3.00    2.00    0.00    0.00    5.00     1  talker
10:20:45 AM  1000     17654    6.00    0.00    0.00    0.00    6.00     2  talker
10:20:45 AM  1000     17656    0.00    7.00    0.00    0.00    7.00    15  talker
10:20:45 AM  1000     17658    4.00    4.00    0.00    0.00    8.00    10  talker
10:20:45 AM  1000     17660    7.00    0.00    0.00    0.00    7.00    17  talker
10:20:45 AM  1000     17662    3.00    2.00    0.00    0.00    5.00    13  talker

10:20:45 AM   UID       PID    %usr %system  %guest   %wait    %CPU   CPU  Command
10:20:46 AM  1000     17650    0.00    5.00    0.00    0.00    5.00     3  talker
10:20:46 AM  1000     17652    3.00    2.00    0.00    0.00    5.00    10  talker
10:20:46 AM  1000     17654    6.00    1.00    0.00    0.00    7.00     3  talker
10:20:46 AM  1000     17656    6.00    0.00    0.00    0.00    6.00    19  talker
10:20:46 AM  1000     17658    4.00    3.00    0.00    0.00    7.00     3  talker
10:20:46 AM  1000     17660    3.00    3.00    0.00    0.00    6.00     4  talker
10:20:46 AM  1000     17662    3.00    3.00    0.00    0.00    6.00     2  talker

10:20:46 AM   UID       PID    %usr %system  %guest   %wait    %CPU   CPU  Command
10:20:47 AM  1000     17650    0.00    5.00    0.00    0.00    5.00     3  talker
10:20:47 AM  1000     17652    3.00    3.00    0.00    0.00    6.00     3  talker
10:20:47 AM  1000     17654    6.00    0.00    0.00    0.00    6.00    11  talker
10:20:47 AM  1000     17656    1.00    5.00    0.00    0.00    6.00    11  talker
10:20:47 AM  1000     17658    8.00    0.00    0.00    0.00    8.00    15  talker
10:20:47 AM  1000     17660    0.00    7.00    0.00    0.00    7.00    16  talker
10:20:47 AM  1000     17662    4.00    1.00    0.00    0.00    5.00     5  talker

10:20:47 AM   UID       PID    %usr %system  %guest   %wait    %CPU   CPU  Command
10:20:48 AM  1000     17650    2.00    3.00    0.00    0.00    5.00     5  talker
10:20:48 AM  1000     17652    3.00    2.00    0.00    0.00    5.00    14  talker
10:20:48 AM  1000     17654    5.00    2.00    0.00    0.00    7.00    17  talker
10:20:48 AM  1000     17656    0.00    6.00    0.00    0.00    6.00    19  talker
10:20:48 AM  1000     17658    0.00    7.00    0.00    0.00    7.00     1  talker
10:20:48 AM  1000     17660    2.00    5.00    0.00    0.00    7.00    12  talker
10:20:48 AM  1000     17662    3.00    2.00    0.00    0.00    5.00    12  talker

10:20:48 AM   UID       PID    %usr %system  %guest   %wait    %CPU   CPU  Command
10:20:49 AM  1000     17650    1.00    4.00    0.00    0.00    5.00     1  talker
10:20:49 AM  1000     17652    2.00    3.00    0.00    0.00    5.00    10  talker
10:20:49 AM  1000     17654    1.00    4.00    0.00    0.00    5.00    15  talker
10:20:49 AM  1000     17656    3.00    5.00    0.00    0.00    8.00     5  talker
10:20:49 AM  1000     17658    7.00    0.00    0.00    0.00    7.00    17  talker
10:20:49 AM  1000     17660    3.00    3.00    0.00    0.00    6.00     5  talker
10:20:49 AM  1000     17662    0.00    6.00    0.00    0.00    6.00     6  talker

10:20:49 AM   UID       PID    %usr %system  %guest   %wait    %CPU   CPU  Command
10:20:50 AM  1000     17650    2.00    3.00    0.00    0.00    5.00     1  talker
10:20:50 AM  1000     17652    3.00    2.00    0.00    0.00    5.00    16  talker
10:20:50 AM  1000     17654    1.00    5.00    0.00    0.00    6.00     2  talker
10:20:50 AM  1000     17656    1.00    4.00    0.00    0.00    5.00    11  talker
10:20:50 AM  1000     17658    8.00    0.00    0.00    0.00    8.00    11  talker
10:20:50 AM  1000     17660    4.00    4.00    0.00    0.00    8.00    17  talker
10:20:50 AM  1000     17662    5.00    0.00    0.00    0.00    5.00     9  talker

10:20:50 AM   UID       PID    %usr %system  %guest   %wait    %CPU   CPU  Command
10:20:51 AM  1000     17650    1.00    4.00    0.00    0.00    5.00     1  talker
10:20:51 AM  1000     17652    3.00    3.00    0.00    0.00    6.00     0  talker
10:20:51 AM  1000     17654    2.00    5.00    0.00    0.00    7.00     5  talker
10:20:51 AM  1000     17656    5.00    2.00    0.00    0.00    7.00     4  talker
10:20:51 AM  1000     17658    7.00    0.00    0.00    0.00    7.00    16  talker
10:20:51 AM  1000     17660    2.00    5.00    0.00    0.00    7.00    15  talker
10:20:51 AM  1000     17662    2.00    2.00    0.00    0.00    4.00    12  talker

10:20:51 AM   UID       PID    %usr %system  %guest   %wait    %CPU   CPU  Command
10:20:52 AM  1000     17650    4.00    2.00    0.00    0.00    6.00    13  talker
10:20:52 AM  1000     17652    3.00    2.00    0.00    0.00    5.00     5  talker
10:20:52 AM  1000     17654    1.00    5.00    0.00    0.00    6.00     9  talker
10:20:52 AM  1000     17656    0.00    6.00    0.00    0.00    6.00     7  talker
10:20:52 AM  1000     17658    8.00    0.00    0.00    0.00    8.00     6  talker
10:20:52 AM  1000     17660    6.00    0.00    0.00    0.00    6.00     5  talker
10:20:52 AM  1000     17662    3.00    3.00    0.00    0.00    6.00     9  talker

10:20:52 AM   UID       PID    %usr %system  %guest   %wait    %CPU   CPU  Command
10:20:53 AM  1000     17650    2.00    3.00    0.00    0.00    5.00     3  talker
10:20:53 AM  1000     17652    2.00    3.00    0.00    0.00    5.00     8  talker
10:20:53 AM  1000     17654    1.00    6.00    0.00    0.00    7.00    17  talker
10:20:53 AM  1000     17656    1.00    6.00    0.00    0.00    7.00    17  talker
10:20:53 AM  1000     17658    7.00    0.00    0.00    0.00    7.00    11  talker
10:20:53 AM  1000     17660    7.00    0.00    0.00    0.00    7.00     6  talker
10:20:53 AM  1000     17662    5.00    0.00    0.00    0.00    5.00     5  talker

10:20:53 AM   UID       PID    %usr %system  %guest   %wait    %CPU   CPU  Command
10:20:54 AM  1000     17650    0.00    5.00    0.00    0.00    5.00     3  talker
10:20:54 AM  1000     17652    3.00    3.00    0.00    0.00    6.00    15  talker
10:20:54 AM  1000     17654    1.00    5.00    0.00    0.00    6.00     6  talker
10:20:54 AM  1000     17656    2.00    4.00    0.00    0.00    6.00     7  talker
10:20:54 AM  1000     17658    7.00    0.00    0.00    0.00    7.00    12  talker
10:20:54 AM  1000     17660    7.00    0.00    0.00    0.00    7.00    18  talker
10:20:54 AM  1000     17662    6.00    0.00    0.00    0.00    6.00    14  talker

10:20:54 AM   UID       PID    %usr %system  %guest   %wait    %CPU   CPU  Command
10:20:55 AM  1000     17650    2.00    3.00    0.00    0.00    5.00    12  talker
10:20:55 AM  1000     17652    3.00    2.00    0.00    0.00    5.00     9  talker
10:20:55 AM  1000     17654    3.00    3.00    0.00    0.00    6.00    17  talker
10:20:55 AM  1000     17656    3.00    3.00    0.00    0.00    6.00     5  talker
10:20:55 AM  1000     17658    8.00    0.00    0.00    0.00    8.00     9  talker
10:20:55 AM  1000     17660    7.00    0.00    0.00    0.00    7.00     2  talker
10:20:55 AM  1000     17662    2.00    2.00    0.00    0.00    4.00     7  talker

10:20:55 AM   UID       PID    %usr %system  %guest   %wait    %CPU   CPU  Command
10:20:56 AM  1000     17650    2.00    3.00    0.00    0.00    5.00    14  talker
10:20:56 AM  1000     17652    2.00    3.00    0.00    0.00    5.00     9  talker
10:20:56 AM  1000     17654    4.00    2.00    0.00    0.00    6.00     9  talker
10:20:56 AM  1000     17656    0.00    7.00    0.00    0.00    7.00    15  talker
10:20:56 AM  1000     17658    8.00    0.00    0.00    0.00    8.00    12  talker
10:20:56 AM  1000     17660    7.00    0.00    0.00    0.00    7.00     4  talker
10:20:56 AM  1000     17662    4.00    2.00    0.00    0.00    6.00     8  talker

10:20:56 AM   UID       PID    %usr %system  %guest   %wait    %CPU   CPU  Command
10:20:57 AM  1000     17650    4.00    1.00    0.00    0.00    5.00    10  talker
10:20:57 AM  1000     17652    3.00    2.00    0.00    0.00    5.00    14  talker
10:20:57 AM  1000     17654    4.00    2.00    0.00    0.00    6.00    19  talker
10:20:57 AM  1000     17656    3.00    3.00    0.00    0.00    6.00    19  talker
10:20:57 AM  1000     17658    7.00    0.00    0.00    0.00    7.00     4  talker
10:20:57 AM  1000     17660    6.00    0.00    0.00    0.00    6.00     9  talker
10:20:57 AM  1000     17662    5.00    0.00    0.00    0.00    5.00     4  talker

10:20:57 AM   UID       PID    %usr %system  %guest   %wait    %CPU   CPU  Command
10:20:58 AM  1000     17650    1.00    4.00    0.00    0.00    5.00     5  talker
10:20:58 AM  1000     17652    3.00    2.00    0.00    0.00    5.00     0  talker
10:20:58 AM  1000     17654    4.00    2.00    0.00    0.00    6.00    18  talker
10:20:58 AM  1000     17656    5.00    2.00    0.00    0.00    7.00    14  talker
10:20:58 AM  1000     17658    7.00    0.00    0.00    0.00    7.00     4  talker
10:20:58 AM  1000     17660    7.00    0.00    0.00    0.00    7.00    15  talker
10:20:58 AM  1000     17662    6.00    0.00    0.00    0.00    6.00     9  talker

10:20:58 AM   UID       PID    %usr %system  %guest   %wait    %CPU   CPU  Command
10:20:59 AM  1000     17650    3.00    3.00    0.00    0.00    6.00     5  talker
10:20:59 AM  1000     17652    3.00    3.00    0.00    0.00    6.00     7  talker
10:20:59 AM  1000     17654    4.00    2.00    0.00    0.00    6.00     1  talker
10:20:59 AM  1000     17656    0.00    6.00    0.00    0.00    6.00    16  talker
10:20:59 AM  1000     17658    8.00    0.00    0.00    0.00    8.00    10  talker
10:20:59 AM  1000     17660    7.00    0.00    0.00    0.00    7.00     5  talker
10:20:59 AM  1000     17662    5.00    0.00    0.00    0.00    5.00     9  talker

10:20:59 AM   UID       PID    %usr %system  %guest   %wait    %CPU   CPU  Command
10:21:00 AM  1000     17650    4.00    1.00    0.00    0.00    5.00    15  talker
10:21:00 AM  1000     17652    3.00    2.00    0.00    0.00    5.00    13  talker
10:21:00 AM  1000     17654    4.00    2.00    0.00    0.00    6.00    12  talker
10:21:00 AM  1000     17656    5.00    2.00    0.00    1.00    7.00     4  talker
10:21:00 AM  1000     17658    7.00    0.00    0.00    0.00    7.00    10  talker
10:21:00 AM  1000     17660    6.00    0.00    0.00    0.00    6.00    19  talker
10:21:00 AM  1000     17662    5.00    0.00    0.00    0.00    5.00     4  talker

10:21:00 AM   UID       PID    %usr %system  %guest   %wait    %CPU   CPU  Command
10:21:01 AM  1000     17650    5.00    0.00    0.00    0.00    5.00     4  talker
10:21:01 AM  1000     17652    3.00    2.00    0.00    0.00    5.00     8  talker
10:21:01 AM  1000     17654    5.00    2.00    0.00    0.00    7.00    11  talker
10:21:01 AM  1000     17656    6.00    0.00    0.00    0.00    6.00     8  talker
10:21:01 AM  1000     17658    8.00    0.00    0.00    0.00    8.00    12  talker
10:21:01 AM  1000     17660    7.00    0.00    0.00    0.00    7.00     5  talker
10:21:01 AM  1000     17662    5.00    0.00    0.00    0.00    5.00    10  talker

10:21:01 AM   UID       PID    %usr %system  %guest   %wait    %CPU   CPU  Command
10:21:02 AM  1000     17650    5.00    0.00    0.00    0.00    5.00     4  talker
10:21:02 AM  1000     17652    2.00    3.00    0.00    0.00    5.00     1  talker
10:21:02 AM  1000     17654    4.00    2.00    0.00    0.00    6.00    13  talker
10:21:02 AM  1000     17656    6.00    1.00    0.00    0.00    7.00     8  talker
10:21:02 AM  1000     17658    7.00    0.00    0.00    0.00    7.00     8  talker
10:21:02 AM  1000     17660    7.00    0.00    0.00    0.00    7.00    13  talker
10:21:02 AM  1000     17662    6.00    0.00    0.00    0.00    6.00     7  talker

10:21:02 AM   UID       PID    %usr %system  %guest   %wait    %CPU   CPU  Command
10:21:03 AM  1000     17650    2.00    3.00    0.00    0.00    5.00     4  talker
10:21:03 AM  1000     17652    3.00    2.00    0.00    0.00    5.00    10  talker
10:21:03 AM  1000     17654    4.00    2.00    0.00    0.00    6.00    14  talker
10:21:03 AM  1000     17656    3.00    3.00    0.00    0.00    6.00    13  talker
10:21:03 AM  1000     17658    8.00    0.00    0.00    0.00    8.00    10  talker
10:21:03 AM  1000     17660    7.00    0.00    0.00    0.00    7.00    10  talker
10:21:03 AM  1000     17662    5.00    0.00    0.00    0.00    5.00     7  talker

10:21:03 AM   UID       PID    %usr %system  %guest   %wait    %CPU   CPU  Command
10:21:04 AM  1000     17650    3.00    3.00    0.00    0.00    6.00     4  talker
10:21:04 AM  1000     17652    3.00    2.00    0.00    0.00    5.00     5  talker
10:21:04 AM  1000     17654    5.00    2.00    0.00    0.00    7.00    19  talker
10:21:04 AM  1000     17656    1.00    4.00    0.00    0.00    5.00     4  talker
10:21:04 AM  1000     17658    7.00    0.00    0.00    0.00    7.00     9  talker
10:21:04 AM  1000     17660    6.00    0.00    0.00    0.00    6.00     2  talker
10:21:04 AM  1000     17662    5.00    0.00    0.00    0.00    5.00    12  talker

10:21:04 AM   UID       PID    %usr %system  %guest   %wait    %CPU   CPU  Command
10:21:05 AM  1000     17650    4.00    1.00    0.00    0.00    5.00     4  talker
10:21:05 AM  1000     17652    3.00    3.00    0.00    0.00    6.00    12  talker
10:21:05 AM  1000     17654    4.00    2.00    0.00    0.00    6.00     5  talker
10:21:05 AM  1000     17656    2.00    5.00    0.00    0.00    7.00     7  talker
10:21:05 AM  1000     17658    8.00    0.00    0.00    0.00    8.00    16  talker
10:21:05 AM  1000     17660    7.00    0.00    0.00    0.00    7.00     6  talker
10:21:05 AM  1000     17662    5.00    0.00    0.00    0.00    5.00     4  talker

10:21:05 AM   UID       PID    %usr %system  %guest   %wait    %CPU   CPU  Command
10:21:06 AM  1000     17650    4.00    1.00    0.00    0.00    5.00    10  talker
10:21:06 AM  1000     17652    3.00    2.00    0.00    0.00    5.00    14  talker
10:21:06 AM  1000     17654    4.00    2.00    0.00    0.00    6.00    16  talker
10:21:06 AM  1000     17656    5.00    2.00    0.00    0.00    7.00    12  talker
10:21:06 AM  1000     17658    7.00    0.00    0.00    0.00    7.00    14  talker
10:21:06 AM  1000     17660    7.00    0.00    0.00    0.00    7.00     6  talker
10:21:06 AM  1000     17662    6.00    0.00    0.00    0.00    6.00     2  talker

10:21:06 AM   UID       PID    %usr %system  %guest   %wait    %CPU   CPU  Command
10:21:07 AM  1000     17650    2.00    3.00    0.00    0.00    5.00    10  talker
10:21:07 AM  1000     17652    2.00    3.00    0.00    0.00    5.00     8  talker
10:21:07 AM  1000     17654    4.00    2.00    0.00    0.00    6.00    20  talker
10:21:07 AM  1000     17656    5.00    1.00    0.00    0.00    6.00    14  talker
10:21:07 AM  1000     17658    8.00    0.00    0.00    0.00    8.00     0  talker
10:21:07 AM  1000     17660    7.00    0.00    0.00    0.00    7.00     3  talker
10:21:07 AM  1000     17662    5.00    0.00    0.00    0.00    5.00    10  talker

10:21:07 AM   UID       PID    %usr %system  %guest   %wait    %CPU   CPU  Command
10:21:08 AM  1000     17650    0.00    5.00    0.00    0.00    5.00    12  talker
10:21:08 AM  1000     17652    3.00    2.00    0.00    0.00    5.00     8  talker
10:21:08 AM  1000     17654    5.00    2.00    0.00    0.00    7.00    10  talker
10:21:08 AM  1000     17656    1.00    5.00    0.00    0.00    6.00     7  talker
10:21:08 AM  1000     17658    7.00    0.00    0.00    0.00    7.00     4  talker
10:21:08 AM  1000     17660    6.00    0.00    0.00    0.00    6.00    18  talker
10:21:08 AM  1000     17662    5.00    0.00    0.00    0.00    5.00    10  talker

10:21:08 AM   UID       PID    %usr %system  %guest   %wait    %CPU   CPU  Command
10:21:09 AM  1000     17650    2.00    3.00    0.00    0.00    5.00    14  talker
10:21:09 AM  1000     17652    3.00    3.00    0.00    0.00    6.00    14  talker
10:21:09 AM  1000     17654    4.00    1.00    0.00    0.00    5.00    16  talker
10:21:09 AM  1000     17656    4.00    3.00    0.00    0.00    7.00     4  talker
10:21:09 AM  1000     17658    8.00    0.00    0.00    0.00    8.00     9  talker
10:21:09 AM  1000     17660    7.00    0.00    0.00    0.00    7.00    16  talker
10:21:09 AM  1000     17662    5.00    0.00    0.00    0.00    5.00     8  talker

10:21:09 AM   UID       PID    %usr %system  %guest   %wait    %CPU   CPU  Command
10:21:10 AM  1000     17650    4.00    1.00    0.00    0.00    5.00    14  talker
10:21:10 AM  1000     17652    3.00    3.00    0.00    0.00    6.00    16  talker
10:21:10 AM  1000     17654    4.00    2.00    0.00    0.00    6.00    10  talker
10:21:10 AM  1000     17656    0.00    6.00    0.00    0.00    6.00    11  talker
10:21:10 AM  1000     17658    7.00    0.00    0.00    0.00    7.00    14  talker
10:21:10 AM  1000     17660    7.00    0.00    0.00    0.00    7.00    11  talker
10:21:10 AM  1000     17662    5.00    0.00    0.00    0.00    5.00     4  talker

10:21:10 AM   UID       PID    %usr %system  %guest   %wait    %CPU   CPU  Command
10:21:11 AM  1000     17650    4.00    1.00    0.00    0.00    5.00    16  talker
10:21:11 AM  1000     17652    3.00    2.00    0.00    0.00    5.00    13  talker
10:21:11 AM  1000     17654    4.00    2.00    0.00    0.00    6.00     6  talker
10:21:11 AM  1000     17656    0.00    6.00    0.00    0.00    6.00    10  talker
10:21:11 AM  1000     17658    8.00    0.00    0.00    0.00    8.00    12  talker
10:21:11 AM  1000     17660    7.00    0.00    0.00    0.00    7.00    19  talker
10:21:11 AM  1000     17662    6.00    0.00    0.00    0.00    6.00     0  talker

10:21:11 AM   UID       PID    %usr %system  %guest   %wait    %CPU   CPU  Command
10:21:12 AM  1000     17650    1.00    5.00    0.00    0.00    6.00    12  talker
10:21:12 AM  1000     17652    3.00    2.00    0.00    0.00    5.00     1  talker
10:21:12 AM  1000     17654    5.00    2.00    0.00    0.00    7.00    16  talker
10:21:12 AM  1000     17656    4.00    3.00    0.00    0.00    7.00     2  talker
10:21:12 AM  1000     17658    7.00    0.00    0.00    0.00    7.00     9  talker
10:21:12 AM  1000     17660    7.00    0.00    0.00    0.00    7.00     6  talker
10:21:12 AM  1000     17662    5.00    0.00    0.00    0.00    5.00     9  talker

10:21:12 AM   UID       PID    %usr %system  %guest   %wait    %CPU   CPU  Command
10:21:13 AM  1000     17650    2.00    2.00    0.00    0.00    4.00    13  talker
10:21:13 AM  1000     17652    2.00    3.00    0.00    0.00    5.00     2  talker
10:21:13 AM  1000     17654    4.00    3.00    0.00    0.00    7.00    10  talker
10:21:13 AM  1000     17656    0.00    6.00    0.00    0.00    6.00    10  talker
10:21:13 AM  1000     17658    8.00    0.00    0.00    0.00    8.00     6  talker
10:21:13 AM  1000     17660    7.00    0.00    0.00    0.00    7.00    13  talker
10:21:13 AM  1000     17662    5.00    0.00    0.00    0.00    5.00     2  talker

10:21:13 AM   UID       PID    %usr %system  %guest   %wait    %CPU   CPU  Command
10:21:14 AM  1000     17650    1.00    5.00    0.00    0.00    6.00     1  talker
10:21:14 AM  1000     17652    3.00    2.00    0.00    0.00    5.00     3  talker
10:21:14 AM  1000     17654    3.00    2.00    0.00    0.00    5.00    10  talker
10:21:14 AM  1000     17656    0.00    7.00    0.00    0.00    7.00     3  talker
10:21:14 AM  1000     17658    7.00    0.00    0.00    0.00    7.00    10  talker
10:21:14 AM  1000     17660    6.00    0.00    0.00    0.00    6.00    15  talker
10:21:14 AM  1000     17662    5.00    0.00    0.00    0.00    5.00    10  talker

10:21:14 AM   UID       PID    %usr %system  %guest   %wait    %CPU   CPU  Command
10:21:15 AM  1000     17650    5.00    0.00    0.00    0.00    5.00     2  talker
10:21:15 AM  1000     17652    2.00    4.00    0.00    0.00    6.00    11  talker
10:21:15 AM  1000     17654    4.00    2.00    0.00    0.00    6.00    15  talker
10:21:15 AM  1000     17656    1.00    5.00    0.00    0.00    6.00     2  talker
10:21:15 AM  1000     17658    8.00    0.00    0.00    0.00    8.00    14  talker
10:21:15 AM  1000     17660    7.00    0.00    0.00    0.00    7.00    18  talker
10:21:15 AM  1000     17662    6.00    0.00    0.00    0.00    6.00     3  talker

10:21:15 AM   UID       PID    %usr %system  %guest   %wait    %CPU   CPU  Command
10:21:16 AM  1000     17650    2.00    3.00    0.00    0.00    5.00     2  talker
10:21:16 AM  1000     17652    3.00    2.00    0.00    0.00    5.00     6  talker
10:21:16 AM  1000     17654    5.00    2.00    0.00    0.00    7.00    17  talker
10:21:16 AM  1000     17656    3.00    3.00    0.00    0.00    6.00     7  talker
10:21:16 AM  1000     17658    7.00    0.00    0.00    0.00    7.00     4  talker
10:21:16 AM  1000     17660    7.00    0.00    0.00    1.00    7.00     9  talker
10:21:16 AM  1000     17662    5.00    0.00    0.00    0.00    5.00    10  talker

10:21:16 AM   UID       PID    %usr %system  %guest   %wait    %CPU   CPU  Command
10:21:17 AM  1000     17650    1.00    5.00    0.00    0.00    6.00     5  talker
10:21:17 AM  1000     17652    2.00    3.00    0.00    0.00    5.00     1  talker
10:21:17 AM  1000     17654    4.00    2.00    0.00    0.00    6.00    19  talker
10:21:17 AM  1000     17656    0.00    7.00    0.00    0.00    7.00     4  talker
10:21:17 AM  1000     17658    8.00    0.00    0.00    0.00    8.00     6  talker
10:21:17 AM  1000     17660    7.00    0.00    0.00    0.00    7.00    14  talker
10:21:17 AM  1000     17662    5.00    0.00    0.00    0.00    5.00     6  talker

10:21:17 AM   UID       PID    %usr %system  %guest   %wait    %CPU   CPU  Command
10:21:18 AM  1000     17650    0.00    5.00    0.00    0.00    5.00    12  talker
10:21:18 AM  1000     17652    3.00    2.00    0.00    0.00    5.00     1  talker
10:21:18 AM  1000     17654    4.00    2.00    0.00    0.00    6.00    14  talker
10:21:18 AM  1000     17656    5.00    1.00    0.00    0.00    6.00    13  talker
10:21:18 AM  1000     17658    8.00    0.00    0.00    0.00    8.00    13  talker
10:21:18 AM  1000     17660    7.00    0.00    0.00    0.00    7.00     5  talker
10:21:18 AM  1000     17662    6.00    0.00    0.00    0.00    6.00    10  talker

10:21:18 AM   UID       PID    %usr %system  %guest   %wait    %CPU   CPU  Command
10:21:19 AM  1000     17650    1.00    3.00    0.00    0.00    4.00    15  talker
10:21:19 AM  1000     17652    4.00    2.00    0.00    0.00    6.00    13  talker
10:21:19 AM  1000     17654    4.00    2.00    0.00    0.00    6.00    19  talker
10:21:19 AM  1000     17656    5.00    2.00    0.00    0.00    7.00     3  talker
10:21:19 AM  1000     17658    7.00    0.00    0.00    0.00    7.00     0  talker
10:21:19 AM  1000     17660    7.00    0.00    0.00    0.00    7.00    15  talker
10:21:19 AM  1000     17662    5.00    0.00    0.00    0.00    5.00     9  talker

10:21:19 AM   UID       PID    %usr %system  %guest   %wait    %CPU   CPU  Command
10:21:20 AM  1000     17650    3.00    3.00    0.00    0.00    6.00    15  talker
10:21:20 AM  1000     17652    2.00    3.00    0.00    0.00    5.00     9  talker
10:21:20 AM  1000     17654    5.00    1.00    0.00    0.00    6.00     4  talker
10:21:20 AM  1000     17656    3.00    3.00    0.00    0.00    6.00     3  talker
10:21:20 AM  1000     17658    8.00    0.00    0.00    0.00    8.00    18  talker
10:21:20 AM  1000     17660    6.00    0.00    0.00    0.00    6.00     8  talker
10:21:20 AM  1000     17662    5.00    0.00    0.00    0.00    5.00     5  talker

10:21:20 AM   UID       PID    %usr %system  %guest   %wait    %CPU   CPU  Command
10:21:21 AM  1000     17650    2.00    3.00    0.00    0.00    5.00     3  talker
10:21:21 AM  1000     17652    2.00    4.00    0.00    0.00    6.00     5  talker
10:21:21 AM  1000     17654    5.00    2.00    0.00    0.00    7.00    14  talker
10:21:21 AM  1000     17656    3.00    3.00    0.00    0.00    6.00     0  talker
10:21:21 AM  1000     17658    7.00    0.00    0.00    0.00    7.00    16  talker
10:21:21 AM  1000     17660    7.00    0.00    0.00    0.00    7.00    11  talker
10:21:21 AM  1000     17662    6.00    0.00    0.00    0.00    6.00     5  talker

10:21:21 AM   UID       PID    %usr %system  %guest   %wait    %CPU   CPU  Command
10:21:22 AM  1000     17650    0.00    5.00    0.00    0.00    5.00    14  talker
10:21:22 AM  1000     17652    3.00    2.00    0.00    0.00    5.00    13  talker
10:21:22 AM  1000     17654    4.00    1.00    0.00    0.00    5.00     7  talker
10:21:22 AM  1000     17656    2.00    5.00    0.00    0.00    7.00    15  talker
10:21:22 AM  1000     17658    8.00    0.00    0.00    0.00    8.00     4  talker
10:21:22 AM  1000     17660    7.00    0.00    0.00    0.00    7.00    18  talker
10:21:22 AM  1000     17662    5.00    0.00    0.00    0.00    5.00     2  talker

10:21:22 AM   UID       PID    %usr %system  %guest   %wait    %CPU   CPU  Command
10:21:23 AM  1000     17650    0.00    5.00    0.00    0.00    5.00     5  talker
10:21:23 AM  1000     17652    3.00    2.00    0.00    0.00    5.00    12  talker
10:21:23 AM  1000     17654    6.00    1.00    0.00    0.00    7.00     4  talker
10:21:23 AM  1000     17656    3.00    3.00    0.00    0.00    6.00    10  talker
10:21:23 AM  1000     17658    8.00    0.00    0.00    0.00    8.00    10  talker
10:21:23 AM  1000     17660    7.00    0.00    0.00    0.00    7.00     2  talker
10:21:23 AM  1000     17662    5.00    0.00    0.00    0.00    5.00     6  talker

10:21:23 AM   UID       PID    %usr %system  %guest   %wait    %CPU   CPU  Command
10:21:24 AM  1000     17650    3.00    3.00    0.00    0.00    6.00     6  talker
10:21:24 AM  1000     17652    3.00    3.00    0.00    0.00    6.00    19  talker
10:21:24 AM  1000     17654    5.00    1.00    0.00    0.00    6.00    15  talker
10:21:24 AM  1000     17656    6.00    0.00    0.00    0.00    6.00     5  talker
10:21:24 AM  1000     17658    7.00    0.00    0.00    0.00    7.00     2  talker
10:21:24 AM  1000     17660    7.00    0.00    0.00    0.00    7.00     4  talker
10:21:24 AM  1000     17662    6.00    0.00    0.00    0.00    6.00    12  talker

10:21:24 AM   UID       PID    %usr %system  %guest   %wait    %CPU   CPU  Command
10:21:25 AM  1000     17650    4.00    1.00    0.00    0.00    5.00     3  talker
10:21:25 AM  1000     17652    4.00    2.00    0.00    0.00    6.00     4  talker
10:21:25 AM  1000     17654    5.00    1.00    0.00    0.00    6.00     6  talker
10:21:25 AM  1000     17656    2.00    5.00    0.00    0.00    7.00     8  talker
10:21:25 AM  1000     17658    8.00    0.00    0.00    0.00    8.00    12  talker
10:21:25 AM  1000     17660    7.00    0.00    0.00    0.00    7.00    13  talker
10:21:25 AM  1000     17662    5.00    0.00    0.00    0.00    5.00     5  talker

10:21:25 AM   UID       PID    %usr %system  %guest   %wait    %CPU   CPU  Command
10:21:26 AM  1000     17650    1.00    5.00    0.00    0.00    6.00    14  talker
10:21:26 AM  1000     17652    2.00    3.00    0.00    0.00    5.00    12  talker
10:21:26 AM  1000     17654    6.00    1.00    0.00    0.00    7.00     6  talker
10:21:26 AM  1000     17656    0.00    6.00    0.00    0.00    6.00    12  talker
10:21:26 AM  1000     17658    6.00    2.00    0.00    0.00    8.00    12  talker
10:21:26 AM  1000     17660    7.00    0.00    0.00    0.00    7.00    14  talker
10:21:26 AM  1000     17662    5.00    0.00    0.00    0.00    5.00     3  talker

10:21:26 AM   UID       PID    %usr %system  %guest   %wait    %CPU   CPU  Command
10:21:27 AM  1000     17650    0.00    5.00    0.00    0.00    5.00    13  talker
10:21:27 AM  1000     17652    3.00    2.00    0.00    0.00    5.00    10  talker
10:21:27 AM  1000     17654    6.00    0.00    0.00    0.00    6.00    16  talker
10:21:27 AM  1000     17656    5.00    2.00    0.00    0.00    7.00     4  talker
10:21:27 AM  1000     17658    5.00    3.00    0.00    0.00    8.00     7  talker
10:21:27 AM  1000     17660    6.00    0.00    0.00    0.00    6.00     0  talker
10:21:27 AM  1000     17662    6.00    0.00    0.00    0.00    6.00    13  talker

10:21:27 AM   UID       PID    %usr %system  %guest   %wait    %CPU   CPU  Command
10:21:28 AM  1000     17650    0.00    5.00    0.00    0.00    5.00     8  talker
10:21:28 AM  1000     17652    3.00    2.00    0.00    0.00    5.00    10  talker
10:21:28 AM  1000     17654    6.00    0.00    0.00    0.00    6.00    13  talker
10:21:28 AM  1000     17656    3.00    3.00    0.00    0.00    6.00     5  talker
10:21:28 AM  1000     17658    4.00    4.00    0.00    0.00    8.00     7  talker
10:21:28 AM  1000     17660    7.00    0.00    0.00    0.00    7.00    12  talker
10:21:28 AM  1000     17662    5.00    0.00    0.00    0.00    5.00     4  talker

10:21:28 AM   UID       PID    %usr %system  %guest   %wait    %CPU   CPU  Command
10:21:29 AM  1000     17650    0.00    5.00    0.00    0.00    5.00     0  talker
10:21:29 AM  1000     17652    3.00    3.00    0.00    0.00    6.00    14  talker
10:21:29 AM  1000     17654    6.00    0.00    0.00    0.00    6.00     5  talker
10:21:29 AM  1000     17656    3.00    3.00    0.00    0.00    6.00     1  talker
10:21:29 AM  1000     17658    6.00    1.00    0.00    0.00    7.00    16  talker
10:21:29 AM  1000     17660    7.00    0.00    0.00    0.00    7.00     0  talker
10:21:29 AM  1000     17662    5.00    0.00    0.00    0.00    5.00     5  talker

10:21:29 AM   UID       PID    %usr %system  %guest   %wait    %CPU   CPU  Command
10:21:30 AM  1000     17650    3.00    2.00    0.00    0.00    5.00     5  talker
10:21:30 AM  1000     17652    2.00    3.00    0.00    0.00    5.00     2  talker
10:21:30 AM  1000     17654    6.00    0.00    0.00    0.00    6.00    10  talker
10:21:30 AM  1000     17656    0.00    7.00    0.00    0.00    7.00    15  talker
10:21:30 AM  1000     17658    3.00    4.00    0.00    0.00    7.00     5  talker
10:21:30 AM  1000     17660    7.00    0.00    0.00    0.00    7.00     1  talker
10:21:30 AM  1000     17662    5.00    0.00    0.00    0.00    5.00     9  talker

10:21:30 AM   UID       PID    %usr %system  %guest   %wait    %CPU   CPU  Command
10:21:31 AM  1000     17650    1.00    4.00    0.00    0.00    5.00     6  talker
10:21:31 AM  1000     17652    3.00    2.00    0.00    0.00    5.00    13  talker
10:21:31 AM  1000     17654    7.00    0.00    0.00    0.00    7.00     3  talker
10:21:31 AM  1000     17656    6.00    0.00    0.00    0.00    6.00     5  talker
10:21:31 AM  1000     17658    6.00    2.00    0.00    0.00    8.00    13  talker
10:21:31 AM  1000     17660    7.00    0.00    0.00    0.00    7.00     8  talker
10:21:31 AM  1000     17662    6.00    0.00    0.00    0.00    6.00    14  talker

10:21:31 AM   UID       PID    %usr %system  %guest   %wait    %CPU   CPU  Command
10:21:32 AM  1000     17650    2.00    3.00    0.00    0.00    5.00     7  talker
10:21:32 AM  1000     17652    3.00    2.00    0.00    0.00    5.00     4  talker
10:21:32 AM  1000     17654    6.00    0.00    0.00    0.00    6.00     6  talker
10:21:32 AM  1000     17656    4.00    3.00    0.00    0.00    7.00    18  talker
10:21:32 AM  1000     17658    8.00    0.00    0.00    0.00    8.00     1  talker
10:21:32 AM  1000     17660    7.00    0.00    0.00    0.00    7.00    11  talker
10:21:32 AM  1000     17662    5.00    0.00    0.00    0.00    5.00    11  talker

10:21:32 AM   UID       PID    %usr %system  %guest   %wait    %CPU   CPU  Command
10:21:33 AM  1000     17650    1.00    5.00    0.00    0.00    6.00    15  talker
10:21:33 AM  1000     17652    3.00    3.00    0.00    0.00    6.00    10  talker
10:21:33 AM  1000     17654    6.00    1.00    0.00    0.00    7.00    16  talker
10:21:33 AM  1000     17656    0.00    7.00    0.00    0.00    7.00    10  talker
10:21:33 AM  1000     17658    7.00    0.00    0.00    0.00    7.00    19  talker
10:21:33 AM  1000     17660    7.00    0.00    0.00    0.00    7.00    18  talker
10:21:33 AM  1000     17662    6.00    0.00    0.00    0.00    6.00     2  talker

10:21:33 AM   UID       PID    %usr %system  %guest   %wait    %CPU   CPU  Command
10:21:34 AM  1000     17650    1.00    4.00    0.00    0.00    5.00    16  talker
10:21:34 AM  1000     17652    3.00    2.00    0.00    0.00    5.00     3  talker
10:21:34 AM  1000     17654    5.00    1.00    0.00    0.00    6.00     1  talker
10:21:34 AM  1000     17656    1.00    5.00    0.00    0.00    6.00     9  talker
10:21:34 AM  1000     17658    8.00    0.00    0.00    0.00    8.00    14  talker
10:21:34 AM  1000     17660    6.00    0.00    0.00    0.00    6.00     9  talker
10:21:34 AM  1000     17662    5.00    0.00    0.00    0.00    5.00     2  talker

10:21:34 AM   UID       PID    %usr %system  %guest   %wait    %CPU   CPU  Command
10:21:35 AM  1000     17650    1.00    4.00    0.00    0.00    5.00     4  talker
10:21:35 AM  1000     17652    2.00    3.00    0.00    0.00    5.00     2  talker
10:21:35 AM  1000     17654    6.00    0.00    0.00    0.00    6.00    15  talker
10:21:35 AM  1000     17656    3.00    3.00    0.00    0.00    6.00     4  talker
10:21:35 AM  1000     17658    7.00    0.00    0.00    0.00    7.00    17  talker
10:21:35 AM  1000     17660    7.00    0.00    0.00    0.00    7.00     4  talker
10:21:35 AM  1000     17662    5.00    0.00    0.00    0.00    5.00     4  talker

10:21:35 AM   UID       PID    %usr %system  %guest   %wait    %CPU   CPU  Command
10:21:36 AM  1000     17650    2.00    3.00    0.00    0.00    5.00     6  talker
10:21:36 AM  1000     17652    3.00    2.00    0.00    0.00    5.00    10  talker
10:21:36 AM  1000     17654    5.00    1.00    0.00    0.00    6.00    14  talker
10:21:36 AM  1000     17656    3.00    4.00    0.00    0.00    7.00     2  talker
10:21:36 AM  1000     17658    8.00    0.00    0.00    0.00    8.00     7  talker
10:21:36 AM  1000     17660    7.00    0.00    0.00    0.00    7.00    18  talker
10:21:36 AM  1000     17662    6.00    0.00    0.00    0.00    6.00     8  talker

10:21:36 AM   UID       PID    %usr %system  %guest   %wait    %CPU   CPU  Command
10:21:37 AM  1000     17650    0.00    5.00    0.00    0.00    5.00    10  talker
10:21:37 AM  1000     17652    3.00    2.00    0.00    0.00    5.00    13  talker
10:21:37 AM  1000     17654    5.00    2.00    0.00    0.00    7.00    18  talker
10:21:37 AM  1000     17656    3.00    3.00    0.00    0.00    6.00     5  talker
10:21:37 AM  1000     17658    7.00    0.00    0.00    0.00    7.00    14  talker
10:21:37 AM  1000     17660    7.00    0.00    0.00    0.00    7.00    14  talker
10:21:37 AM  1000     17662    5.00    0.00    0.00    0.00    5.00    12  talker

10:21:37 AM   UID       PID    %usr %system  %guest   %wait    %CPU   CPU  Command
10:21:38 AM  1000     17650    0.00    5.00    0.00    0.00    5.00    14  talker
10:21:38 AM  1000     17652    3.00    3.00    0.00    0.00    6.00     1  talker
10:21:38 AM  1000     17654    6.00    0.00    0.00    0.00    6.00    11  talker
10:21:38 AM  1000     17656    3.00    3.00    0.00    0.00    6.00    13  talker
10:21:38 AM  1000     17658    7.00    1.00    0.00    0.00    8.00    11  talker
10:21:38 AM  1000     17660    6.00    0.00    0.00    0.00    6.00    13  talker
10:21:38 AM  1000     17662    5.00    0.00    0.00    0.00    5.00    16  talker

10:21:38 AM   UID       PID    %usr %system  %guest   %wait    %CPU   CPU  Command
10:21:39 AM  1000     17650    3.00    3.00    0.00    0.00    6.00    10  talker
10:21:39 AM  1000     17652    3.00    3.00    0.00    0.00    6.00     1  talker
10:21:39 AM  1000     17654    5.00    1.00    0.00    0.00    6.00     1  talker
10:21:39 AM  1000     17656    2.00    5.00    0.00    0.00    7.00     5  talker
10:21:39 AM  1000     17658    7.00    0.00    0.00    0.00    7.00    12  talker
10:21:39 AM  1000     17660    7.00    0.00    0.00    0.00    7.00    14  talker
10:21:39 AM  1000     17662    5.00    0.00    0.00    0.00    5.00     2  talker

10:21:39 AM   UID       PID    %usr %system  %guest   %wait    %CPU   CPU  Command
10:21:40 AM  1000     17650    1.00    4.00    0.00    0.00    5.00    19  talker
10:21:40 AM  1000     17652    2.00    2.00    0.00    0.00    4.00     5  talker
10:21:40 AM  1000     17654    5.00    1.00    0.00    0.00    6.00     3  talker
10:21:40 AM  1000     17656    6.00    0.00    0.00    0.00    6.00    10  talker
10:21:40 AM  1000     17658    7.00    1.00    0.00    0.00    8.00     6  talker
10:21:40 AM  1000     17660    7.00    0.00    0.00    0.00    7.00    15  talker
10:21:40 AM  1000     17662    6.00    0.00    0.00    0.00    6.00     2  talker

10:21:40 AM   UID       PID    %usr %system  %guest   %wait    %CPU   CPU  Command
10:21:41 AM  1000     17650    2.00    3.00    0.00    0.00    5.00    19  talker
10:21:41 AM  1000     17652    3.00    2.00    0.00    0.00    5.00     6  talker
10:21:41 AM  1000     17654    4.00    2.00    0.00    0.00    6.00    14  talker
10:21:41 AM  1000     17656    2.00    5.00    0.00    0.00    7.00    12  talker
10:21:41 AM  1000     17658    6.00    1.00    0.00    0.00    7.00    11  talker
10:21:41 AM  1000     17660    7.00    0.00    0.00    0.00    7.00     5  talker
10:21:41 AM  1000     17662    5.00    0.00    0.00    0.00    5.00    15  talker

10:21:41 AM   UID       PID    %usr %system  %guest   %wait    %CPU   CPU  Command
10:21:42 AM  1000     17650    2.00    3.00    0.00    0.00    5.00     8  talker
10:21:42 AM  1000     17652    3.00    3.00    0.00    0.00    6.00     4  talker
10:21:42 AM  1000     17654    3.00    4.00    0.00    0.00    7.00     3  talker
10:21:42 AM  1000     17656    0.00    6.00    0.00    0.00    6.00    16  talker
10:21:42 AM  1000     17658    6.00    2.00    0.00    0.00    8.00     2  talker
10:21:42 AM  1000     17660    6.00    0.00    0.00    0.00    6.00     0  talker
10:21:42 AM  1000     17662    5.00    0.00    0.00    0.00    5.00     4  talker

10:21:42 AM   UID       PID    %usr %system  %guest   %wait    %CPU   CPU  Command
10:21:43 AM  1000     17650    2.00    3.00    0.00    0.00    5.00     5  talker
10:21:43 AM  1000     17652    3.00    2.00    0.00    0.00    5.00     5  talker
10:21:43 AM  1000     17654    3.00    2.00    0.00    1.00    5.00    12  talker
10:21:43 AM  1000     17656    2.00    4.00    0.00    0.00    6.00    12  talker
10:21:43 AM  1000     17658    3.00    4.00    0.00    0.00    7.00    12  talker
10:21:43 AM  1000     17660    7.00    0.00    0.00    0.00    7.00    14  talker
10:21:43 AM  1000     17662    5.00    0.00    0.00    0.00    5.00    10  talker

Average:      UID       PID    %usr %system  %guest   %wait    %CPU   CPU  Command
Average:     1000     17650    1.90    3.27    0.00    0.00    5.17     -  talker
Average:     1000     17652    2.80    2.48    0.00    0.00    5.28     -  talker
Average:     1000     17654    4.42    1.78    0.00    0.02    6.20     -  talker
Average:     1000     17656    2.58    3.80    0.00    0.02    6.38     -  talker
Average:     1000     17658    6.82    0.70    0.00    0.00    7.52     -  talker
Average:     1000     17660    6.32    0.48    0.00    0.02    6.80     -  talker
Average:     1000     17662    4.85    0.43    0.00    0.00    5.28     -  talker
