Linux 6.5.0-44-generic (npc2408016) 	06/17/2025 	_x86_64_	(22 CPU)

10:15:16 AM   UID       PID    %usr %system  %guest   %wait    %CPU   CPU  Command
10:15:17 AM  1000     15722    9.00    5.00    0.00    0.00   14.00    14  listener
10:15:17 AM  1000     15724    4.00    9.00    0.00    0.00   13.00     4  listener
10:15:17 AM  1000     15726    4.00   10.00    0.00    0.00   14.00     5  listener
10:15:17 AM  1000     15728    4.00    9.00    0.00    0.00   13.00    18  listener
10:15:17 AM  1000     15730    3.00    9.00    0.00    0.00   12.00     2  listener
10:15:17 AM  1000     15732    0.00    0.00    0.00    0.00    0.00    12  listener

10:15:17 AM   UID       PID    %usr %system  %guest   %wait    %CPU   CPU  Command
10:15:18 AM  1000     15722    6.00    9.00    0.00    0.00   15.00     6  listener
10:15:18 AM  1000     15724    5.00    9.00    0.00    0.00   14.00    17  listener
10:15:18 AM  1000     15726    5.00   10.00    0.00    0.00   15.00    13  listener
10:15:18 AM  1000     15728    4.00   11.00    0.00    0.00   15.00    18  listener
10:15:18 AM  1000     15730    5.00   10.00    0.00    0.00   15.00     2  listener
10:15:18 AM  1000     15732    0.00    0.00    0.00    0.00    0.00    12  listener

10:15:18 AM   UID       PID    %usr %system  %guest   %wait    %CPU   CPU  Command
10:15:19 AM  1000     15722   13.00    1.00    0.00    0.00   14.00    12  listener
10:15:19 AM  1000     15724    3.00    9.00    0.00    0.00   12.00    17  listener
10:15:19 AM  1000     15726    4.00   11.00    0.00    0.00   15.00     5  listener
10:15:19 AM  1000     15728    4.00   10.00    0.00    0.00   14.00    18  listener
10:15:19 AM  1000     15730    3.00   11.00    0.00    0.00   14.00     2  listener
10:15:19 AM  1000     15732    0.00    0.00    0.00    0.00    0.00    12  listener

10:15:19 AM   UID       PID    %usr %system  %guest   %wait    %CPU   CPU  Command
10:15:20 AM  1000     15722    9.00    6.00    0.00    0.00   15.00     7  listener
10:15:20 AM  1000     15724    5.00    9.00    0.00    0.00   14.00    17  listener
10:15:20 AM  1000     15726    4.00   11.00    0.00    0.00   15.00     6  listener
10:15:20 AM  1000     15728    4.00   11.00    0.00    0.00   15.00    15  listener
10:15:20 AM  1000     15730    5.00   10.00    0.00    0.00   15.00     2  listener
10:15:20 AM  1000     15732    0.00    0.00    0.00    0.00    0.00    12  listener

10:15:20 AM   UID       PID    %usr %system  %guest   %wait    %CPU   CPU  Command
10:15:21 AM  1000     15722    7.00    8.00    0.00    0.00   15.00    16  listener
10:15:21 AM  1000     15724    4.00    9.00    0.00    0.00   13.00     1  listener
10:15:21 AM  1000     15726    4.00   11.00    0.00    0.00   15.00     5  listener
10:15:21 AM  1000     15728    4.00   10.00    0.00    0.00   14.00    15  listener
10:15:21 AM  1000     15730    4.00   11.00    0.00    0.00   15.00     2  listener
10:15:21 AM  1000     15732    0.00    0.00    0.00    0.00    0.00    12  listener

10:15:21 AM   UID       PID    %usr %system  %guest   %wait    %CPU   CPU  Command
10:15:22 AM  1000     15722    2.00   12.00    0.00    0.00   14.00     1  listener
10:15:22 AM  1000     15724    4.00    8.00    0.00    0.00   12.00     3  listener
10:15:22 AM  1000     15726    4.00   10.00    0.00    0.00   14.00     8  listener
10:15:22 AM  1000     15728    4.00   11.00    0.00    0.00   15.00    18  listener
10:15:22 AM  1000     15730    4.00   10.00    0.00    0.00   14.00     2  listener
10:15:22 AM  1000     15732    0.00    0.00    0.00    0.00    0.00    12  listener

10:15:22 AM   UID       PID    %usr %system  %guest   %wait    %CPU   CPU  Command
10:15:23 AM  1000     15722    0.00   15.00    0.00    0.00   15.00     1  listener
10:15:23 AM  1000     15724    4.00    9.00    0.00    0.00   13.00     0  listener
10:15:23 AM  1000     15726    4.00   10.00    0.00    0.00   14.00     8  listener
10:15:23 AM  1000     15728    4.00   10.00    0.00    0.00   14.00    18  listener
10:15:23 AM  1000     15730    4.00   10.00    0.00    0.00   14.00     5  listener
10:15:23 AM  1000     15732    0.00    0.00    0.00    0.00    0.00    12  listener

10:15:23 AM   UID       PID    %usr %system  %guest   %wait    %CPU   CPU  Command
10:15:24 AM  1000     15722    0.00   14.00    0.00    0.00   14.00     1  listener
10:15:24 AM  1000     15724    4.00    9.00    0.00    0.00   13.00     0  listener
10:15:24 AM  1000     15726    4.00   11.00    0.00    0.00   15.00     8  listener
10:15:24 AM  1000     15728    4.00   10.00    0.00    0.00   14.00    18  listener
10:15:24 AM  1000     15730    4.00   10.00    0.00    0.00   14.00     1  listener
10:15:24 AM  1000     15732    0.00    0.00    0.00    0.00    0.00    12  listener

10:15:24 AM   UID       PID    %usr %system  %guest   %wait    %CPU   CPU  Command
10:15:25 AM  1000     15722    0.00   14.00    0.00    0.00   14.00     3  listener
10:15:25 AM  1000     15724    3.00    9.00    0.00    0.00   12.00     7  listener
10:15:25 AM  1000     15726    5.00   10.00    0.00    0.00   15.00    16  listener
10:15:25 AM  1000     15728    3.00   11.00    0.00    0.00   14.00    18  listener
10:15:25 AM  1000     15730    4.00   11.00    0.00    0.00   15.00     6  listener
10:15:25 AM  1000     15732    0.00    0.00    0.00    0.00    0.00    12  listener

10:15:25 AM   UID       PID    %usr %system  %guest   %wait    %CPU   CPU  Command
10:15:26 AM  1000     15722    0.00   15.00    0.00    0.00   15.00     0  listener
10:15:26 AM  1000     15724    4.00    9.00    0.00    0.00   13.00     7  listener
10:15:26 AM  1000     15726    5.00    9.00    0.00    0.00   14.00     6  listener
10:15:26 AM  1000     15728    5.00   10.00    0.00    0.00   15.00    18  listener
10:15:26 AM  1000     15730    5.00   10.00    0.00    0.00   15.00    10  listener
10:15:26 AM  1000     15732    0.00    0.00    0.00    0.00    0.00    12  listener

10:15:26 AM   UID       PID    %usr %system  %guest   %wait    %CPU   CPU  Command
10:15:27 AM  1000     15722    0.00   14.00    0.00    0.00   14.00     8  listener
10:15:27 AM  1000     15724    4.00    9.00    0.00    0.00   13.00     7  listener
10:15:27 AM  1000     15726    4.00   10.00    0.00    0.00   14.00     6  listener
10:15:27 AM  1000     15728    4.00   10.00    0.00    0.00   14.00     8  listener
10:15:27 AM  1000     15730    4.00   10.00    0.00    0.00   14.00     6  listener
10:15:27 AM  1000     15732    0.00    0.00    0.00    0.00    0.00    12  listener

10:15:27 AM   UID       PID    %usr %system  %guest   %wait    %CPU   CPU  Command
10:15:28 AM  1000     15722    0.00   14.00    0.00    0.00   14.00     6  listener
10:15:28 AM  1000     15724    4.00   10.00    0.00    0.00   14.00     7  listener
10:15:28 AM  1000     15726    4.00   11.00    0.00    0.00   15.00     7  listener
10:15:28 AM  1000     15728    4.00   10.00    0.00    0.00   14.00     5  listener
10:15:28 AM  1000     15730    4.00   10.00    0.00    0.00   14.00     8  listener
10:15:28 AM  1000     15732    0.00    0.00    0.00    0.00    0.00    12  listener

10:15:28 AM   UID       PID    %usr %system  %guest   %wait    %CPU   CPU  Command
10:15:29 AM  1000     15722    0.00   14.00    0.00    0.00   14.00     6  listener
10:15:29 AM  1000     15724    4.00    9.00    0.00    0.00   13.00     0  listener
10:15:29 AM  1000     15726    6.00   10.00    0.00    0.00   16.00     7  listener
10:15:29 AM  1000     15728    5.00   10.00    0.00    0.00   15.00     5  listener
10:15:29 AM  1000     15730    4.00    9.00    0.00    0.00   13.00     0  listener
10:15:29 AM  1000     15732    0.00    0.00    0.00    0.00    0.00    12  listener

10:15:29 AM   UID       PID    %usr %system  %guest   %wait    %CPU   CPU  Command
10:15:30 AM  1000     15722    0.00   14.00    0.00    0.00   14.00    10  listener
10:15:30 AM  1000     15724    3.00    9.00    0.00    0.00   12.00     0  listener
10:15:30 AM  1000     15726    4.00   10.00    0.00    0.00   14.00     7  listener
10:15:30 AM  1000     15728    4.00   10.00    0.00    0.00   14.00     8  listener
10:15:30 AM  1000     15730    4.00    9.00    0.00    0.00   13.00    12  listener
10:15:30 AM  1000     15732    0.00    0.00    0.00    0.00    0.00    12  listener

10:15:30 AM   UID       PID    %usr %system  %guest   %wait    %CPU   CPU  Command
10:15:31 AM  1000     15722    0.00   14.00    0.00    0.00   14.00    10  listener
10:15:31 AM  1000     15724    5.00    9.00    0.00    0.00   14.00     7  listener
10:15:31 AM  1000     15726    5.00    9.00    0.00    0.00   14.00     0  listener
10:15:31 AM  1000     15728    5.00    9.00    0.00    0.00   14.00     8  listener
10:15:31 AM  1000     15730    4.00   10.00    0.00    0.00   14.00     0  listener
10:15:31 AM  1000     15732    0.00    0.00    0.00    0.00    0.00     1  listener

10:15:31 AM   UID       PID    %usr %system  %guest   %wait    %CPU   CPU  Command
10:15:32 AM  1000     15722    0.00   14.00    0.00    0.00   14.00    13  listener
10:15:32 AM  1000     15724    4.00    9.00    0.00    0.00   13.00     0  listener
10:15:32 AM  1000     15726    4.00   10.00    0.00    0.00   14.00     1  listener
10:15:32 AM  1000     15728    4.00   10.00    0.00    0.00   14.00     1  listener
10:15:32 AM  1000     15730    4.00   10.00    0.00    0.00   14.00    12  listener
10:15:32 AM  1000     15732    0.00    0.00    0.00    0.00    0.00     1  listener

10:15:32 AM   UID       PID    %usr %system  %guest   %wait    %CPU   CPU  Command
10:15:33 AM  1000     15722    0.00   14.00    0.00    0.00   14.00    13  listener
10:15:33 AM  1000     15724    3.00    9.00    0.00    0.00   12.00     0  listener
10:15:33 AM  1000     15726    5.00   11.00    0.00    0.00   16.00    13  listener
10:15:33 AM  1000     15728    4.00   10.00    0.00    0.00   14.00     8  listener
10:15:33 AM  1000     15730    4.00   10.00    0.00    0.00   14.00     9  listener
10:15:33 AM  1000     15732    0.00    0.00    0.00    0.00    0.00     1  listener

10:15:33 AM   UID       PID    %usr %system  %guest   %wait    %CPU   CPU  Command
10:15:34 AM  1000     15722    2.00   11.00    0.00    0.00   13.00    15  listener
10:15:34 AM  1000     15724    4.00    9.00    0.00    0.00   13.00     0  listener
10:15:34 AM  1000     15726    4.00   10.00    0.00    0.00   14.00     3  listener
10:15:34 AM  1000     15728    5.00   10.00    0.00    0.00   15.00     8  listener
10:15:34 AM  1000     15730    4.00    9.00    0.00    0.00   13.00     4  listener
10:15:34 AM  1000     15732    0.00    0.00    0.00    0.00    0.00     1  listener

10:15:34 AM   UID       PID    %usr %system  %guest   %wait    %CPU   CPU  Command
10:15:35 AM  1000     15722    3.00   10.00    0.00    0.00   13.00    15  listener
10:15:35 AM  1000     15724    4.00    9.00    0.00    0.00   13.00     0  listener
10:15:35 AM  1000     15726    4.00   10.00    0.00    0.00   14.00    13  listener
10:15:35 AM  1000     15728    4.00   10.00    0.00    0.00   14.00     1  listener
10:15:35 AM  1000     15730    4.00   10.00    0.00    0.00   14.00    10  listener
10:15:35 AM  1000     15732    0.00    0.00    0.00    0.00    0.00     1  listener

10:15:35 AM   UID       PID    %usr %system  %guest   %wait    %CPU   CPU  Command
10:15:36 AM  1000     15722    5.00    9.00    0.00    0.00   14.00    13  listener
10:15:36 AM  1000     15724    4.00    9.00    0.00    0.00   13.00     0  listener
10:15:36 AM  1000     15726    5.00   11.00    0.00    0.00   16.00     5  listener
10:15:36 AM  1000     15728    4.00   10.00    0.00    0.00   14.00     8  listener
10:15:36 AM  1000     15730    4.00   10.00    0.00    0.00   14.00     6  listener
10:15:36 AM  1000     15732    0.00    0.00    0.00    0.00    0.00     1  listener

10:15:36 AM   UID       PID    %usr %system  %guest   %wait    %CPU   CPU  Command
10:15:37 AM  1000     15722    4.00   10.00    0.00    0.00   14.00     9  listener
10:15:37 AM  1000     15724    4.00    9.00    0.00    0.00   13.00     8  listener
10:15:37 AM  1000     15726    5.00    9.00    0.00    0.00   14.00     7  listener
10:15:37 AM  1000     15728    4.00    9.00    0.00    0.00   13.00     8  listener
10:15:37 AM  1000     15730    5.00   10.00    0.00    0.00   15.00    11  listener
10:15:37 AM  1000     15732    0.00    0.00    0.00    0.00    0.00     1  listener

10:15:37 AM   UID       PID    %usr %system  %guest   %wait    %CPU   CPU  Command
10:15:38 AM  1000     15722    4.00   10.00    0.00    0.00   14.00     9  listener
10:15:38 AM  1000     15724    4.00    9.00    0.00    0.00   13.00     0  listener
10:15:38 AM  1000     15726    4.00    9.00    0.00    0.00   13.00    13  listener
10:15:38 AM  1000     15728    5.00   10.00    0.00    0.00   15.00     8  listener
10:15:38 AM  1000     15730    3.00   10.00    0.00    0.00   13.00     1  listener
10:15:38 AM  1000     15732    0.00    0.00    0.00    0.00    0.00     1  listener

10:15:38 AM   UID       PID    %usr %system  %guest   %wait    %CPU   CPU  Command
10:15:39 AM  1000     15722    4.00   10.00    0.00    0.00   14.00     9  listener
10:15:39 AM  1000     15724    4.00    9.00    0.00    0.00   13.00     0  listener
10:15:39 AM  1000     15726    5.00   10.00    0.00    0.00   15.00    12  listener
10:15:39 AM  1000     15728    4.00   11.00    0.00    0.00   15.00     8  listener
10:15:39 AM  1000     15730    4.00   11.00    0.00    0.00   15.00     4  listener
10:15:39 AM  1000     15732    0.00    0.00    0.00    0.00    0.00     1  listener

10:15:39 AM   UID       PID    %usr %system  %guest   %wait    %CPU   CPU  Command
10:15:40 AM  1000     15722    4.00   11.00    0.00    0.00   15.00     6  listener
10:15:40 AM  1000     15724    4.00    9.00    0.00    0.00   13.00     8  listener
10:15:40 AM  1000     15726    4.00   10.00    0.00    0.00   14.00     3  listener
10:15:40 AM  1000     15728    4.00   10.00    0.00    0.00   14.00     8  listener
10:15:40 AM  1000     15730    4.00   10.00    0.00    0.00   14.00     1  listener
10:15:40 AM  1000     15732    0.00    0.00    0.00    0.00    0.00     1  listener

10:15:40 AM   UID       PID    %usr %system  %guest   %wait    %CPU   CPU  Command
10:15:41 AM  1000     15722    4.00   11.00    0.00    0.00   15.00     6  listener
10:15:41 AM  1000     15724    4.00    8.00    0.00    0.00   12.00     0  listener
10:15:41 AM  1000     15726    4.00   10.00    0.00    0.00   14.00    10  listener
10:15:41 AM  1000     15728    4.00   10.00    0.00    0.00   14.00     1  listener
10:15:41 AM  1000     15730    4.00   10.00    0.00    0.00   14.00     2  listener
10:15:41 AM  1000     15732    0.00    0.00    0.00    0.00    0.00     1  listener

10:15:41 AM   UID       PID    %usr %system  %guest   %wait    %CPU   CPU  Command
10:15:42 AM  1000     15722    4.00   11.00    0.00    0.00   15.00    11  listener
10:15:42 AM  1000     15724    4.00    9.00    0.00    0.00   13.00     0  listener
10:15:42 AM  1000     15726    5.00   10.00    0.00    0.00   15.00     3  listener
10:15:42 AM  1000     15728    5.00    8.00    0.00    0.00   13.00     1  listener
10:15:42 AM  1000     15730    4.00   10.00    0.00    0.00   14.00     0  listener
10:15:42 AM  1000     15732    0.00    0.00    0.00    0.00    0.00     1  listener

10:15:42 AM   UID       PID    %usr %system  %guest   %wait    %CPU   CPU  Command
10:15:43 AM  1000     15722    3.00   10.00    0.00    0.00   13.00    11  listener
10:15:43 AM  1000     15724    3.00    9.00    0.00    0.00   12.00     0  listener
10:15:43 AM  1000     15726    5.00   10.00    0.00    0.00   15.00    10  listener
10:15:43 AM  1000     15728    4.00   11.00    0.00    0.00   15.00     8  listener
10:15:43 AM  1000     15730    4.00    9.00    0.00    0.00   13.00     2  listener
10:15:43 AM  1000     15732    0.00    0.00    0.00    0.00    0.00     1  listener

10:15:43 AM   UID       PID    %usr %system  %guest   %wait    %CPU   CPU  Command
10:15:44 AM  1000     15722    5.00   10.00    0.00    0.00   15.00     6  listener
10:15:44 AM  1000     15724    4.00    9.00    0.00    0.00   13.00     0  listener
10:15:44 AM  1000     15726    4.00   10.00    0.00    0.00   14.00     5  listener
10:15:44 AM  1000     15728    4.00   10.00    0.00    0.00   14.00     8  listener
10:15:44 AM  1000     15730    4.00   10.00    0.00    0.00   14.00     3  listener
10:15:44 AM  1000     15732    0.00    0.00    0.00    0.00    0.00     1  listener

10:15:44 AM   UID       PID    %usr %system  %guest   %wait    %CPU   CPU  Command
10:15:45 AM  1000     15722    4.00   10.00    0.00    0.00   14.00     6  listener
10:15:45 AM  1000     15724    4.00   10.00    0.00    0.00   14.00     0  listener
10:15:45 AM  1000     15726    5.00   10.00    0.00    0.00   15.00     3  listener
10:15:45 AM  1000     15728    4.00   10.00    0.00    0.00   14.00     6  listener
10:15:45 AM  1000     15730    4.00   10.00    0.00    0.00   14.00     4  listener
10:15:45 AM  1000     15732    0.00    0.00    0.00    0.00    0.00     1  listener

10:15:45 AM   UID       PID    %usr %system  %guest   %wait    %CPU   CPU  Command
10:15:46 AM  1000     15722    4.00   10.00    0.00    0.00   14.00     6  listener
10:15:46 AM  1000     15724    4.00    9.00    0.00    0.00   13.00     4  listener
10:15:46 AM  1000     15726    4.00   11.00    0.00    0.00   15.00     3  listener
10:15:46 AM  1000     15728    4.00   10.00    0.00    0.00   14.00     6  listener
10:15:46 AM  1000     15730    4.00   11.00    0.00    0.00   15.00     6  listener
10:15:46 AM  1000     15732    0.00    0.00    0.00    0.00    0.00     1  listener

10:15:46 AM   UID       PID    %usr %system  %guest   %wait    %CPU   CPU  Command
10:15:47 AM  1000     15722    3.00   10.00    0.00    0.00   13.00    11  listener
10:15:47 AM  1000     15724    3.00    9.00    0.00    0.00   12.00     4  listener
10:15:47 AM  1000     15726    5.00    9.00    0.00    0.00   14.00    18  listener
10:15:47 AM  1000     15728    4.00   10.00    0.00    0.00   14.00    19  listener
10:15:47 AM  1000     15730    3.00   10.00    0.00    0.00   13.00    13  listener
10:15:47 AM  1000     15732    0.00    0.00    0.00    0.00    0.00     1  listener

10:15:47 AM   UID       PID    %usr %system  %guest   %wait    %CPU   CPU  Command
10:15:48 AM  1000     15722    4.00   10.00    0.00    0.00   14.00    11  listener
10:15:48 AM  1000     15724    4.00    9.00    0.00    0.00   13.00     0  listener
10:15:48 AM  1000     15726    4.00   11.00    0.00    0.00   15.00    19  listener
10:15:48 AM  1000     15728    3.00   11.00    0.00    0.00   14.00     3  listener
10:15:48 AM  1000     15730    4.00   10.00    0.00    0.00   14.00    13  listener
10:15:48 AM  1000     15732    0.00    0.00    0.00    0.00    0.00     1  listener

10:15:48 AM   UID       PID    %usr %system  %guest   %wait    %CPU   CPU  Command
10:15:49 AM  1000     15722    4.00   10.00    0.00    0.00   14.00    11  listener
10:15:49 AM  1000     15724    4.00    9.00    0.00    0.00   13.00    12  listener
10:15:49 AM  1000     15726    5.00   10.00    0.00    0.00   15.00    19  listener
10:15:49 AM  1000     15728    5.00    9.00    0.00    0.00   14.00    14  listener
10:15:49 AM  1000     15730    4.00   10.00    0.00    0.00   14.00    13  listener
10:15:49 AM  1000     15732    0.00    0.00    0.00    0.00    0.00     1  listener

10:15:49 AM   UID       PID    %usr %system  %guest   %wait    %CPU   CPU  Command
10:15:50 AM  1000     15722    3.00   10.00    0.00    0.00   13.00    11  listener
10:15:50 AM  1000     15724    4.00    9.00    0.00    0.00   13.00    12  listener
10:15:50 AM  1000     15726    4.00   10.00    0.00    0.00   14.00    19  listener
10:15:50 AM  1000     15728    5.00   10.00    0.00    0.00   15.00    14  listener
10:15:50 AM  1000     15730    4.00   11.00    0.00    0.00   15.00    13  listener
10:15:50 AM  1000     15732    0.00    0.00    0.00    0.00    0.00     1  listener

10:15:50 AM   UID       PID    %usr %system  %guest   %wait    %CPU   CPU  Command
10:15:51 AM  1000     15722    4.00   10.00    0.00    0.00   14.00    11  listener
10:15:51 AM  1000     15724    4.00    9.00    0.00    0.00   13.00    16  listener
10:15:51 AM  1000     15726    5.00    9.00    0.00    0.00   14.00    18  listener
10:15:51 AM  1000     15728    4.00   10.00    0.00    0.00   14.00    16  listener
10:15:51 AM  1000     15730    4.00   10.00    0.00    0.00   14.00    14  listener
10:15:51 AM  1000     15732    0.00    0.00    0.00    0.00    0.00     1  listener

10:15:51 AM   UID       PID    %usr %system  %guest   %wait    %CPU   CPU  Command
10:15:52 AM  1000     15722    4.00    9.00    0.00    0.00   13.00    14  listener
10:15:52 AM  1000     15724    3.00    9.00    0.00    0.00   12.00     4  listener
10:15:52 AM  1000     15726    5.00    9.00    0.00    0.00   14.00     3  listener
10:15:52 AM  1000     15728    4.00   10.00    0.00    0.00   14.00    16  listener
10:15:52 AM  1000     15730    4.00   11.00    0.00    0.00   15.00     8  listener
10:15:52 AM  1000     15732    0.00    0.00    0.00    0.00    0.00     1  listener

10:15:52 AM   UID       PID    %usr %system  %guest   %wait    %CPU   CPU  Command
10:15:53 AM  1000     15722    4.00   10.00    0.00    0.00   14.00    11  listener
10:15:53 AM  1000     15724    4.00    9.00    0.00    0.00   13.00    12  listener
10:15:53 AM  1000     15726    4.00   10.00    0.00    0.00   14.00     5  listener
10:15:53 AM  1000     15728    5.00   10.00    0.00    0.00   15.00     6  listener
10:15:53 AM  1000     15730    4.00   10.00    0.00    0.00   14.00    19  listener
10:15:53 AM  1000     15732    0.00    0.00    0.00    0.00    0.00     1  listener

10:15:53 AM   UID       PID    %usr %system  %guest   %wait    %CPU   CPU  Command
10:15:54 AM  1000     15722    3.00   10.00    0.00    0.00   13.00    11  listener
10:15:54 AM  1000     15724    4.00   10.00    0.00    0.00   14.00     6  listener
10:15:54 AM  1000     15726    5.00   10.00    0.00    0.00   15.00    18  listener
10:15:54 AM  1000     15728    3.00   11.00    0.00    0.00   14.00     6  listener
10:15:54 AM  1000     15730    5.00   10.00    0.00    0.00   15.00    19  listener
10:15:54 AM  1000     15732    0.00    0.00    0.00    0.00    0.00     1  listener

10:15:54 AM   UID       PID    %usr %system  %guest   %wait    %CPU   CPU  Command
10:15:55 AM  1000     15722    4.00   10.00    0.00    0.00   14.00    11  listener
10:15:55 AM  1000     15724    5.00    8.00    0.00    0.00   13.00     3  listener
10:15:55 AM  1000     15726    5.00    9.00    0.00    0.00   14.00    12  listener
10:15:55 AM  1000     15728    4.00   10.00    0.00    0.00   14.00     6  listener
10:15:55 AM  1000     15730    3.00   10.00    0.00    0.00   13.00    19  listener
10:15:55 AM  1000     15732    0.00    0.00    0.00    0.00    0.00     1  listener

10:15:55 AM   UID       PID    %usr %system  %guest   %wait    %CPU   CPU  Command
10:15:56 AM  1000     15722    4.00    9.00    0.00    0.00   13.00    11  listener
10:15:56 AM  1000     15724    3.00    9.00    0.00    0.00   12.00     6  listener
10:15:56 AM  1000     15726    4.00   10.00    0.00    0.00   14.00    12  listener
10:15:56 AM  1000     15728    4.00   10.00    0.00    0.00   14.00     6  listener
10:15:56 AM  1000     15730    4.00   10.00    0.00    0.00   14.00     8  listener
10:15:56 AM  1000     15732    0.00    0.00    0.00    0.00    0.00     1  listener

10:15:56 AM   UID       PID    %usr %system  %guest   %wait    %CPU   CPU  Command
10:15:57 AM  1000     15722    4.00   10.00    0.00    0.00   14.00    11  listener
10:15:57 AM  1000     15724    4.00    9.00    0.00    0.00   13.00    14  listener
10:15:57 AM  1000     15726    5.00   11.00    0.00    0.00   16.00    19  listener
10:15:57 AM  1000     15728    5.00   10.00    0.00    0.00   15.00    16  listener
10:15:57 AM  1000     15730    5.00   10.00    0.00    0.00   15.00    15  listener
10:15:57 AM  1000     15732    0.00    0.00    0.00    0.00    0.00     1  listener

10:15:57 AM   UID       PID    %usr %system  %guest   %wait    %CPU   CPU  Command
10:15:58 AM  1000     15722    3.00   10.00    0.00    0.00   13.00    11  listener
10:15:58 AM  1000     15724    4.00   10.00    0.00    0.00   14.00     8  listener
10:15:58 AM  1000     15726    4.00   10.00    0.00    0.00   14.00    19  listener
10:15:58 AM  1000     15728    4.00   10.00    0.00    0.00   14.00    16  listener
10:15:58 AM  1000     15730    4.00   10.00    0.00    0.00   14.00    15  listener
10:15:58 AM  1000     15732    0.00    0.00    0.00    0.00    0.00     1  listener

10:15:58 AM   UID       PID    %usr %system  %guest   %wait    %CPU   CPU  Command
10:15:59 AM  1000     15722    5.00   10.00    0.00    0.00   15.00    11  listener
10:15:59 AM  1000     15724    4.00    9.00    0.00    0.00   13.00     8  listener
10:15:59 AM  1000     15726    4.00   11.00    0.00    0.00   15.00    19  listener
10:15:59 AM  1000     15728    3.00   11.00    0.00    0.00   14.00    16  listener
10:15:59 AM  1000     15730    4.00   11.00    0.00    0.00   15.00     8  listener
10:15:59 AM  1000     15732    0.00    0.00    0.00    0.00    0.00     1  listener

10:15:59 AM   UID       PID    %usr %system  %guest   %wait    %CPU   CPU  Command
10:16:00 AM  1000     15722    4.00   10.00    0.00    0.00   14.00    11  listener
10:16:00 AM  1000     15724    3.00    9.00    0.00    0.00   12.00     8  listener
10:16:00 AM  1000     15726    5.00   10.00    0.00    0.00   15.00    19  listener
10:16:00 AM  1000     15728    4.00   10.00    0.00    0.00   14.00    16  listener
10:16:00 AM  1000     15730    4.00   10.00    0.00    0.00   14.00     1  listener
10:16:00 AM  1000     15732    0.00    0.00    0.00    0.00    0.00     1  listener

10:16:00 AM   UID       PID    %usr %system  %guest   %wait    %CPU   CPU  Command
10:16:01 AM  1000     15722    3.00   10.00    0.00    0.00   13.00    11  listener
10:16:01 AM  1000     15724    4.00    9.00    0.00    0.00   13.00     8  listener
10:16:01 AM  1000     15726    4.00   10.00    0.00    0.00   14.00    19  listener
10:16:01 AM  1000     15728    4.00   10.00    0.00    0.00   14.00     6  listener
10:16:01 AM  1000     15730    3.00   11.00    0.00    0.00   14.00     8  listener
10:16:01 AM  1000     15732    0.00    0.00    0.00    0.00    0.00     1  listener

10:16:01 AM   UID       PID    %usr %system  %guest   %wait    %CPU   CPU  Command
10:16:02 AM  1000     15722    4.00   10.00    0.00    0.00   14.00    13  listener
10:16:02 AM  1000     15724    5.00    8.00    0.00    0.00   13.00     8  listener
10:16:02 AM  1000     15726    5.00   10.00    0.00    0.00   15.00     6  listener
10:16:02 AM  1000     15728    4.00   10.00    0.00    0.00   14.00     6  listener
10:16:02 AM  1000     15730    4.00   10.00    0.00    0.00   14.00    19  listener
10:16:02 AM  1000     15732    0.00    0.00    0.00    0.00    0.00     1  listener

10:16:02 AM   UID       PID    %usr %system  %guest   %wait    %CPU   CPU  Command
10:16:03 AM  1000     15722    4.00   10.00    0.00    0.00   14.00    11  listener
10:16:03 AM  1000     15724    4.00    9.00    0.00    0.00   13.00     8  listener
10:16:03 AM  1000     15726    4.00   10.00    0.00    0.00   14.00     6  listener
10:16:03 AM  1000     15728    4.00   11.00    0.00    0.00   15.00     6  listener
10:16:03 AM  1000     15730    5.00    9.00    0.00    0.00   14.00    19  listener
10:16:03 AM  1000     15732    0.00    0.00    0.00    0.00    0.00     1  listener

10:16:03 AM   UID       PID    %usr %system  %guest   %wait    %CPU   CPU  Command
10:16:04 AM  1000     15722    4.00   10.00    0.00    0.00   14.00    13  listener
10:16:04 AM  1000     15724    4.00    9.00    0.00    0.00   13.00     8  listener
10:16:04 AM  1000     15726    4.00   11.00    0.00    0.00   15.00     6  listener
10:16:04 AM  1000     15728    4.00   10.00    0.00    0.00   14.00     6  listener
10:16:04 AM  1000     15730    4.00   11.00    0.00    0.00   15.00     8  listener
10:16:04 AM  1000     15732    0.00    0.00    0.00    0.00    0.00     1  listener

10:16:04 AM   UID       PID    %usr %system  %guest   %wait    %CPU   CPU  Command
10:16:05 AM  1000     15722    4.00    9.00    0.00    0.00   13.00    13  listener
10:16:05 AM  1000     15724    4.00    9.00    0.00    0.00   13.00     8  listener
10:16:05 AM  1000     15726    5.00    9.00    0.00    0.00   14.00     6  listener
10:16:05 AM  1000     15728    4.00   10.00    0.00    0.00   14.00     6  listener
10:16:05 AM  1000     15730    4.00   10.00    0.00    0.00   14.00     8  listener
10:16:05 AM  1000     15732    0.00    0.00    0.00    0.00    0.00     2  listener

10:16:05 AM   UID       PID    %usr %system  %guest   %wait    %CPU   CPU  Command
10:16:06 AM  1000     15722    4.00   10.00    0.00    0.00   14.00    11  listener
10:16:06 AM  1000     15724    4.00    8.00    0.00    0.00   12.00    10  listener
10:16:06 AM  1000     15726    4.00   10.00    0.00    0.00   14.00     1  listener
10:16:06 AM  1000     15728    5.00    9.00    0.00    0.00   14.00    16  listener
10:16:06 AM  1000     15730    4.00    9.00    0.00    0.00   13.00     8  listener
10:16:06 AM  1000     15732    0.00    0.00    0.00    0.00    0.00     2  listener

10:16:06 AM   UID       PID    %usr %system  %guest   %wait    %CPU   CPU  Command
10:16:07 AM  1000     15722    3.00   10.00    0.00    0.00   13.00    11  listener
10:16:07 AM  1000     15724    4.00   10.00    0.00    0.00   14.00    10  listener
10:16:07 AM  1000     15726    6.00   10.00    0.00    0.00   16.00     1  listener
10:16:07 AM  1000     15728    4.00   10.00    0.00    0.00   14.00    17  listener
10:16:07 AM  1000     15730    4.00   11.00    0.00    0.00   15.00    14  listener
10:16:07 AM  1000     15732    0.00    0.00    0.00    0.00    0.00     1  listener

10:16:07 AM   UID       PID    %usr %system  %guest   %wait    %CPU   CPU  Command
10:16:08 AM  1000     15722    4.00   10.00    0.00    0.00   14.00    13  listener
10:16:08 AM  1000     15724    3.00    9.00    0.00    0.00   12.00    10  listener
10:16:08 AM  1000     15726    4.00    9.00    0.00    0.00   13.00     8  listener
10:16:08 AM  1000     15728    5.00   10.00    0.00    0.00   15.00    18  listener
10:16:08 AM  1000     15730    4.00   10.00    0.00    0.00   14.00    14  listener
10:16:08 AM  1000     15732    0.00    0.00    0.00    0.00    0.00     1  listener

10:16:08 AM   UID       PID    %usr %system  %guest   %wait    %CPU   CPU  Command
10:16:09 AM  1000     15722    3.00    9.00    0.00    0.00   12.00    13  listener
10:16:09 AM  1000     15724    4.00    9.00    0.00    0.00   13.00    10  listener
10:16:09 AM  1000     15726    5.00   10.00    0.00    0.00   15.00     8  listener
10:16:09 AM  1000     15728    4.00   10.00    0.00    0.00   14.00    18  listener
10:16:09 AM  1000     15730    4.00    9.00    0.00    0.00   13.00    14  listener
10:16:09 AM  1000     15732    0.00    0.00    0.00    0.00    0.00     8  listener

10:16:09 AM   UID       PID    %usr %system  %guest   %wait    %CPU   CPU  Command
10:16:10 AM  1000     15722    5.00   10.00    0.00    0.00   15.00     0  listener
10:16:10 AM  1000     15724    4.00    8.00    0.00    0.00   12.00    10  listener
10:16:10 AM  1000     15726    5.00   10.00    0.00    0.00   15.00     8  listener
10:16:10 AM  1000     15728    4.00   10.00    0.00    0.00   14.00    17  listener
10:16:10 AM  1000     15730    4.00   11.00    0.00    0.00   15.00    14  listener
10:16:10 AM  1000     15732    0.00    0.00    0.00    0.00    0.00     8  listener

10:16:10 AM   UID       PID    %usr %system  %guest   %wait    %CPU   CPU  Command
10:16:11 AM  1000     15722    3.00   10.00    0.00    0.00   13.00     0  listener
10:16:11 AM  1000     15724    4.00    9.00    0.00    0.00   13.00    10  listener
10:16:11 AM  1000     15726    4.00   11.00    0.00    0.00   15.00     8  listener
10:16:11 AM  1000     15728    4.00    9.00    0.00    0.00   13.00    18  listener
10:16:11 AM  1000     15730    4.00    9.00    0.00    0.00   13.00    14  listener
10:16:11 AM  1000     15732    0.00    0.00    0.00    0.00    0.00     8  listener

10:16:11 AM   UID       PID    %usr %system  %guest   %wait    %CPU   CPU  Command
10:16:12 AM  1000     15722    4.00   10.00    0.00    0.00   14.00     0  listener
10:16:12 AM  1000     15724    4.00   10.00    0.00    0.00   14.00    16  listener
10:16:12 AM  1000     15726    5.00    9.00    0.00    0.00   14.00    19  listener
10:16:12 AM  1000     15728    5.00   10.00    0.00    0.00   15.00    11  listener
10:16:12 AM  1000     15730    5.00   11.00    0.00    0.00   16.00    14  listener
10:16:12 AM  1000     15732    0.00    0.00    0.00    0.00    0.00     8  listener

10:16:12 AM   UID       PID    %usr %system  %guest   %wait    %CPU   CPU  Command
10:16:13 AM  1000     15722    4.00   10.00    0.00    0.00   14.00    17  listener
10:16:13 AM  1000     15724    4.00    8.00    0.00    0.00   12.00    16  listener
10:16:13 AM  1000     15726    4.00   11.00    0.00    0.00   15.00    16  listener
10:16:13 AM  1000     15728    5.00    9.00    0.00    0.00   14.00     1  listener
10:16:13 AM  1000     15730    5.00    9.00    0.00    0.00   14.00    15  listener
10:16:13 AM  1000     15732    0.00    0.00    0.00    0.00    0.00    14  listener

10:16:13 AM   UID       PID    %usr %system  %guest   %wait    %CPU   CPU  Command
10:16:14 AM  1000     15722    4.00    9.00    0.00    0.00   13.00    17  listener
10:16:14 AM  1000     15724    4.00    9.00    0.00    0.00   13.00    16  listener
10:16:14 AM  1000     15726    4.00   10.00    0.00    0.00   14.00    16  listener
10:16:14 AM  1000     15728    5.00    9.00    0.00    0.00   14.00     1  listener
10:16:14 AM  1000     15730    4.00   10.00    0.00    0.00   14.00    15  listener
10:16:14 AM  1000     15732    0.00    0.00    0.00    0.00    0.00     8  listener

10:16:14 AM   UID       PID    %usr %system  %guest   %wait    %CPU   CPU  Command
10:16:15 AM  1000     15722    4.00    9.00    0.00    0.00   13.00    17  listener
10:16:15 AM  1000     15724    4.00   10.00    0.00    0.00   14.00    10  listener
10:16:15 AM  1000     15726    5.00   10.00    0.00    0.00   15.00     1  listener
10:16:15 AM  1000     15728    4.00   10.00    0.00    0.00   14.00    14  listener
10:16:15 AM  1000     15730    4.00   10.00    0.00    0.00   14.00     4  listener
10:16:15 AM  1000     15732    0.00    0.00    0.00    0.00    0.00    16  listener

10:16:15 AM   UID       PID    %usr %system  %guest   %wait    %CPU   CPU  Command
10:16:16 AM  1000     15722    3.00   10.00    0.00    0.00   13.00    17  listener
10:16:16 AM  1000     15724    4.00    8.00    0.00    0.00   12.00    10  listener
10:16:16 AM  1000     15726    4.00   10.00    0.00    0.00   14.00    18  listener
10:16:16 AM  1000     15728    4.00   10.00    0.00    0.00   14.00     8  listener
10:16:16 AM  1000     15730    4.00   10.00    0.00    0.00   14.00    15  listener
10:16:16 AM  1000     15732    0.00    0.00    0.00    0.00    0.00    17  listener

Average:      UID       PID    %usr %system  %guest   %wait    %CPU   CPU  Command
Average:     1000     15722    3.48   10.40    0.00    0.00   13.88     -  listener
Average:     1000     15724    3.92    8.98    0.00    0.00   12.90     -  listener
Average:     1000     15726    4.48   10.05    0.00    0.00   14.53     -  listener
Average:     1000     15728    4.18   10.00    0.00    0.00   14.18     -  listener
Average:     1000     15730    4.05   10.05    0.00    0.00   14.10     -  listener
Average:     1000     15732    0.00    0.00    0.00    0.00    0.00     -  listener
